2023-12-20 13:55:25,467 INFO o.a.j.u.JMeterUtils: Setting Locale to en_EN
2023-12-20 13:55:25,493 INFO o.a.j.JMeter: Loading user properties from: /opt/yaman/jmeter/apache-jmeter-5.5/bin/user.properties
2023-12-20 13:55:25,493 INFO o.a.j.JMeter: Loading system properties from: /opt/yaman/jmeter/apache-jmeter-5.5/bin/system.properties
2023-12-20 13:55:25,500 INFO o.a.j.JMeter: Copyright (c) 1998-2022 The Apache Software Foundation
2023-12-20 13:55:25,500 INFO o.a.j.JMeter: Version 5.5
2023-12-20 13:55:25,500 INFO o.a.j.JMeter: java.version=11.0.18
2023-12-20 13:55:25,500 INFO o.a.j.JMeter: java.vm.name=OpenJDK 64-Bit Server VM
2023-12-20 13:55:25,500 INFO o.a.j.JMeter: os.name=Linux
2023-12-20 13:55:25,500 INFO o.a.j.JMeter: os.arch=amd64
2023-12-20 13:55:25,500 INFO o.a.j.JMeter: os.version=5.15.133.1-microsoft-standard-WSL2
2023-12-20 13:55:25,500 INFO o.a.j.JMeter: file.encoding=ANSI_X3.4-1968
2023-12-20 13:55:25,500 INFO o.a.j.JMeter: java.awt.headless=true
2023-12-20 13:55:25,500 INFO o.a.j.JMeter: Max memory     =536870912
2023-12-20 13:55:25,500 INFO o.a.j.JMeter: Available Processors =8
2023-12-20 13:55:25,511 INFO o.a.j.JMeter: Default Locale=English (EN)
2023-12-20 13:55:25,512 INFO o.a.j.JMeter: JMeter  Locale=English (EN)
2023-12-20 13:55:25,512 INFO o.a.j.JMeter: JMeterHome=/opt/yaman/jmeter/apache-jmeter-5.5
2023-12-20 13:55:25,512 INFO o.a.j.JMeter: user.dir  =/opt/yaman/teste
2023-12-20 13:55:25,512 INFO o.a.j.JMeter: PWD       =/opt/yaman/teste
2023-12-20 13:55:25,512 INFO o.a.j.JMeter: IP: 172.17.0.2 Name: 8e6c09796d75 FullName: 8e6c09796d75
2023-12-20 13:55:25,531 INFO o.a.j.s.FileServer: Default base='/opt/yaman/teste'
2023-12-20 13:55:25,531 INFO o.a.j.s.FileServer: Set new base='/opt/yaman/scripts'
2023-12-20 13:55:25,727 INFO o.a.j.s.SaveService: Testplan (JMX) version: 2.2. Testlog (JTL) version: 2.2
2023-12-20 13:55:25,748 INFO o.a.j.s.SaveService: Using SaveService properties version 5.0
2023-12-20 13:55:25,752 INFO o.a.j.s.SaveService: Using SaveService properties file encoding UTF-8
2023-12-20 13:55:25,755 INFO o.a.j.s.SaveService: Loading file: /opt/yaman/scripts/jmeter.jmx
2023-12-20 13:55:25,803 INFO o.a.j.p.h.s.HTTPSamplerBase: Parser for text/html is org.apache.jmeter.protocol.http.parser.LagartoBasedHtmlParser
2023-12-20 13:55:25,803 INFO o.a.j.p.h.s.HTTPSamplerBase: Parser for application/xhtml+xml is org.apache.jmeter.protocol.http.parser.LagartoBasedHtmlParser
2023-12-20 13:55:25,803 INFO o.a.j.p.h.s.HTTPSamplerBase: Parser for application/xml is org.apache.jmeter.protocol.http.parser.LagartoBasedHtmlParser
2023-12-20 13:55:25,803 INFO o.a.j.p.h.s.HTTPSamplerBase: Parser for text/xml is org.apache.jmeter.protocol.http.parser.LagartoBasedHtmlParser
2023-12-20 13:55:25,803 INFO o.a.j.p.h.s.HTTPSamplerBase: Parser for text/vnd.wap.wml is org.apache.jmeter.protocol.http.parser.RegexpHTMLParser
2023-12-20 13:55:25,803 INFO o.a.j.p.h.s.HTTPSamplerBase: Parser for text/css is org.apache.jmeter.protocol.http.parser.CssParser
2023-12-20 13:55:25,811 INFO o.a.j.JMeter: Creating summariser <summary>
2023-12-20 13:55:25,832 INFO o.a.j.e.StandardJMeterEngine: Running the test!
2023-12-20 13:55:25,833 INFO o.a.j.s.SampleEvent: List of sample_variables: []
2023-12-20 13:55:25,833 INFO o.a.j.s.SampleEvent: List of sample_variables: []
2023-12-20 13:55:25,859 INFO o.a.j.e.u.CompoundVariable: Note: Function class names must contain the string: '.functions.'
2023-12-20 13:55:25,859 INFO o.a.j.e.u.CompoundVariable: Note: Function class names must not contain the string: '.gui.'
2023-12-20 13:55:26,215 INFO o.a.j.JMeter: Running test (1703091326215)
2023-12-20 13:55:26,218 INFO o.a.j.e.StandardJMeterEngine: Starting ThreadGroup: 1 : Thread Group
2023-12-20 13:55:26,218 INFO o.a.j.e.StandardJMeterEngine: Starting 2 threads for group Thread Group.
2023-12-20 13:55:26,218 INFO o.a.j.e.StandardJMeterEngine: Thread will continue on error
2023-12-20 13:55:26,218 INFO o.a.j.t.ThreadGroup: Starting thread group... number=1 threads=2 ramp-up=0 delayedStart=false
2023-12-20 13:55:26,228 INFO o.a.j.t.ThreadGroup: Started thread group number 1
2023-12-20 13:55:26,230 INFO o.a.j.e.StandardJMeterEngine: All thread groups have been started
2023-12-20 13:55:26,241 INFO o.a.j.t.JMeterThread: Thread started: Thread Group 1-1
2023-12-20 13:55:26,241 INFO o.a.j.t.JMeterThread: Thread started: Thread Group 1-2
2023-12-20 13:55:29,271 INFO o.a.j.p.h.s.HTTPHCAbstractImpl: Local host = 8e6c09796d75
2023-12-20 13:55:29,279 INFO o.a.j.p.h.s.HTTPHC4Impl: HTTP request retry count = 0
2023-12-20 13:55:29,281 INFO o.a.j.s.SampleResult: Note: Sample TimeStamps are START times
2023-12-20 13:55:29,281 INFO o.a.j.s.SampleResult: sampleresult.default.encoding is set to ISO-8859-1
2023-12-20 13:55:29,281 INFO o.a.j.s.SampleResult: sampleresult.useNanoTime=true
2023-12-20 13:55:29,281 INFO o.a.j.s.SampleResult: sampleresult.nanoThreadSleep=5000
2023-12-20 13:55:29,407 INFO o.a.j.p.h.s.h.LazyLayeredConnectionSocketFactory: Setting up HTTPS TrustAll Socket Factory
2023-12-20 13:55:29,415 INFO o.a.j.u.JsseSSLManager: Using default SSL protocol: TLS
2023-12-20 13:55:29,415 INFO o.a.j.u.JsseSSLManager: SSL session context: per-thread
2023-12-20 13:55:29,484 INFO o.a.j.u.SSLManager: JmeterKeyStore Location:  type JKS
2023-12-20 13:55:29,488 INFO o.a.j.u.SSLManager: KeyStore created OK
2023-12-20 13:55:29,488 WARN o.a.j.u.SSLManager: Keystore file not found, loading empty keystore
2023-12-20 13:55:30,191 INFO o.a.j.r.Summariser: summary +      1 in 00:00:04 =    0.3/s Avg:   813 Min:   813 Max:   813 Err:     0 (0.00%) Active: 2 Started: 2 Finished: 0
2023-12-20 13:56:01,825 INFO o.a.j.r.Summariser: summary +     20 in 00:00:32 =    0.6/s Avg:   216 Min:   138 Max:   827 Err:     0 (0.00%) Active: 2 Started: 2 Finished: 0
2023-12-20 13:56:01,826 INFO o.a.j.r.Summariser: summary =     21 in 00:00:36 =    0.6/s Avg:   244 Min:   138 Max:   827 Err:     0 (0.00%)
2023-12-20 13:56:30,380 INFO o.a.j.r.Summariser: summary +     18 in 00:00:29 =    0.6/s Avg:   163 Min:   141 Max:   337 Err:     0 (0.00%) Active: 2 Started: 2 Finished: 0
2023-12-20 13:56:30,381 INFO o.a.j.r.Summariser: summary =     39 in 00:01:04 =    0.6/s Avg:   206 Min:   138 Max:   827 Err:     0 (0.00%)
2023-12-20 13:57:02,151 INFO o.a.j.r.Summariser: summary +     20 in 00:00:32 =    0.6/s Avg:   179 Min:   141 Max:   329 Err:     0 (0.00%) Active: 2 Started: 2 Finished: 0
2023-12-20 13:57:02,152 INFO o.a.j.r.Summariser: summary =     59 in 00:01:36 =    0.6/s Avg:   197 Min:   138 Max:   827 Err:     0 (0.00%)
2023-12-20 13:57:24,326 INFO o.a.j.t.JMeterThread: Thread finished: Thread Group 1-1
2023-12-20 13:57:24,626 INFO o.a.j.t.JMeterThread: Thread finished: Thread Group 1-2
2023-12-20 13:57:24,626 INFO o.a.j.e.StandardJMeterEngine: Notifying test listeners of end of test
2023-12-20 13:57:24,628 INFO o.a.j.r.Summariser: summary +     15 in 00:00:22 =    0.7/s Avg:   163 Min:   145 Max:   248 Err:     0 (0.00%) Active: 0 Started: 2 Finished: 2
2023-12-20 13:57:24,629 INFO o.a.j.r.Summariser: summary =     74 in 00:01:58 =    0.6/s Avg:   190 Min:   138 Max:   827 Err:     0 (0.00%)
