2023-12-19 16:34:22,293 INFO o.a.j.u.JMeterUtils: Setting Locale to en_EN
2023-12-19 16:34:22,434 INFO o.a.j.JMeter: Loading user properties from: /opt/yaman/jmeter/apache-jmeter-5.5/bin/user.properties
2023-12-19 16:34:22,436 INFO o.a.j.JMeter: Loading system properties from: /opt/yaman/jmeter/apache-jmeter-5.5/bin/system.properties
2023-12-19 16:34:22,467 INFO o.a.j.JMeter: Copyright (c) 1998-2022 The Apache Software Foundation
2023-12-19 16:34:22,468 INFO o.a.j.JMeter: Version 5.5
2023-12-19 16:34:22,468 INFO o.a.j.JMeter: java.version=11.0.18
2023-12-19 16:34:22,468 INFO o.a.j.JMeter: java.vm.name=OpenJDK 64-Bit Server VM
2023-12-19 16:34:22,468 INFO o.a.j.JMeter: os.name=Linux
2023-12-19 16:34:22,468 INFO o.a.j.JMeter: os.arch=amd64
2023-12-19 16:34:22,468 INFO o.a.j.JMeter: os.version=5.15.133.1-microsoft-standard-WSL2
2023-12-19 16:34:22,468 INFO o.a.j.JMeter: file.encoding=ANSI_X3.4-1968
2023-12-19 16:34:22,468 INFO o.a.j.JMeter: java.awt.headless=true
2023-12-19 16:34:22,469 INFO o.a.j.JMeter: Max memory     =536870912
2023-12-19 16:34:22,469 INFO o.a.j.JMeter: Available Processors =8
2023-12-19 16:34:22,511 INFO o.a.j.JMeter: Default Locale=English (EN)
2023-12-19 16:34:22,512 INFO o.a.j.JMeter: JMeter  Locale=English (EN)
2023-12-19 16:34:22,512 INFO o.a.j.JMeter: JMeterHome=/opt/yaman/jmeter/apache-jmeter-5.5
2023-12-19 16:34:22,512 INFO o.a.j.JMeter: user.dir  =/
2023-12-19 16:34:22,512 INFO o.a.j.JMeter: PWD       =/
2023-12-19 16:34:22,514 INFO o.a.j.JMeter: IP: 172.17.0.2 Name: a29799db90bb FullName: a29799db90bb
2023-12-19 16:34:22,555 INFO o.a.j.s.FileServer: Default base='/'
2023-12-19 16:34:22,559 INFO o.a.j.s.FileServer: Set new base='/opt/yaman/scripts'
2023-12-19 16:34:23,364 INFO o.a.j.s.SaveService: Testplan (JMX) version: 2.2. Testlog (JTL) version: 2.2
2023-12-19 16:34:23,466 INFO o.a.j.s.SaveService: Using SaveService properties version 5.0
2023-12-19 16:34:23,487 INFO o.a.j.s.SaveService: Using SaveService properties file encoding UTF-8
2023-12-19 16:34:23,502 INFO o.a.j.s.SaveService: Loading file: /opt/yaman/scripts/jmeter.jmx
2023-12-19 16:34:23,688 INFO o.a.j.p.h.s.HTTPSamplerBase: Parser for text/html is org.apache.jmeter.protocol.http.parser.LagartoBasedHtmlParser
2023-12-19 16:34:23,688 INFO o.a.j.p.h.s.HTTPSamplerBase: Parser for application/xhtml+xml is org.apache.jmeter.protocol.http.parser.LagartoBasedHtmlParser
2023-12-19 16:34:23,688 INFO o.a.j.p.h.s.HTTPSamplerBase: Parser for application/xml is org.apache.jmeter.protocol.http.parser.LagartoBasedHtmlParser
2023-12-19 16:34:23,688 INFO o.a.j.p.h.s.HTTPSamplerBase: Parser for text/xml is org.apache.jmeter.protocol.http.parser.LagartoBasedHtmlParser
2023-12-19 16:34:23,689 INFO o.a.j.p.h.s.HTTPSamplerBase: Parser for text/vnd.wap.wml is org.apache.jmeter.protocol.http.parser.RegexpHTMLParser
2023-12-19 16:34:23,689 INFO o.a.j.p.h.s.HTTPSamplerBase: Parser for text/css is org.apache.jmeter.protocol.http.parser.CssParser
2023-12-19 16:34:23,722 INFO o.a.j.JMeter: Creating summariser <summary>
2023-12-19 16:34:23,824 INFO o.a.j.e.StandardJMeterEngine: Running the test!
2023-12-19 16:34:23,831 INFO o.a.j.s.SampleEvent: List of sample_variables: []
2023-12-19 16:34:23,831 INFO o.a.j.s.SampleEvent: List of sample_variables: []
2023-12-19 16:34:23,898 INFO o.a.j.e.u.CompoundVariable: Note: Function class names must contain the string: '.functions.'
2023-12-19 16:34:23,898 INFO o.a.j.e.u.CompoundVariable: Note: Function class names must not contain the string: '.gui.'
2023-12-19 16:34:25,158 INFO o.a.j.JMeter: Running test (1703014465157)
2023-12-19 16:34:25,167 INFO o.a.j.e.StandardJMeterEngine: Starting ThreadGroup: 1 : Thread Group
2023-12-19 16:34:25,168 INFO o.a.j.e.StandardJMeterEngine: Starting 2 threads for group Thread Group.
2023-12-19 16:34:25,170 INFO o.a.j.e.StandardJMeterEngine: Thread will continue on error
2023-12-19 16:34:25,176 INFO o.a.j.t.ThreadGroup: Starting thread group... number=1 threads=2 ramp-up=0 delayedStart=false
2023-12-19 16:34:25,202 INFO o.a.j.t.ThreadGroup: Started thread group number 1
2023-12-19 16:34:25,208 INFO o.a.j.e.StandardJMeterEngine: All thread groups have been started
2023-12-19 16:34:25,229 INFO o.a.j.t.JMeterThread: Thread started: Thread Group 1-1
2023-12-19 16:34:25,234 INFO o.a.j.t.JMeterThread: Thread started: Thread Group 1-2
2023-12-19 16:34:28,440 INFO o.a.j.p.h.s.HTTPHCAbstractImpl: Local host = a29799db90bb
2023-12-19 16:34:28,669 INFO o.a.j.p.h.s.HTTPHC4Impl: HTTP request retry count = 0
2023-12-19 16:34:28,675 INFO o.a.j.s.SampleResult: Note: Sample TimeStamps are START times
2023-12-19 16:34:28,711 INFO o.a.j.s.SampleResult: sampleresult.default.encoding is set to ISO-8859-1
2023-12-19 16:34:28,711 INFO o.a.j.s.SampleResult: sampleresult.useNanoTime=true
2023-12-19 16:34:28,711 INFO o.a.j.s.SampleResult: sampleresult.nanoThreadSleep=5000
2023-12-19 16:34:29,113 INFO o.a.j.p.h.s.h.LazyLayeredConnectionSocketFactory: Setting up HTTPS TrustAll Socket Factory
2023-12-19 16:34:29,147 INFO o.a.j.u.JsseSSLManager: Using default SSL protocol: TLS
2023-12-19 16:34:29,148 INFO o.a.j.u.JsseSSLManager: SSL session context: per-thread
2023-12-19 16:34:29,393 INFO o.a.j.u.SSLManager: JmeterKeyStore Location:  type JKS
2023-12-19 16:34:29,408 INFO o.a.j.u.SSLManager: KeyStore created OK
2023-12-19 16:34:29,408 WARN o.a.j.u.SSLManager: Keystore file not found, loading empty keystore
2023-12-19 16:34:30,704 INFO o.a.j.r.Summariser: summary +      1 in 00:00:06 =    0.2/s Avg:  1773 Min:  1773 Max:  1773 Err:     0 (0.00%) Active: 2 Started: 2 Finished: 0
2023-12-19 16:35:00,435 INFO o.a.j.r.Summariser: summary +     19 in 00:00:30 =    0.6/s Avg:   354 Min:   147 Max:  1773 Err:     0 (0.00%) Active: 2 Started: 2 Finished: 0
2023-12-19 16:35:00,435 INFO o.a.j.r.Summariser: summary =     20 in 00:00:35 =    0.6/s Avg:   425 Min:   147 Max:  1773 Err:     0 (0.00%)
2023-12-19 16:35:31,728 INFO o.a.j.r.Summariser: summary +     19 in 00:00:31 =    0.6/s Avg:   172 Min:   141 Max:   331 Err:     0 (0.00%) Active: 2 Started: 2 Finished: 0
2023-12-19 16:35:31,728 INFO o.a.j.r.Summariser: summary =     39 in 00:01:07 =    0.6/s Avg:   301 Min:   141 Max:  1773 Err:     0 (0.00%)
2023-12-19 16:36:00,151 INFO o.a.j.r.Summariser: summary +     18 in 00:00:28 =    0.6/s Avg:   166 Min:   140 Max:   273 Err:     0 (0.00%) Active: 2 Started: 2 Finished: 0
2023-12-19 16:36:00,151 INFO o.a.j.r.Summariser: summary =     57 in 00:01:35 =    0.6/s Avg:   258 Min:   140 Max:  1773 Err:     0 (0.00%)
2023-12-19 16:36:22,223 INFO o.a.j.t.JMeterThread: Thread finished: Thread Group 1-1
2023-12-19 16:36:22,743 INFO o.a.j.t.JMeterThread: Thread finished: Thread Group 1-2
2023-12-19 16:36:22,744 INFO o.a.j.e.StandardJMeterEngine: Notifying test listeners of end of test
2023-12-19 16:36:22,746 INFO o.a.j.r.Summariser: summary +     15 in 00:00:23 =    0.7/s Avg:   151 Min:   139 Max:   168 Err:     0 (0.00%) Active: 0 Started: 2 Finished: 2
2023-12-19 16:36:22,746 INFO o.a.j.r.Summariser: summary =     72 in 00:01:58 =    0.6/s Avg:   236 Min:   139 Max:  1773 Err:     0 (0.00%)
