2023-12-20 11:07:12,405 INFO o.a.j.u.JMeterUtils: Setting Locale to en_EN
2023-12-20 11:07:12,531 INFO o.a.j.JMeter: Loading user properties from: /opt/yaman/jmeter/apache-jmeter-5.5/bin/user.properties
2023-12-20 11:07:12,532 INFO o.a.j.JMeter: Loading system properties from: /opt/yaman/jmeter/apache-jmeter-5.5/bin/system.properties
2023-12-20 11:07:12,551 INFO o.a.j.JMeter: Copyright (c) 1998-2022 The Apache Software Foundation
2023-12-20 11:07:12,552 INFO o.a.j.JMeter: Version 5.5
2023-12-20 11:07:12,553 INFO o.a.j.JMeter: java.version=11.0.18
2023-12-20 11:07:12,554 INFO o.a.j.JMeter: java.vm.name=OpenJDK 64-Bit Server VM
2023-12-20 11:07:12,555 INFO o.a.j.JMeter: os.name=Linux
2023-12-20 11:07:12,556 INFO o.a.j.JMeter: os.arch=amd64
2023-12-20 11:07:12,556 INFO o.a.j.JMeter: os.version=5.15.133.1-microsoft-standard-WSL2
2023-12-20 11:07:12,556 INFO o.a.j.JMeter: file.encoding=ANSI_X3.4-1968
2023-12-20 11:07:12,557 INFO o.a.j.JMeter: java.awt.headless=true
2023-12-20 11:07:12,557 INFO o.a.j.JMeter: Max memory     =536870912
2023-12-20 11:07:12,558 INFO o.a.j.JMeter: Available Processors =8
2023-12-20 11:07:12,590 INFO o.a.j.JMeter: Default Locale=English (EN)
2023-12-20 11:07:12,590 INFO o.a.j.JMeter: JMeter  Locale=English (EN)
2023-12-20 11:07:12,592 INFO o.a.j.JMeter: JMeterHome=/opt/yaman/jmeter/apache-jmeter-5.5
2023-12-20 11:07:12,601 INFO o.a.j.JMeter: user.dir  =/opt/yaman/teste
2023-12-20 11:07:12,602 INFO o.a.j.JMeter: PWD       =/opt/yaman/teste
2023-12-20 11:07:12,602 INFO o.a.j.JMeter: IP: 172.17.0.2 Name: 8e6c09796d75 FullName: 8e6c09796d75
2023-12-20 11:07:12,624 INFO o.a.j.s.FileServer: Default base='/opt/yaman/teste'
2023-12-20 11:07:12,626 INFO o.a.j.s.FileServer: Set new base='/opt/yaman/scripts'
2023-12-20 11:07:13,245 INFO o.a.j.s.SaveService: Testplan (JMX) version: 2.2. Testlog (JTL) version: 2.2
2023-12-20 11:07:13,317 INFO o.a.j.s.SaveService: Using SaveService properties version 5.0
2023-12-20 11:07:13,330 INFO o.a.j.s.SaveService: Using SaveService properties file encoding UTF-8
2023-12-20 11:07:13,340 INFO o.a.j.s.SaveService: Loading file: /opt/yaman/scripts/jmeter.jmx
2023-12-20 11:07:13,491 INFO o.a.j.p.h.s.HTTPSamplerBase: Parser for text/html is org.apache.jmeter.protocol.http.parser.LagartoBasedHtmlParser
2023-12-20 11:07:13,491 INFO o.a.j.p.h.s.HTTPSamplerBase: Parser for application/xhtml+xml is org.apache.jmeter.protocol.http.parser.LagartoBasedHtmlParser
2023-12-20 11:07:13,491 INFO o.a.j.p.h.s.HTTPSamplerBase: Parser for application/xml is org.apache.jmeter.protocol.http.parser.LagartoBasedHtmlParser
2023-12-20 11:07:13,492 INFO o.a.j.p.h.s.HTTPSamplerBase: Parser for text/xml is org.apache.jmeter.protocol.http.parser.LagartoBasedHtmlParser
2023-12-20 11:07:13,492 INFO o.a.j.p.h.s.HTTPSamplerBase: Parser for text/vnd.wap.wml is org.apache.jmeter.protocol.http.parser.RegexpHTMLParser
2023-12-20 11:07:13,492 INFO o.a.j.p.h.s.HTTPSamplerBase: Parser for text/css is org.apache.jmeter.protocol.http.parser.CssParser
2023-12-20 11:07:13,525 INFO o.a.j.JMeter: Creating summariser <summary>
2023-12-20 11:07:13,588 INFO o.a.j.e.StandardJMeterEngine: Running the test!
2023-12-20 11:07:13,590 INFO o.a.j.s.SampleEvent: List of sample_variables: []
2023-12-20 11:07:13,590 INFO o.a.j.s.SampleEvent: List of sample_variables: []
2023-12-20 11:07:13,634 INFO o.a.j.e.u.CompoundVariable: Note: Function class names must contain the string: '.functions.'
2023-12-20 11:07:13,635 INFO o.a.j.e.u.CompoundVariable: Note: Function class names must not contain the string: '.gui.'
2023-12-20 11:07:14,573 INFO o.a.j.JMeter: Running test (1703081234573)
2023-12-20 11:07:14,578 INFO o.a.j.e.StandardJMeterEngine: Starting ThreadGroup: 1 : Thread Group
2023-12-20 11:07:14,579 INFO o.a.j.e.StandardJMeterEngine: Starting 2 threads for group Thread Group.
2023-12-20 11:07:14,579 INFO o.a.j.e.StandardJMeterEngine: Thread will continue on error
2023-12-20 11:07:14,586 INFO o.a.j.t.ThreadGroup: Starting thread group... number=1 threads=2 ramp-up=0 delayedStart=false
2023-12-20 11:07:14,601 INFO o.a.j.t.ThreadGroup: Started thread group number 1
2023-12-20 11:07:14,602 INFO o.a.j.e.StandardJMeterEngine: All thread groups have been started
2023-12-20 11:07:14,620 INFO o.a.j.t.JMeterThread: Thread started: Thread Group 1-1
2023-12-20 11:07:14,620 INFO o.a.j.t.JMeterThread: Thread started: Thread Group 1-2
2023-12-20 11:07:17,665 INFO o.a.j.p.h.s.HTTPHCAbstractImpl: Local host = 8e6c09796d75
2023-12-20 11:07:17,672 INFO o.a.j.p.h.s.HTTPHC4Impl: HTTP request retry count = 0
2023-12-20 11:07:17,674 INFO o.a.j.s.SampleResult: Note: Sample TimeStamps are START times
2023-12-20 11:07:17,674 INFO o.a.j.s.SampleResult: sampleresult.default.encoding is set to ISO-8859-1
2023-12-20 11:07:17,674 INFO o.a.j.s.SampleResult: sampleresult.useNanoTime=true
2023-12-20 11:07:17,674 INFO o.a.j.s.SampleResult: sampleresult.nanoThreadSleep=5000
2023-12-20 11:07:17,851 INFO o.a.j.p.h.s.h.LazyLayeredConnectionSocketFactory: Setting up HTTPS TrustAll Socket Factory
2023-12-20 11:07:17,857 INFO o.a.j.u.JsseSSLManager: Using default SSL protocol: TLS
2023-12-20 11:07:17,857 INFO o.a.j.u.JsseSSLManager: SSL session context: per-thread
2023-12-20 11:07:17,931 INFO o.a.j.u.SSLManager: JmeterKeyStore Location:  type JKS
2023-12-20 11:07:17,934 INFO o.a.j.u.SSLManager: KeyStore created OK
2023-12-20 11:07:17,935 WARN o.a.j.u.SSLManager: Keystore file not found, loading empty keystore
2023-12-20 11:07:31,345 INFO o.a.j.r.Summariser: summary +      9 in 00:00:17 =    0.5/s Avg:   346 Min:   175 Max:   759 Err:     0 (0.00%) Active: 2 Started: 2 Finished: 0
2023-12-20 11:08:00,148 INFO o.a.j.r.Summariser: summary +     19 in 00:00:29 =    0.7/s Avg:   177 Min:   148 Max:   217 Err:     0 (0.00%) Active: 2 Started: 2 Finished: 0
2023-12-20 11:08:00,149 INFO o.a.j.r.Summariser: summary =     28 in 00:00:46 =    0.6/s Avg:   231 Min:   148 Max:   759 Err:     0 (0.00%)
2023-12-20 11:08:32,299 INFO o.a.j.r.Summariser: summary +     19 in 00:00:32 =    0.6/s Avg:   238 Min:   139 Max:   503 Err:     0 (0.00%) Active: 2 Started: 2 Finished: 0
2023-12-20 11:08:32,302 INFO o.a.j.r.Summariser: summary =     47 in 00:01:18 =    0.6/s Avg:   234 Min:   139 Max:   759 Err:     0 (0.00%)
2023-12-20 11:09:01,291 INFO o.a.j.r.Summariser: summary +     16 in 00:00:29 =    0.6/s Avg:   616 Min:   171 Max:  3122 Err:     0 (0.00%) Active: 2 Started: 2 Finished: 0
2023-12-20 11:09:01,292 INFO o.a.j.r.Summariser: summary =     63 in 00:01:47 =    0.6/s Avg:   331 Min:   139 Max:  3122 Err:     0 (0.00%)
2023-12-20 11:09:14,054 INFO o.a.j.t.JMeterThread: Thread finished: Thread Group 1-1
2023-12-20 11:09:14,235 INFO o.a.j.t.JMeterThread: Thread finished: Thread Group 1-2
2023-12-20 11:09:14,236 INFO o.a.j.e.StandardJMeterEngine: Notifying test listeners of end of test
2023-12-20 11:09:14,238 INFO o.a.j.r.Summariser: summary +      9 in 00:00:13 =    0.7/s Avg:   195 Min:   171 Max:   231 Err:     0 (0.00%) Active: 0 Started: 2 Finished: 2
2023-12-20 11:09:14,239 INFO o.a.j.r.Summariser: summary =     72 in 00:02:00 =    0.6/s Avg:   314 Min:   139 Max:  3122 Err:     0 (0.00%)
