2023-12-19 14:42:00,807 INFO o.a.j.u.JMeterUtils: Setting Locale to en_EN
2023-12-19 14:42:00,835 INFO o.a.j.JMeter: Loading user properties from: /opt/yaman/jmeter/apache-jmeter-5.5/bin/user.properties
2023-12-19 14:42:00,835 INFO o.a.j.JMeter: Loading system properties from: /opt/yaman/jmeter/apache-jmeter-5.5/bin/system.properties
2023-12-19 14:42:00,842 INFO o.a.j.JMeter: Copyright (c) 1998-2022 The Apache Software Foundation
2023-12-19 14:42:00,842 INFO o.a.j.JMeter: Version 5.5
2023-12-19 14:42:00,842 INFO o.a.j.JMeter: java.version=11.0.18
2023-12-19 14:42:00,842 INFO o.a.j.JMeter: java.vm.name=OpenJDK 64-Bit Server VM
2023-12-19 14:42:00,842 INFO o.a.j.JMeter: os.name=Linux
2023-12-19 14:42:00,843 INFO o.a.j.JMeter: os.arch=amd64
2023-12-19 14:42:00,843 INFO o.a.j.JMeter: os.version=5.15.133.1-microsoft-standard-WSL2
2023-12-19 14:42:00,843 INFO o.a.j.JMeter: file.encoding=ANSI_X3.4-1968
2023-12-19 14:42:00,843 INFO o.a.j.JMeter: java.awt.headless=true
2023-12-19 14:42:00,843 INFO o.a.j.JMeter: Max memory     =536870912
2023-12-19 14:42:00,843 INFO o.a.j.JMeter: Available Processors =8
2023-12-19 14:42:00,856 INFO o.a.j.JMeter: Default Locale=English (EN)
2023-12-19 14:42:00,856 INFO o.a.j.JMeter: JMeter  Locale=English (EN)
2023-12-19 14:42:00,856 INFO o.a.j.JMeter: JMeterHome=/opt/yaman/jmeter/apache-jmeter-5.5
2023-12-19 14:42:00,856 INFO o.a.j.JMeter: user.dir  =/
2023-12-19 14:42:00,856 INFO o.a.j.JMeter: PWD       =/
2023-12-19 14:42:00,857 INFO o.a.j.JMeter: IP: 172.17.0.2 Name: b8af9b430f5e FullName: b8af9b430f5e
2023-12-19 14:42:00,881 INFO o.a.j.s.FileServer: Default base='/'
2023-12-19 14:42:00,882 INFO o.a.j.s.FileServer: Set new base='/opt/yaman/scripts'
2023-12-19 14:42:01,137 INFO o.a.j.s.SaveService: Testplan (JMX) version: 2.2. Testlog (JTL) version: 2.2
2023-12-19 14:42:01,165 INFO o.a.j.s.SaveService: Using SaveService properties version 5.0
2023-12-19 14:42:01,169 INFO o.a.j.s.SaveService: Using SaveService properties file encoding UTF-8
2023-12-19 14:42:01,172 INFO o.a.j.s.SaveService: Loading file: /opt/yaman/scripts/jmeter.jmx
2023-12-19 14:42:01,226 INFO o.a.j.p.h.s.HTTPSamplerBase: Parser for text/html is org.apache.jmeter.protocol.http.parser.LagartoBasedHtmlParser
2023-12-19 14:42:01,226 INFO o.a.j.p.h.s.HTTPSamplerBase: Parser for application/xhtml+xml is org.apache.jmeter.protocol.http.parser.LagartoBasedHtmlParser
2023-12-19 14:42:01,226 INFO o.a.j.p.h.s.HTTPSamplerBase: Parser for application/xml is org.apache.jmeter.protocol.http.parser.LagartoBasedHtmlParser
2023-12-19 14:42:01,226 INFO o.a.j.p.h.s.HTTPSamplerBase: Parser for text/xml is org.apache.jmeter.protocol.http.parser.LagartoBasedHtmlParser
2023-12-19 14:42:01,226 INFO o.a.j.p.h.s.HTTPSamplerBase: Parser for text/vnd.wap.wml is org.apache.jmeter.protocol.http.parser.RegexpHTMLParser
2023-12-19 14:42:01,227 INFO o.a.j.p.h.s.HTTPSamplerBase: Parser for text/css is org.apache.jmeter.protocol.http.parser.CssParser
2023-12-19 14:42:01,236 INFO o.a.j.JMeter: Creating summariser <summary>
2023-12-19 14:42:01,256 INFO o.a.j.e.StandardJMeterEngine: Running the test!
2023-12-19 14:42:01,259 INFO o.a.j.s.SampleEvent: List of sample_variables: []
2023-12-19 14:42:01,259 INFO o.a.j.s.SampleEvent: List of sample_variables: []
2023-12-19 14:42:01,299 INFO o.a.j.e.u.CompoundVariable: Note: Function class names must contain the string: '.functions.'
2023-12-19 14:42:01,299 INFO o.a.j.e.u.CompoundVariable: Note: Function class names must not contain the string: '.gui.'
2023-12-19 14:42:01,770 INFO o.a.j.JMeter: Running test (1703007721770)
2023-12-19 14:42:01,774 INFO o.a.j.e.StandardJMeterEngine: Starting ThreadGroup: 1 : Thread Group
2023-12-19 14:42:01,774 INFO o.a.j.e.StandardJMeterEngine: Starting 2 threads for group Thread Group.
2023-12-19 14:42:01,774 INFO o.a.j.e.StandardJMeterEngine: Thread will continue on error
2023-12-19 14:42:01,774 INFO o.a.j.t.ThreadGroup: Starting thread group... number=1 threads=2 ramp-up=0 delayedStart=false
2023-12-19 14:42:01,783 INFO o.a.j.t.ThreadGroup: Started thread group number 1
2023-12-19 14:42:01,784 INFO o.a.j.e.StandardJMeterEngine: All thread groups have been started
2023-12-19 14:42:01,796 INFO o.a.j.t.JMeterThread: Thread started: Thread Group 1-2
2023-12-19 14:42:01,796 INFO o.a.j.t.JMeterThread: Thread started: Thread Group 1-1
2023-12-19 14:42:02,995 INFO o.a.j.p.h.s.HTTPHCAbstractImpl: Local host = b8af9b430f5e
2023-12-19 14:42:03,003 INFO o.a.j.p.h.s.HTTPHC4Impl: HTTP request retry count = 0
2023-12-19 14:42:03,005 INFO o.a.j.s.SampleResult: Note: Sample TimeStamps are START times
2023-12-19 14:42:03,005 INFO o.a.j.s.SampleResult: sampleresult.default.encoding is set to ISO-8859-1
2023-12-19 14:42:03,005 INFO o.a.j.s.SampleResult: sampleresult.useNanoTime=true
2023-12-19 14:42:03,005 INFO o.a.j.s.SampleResult: sampleresult.nanoThreadSleep=5000
2023-12-19 14:42:03,200 INFO o.a.j.p.h.s.h.LazyLayeredConnectionSocketFactory: Setting up HTTPS TrustAll Socket Factory
2023-12-19 14:42:03,211 INFO o.a.j.u.JsseSSLManager: Using default SSL protocol: TLS
2023-12-19 14:42:03,211 INFO o.a.j.u.JsseSSLManager: SSL session context: per-thread
2023-12-19 14:42:03,305 INFO o.a.j.u.SSLManager: JmeterKeyStore Location:  type JKS
2023-12-19 14:42:03,310 INFO o.a.j.u.SSLManager: KeyStore created OK
2023-12-19 14:42:03,311 WARN o.a.j.u.SSLManager: Keystore file not found, loading empty keystore
2023-12-19 14:42:03,894 INFO o.a.j.r.Summariser: summary +      1 in 00:00:02 =    0.5/s Avg:   776 Min:   776 Max:   776 Err:     0 (0.00%) Active: 2 Started: 2 Finished: 0
2023-12-19 14:42:08,634 INFO o.a.j.t.JMeterThread: Thread is done: Thread Group 1-2
2023-12-19 14:42:08,634 INFO o.a.j.t.JMeterThread: Thread finished: Thread Group 1-2
2023-12-19 14:42:08,837 INFO o.a.j.t.JMeterThread: Thread is done: Thread Group 1-1
2023-12-19 14:42:08,837 INFO o.a.j.t.JMeterThread: Thread finished: Thread Group 1-1
2023-12-19 14:42:08,839 INFO o.a.j.e.StandardJMeterEngine: Notifying test listeners of end of test
2023-12-19 14:42:08,841 INFO o.a.j.r.Summariser: summary +      9 in 00:00:05 =    1.8/s Avg:   273 Min:   155 Max:   795 Err:     0 (0.00%) Active: 0 Started: 2 Finished: 2
2023-12-19 14:42:08,841 INFO o.a.j.r.Summariser: summary =     10 in 00:00:07 =    1.4/s Avg:   323 Min:   155 Max:   795 Err:     0 (0.00%)
