2023-12-19 14:49:13,662 INFO o.a.j.u.JMeterUtils: Setting Locale to en_EN
2023-12-19 14:49:13,710 INFO o.a.j.JMeter: Loading user properties from: /opt/yaman/jmeter/apache-jmeter-5.5/bin/user.properties
2023-12-19 14:49:13,710 INFO o.a.j.JMeter: Loading system properties from: /opt/yaman/jmeter/apache-jmeter-5.5/bin/system.properties
2023-12-19 14:49:13,725 INFO o.a.j.JMeter: Copyright (c) 1998-2022 The Apache Software Foundation
2023-12-19 14:49:13,725 INFO o.a.j.JMeter: Version 5.5
2023-12-19 14:49:13,726 INFO o.a.j.JMeter: java.version=11.0.18
2023-12-19 14:49:13,726 INFO o.a.j.JMeter: java.vm.name=OpenJDK 64-Bit Server VM
2023-12-19 14:49:13,726 INFO o.a.j.JMeter: os.name=Linux
2023-12-19 14:49:13,726 INFO o.a.j.JMeter: os.arch=amd64
2023-12-19 14:49:13,726 INFO o.a.j.JMeter: os.version=5.15.133.1-microsoft-standard-WSL2
2023-12-19 14:49:13,726 INFO o.a.j.JMeter: file.encoding=ANSI_X3.4-1968
2023-12-19 14:49:13,727 INFO o.a.j.JMeter: java.awt.headless=true
2023-12-19 14:49:13,727 INFO o.a.j.JMeter: Max memory     =536870912
2023-12-19 14:49:13,728 INFO o.a.j.JMeter: Available Processors =8
2023-12-19 14:49:13,745 INFO o.a.j.JMeter: Default Locale=English (EN)
2023-12-19 14:49:13,746 INFO o.a.j.JMeter: JMeter  Locale=English (EN)
2023-12-19 14:49:13,746 INFO o.a.j.JMeter: JMeterHome=/opt/yaman/jmeter/apache-jmeter-5.5
2023-12-19 14:49:13,746 INFO o.a.j.JMeter: user.dir  =/
2023-12-19 14:49:13,746 INFO o.a.j.JMeter: PWD       =/
2023-12-19 14:49:13,746 INFO o.a.j.JMeter: IP: 172.17.0.2 Name: 56fa89bf2b94 FullName: 56fa89bf2b94
2023-12-19 14:49:13,756 INFO o.a.j.s.FileServer: Default base='/'
2023-12-19 14:49:13,757 INFO o.a.j.s.FileServer: Set new base='/opt/yaman/scripts'
2023-12-19 14:49:14,010 INFO o.a.j.s.SaveService: Testplan (JMX) version: 2.2. Testlog (JTL) version: 2.2
2023-12-19 14:49:14,037 INFO o.a.j.s.SaveService: Using SaveService properties version 5.0
2023-12-19 14:49:14,042 INFO o.a.j.s.SaveService: Using SaveService properties file encoding UTF-8
2023-12-19 14:49:14,045 INFO o.a.j.s.SaveService: Loading file: /opt/yaman/scripts/jmeter.jmx
2023-12-19 14:49:14,097 INFO o.a.j.p.h.s.HTTPSamplerBase: Parser for text/html is org.apache.jmeter.protocol.http.parser.LagartoBasedHtmlParser
2023-12-19 14:49:14,097 INFO o.a.j.p.h.s.HTTPSamplerBase: Parser for application/xhtml+xml is org.apache.jmeter.protocol.http.parser.LagartoBasedHtmlParser
2023-12-19 14:49:14,097 INFO o.a.j.p.h.s.HTTPSamplerBase: Parser for application/xml is org.apache.jmeter.protocol.http.parser.LagartoBasedHtmlParser
2023-12-19 14:49:14,097 INFO o.a.j.p.h.s.HTTPSamplerBase: Parser for text/xml is org.apache.jmeter.protocol.http.parser.LagartoBasedHtmlParser
2023-12-19 14:49:14,097 INFO o.a.j.p.h.s.HTTPSamplerBase: Parser for text/vnd.wap.wml is org.apache.jmeter.protocol.http.parser.RegexpHTMLParser
2023-12-19 14:49:14,098 INFO o.a.j.p.h.s.HTTPSamplerBase: Parser for text/css is org.apache.jmeter.protocol.http.parser.CssParser
2023-12-19 14:49:14,107 INFO o.a.j.JMeter: Creating summariser <summary>
2023-12-19 14:49:14,128 INFO o.a.j.e.StandardJMeterEngine: Running the test!
2023-12-19 14:49:14,130 INFO o.a.j.s.SampleEvent: List of sample_variables: []
2023-12-19 14:49:14,131 INFO o.a.j.s.SampleEvent: List of sample_variables: []
2023-12-19 14:49:14,168 INFO o.a.j.e.u.CompoundVariable: Note: Function class names must contain the string: '.functions.'
2023-12-19 14:49:14,168 INFO o.a.j.e.u.CompoundVariable: Note: Function class names must not contain the string: '.gui.'
2023-12-19 14:49:14,581 INFO o.a.j.JMeter: Running test (1703008154581)
2023-12-19 14:49:14,584 INFO o.a.j.e.StandardJMeterEngine: Starting ThreadGroup: 1 : Thread Group
2023-12-19 14:49:14,585 INFO o.a.j.e.StandardJMeterEngine: Starting 2 threads for group Thread Group.
2023-12-19 14:49:14,585 INFO o.a.j.e.StandardJMeterEngine: Thread will continue on error
2023-12-19 14:49:14,585 INFO o.a.j.t.ThreadGroup: Starting thread group... number=1 threads=2 ramp-up=0 delayedStart=false
2023-12-19 14:49:14,597 INFO o.a.j.t.ThreadGroup: Started thread group number 1
2023-12-19 14:49:14,601 INFO o.a.j.e.StandardJMeterEngine: All thread groups have been started
2023-12-19 14:49:14,610 INFO o.a.j.t.JMeterThread: Thread started: Thread Group 1-1
2023-12-19 14:49:14,610 INFO o.a.j.t.JMeterThread: Thread started: Thread Group 1-2
2023-12-19 14:49:15,648 INFO o.a.j.p.h.s.HTTPHCAbstractImpl: Local host = 56fa89bf2b94
2023-12-19 14:49:15,656 INFO o.a.j.p.h.s.HTTPHC4Impl: HTTP request retry count = 0
2023-12-19 14:49:15,658 INFO o.a.j.s.SampleResult: Note: Sample TimeStamps are START times
2023-12-19 14:49:15,658 INFO o.a.j.s.SampleResult: sampleresult.default.encoding is set to ISO-8859-1
2023-12-19 14:49:15,658 INFO o.a.j.s.SampleResult: sampleresult.useNanoTime=true
2023-12-19 14:49:15,658 INFO o.a.j.s.SampleResult: sampleresult.nanoThreadSleep=5000
2023-12-19 14:49:15,843 INFO o.a.j.p.h.s.h.LazyLayeredConnectionSocketFactory: Setting up HTTPS TrustAll Socket Factory
2023-12-19 14:49:15,851 INFO o.a.j.u.JsseSSLManager: Using default SSL protocol: TLS
2023-12-19 14:49:15,851 INFO o.a.j.u.JsseSSLManager: SSL session context: per-thread
2023-12-19 14:49:15,929 INFO o.a.j.u.SSLManager: JmeterKeyStore Location:  type JKS
2023-12-19 14:49:15,933 INFO o.a.j.u.SSLManager: KeyStore created OK
2023-12-19 14:49:15,934 WARN o.a.j.u.SSLManager: Keystore file not found, loading empty keystore
2023-12-19 14:49:21,234 INFO o.a.j.t.JMeterThread: Thread is done: Thread Group 1-1
2023-12-19 14:49:21,234 INFO o.a.j.t.JMeterThread: Thread finished: Thread Group 1-1
2023-12-19 14:49:21,539 INFO o.a.j.t.JMeterThread: Thread is done: Thread Group 1-2
2023-12-19 14:49:21,539 INFO o.a.j.t.JMeterThread: Thread finished: Thread Group 1-2
2023-12-19 14:49:21,540 INFO o.a.j.e.StandardJMeterEngine: Notifying test listeners of end of test
2023-12-19 14:49:21,542 INFO o.a.j.r.Summariser: summary =     10 in 00:00:07 =    1.4/s Avg:   323 Min:   153 Max:   802 Err:     0 (0.00%)
