2023-12-20 13:54:08,392 INFO o.a.j.u.JMeterUtils: Setting Locale to en_EN
2023-12-20 13:54:08,422 INFO o.a.j.JMeter: Loading user properties from: /opt/yaman/jmeter/apache-jmeter-5.5/bin/user.properties
2023-12-20 13:54:08,423 INFO o.a.j.JMeter: Loading system properties from: /opt/yaman/jmeter/apache-jmeter-5.5/bin/system.properties
2023-12-20 13:54:08,431 INFO o.a.j.JMeter: Copyright (c) 1998-2022 The Apache Software Foundation
2023-12-20 13:54:08,431 INFO o.a.j.JMeter: Version 5.5
2023-12-20 13:54:08,431 INFO o.a.j.JMeter: java.version=11.0.18
2023-12-20 13:54:08,431 INFO o.a.j.JMeter: java.vm.name=OpenJDK 64-Bit Server VM
2023-12-20 13:54:08,431 INFO o.a.j.JMeter: os.name=Linux
2023-12-20 13:54:08,431 INFO o.a.j.JMeter: os.arch=amd64
2023-12-20 13:54:08,431 INFO o.a.j.JMeter: os.version=5.15.133.1-microsoft-standard-WSL2
2023-12-20 13:54:08,431 INFO o.a.j.JMeter: file.encoding=ANSI_X3.4-1968
2023-12-20 13:54:08,431 INFO o.a.j.JMeter: java.awt.headless=true
2023-12-20 13:54:08,431 INFO o.a.j.JMeter: Max memory     =536870912
2023-12-20 13:54:08,432 INFO o.a.j.JMeter: Available Processors =8
2023-12-20 13:54:08,448 INFO o.a.j.JMeter: Default Locale=English (EN)
2023-12-20 13:54:08,449 INFO o.a.j.JMeter: JMeter  Locale=English (EN)
2023-12-20 13:54:08,449 INFO o.a.j.JMeter: JMeterHome=/opt/yaman/jmeter/apache-jmeter-5.5
2023-12-20 13:54:08,449 INFO o.a.j.JMeter: user.dir  =/opt/yaman/teste
2023-12-20 13:54:08,449 INFO o.a.j.JMeter: PWD       =/opt/yaman/teste
2023-12-20 13:54:08,450 INFO o.a.j.JMeter: IP: 172.17.0.2 Name: 8e6c09796d75 FullName: 8e6c09796d75
2023-12-20 13:54:08,488 INFO o.a.j.s.FileServer: Default base='/opt/yaman/teste'
2023-12-20 13:54:08,489 INFO o.a.j.s.FileServer: Set new base='/opt/yaman/scripts'
2023-12-20 13:54:08,749 INFO o.a.j.s.SaveService: Testplan (JMX) version: 2.2. Testlog (JTL) version: 2.2
2023-12-20 13:54:08,778 INFO o.a.j.s.SaveService: Using SaveService properties version 5.0
2023-12-20 13:54:08,782 INFO o.a.j.s.SaveService: Using SaveService properties file encoding UTF-8
2023-12-20 13:54:08,785 INFO o.a.j.s.SaveService: Loading file: /opt/yaman/scripts/jmeter.jmx
2023-12-20 13:54:08,851 INFO o.a.j.p.h.s.HTTPSamplerBase: Parser for text/html is org.apache.jmeter.protocol.http.parser.LagartoBasedHtmlParser
2023-12-20 13:54:08,851 INFO o.a.j.p.h.s.HTTPSamplerBase: Parser for application/xhtml+xml is org.apache.jmeter.protocol.http.parser.LagartoBasedHtmlParser
2023-12-20 13:54:08,852 INFO o.a.j.p.h.s.HTTPSamplerBase: Parser for application/xml is org.apache.jmeter.protocol.http.parser.LagartoBasedHtmlParser
2023-12-20 13:54:08,852 INFO o.a.j.p.h.s.HTTPSamplerBase: Parser for text/xml is org.apache.jmeter.protocol.http.parser.LagartoBasedHtmlParser
2023-12-20 13:54:08,852 INFO o.a.j.p.h.s.HTTPSamplerBase: Parser for text/vnd.wap.wml is org.apache.jmeter.protocol.http.parser.RegexpHTMLParser
2023-12-20 13:54:08,852 INFO o.a.j.p.h.s.HTTPSamplerBase: Parser for text/css is org.apache.jmeter.protocol.http.parser.CssParser
2023-12-20 13:54:08,861 INFO o.a.j.JMeter: Creating summariser <summary>
2023-12-20 13:54:08,885 INFO o.a.j.e.StandardJMeterEngine: Running the test!
2023-12-20 13:54:08,887 INFO o.a.j.s.SampleEvent: List of sample_variables: []
2023-12-20 13:54:08,887 INFO o.a.j.s.SampleEvent: List of sample_variables: []
2023-12-20 13:54:08,912 INFO o.a.j.e.u.CompoundVariable: Note: Function class names must contain the string: '.functions.'
2023-12-20 13:54:08,912 INFO o.a.j.e.u.CompoundVariable: Note: Function class names must not contain the string: '.gui.'
2023-12-20 13:54:09,277 INFO o.a.j.JMeter: Running test (1703091249277)
2023-12-20 13:54:09,279 INFO o.a.j.e.StandardJMeterEngine: Starting ThreadGroup: 1 : Thread Group
2023-12-20 13:54:09,280 INFO o.a.j.e.StandardJMeterEngine: Starting 2 threads for group Thread Group.
2023-12-20 13:54:09,280 INFO o.a.j.e.StandardJMeterEngine: Thread will continue on error
2023-12-20 13:54:09,280 INFO o.a.j.t.ThreadGroup: Starting thread group... number=1 threads=2 ramp-up=0 delayedStart=false
2023-12-20 13:54:09,289 INFO o.a.j.t.ThreadGroup: Started thread group number 1
2023-12-20 13:54:09,291 INFO o.a.j.e.StandardJMeterEngine: All thread groups have been started
2023-12-20 13:54:09,301 INFO o.a.j.t.JMeterThread: Thread started: Thread Group 1-1
2023-12-20 13:54:09,301 INFO o.a.j.t.JMeterThread: Thread started: Thread Group 1-2
2023-12-20 13:54:12,345 INFO o.a.j.p.h.s.HTTPHCAbstractImpl: Local host = 8e6c09796d75
2023-12-20 13:54:12,353 INFO o.a.j.p.h.s.HTTPHC4Impl: HTTP request retry count = 0
2023-12-20 13:54:12,355 INFO o.a.j.s.SampleResult: Note: Sample TimeStamps are START times
2023-12-20 13:54:12,355 INFO o.a.j.s.SampleResult: sampleresult.default.encoding is set to ISO-8859-1
2023-12-20 13:54:12,355 INFO o.a.j.s.SampleResult: sampleresult.useNanoTime=true
2023-12-20 13:54:12,355 INFO o.a.j.s.SampleResult: sampleresult.nanoThreadSleep=5000
2023-12-20 13:54:12,540 INFO o.a.j.p.h.s.h.LazyLayeredConnectionSocketFactory: Setting up HTTPS TrustAll Socket Factory
2023-12-20 13:54:12,548 INFO o.a.j.u.JsseSSLManager: Using default SSL protocol: TLS
2023-12-20 13:54:12,548 INFO o.a.j.u.JsseSSLManager: SSL session context: per-thread
2023-12-20 13:54:12,627 INFO o.a.j.u.SSLManager: JmeterKeyStore Location:  type JKS
2023-12-20 13:54:12,632 INFO o.a.j.u.SSLManager: KeyStore created OK
2023-12-20 13:54:12,632 WARN o.a.j.u.SSLManager: Keystore file not found, loading empty keystore
2023-12-20 13:54:32,694 INFO o.a.j.r.Summariser: summary +     13 in 00:00:23 =    0.6/s Avg:   337 Min:   186 Max:   776 Err:     0 (0.00%) Active: 2 Started: 2 Finished: 0
2023-12-20 13:55:01,147 INFO o.a.j.r.Summariser: summary +     18 in 00:00:28 =    0.6/s Avg:   168 Min:   146 Max:   203 Err:     0 (0.00%) Active: 2 Started: 2 Finished: 0
2023-12-20 13:55:01,148 INFO o.a.j.r.Summariser: summary =     31 in 00:00:52 =    0.6/s Avg:   239 Min:   146 Max:   776 Err:     0 (0.00%)
2023-12-20 13:55:32,883 INFO o.a.j.r.Summariser: summary +     20 in 00:00:32 =    0.6/s Avg:   171 Min:   139 Max:   369 Err:     0 (0.00%) Active: 2 Started: 2 Finished: 0
2023-12-20 13:55:32,885 INFO o.a.j.r.Summariser: summary =     51 in 00:01:24 =    0.6/s Avg:   212 Min:   139 Max:   776 Err:     0 (0.00%)
2023-12-20 13:56:01,341 INFO o.a.j.r.Summariser: summary +     18 in 00:00:28 =    0.6/s Avg:   156 Min:   144 Max:   201 Err:     0 (0.00%) Active: 2 Started: 2 Finished: 0
2023-12-20 13:56:01,345 INFO o.a.j.r.Summariser: summary =     69 in 00:01:52 =    0.6/s Avg:   198 Min:   139 Max:   776 Err:     0 (0.00%)
2023-12-20 13:56:07,652 INFO o.a.j.t.JMeterThread: Thread finished: Thread Group 1-2
2023-12-20 13:56:07,805 INFO o.a.j.t.JMeterThread: Thread finished: Thread Group 1-1
2023-12-20 13:56:07,806 INFO o.a.j.e.StandardJMeterEngine: Notifying test listeners of end of test
2023-12-20 13:56:07,809 INFO o.a.j.r.Summariser: summary +      5 in 00:00:06 =    0.8/s Avg:   154 Min:   150 Max:   164 Err:     0 (0.00%) Active: 0 Started: 2 Finished: 2
2023-12-20 13:56:07,809 INFO o.a.j.r.Summariser: summary =     74 in 00:01:59 =    0.6/s Avg:   195 Min:   139 Max:   776 Err:     0 (0.00%)
