2023-12-19 17:09:13,849 INFO o.a.j.u.JMeterUtils: Setting Locale to en_EN
2023-12-19 17:09:14,007 INFO o.a.j.JMeter: Loading user properties from: /opt/yaman/jmeter/apache-jmeter-5.5/bin/user.properties
2023-12-19 17:09:14,009 INFO o.a.j.JMeter: Loading system properties from: /opt/yaman/jmeter/apache-jmeter-5.5/bin/system.properties
2023-12-19 17:09:14,070 INFO o.a.j.JMeter: Copyright (c) 1998-2022 The Apache Software Foundation
2023-12-19 17:09:14,071 INFO o.a.j.JMeter: Version 5.5
2023-12-19 17:09:14,071 INFO o.a.j.JMeter: java.version=11.0.18
2023-12-19 17:09:14,071 INFO o.a.j.JMeter: java.vm.name=OpenJDK 64-Bit Server VM
2023-12-19 17:09:14,071 INFO o.a.j.JMeter: os.name=Linux
2023-12-19 17:09:14,071 INFO o.a.j.JMeter: os.arch=amd64
2023-12-19 17:09:14,071 INFO o.a.j.JMeter: os.version=5.15.133.1-microsoft-standard-WSL2
2023-12-19 17:09:14,072 INFO o.a.j.JMeter: file.encoding=ANSI_X3.4-1968
2023-12-19 17:09:14,072 INFO o.a.j.JMeter: java.awt.headless=true
2023-12-19 17:09:14,072 INFO o.a.j.JMeter: Max memory     =536870912
2023-12-19 17:09:14,072 INFO o.a.j.JMeter: Available Processors =8
2023-12-19 17:09:14,110 INFO o.a.j.JMeter: Default Locale=English (EN)
2023-12-19 17:09:14,111 INFO o.a.j.JMeter: JMeter  Locale=English (EN)
2023-12-19 17:09:14,111 INFO o.a.j.JMeter: JMeterHome=/opt/yaman/jmeter/apache-jmeter-5.5
2023-12-19 17:09:14,111 INFO o.a.j.JMeter: user.dir  =/
2023-12-19 17:09:14,112 INFO o.a.j.JMeter: PWD       =/
2023-12-19 17:09:14,112 INFO o.a.j.JMeter: IP: 172.17.0.2 Name: bf2fec4d8c33 FullName: bf2fec4d8c33
2023-12-19 17:09:14,144 INFO o.a.j.s.FileServer: Default base='/'
2023-12-19 17:09:14,145 INFO o.a.j.s.FileServer: Set new base='/opt/yaman/scripts'
2023-12-19 17:09:14,977 INFO o.a.j.s.SaveService: Testplan (JMX) version: 2.2. Testlog (JTL) version: 2.2
2023-12-19 17:09:15,077 INFO o.a.j.s.SaveService: Using SaveService properties version 5.0
2023-12-19 17:09:15,099 INFO o.a.j.s.SaveService: Using SaveService properties file encoding UTF-8
2023-12-19 17:09:15,116 INFO o.a.j.s.SaveService: Loading file: /opt/yaman/scripts/jmeter.jmx
2023-12-19 17:09:15,356 INFO o.a.j.p.h.s.HTTPSamplerBase: Parser for text/html is org.apache.jmeter.protocol.http.parser.LagartoBasedHtmlParser
2023-12-19 17:09:15,356 INFO o.a.j.p.h.s.HTTPSamplerBase: Parser for application/xhtml+xml is org.apache.jmeter.protocol.http.parser.LagartoBasedHtmlParser
2023-12-19 17:09:15,356 INFO o.a.j.p.h.s.HTTPSamplerBase: Parser for application/xml is org.apache.jmeter.protocol.http.parser.LagartoBasedHtmlParser
2023-12-19 17:09:15,356 INFO o.a.j.p.h.s.HTTPSamplerBase: Parser for text/xml is org.apache.jmeter.protocol.http.parser.LagartoBasedHtmlParser
2023-12-19 17:09:15,357 INFO o.a.j.p.h.s.HTTPSamplerBase: Parser for text/vnd.wap.wml is org.apache.jmeter.protocol.http.parser.RegexpHTMLParser
2023-12-19 17:09:15,357 INFO o.a.j.p.h.s.HTTPSamplerBase: Parser for text/css is org.apache.jmeter.protocol.http.parser.CssParser
2023-12-19 17:09:15,404 INFO o.a.j.JMeter: Creating summariser <summary>
2023-12-19 17:09:15,506 INFO o.a.j.e.StandardJMeterEngine: Running the test!
2023-12-19 17:09:15,515 INFO o.a.j.s.SampleEvent: List of sample_variables: []
2023-12-19 17:09:15,516 INFO o.a.j.s.SampleEvent: List of sample_variables: []
2023-12-19 17:09:15,579 INFO o.a.j.e.u.CompoundVariable: Note: Function class names must contain the string: '.functions.'
2023-12-19 17:09:15,580 INFO o.a.j.e.u.CompoundVariable: Note: Function class names must not contain the string: '.gui.'
2023-12-19 17:09:17,017 INFO o.a.j.JMeter: Running test (1703016557017)
2023-12-19 17:09:17,051 INFO o.a.j.e.StandardJMeterEngine: Starting ThreadGroup: 1 : Thread Group
2023-12-19 17:09:17,052 INFO o.a.j.e.StandardJMeterEngine: Starting 2 threads for group Thread Group.
2023-12-19 17:09:17,052 INFO o.a.j.e.StandardJMeterEngine: Thread will continue on error
2023-12-19 17:09:17,052 INFO o.a.j.t.ThreadGroup: Starting thread group... number=1 threads=2 ramp-up=0 delayedStart=false
2023-12-19 17:09:17,094 INFO o.a.j.t.ThreadGroup: Started thread group number 1
2023-12-19 17:09:17,094 INFO o.a.j.e.StandardJMeterEngine: All thread groups have been started
2023-12-19 17:09:17,122 INFO o.a.j.t.JMeterThread: Thread started: Thread Group 1-2
2023-12-19 17:09:17,178 INFO o.a.j.t.JMeterThread: Thread started: Thread Group 1-1
2023-12-19 17:09:20,284 INFO o.a.j.p.h.s.HTTPHCAbstractImpl: Local host = bf2fec4d8c33
2023-12-19 17:09:20,323 INFO o.a.j.p.h.s.HTTPHC4Impl: HTTP request retry count = 0
2023-12-19 17:09:20,327 INFO o.a.j.s.SampleResult: Note: Sample TimeStamps are START times
2023-12-19 17:09:20,327 INFO o.a.j.s.SampleResult: sampleresult.default.encoding is set to ISO-8859-1
2023-12-19 17:09:20,327 INFO o.a.j.s.SampleResult: sampleresult.useNanoTime=true
2023-12-19 17:09:20,328 INFO o.a.j.s.SampleResult: sampleresult.nanoThreadSleep=5000
2023-12-19 17:09:20,827 INFO o.a.j.p.h.s.h.LazyLayeredConnectionSocketFactory: Setting up HTTPS TrustAll Socket Factory
2023-12-19 17:09:20,876 INFO o.a.j.u.JsseSSLManager: Using default SSL protocol: TLS
2023-12-19 17:09:20,877 INFO o.a.j.u.JsseSSLManager: SSL session context: per-thread
2023-12-19 17:09:21,175 INFO o.a.j.u.SSLManager: JmeterKeyStore Location:  type JKS
2023-12-19 17:09:21,190 INFO o.a.j.u.SSLManager: KeyStore created OK
2023-12-19 17:09:21,191 WARN o.a.j.u.SSLManager: Keystore file not found, loading empty keystore
2023-12-19 17:09:32,417 INFO o.a.j.r.Summariser: summary +      7 in 00:00:15 =    0.5/s Avg:   738 Min:   293 Max:  1828 Err:     0 (0.00%) Active: 2 Started: 2 Finished: 0
2023-12-19 17:10:01,359 INFO o.a.j.r.Summariser: summary +     18 in 00:00:29 =    0.6/s Avg:   237 Min:   165 Max:   319 Err:     0 (0.00%) Active: 2 Started: 2 Finished: 0
2023-12-19 17:10:01,360 INFO o.a.j.r.Summariser: summary =     25 in 00:00:44 =    0.6/s Avg:   377 Min:   165 Max:  1828 Err:     0 (0.00%)
2023-12-19 17:10:30,091 INFO o.a.j.r.Summariser: summary +     18 in 00:00:29 =    0.6/s Avg:   190 Min:   150 Max:   374 Err:     0 (0.00%) Active: 2 Started: 2 Finished: 0
2023-12-19 17:10:30,092 INFO o.a.j.r.Summariser: summary =     43 in 00:01:13 =    0.6/s Avg:   299 Min:   150 Max:  1828 Err:     0 (0.00%)
2023-12-19 17:11:01,930 INFO o.a.j.r.Summariser: summary +     20 in 00:00:32 =    0.6/s Avg:   183 Min:   144 Max:   303 Err:     0 (0.00%) Active: 2 Started: 2 Finished: 0
2023-12-19 17:11:01,930 INFO o.a.j.r.Summariser: summary =     63 in 00:01:45 =    0.6/s Avg:   262 Min:   144 Max:  1828 Err:     0 (0.00%)
2023-12-19 17:11:14,553 INFO o.a.j.t.JMeterThread: Thread finished: Thread Group 1-2
2023-12-19 17:11:14,846 INFO o.a.j.t.JMeterThread: Thread finished: Thread Group 1-1
2023-12-19 17:11:14,847 INFO o.a.j.e.StandardJMeterEngine: Notifying test listeners of end of test
2023-12-19 17:11:14,850 INFO o.a.j.r.Summariser: summary +      9 in 00:00:13 =    0.7/s Avg:   154 Min:   137 Max:   175 Err:     0 (0.00%) Active: 0 Started: 2 Finished: 2
2023-12-19 17:11:14,850 INFO o.a.j.r.Summariser: summary =     72 in 00:01:58 =    0.6/s Avg:   249 Min:   137 Max:  1828 Err:     0 (0.00%)
