2023-12-19 14:25:24,184 INFO o.a.j.u.JMeterUtils: Setting Locale to en_EN
2023-12-19 14:25:24,206 INFO o.a.j.JMeter: Loading user properties from: /opt/yaman/jmeter/apache-jmeter-5.5/bin/user.properties
2023-12-19 14:25:24,207 INFO o.a.j.JMeter: Loading system properties from: /opt/yaman/jmeter/apache-jmeter-5.5/bin/system.properties
2023-12-19 14:25:24,212 INFO o.a.j.JMeter: Copyright (c) 1998-2022 The Apache Software Foundation
2023-12-19 14:25:24,213 INFO o.a.j.JMeter: Version 5.5
2023-12-19 14:25:24,213 INFO o.a.j.JMeter: java.version=11.0.18
2023-12-19 14:25:24,213 INFO o.a.j.JMeter: java.vm.name=OpenJDK 64-Bit Server VM
2023-12-19 14:25:24,213 INFO o.a.j.JMeter: os.name=Linux
2023-12-19 14:25:24,213 INFO o.a.j.JMeter: os.arch=amd64
2023-12-19 14:25:24,213 INFO o.a.j.JMeter: os.version=5.15.133.1-microsoft-standard-WSL2
2023-12-19 14:25:24,213 INFO o.a.j.JMeter: file.encoding=ANSI_X3.4-1968
2023-12-19 14:25:24,213 INFO o.a.j.JMeter: java.awt.headless=true
2023-12-19 14:25:24,213 INFO o.a.j.JMeter: Max memory     =536870912
2023-12-19 14:25:24,213 INFO o.a.j.JMeter: Available Processors =8
2023-12-19 14:25:24,222 INFO o.a.j.JMeter: Default Locale=English (EN)
2023-12-19 14:25:24,223 INFO o.a.j.JMeter: JMeter  Locale=English (EN)
2023-12-19 14:25:24,223 INFO o.a.j.JMeter: JMeterHome=/opt/yaman/jmeter/apache-jmeter-5.5
2023-12-19 14:25:24,223 INFO o.a.j.JMeter: user.dir  =/opt/yaman/teste
2023-12-19 14:25:24,223 INFO o.a.j.JMeter: PWD       =/opt/yaman/teste
2023-12-19 14:25:24,223 INFO o.a.j.JMeter: IP: 172.17.0.2 Name: 819dd9f570cb FullName: 819dd9f570cb
2023-12-19 14:25:24,241 INFO o.a.j.s.FileServer: Default base='/opt/yaman/teste'
2023-12-19 14:25:24,242 INFO o.a.j.s.FileServer: Set new base='/opt/yaman/scripts'
2023-12-19 14:25:24,436 INFO o.a.j.s.SaveService: Testplan (JMX) version: 2.2. Testlog (JTL) version: 2.2
2023-12-19 14:25:24,457 INFO o.a.j.s.SaveService: Using SaveService properties version 5.0
2023-12-19 14:25:24,461 INFO o.a.j.s.SaveService: Using SaveService properties file encoding UTF-8
2023-12-19 14:25:24,464 INFO o.a.j.s.SaveService: Loading file: /opt/yaman/scripts/jmeter.jmx
2023-12-19 14:25:24,509 INFO o.a.j.p.h.s.HTTPSamplerBase: Parser for text/html is org.apache.jmeter.protocol.http.parser.LagartoBasedHtmlParser
2023-12-19 14:25:24,509 INFO o.a.j.p.h.s.HTTPSamplerBase: Parser for application/xhtml+xml is org.apache.jmeter.protocol.http.parser.LagartoBasedHtmlParser
2023-12-19 14:25:24,509 INFO o.a.j.p.h.s.HTTPSamplerBase: Parser for application/xml is org.apache.jmeter.protocol.http.parser.LagartoBasedHtmlParser
2023-12-19 14:25:24,510 INFO o.a.j.p.h.s.HTTPSamplerBase: Parser for text/xml is org.apache.jmeter.protocol.http.parser.LagartoBasedHtmlParser
2023-12-19 14:25:24,510 INFO o.a.j.p.h.s.HTTPSamplerBase: Parser for text/vnd.wap.wml is org.apache.jmeter.protocol.http.parser.RegexpHTMLParser
2023-12-19 14:25:24,510 INFO o.a.j.p.h.s.HTTPSamplerBase: Parser for text/css is org.apache.jmeter.protocol.http.parser.CssParser
2023-12-19 14:25:24,517 INFO o.a.j.JMeter: Creating summariser <summary>
2023-12-19 14:25:24,537 INFO o.a.j.e.StandardJMeterEngine: Running the test!
2023-12-19 14:25:24,540 INFO o.a.j.s.SampleEvent: List of sample_variables: []
2023-12-19 14:25:24,540 INFO o.a.j.s.SampleEvent: List of sample_variables: []
2023-12-19 14:25:24,574 INFO o.a.j.e.u.CompoundVariable: Note: Function class names must contain the string: '.functions.'
2023-12-19 14:25:24,574 INFO o.a.j.e.u.CompoundVariable: Note: Function class names must not contain the string: '.gui.'
2023-12-19 14:25:24,930 INFO o.a.j.JMeter: Running test (1703006724930)
2023-12-19 14:25:24,933 INFO o.a.j.e.StandardJMeterEngine: Starting ThreadGroup: 1 : Thread Group
2023-12-19 14:25:24,933 INFO o.a.j.e.StandardJMeterEngine: Starting 2 threads for group Thread Group.
2023-12-19 14:25:24,933 INFO o.a.j.e.StandardJMeterEngine: Thread will continue on error
2023-12-19 14:25:24,934 INFO o.a.j.t.ThreadGroup: Starting thread group... number=1 threads=2 ramp-up=0 delayedStart=false
2023-12-19 14:25:24,944 INFO o.a.j.t.ThreadGroup: Started thread group number 1
2023-12-19 14:25:24,945 INFO o.a.j.e.StandardJMeterEngine: All thread groups have been started
2023-12-19 14:25:24,956 INFO o.a.j.t.JMeterThread: Thread started: Thread Group 1-1
2023-12-19 14:25:24,956 INFO o.a.j.t.JMeterThread: Thread started: Thread Group 1-2
2023-12-19 14:25:25,996 INFO o.a.j.p.h.s.HTTPHCAbstractImpl: Local host = 819dd9f570cb
2023-12-19 14:25:26,004 INFO o.a.j.p.h.s.HTTPHC4Impl: HTTP request retry count = 0
2023-12-19 14:25:26,006 INFO o.a.j.s.SampleResult: Note: Sample TimeStamps are START times
2023-12-19 14:25:26,006 INFO o.a.j.s.SampleResult: sampleresult.default.encoding is set to ISO-8859-1
2023-12-19 14:25:26,006 INFO o.a.j.s.SampleResult: sampleresult.useNanoTime=true
2023-12-19 14:25:26,006 INFO o.a.j.s.SampleResult: sampleresult.nanoThreadSleep=5000
2023-12-19 14:25:26,175 INFO o.a.j.p.h.s.h.LazyLayeredConnectionSocketFactory: Setting up HTTPS TrustAll Socket Factory
2023-12-19 14:25:26,183 INFO o.a.j.u.JsseSSLManager: Using default SSL protocol: TLS
2023-12-19 14:25:26,183 INFO o.a.j.u.JsseSSLManager: SSL session context: per-thread
2023-12-19 14:25:26,239 INFO o.a.j.u.SSLManager: JmeterKeyStore Location:  type JKS
2023-12-19 14:25:26,244 INFO o.a.j.u.SSLManager: KeyStore created OK
2023-12-19 14:25:26,244 WARN o.a.j.u.SSLManager: Keystore file not found, loading empty keystore
2023-12-19 14:25:30,437 INFO o.a.j.r.Summariser: summary +      7 in 00:00:06 =    1.3/s Avg:   367 Min:   188 Max:   749 Err:     0 (0.00%) Active: 2 Started: 2 Finished: 0
2023-12-19 14:25:31,601 INFO o.a.j.t.JMeterThread: Thread is done: Thread Group 1-1
2023-12-19 14:25:31,602 INFO o.a.j.t.JMeterThread: Thread finished: Thread Group 1-1
2023-12-19 14:25:31,740 INFO o.a.j.t.JMeterThread: Thread is done: Thread Group 1-2
2023-12-19 14:25:31,741 INFO o.a.j.t.JMeterThread: Thread finished: Thread Group 1-2
2023-12-19 14:25:31,741 INFO o.a.j.e.StandardJMeterEngine: Notifying test listeners of end of test
2023-12-19 14:25:31,743 INFO o.a.j.r.Summariser: summary +      3 in 00:00:01 =    2.3/s Avg:   188 Min:   162 Max:   205 Err:     0 (0.00%) Active: 0 Started: 2 Finished: 2
2023-12-19 14:25:31,743 INFO o.a.j.r.Summariser: summary =     10 in 00:00:07 =    1.5/s Avg:   313 Min:   162 Max:   749 Err:     0 (0.00%)
