2023-12-19 14:24:01,684 INFO o.a.j.u.JMeterUtils: Setting Locale to en_EN
2023-12-19 14:24:01,710 INFO o.a.j.JMeter: Loading user properties from: /opt/yaman/jmeter/apache-jmeter-5.5/bin/user.properties
2023-12-19 14:24:01,711 INFO o.a.j.JMeter: Loading system properties from: /opt/yaman/jmeter/apache-jmeter-5.5/bin/system.properties
2023-12-19 14:24:01,717 INFO o.a.j.JMeter: Copyright (c) 1998-2022 The Apache Software Foundation
2023-12-19 14:24:01,717 INFO o.a.j.JMeter: Version 5.5
2023-12-19 14:24:01,717 INFO o.a.j.JMeter: java.version=11.0.18
2023-12-19 14:24:01,717 INFO o.a.j.JMeter: java.vm.name=OpenJDK 64-Bit Server VM
2023-12-19 14:24:01,717 INFO o.a.j.JMeter: os.name=Linux
2023-12-19 14:24:01,718 INFO o.a.j.JMeter: os.arch=amd64
2023-12-19 14:24:01,718 INFO o.a.j.JMeter: os.version=5.15.133.1-microsoft-standard-WSL2
2023-12-19 14:24:01,718 INFO o.a.j.JMeter: file.encoding=ANSI_X3.4-1968
2023-12-19 14:24:01,718 INFO o.a.j.JMeter: java.awt.headless=true
2023-12-19 14:24:01,718 INFO o.a.j.JMeter: Max memory     =536870912
2023-12-19 14:24:01,718 INFO o.a.j.JMeter: Available Processors =8
2023-12-19 14:24:01,728 INFO o.a.j.JMeter: Default Locale=English (EN)
2023-12-19 14:24:01,729 INFO o.a.j.JMeter: JMeter  Locale=English (EN)
2023-12-19 14:24:01,729 INFO o.a.j.JMeter: JMeterHome=/opt/yaman/jmeter/apache-jmeter-5.5
2023-12-19 14:24:01,729 INFO o.a.j.JMeter: user.dir  =/opt/yaman/teste
2023-12-19 14:24:01,729 INFO o.a.j.JMeter: PWD       =/opt/yaman/teste
2023-12-19 14:24:01,729 INFO o.a.j.JMeter: IP: 172.17.0.2 Name: 819dd9f570cb FullName: 819dd9f570cb
2023-12-19 14:24:01,746 INFO o.a.j.s.FileServer: Default base='/opt/yaman/teste'
2023-12-19 14:24:01,747 INFO o.a.j.s.FileServer: Set new base='/opt/yaman/scripts'
2023-12-19 14:24:01,940 INFO o.a.j.s.SaveService: Testplan (JMX) version: 2.2. Testlog (JTL) version: 2.2
2023-12-19 14:24:01,960 INFO o.a.j.s.SaveService: Using SaveService properties version 5.0
2023-12-19 14:24:01,963 INFO o.a.j.s.SaveService: Using SaveService properties file encoding UTF-8
2023-12-19 14:24:01,967 INFO o.a.j.s.SaveService: Loading file: /opt/yaman/scripts/jmeter.jmx
2023-12-19 14:24:02,013 INFO o.a.j.p.h.s.HTTPSamplerBase: Parser for text/html is org.apache.jmeter.protocol.http.parser.LagartoBasedHtmlParser
2023-12-19 14:24:02,014 INFO o.a.j.p.h.s.HTTPSamplerBase: Parser for application/xhtml+xml is org.apache.jmeter.protocol.http.parser.LagartoBasedHtmlParser
2023-12-19 14:24:02,014 INFO o.a.j.p.h.s.HTTPSamplerBase: Parser for application/xml is org.apache.jmeter.protocol.http.parser.LagartoBasedHtmlParser
2023-12-19 14:24:02,014 INFO o.a.j.p.h.s.HTTPSamplerBase: Parser for text/xml is org.apache.jmeter.protocol.http.parser.LagartoBasedHtmlParser
2023-12-19 14:24:02,014 INFO o.a.j.p.h.s.HTTPSamplerBase: Parser for text/vnd.wap.wml is org.apache.jmeter.protocol.http.parser.RegexpHTMLParser
2023-12-19 14:24:02,014 INFO o.a.j.p.h.s.HTTPSamplerBase: Parser for text/css is org.apache.jmeter.protocol.http.parser.CssParser
2023-12-19 14:24:02,021 INFO o.a.j.JMeter: Creating summariser <summary>
2023-12-19 14:24:02,038 INFO o.a.j.e.StandardJMeterEngine: Running the test!
2023-12-19 14:24:02,040 INFO o.a.j.s.SampleEvent: List of sample_variables: []
2023-12-19 14:24:02,040 INFO o.a.j.s.SampleEvent: List of sample_variables: []
2023-12-19 14:24:02,064 INFO o.a.j.e.u.CompoundVariable: Note: Function class names must contain the string: '.functions.'
2023-12-19 14:24:02,064 INFO o.a.j.e.u.CompoundVariable: Note: Function class names must not contain the string: '.gui.'
2023-12-19 14:24:02,416 INFO o.a.j.JMeter: Running test (1703006642416)
2023-12-19 14:24:02,419 INFO o.a.j.e.StandardJMeterEngine: Starting ThreadGroup: 1 : Thread Group
2023-12-19 14:24:02,419 INFO o.a.j.e.StandardJMeterEngine: Starting 2 threads for group Thread Group.
2023-12-19 14:24:02,420 INFO o.a.j.e.StandardJMeterEngine: Thread will continue on error
2023-12-19 14:24:02,420 INFO o.a.j.t.ThreadGroup: Starting thread group... number=1 threads=2 ramp-up=0 delayedStart=false
2023-12-19 14:24:02,432 INFO o.a.j.t.ThreadGroup: Started thread group number 1
2023-12-19 14:24:02,433 INFO o.a.j.e.StandardJMeterEngine: All thread groups have been started
2023-12-19 14:24:02,443 INFO o.a.j.t.JMeterThread: Thread started: Thread Group 1-2
2023-12-19 14:24:02,443 INFO o.a.j.t.JMeterThread: Thread started: Thread Group 1-1
2023-12-19 14:24:03,481 INFO o.a.j.p.h.s.HTTPHCAbstractImpl: Local host = 819dd9f570cb
2023-12-19 14:24:03,488 INFO o.a.j.p.h.s.HTTPHC4Impl: HTTP request retry count = 0
2023-12-19 14:24:03,490 INFO o.a.j.s.SampleResult: Note: Sample TimeStamps are START times
2023-12-19 14:24:03,490 INFO o.a.j.s.SampleResult: sampleresult.default.encoding is set to ISO-8859-1
2023-12-19 14:24:03,490 INFO o.a.j.s.SampleResult: sampleresult.useNanoTime=true
2023-12-19 14:24:03,490 INFO o.a.j.s.SampleResult: sampleresult.nanoThreadSleep=5000
2023-12-19 14:24:03,645 INFO o.a.j.p.h.s.h.LazyLayeredConnectionSocketFactory: Setting up HTTPS TrustAll Socket Factory
2023-12-19 14:24:03,652 INFO o.a.j.u.JsseSSLManager: Using default SSL protocol: TLS
2023-12-19 14:24:03,652 INFO o.a.j.u.JsseSSLManager: SSL session context: per-thread
2023-12-19 14:24:03,712 INFO o.a.j.u.SSLManager: JmeterKeyStore Location:  type JKS
2023-12-19 14:24:03,715 INFO o.a.j.u.SSLManager: KeyStore created OK
2023-12-19 14:24:03,716 WARN o.a.j.u.SSLManager: Keystore file not found, loading empty keystore
2023-12-19 14:24:04,288 INFO o.a.j.r.Summariser: summary +      1 in 00:00:02 =    0.5/s Avg:   708 Min:   708 Max:   708 Err:     0 (0.00%) Active: 2 Started: 2 Finished: 0
2023-12-19 14:24:09,316 INFO o.a.j.t.JMeterThread: Thread is done: Thread Group 1-1
2023-12-19 14:24:09,316 INFO o.a.j.t.JMeterThread: Thread finished: Thread Group 1-1
2023-12-19 14:24:09,357 INFO o.a.j.t.JMeterThread: Thread is done: Thread Group 1-2
2023-12-19 14:24:09,357 INFO o.a.j.t.JMeterThread: Thread finished: Thread Group 1-2
2023-12-19 14:24:09,358 INFO o.a.j.e.StandardJMeterEngine: Notifying test listeners of end of test
2023-12-19 14:24:09,359 INFO o.a.j.r.Summariser: summary +      9 in 00:00:05 =    1.8/s Avg:   310 Min:   233 Max:   708 Err:     0 (0.00%) Active: 0 Started: 2 Finished: 2
2023-12-19 14:24:09,360 INFO o.a.j.r.Summariser: summary =     10 in 00:00:07 =    1.4/s Avg:   350 Min:   233 Max:   708 Err:     0 (0.00%)
