2024-01-16 14:09:09,711 INFO o.a.j.u.JMeterUtils: Setting Locale to en_EN
2024-01-16 14:09:09,762 INFO o.a.j.JMeter: Loading user properties from: /opt/yaman/jmeter/apache-jmeter-5.5/bin/user.properties
2024-01-16 14:09:09,762 INFO o.a.j.JMeter: Loading system properties from: /opt/yaman/jmeter/apache-jmeter-5.5/bin/system.properties
2024-01-16 14:09:09,773 INFO o.a.j.JMeter: Copyright (c) 1998-2022 The Apache Software Foundation
2024-01-16 14:09:09,773 INFO o.a.j.JMeter: Version 5.5
2024-01-16 14:09:09,773 INFO o.a.j.JMeter: java.version=11.0.18
2024-01-16 14:09:09,773 INFO o.a.j.JMeter: java.vm.name=OpenJDK 64-Bit Server VM
2024-01-16 14:09:09,773 INFO o.a.j.JMeter: os.name=Linux
2024-01-16 14:09:09,773 INFO o.a.j.JMeter: os.arch=amd64
2024-01-16 14:09:09,773 INFO o.a.j.JMeter: os.version=5.15.133.1-microsoft-standard-WSL2
2024-01-16 14:09:09,773 INFO o.a.j.JMeter: file.encoding=ANSI_X3.4-1968
2024-01-16 14:09:09,773 INFO o.a.j.JMeter: java.awt.headless=true
2024-01-16 14:09:09,773 INFO o.a.j.JMeter: Max memory     =536870912
2024-01-16 14:09:09,774 INFO o.a.j.JMeter: Available Processors =8
2024-01-16 14:09:09,788 INFO o.a.j.JMeter: Default Locale=English (EN)
2024-01-16 14:09:09,788 INFO o.a.j.JMeter: JMeter  Locale=English (EN)
2024-01-16 14:09:09,789 INFO o.a.j.JMeter: JMeterHome=/opt/yaman/jmeter/apache-jmeter-5.5
2024-01-16 14:09:09,789 INFO o.a.j.JMeter: user.dir  =/opt/yaman/teste
2024-01-16 14:09:09,789 INFO o.a.j.JMeter: PWD       =/opt/yaman/teste
2024-01-16 14:09:09,789 INFO o.a.j.JMeter: IP: 172.20.0.4 Name: 3e2ee815b26d FullName: 3e2ee815b26d
2024-01-16 14:09:09,802 INFO o.a.j.s.FileServer: Default base='/opt/yaman/teste'
2024-01-16 14:09:09,803 INFO o.a.j.s.FileServer: Set new base='/opt/yaman/scripts'
2024-01-16 14:09:10,021 INFO o.a.j.s.SaveService: Testplan (JMX) version: 2.2. Testlog (JTL) version: 2.2
2024-01-16 14:09:10,044 INFO o.a.j.s.SaveService: Using SaveService properties version 5.0
2024-01-16 14:09:10,048 INFO o.a.j.s.SaveService: Using SaveService properties file encoding UTF-8
2024-01-16 14:09:10,052 INFO o.a.j.s.SaveService: Loading file: /opt/yaman/scripts/google.jmx
2024-01-16 14:09:10,088 INFO o.a.j.p.h.c.CookieManager: Settings: Delete null: true Check: true Allow variable: true Save: false Prefix: COOKIE_
2024-01-16 14:09:10,093 INFO o.a.j.p.h.c.CacheManager: Will only cache the following methods: [GET]
2024-01-16 14:09:10,096 INFO o.a.j.s.SampleResult: Note: Sample TimeStamps are START times
2024-01-16 14:09:10,096 INFO o.a.j.s.SampleResult: sampleresult.default.encoding is set to ISO-8859-1
2024-01-16 14:09:10,096 INFO o.a.j.s.SampleResult: sampleresult.useNanoTime=true
2024-01-16 14:09:10,097 INFO o.a.j.s.SampleResult: sampleresult.nanoThreadSleep=5000
2024-01-16 14:09:10,120 INFO o.a.j.p.h.s.HTTPSamplerBase: Parser for text/html is org.apache.jmeter.protocol.http.parser.LagartoBasedHtmlParser
2024-01-16 14:09:10,120 INFO o.a.j.p.h.s.HTTPSamplerBase: Parser for application/xhtml+xml is org.apache.jmeter.protocol.http.parser.LagartoBasedHtmlParser
2024-01-16 14:09:10,120 INFO o.a.j.p.h.s.HTTPSamplerBase: Parser for application/xml is org.apache.jmeter.protocol.http.parser.LagartoBasedHtmlParser
2024-01-16 14:09:10,120 INFO o.a.j.p.h.s.HTTPSamplerBase: Parser for text/xml is org.apache.jmeter.protocol.http.parser.LagartoBasedHtmlParser
2024-01-16 14:09:10,120 INFO o.a.j.p.h.s.HTTPSamplerBase: Parser for text/vnd.wap.wml is org.apache.jmeter.protocol.http.parser.RegexpHTMLParser
2024-01-16 14:09:10,120 INFO o.a.j.p.h.s.HTTPSamplerBase: Parser for text/css is org.apache.jmeter.protocol.http.parser.CssParser
2024-01-16 14:09:10,137 INFO o.a.j.JMeter: Creating summariser <summary>
2024-01-16 14:09:10,162 INFO o.a.j.e.StandardJMeterEngine: Running the test!
2024-01-16 14:09:10,165 INFO o.a.j.s.SampleEvent: List of sample_variables: []
2024-01-16 14:09:10,165 INFO o.a.j.s.SampleEvent: List of sample_variables: []
2024-01-16 14:09:10,198 INFO o.a.j.e.u.CompoundVariable: Note: Function class names must contain the string: '.functions.'
2024-01-16 14:09:10,198 INFO o.a.j.e.u.CompoundVariable: Note: Function class names must not contain the string: '.gui.'
2024-01-16 14:09:10,778 INFO o.a.j.v.b.BackendListener: Backend Listener: Starting worker with class: class org.apache.jmeter.visualizers.backend.influxdb.InfluxdbBackendListenerClient and queue capacity: 5000
2024-01-16 14:09:10,780 INFO o.a.j.v.b.BackendListener: Backend Listener: Started  worker with class: class org.apache.jmeter.visualizers.backend.influxdb.InfluxdbBackendListenerClient
2024-01-16 14:09:11,203 INFO o.a.j.JMeter: Running test (1705424951202)
2024-01-16 14:09:11,208 INFO o.a.j.e.StandardJMeterEngine: Starting ThreadGroup: 1 : Thread Group
2024-01-16 14:09:11,208 INFO o.a.j.e.StandardJMeterEngine: Starting 2 threads for group Thread Group.
2024-01-16 14:09:11,208 INFO o.a.j.e.StandardJMeterEngine: Thread will continue on error
2024-01-16 14:09:11,208 INFO o.a.j.t.ThreadGroup: Starting thread group... number=1 threads=2 ramp-up=30 delayedStart=false
2024-01-16 14:09:11,218 INFO o.a.j.t.ThreadGroup: Started thread group number 1
2024-01-16 14:09:11,218 INFO o.a.j.e.StandardJMeterEngine: All thread groups have been started
2024-01-16 14:09:11,227 INFO o.a.j.t.JMeterThread: Thread started: Thread Group 1-1
2024-01-16 14:09:11,254 INFO o.a.j.p.h.s.HTTPHCAbstractImpl: Local host = 3e2ee815b26d
2024-01-16 14:09:11,261 INFO o.a.j.p.h.s.HTTPHC4Impl: HTTP request retry count = 0
2024-01-16 14:09:11,345 INFO o.a.j.p.h.s.h.LazyLayeredConnectionSocketFactory: Setting up HTTPS TrustAll Socket Factory
2024-01-16 14:09:11,352 INFO o.a.j.u.JsseSSLManager: Using default SSL protocol: TLS
2024-01-16 14:09:11,352 INFO o.a.j.u.JsseSSLManager: SSL session context: per-thread
2024-01-16 14:09:11,364 INFO o.a.j.u.SSLManager: JmeterKeyStore Location:  type JKS
2024-01-16 14:09:11,367 INFO o.a.j.u.SSLManager: KeyStore created OK
2024-01-16 14:09:11,367 WARN o.a.j.u.SSLManager: Keystore file not found, loading empty keystore
2024-01-16 14:09:26,220 INFO o.a.j.t.JMeterThread: Thread started: Thread Group 1-2
2024-01-16 14:09:30,909 INFO o.a.j.r.Summariser: summary +     53 in 00:00:20 =    2.7/s Avg:   427 Min:     0 Max:  2235 Err:    11 (20.75%) Active: 2 Started: 2 Finished: 0
2024-01-16 14:10:01,203 INFO o.a.j.r.Summariser: summary +    144 in 00:00:30 =    4.8/s Avg:   416 Min:     0 Max:  2194 Err:    32 (22.22%) Active: 2 Started: 2 Finished: 0
2024-01-16 14:10:01,204 INFO o.a.j.r.Summariser: summary =    197 in 00:00:50 =    3.9/s Avg:   419 Min:     0 Max:  2235 Err:    43 (21.83%)
2024-01-16 14:10:31,577 INFO o.a.j.r.Summariser: summary +    144 in 00:00:30 =    4.7/s Avg:   420 Min:     0 Max:  2224 Err:    32 (22.22%) Active: 2 Started: 2 Finished: 0
2024-01-16 14:10:31,577 INFO o.a.j.r.Summariser: summary =    341 in 00:01:20 =    4.2/s Avg:   419 Min:     0 Max:  2235 Err:    75 (21.99%)
2024-01-16 14:11:01,612 INFO o.a.j.r.Summariser: summary +    144 in 00:00:30 =    4.8/s Avg:   415 Min:     0 Max:  2237 Err:    32 (22.22%) Active: 2 Started: 2 Finished: 0
2024-01-16 14:11:01,613 INFO o.a.j.r.Summariser: summary =    485 in 00:01:50 =    4.4/s Avg:   418 Min:     0 Max:  2237 Err:   107 (22.06%)
2024-01-16 14:11:11,252 INFO o.a.j.t.JMeterThread: Stopping because end time detected by thread: Thread Group 1-1
2024-01-16 14:11:11,252 INFO o.a.j.t.JMeterThread: Thread finished: Thread Group 1-1
2024-01-16 14:11:13,060 INFO o.a.j.t.JMeterThread: Stopping because end time detected by thread: Thread Group 1-2
2024-01-16 14:11:13,061 INFO o.a.j.t.JMeterThread: Thread finished: Thread Group 1-2
2024-01-16 14:11:13,066 INFO o.a.j.e.StandardJMeterEngine: Notifying test listeners of end of test
2024-01-16 14:11:13,067 INFO o.a.j.v.b.BackendListener: Worker ended
2024-01-16 14:11:13,069 INFO o.a.j.v.b.i.InfluxdbBackendListenerClient: Sending last metrics to InfluxDB
2024-01-16 14:11:13,072 INFO o.a.j.v.b.i.HttpMetricsSender: Destroying 
2024-01-16 14:11:13,083 INFO o.a.j.r.Summariser: summary +     53 in 00:00:11 =    4.6/s Avg:   437 Min:     0 Max:  2174 Err:    12 (22.64%) Active: 0 Started: 2 Finished: 2
2024-01-16 14:11:13,084 INFO o.a.j.r.Summariser: summary =    538 in 00:02:02 =    4.4/s Avg:   420 Min:     0 Max:  2237 Err:   119 (22.12%)
