2023-12-20 13:58:52,090 INFO o.a.j.u.JMeterUtils: Setting Locale to en_EN
2023-12-20 13:58:52,116 INFO o.a.j.JMeter: Loading user properties from: /opt/yaman/jmeter/apache-jmeter-5.5/bin/user.properties
2023-12-20 13:58:52,117 INFO o.a.j.JMeter: Loading system properties from: /opt/yaman/jmeter/apache-jmeter-5.5/bin/system.properties
2023-12-20 13:58:52,126 INFO o.a.j.JMeter: Copyright (c) 1998-2022 The Apache Software Foundation
2023-12-20 13:58:52,126 INFO o.a.j.JMeter: Version 5.5
2023-12-20 13:58:52,126 INFO o.a.j.JMeter: java.version=11.0.18
2023-12-20 13:58:52,126 INFO o.a.j.JMeter: java.vm.name=OpenJDK 64-Bit Server VM
2023-12-20 13:58:52,126 INFO o.a.j.JMeter: os.name=Linux
2023-12-20 13:58:52,126 INFO o.a.j.JMeter: os.arch=amd64
2023-12-20 13:58:52,126 INFO o.a.j.JMeter: os.version=5.15.133.1-microsoft-standard-WSL2
2023-12-20 13:58:52,126 INFO o.a.j.JMeter: file.encoding=ANSI_X3.4-1968
2023-12-20 13:58:52,126 INFO o.a.j.JMeter: java.awt.headless=true
2023-12-20 13:58:52,127 INFO o.a.j.JMeter: Max memory     =536870912
2023-12-20 13:58:52,127 INFO o.a.j.JMeter: Available Processors =8
2023-12-20 13:58:52,140 INFO o.a.j.JMeter: Default Locale=English (EN)
2023-12-20 13:58:52,140 INFO o.a.j.JMeter: JMeter  Locale=English (EN)
2023-12-20 13:58:52,140 INFO o.a.j.JMeter: JMeterHome=/opt/yaman/jmeter/apache-jmeter-5.5
2023-12-20 13:58:52,140 INFO o.a.j.JMeter: user.dir  =/opt/yaman/teste
2023-12-20 13:58:52,140 INFO o.a.j.JMeter: PWD       =/opt/yaman/teste
2023-12-20 13:58:52,141 INFO o.a.j.JMeter: IP: 172.17.0.2 Name: 8e6c09796d75 FullName: 8e6c09796d75
2023-12-20 13:58:52,159 INFO o.a.j.s.FileServer: Default base='/opt/yaman/teste'
2023-12-20 13:58:52,160 INFO o.a.j.s.FileServer: Set new base='/opt/yaman/scripts'
2023-12-20 13:58:52,352 INFO o.a.j.s.SaveService: Testplan (JMX) version: 2.2. Testlog (JTL) version: 2.2
2023-12-20 13:58:52,374 INFO o.a.j.s.SaveService: Using SaveService properties version 5.0
2023-12-20 13:58:52,378 INFO o.a.j.s.SaveService: Using SaveService properties file encoding UTF-8
2023-12-20 13:58:52,382 INFO o.a.j.s.SaveService: Loading file: /opt/yaman/scripts/jmeter.jmx
2023-12-20 13:58:52,428 INFO o.a.j.p.h.s.HTTPSamplerBase: Parser for text/html is org.apache.jmeter.protocol.http.parser.LagartoBasedHtmlParser
2023-12-20 13:58:52,428 INFO o.a.j.p.h.s.HTTPSamplerBase: Parser for application/xhtml+xml is org.apache.jmeter.protocol.http.parser.LagartoBasedHtmlParser
2023-12-20 13:58:52,428 INFO o.a.j.p.h.s.HTTPSamplerBase: Parser for application/xml is org.apache.jmeter.protocol.http.parser.LagartoBasedHtmlParser
2023-12-20 13:58:52,428 INFO o.a.j.p.h.s.HTTPSamplerBase: Parser for text/xml is org.apache.jmeter.protocol.http.parser.LagartoBasedHtmlParser
2023-12-20 13:58:52,428 INFO o.a.j.p.h.s.HTTPSamplerBase: Parser for text/vnd.wap.wml is org.apache.jmeter.protocol.http.parser.RegexpHTMLParser
2023-12-20 13:58:52,429 INFO o.a.j.p.h.s.HTTPSamplerBase: Parser for text/css is org.apache.jmeter.protocol.http.parser.CssParser
2023-12-20 13:58:52,437 INFO o.a.j.JMeter: Creating summariser <summary>
2023-12-20 13:58:52,459 INFO o.a.j.e.StandardJMeterEngine: Running the test!
2023-12-20 13:58:52,460 INFO o.a.j.s.SampleEvent: List of sample_variables: []
2023-12-20 13:58:52,461 INFO o.a.j.s.SampleEvent: List of sample_variables: []
2023-12-20 13:58:52,488 INFO o.a.j.e.u.CompoundVariable: Note: Function class names must contain the string: '.functions.'
2023-12-20 13:58:52,489 INFO o.a.j.e.u.CompoundVariable: Note: Function class names must not contain the string: '.gui.'
2023-12-20 13:58:52,852 INFO o.a.j.JMeter: Running test (1703091532852)
2023-12-20 13:58:52,855 INFO o.a.j.e.StandardJMeterEngine: Starting ThreadGroup: 1 : Thread Group
2023-12-20 13:58:52,855 INFO o.a.j.e.StandardJMeterEngine: Starting 2 threads for group Thread Group.
2023-12-20 13:58:52,855 INFO o.a.j.e.StandardJMeterEngine: Thread will continue on error
2023-12-20 13:58:52,856 INFO o.a.j.t.ThreadGroup: Starting thread group... number=1 threads=2 ramp-up=0 delayedStart=false
2023-12-20 13:58:52,867 INFO o.a.j.t.ThreadGroup: Started thread group number 1
2023-12-20 13:58:52,869 INFO o.a.j.e.StandardJMeterEngine: All thread groups have been started
2023-12-20 13:58:52,880 INFO o.a.j.t.JMeterThread: Thread started: Thread Group 1-1
2023-12-20 13:58:52,880 INFO o.a.j.t.JMeterThread: Thread started: Thread Group 1-2
2023-12-20 13:58:55,920 INFO o.a.j.p.h.s.HTTPHCAbstractImpl: Local host = 8e6c09796d75
2023-12-20 13:58:55,928 INFO o.a.j.p.h.s.HTTPHC4Impl: HTTP request retry count = 0
2023-12-20 13:58:55,931 INFO o.a.j.s.SampleResult: Note: Sample TimeStamps are START times
2023-12-20 13:58:55,931 INFO o.a.j.s.SampleResult: sampleresult.default.encoding is set to ISO-8859-1
2023-12-20 13:58:55,931 INFO o.a.j.s.SampleResult: sampleresult.useNanoTime=true
2023-12-20 13:58:55,931 INFO o.a.j.s.SampleResult: sampleresult.nanoThreadSleep=5000
2023-12-20 13:58:56,097 INFO o.a.j.p.h.s.h.LazyLayeredConnectionSocketFactory: Setting up HTTPS TrustAll Socket Factory
2023-12-20 13:58:56,105 INFO o.a.j.u.JsseSSLManager: Using default SSL protocol: TLS
2023-12-20 13:58:56,105 INFO o.a.j.u.JsseSSLManager: SSL session context: per-thread
2023-12-20 13:58:56,169 INFO o.a.j.u.SSLManager: JmeterKeyStore Location:  type JKS
2023-12-20 13:58:56,173 INFO o.a.j.u.SSLManager: KeyStore created OK
2023-12-20 13:58:56,173 WARN o.a.j.u.SSLManager: Keystore file not found, loading empty keystore
2023-12-20 13:59:00,035 INFO o.a.j.r.Summariser: summary +      4 in 00:00:07 =    0.6/s Avg:   473 Min:   202 Max:   743 Err:     0 (0.00%) Active: 2 Started: 2 Finished: 0
2023-12-20 13:59:31,471 INFO o.a.j.r.Summariser: summary +     19 in 00:00:31 =    0.6/s Avg:   164 Min:   144 Max:   189 Err:     0 (0.00%) Active: 2 Started: 2 Finished: 0
2023-12-20 13:59:31,472 INFO o.a.j.r.Summariser: summary =     23 in 00:00:39 =    0.6/s Avg:   218 Min:   144 Max:   743 Err:     0 (0.00%)
2023-12-20 14:00:00,141 INFO o.a.j.r.Summariser: summary +     18 in 00:00:29 =    0.6/s Avg:   185 Min:   150 Max:   347 Err:     0 (0.00%) Active: 2 Started: 2 Finished: 0
2023-12-20 14:00:00,141 INFO o.a.j.r.Summariser: summary =     41 in 00:01:07 =    0.6/s Avg:   203 Min:   144 Max:   743 Err:     0 (0.00%)
2023-12-20 14:00:31,808 INFO o.a.j.r.Summariser: summary +     20 in 00:00:32 =    0.6/s Avg:   167 Min:   145 Max:   218 Err:     0 (0.00%) Active: 2 Started: 2 Finished: 0
2023-12-20 14:00:31,808 INFO o.a.j.r.Summariser: summary =     61 in 00:01:39 =    0.6/s Avg:   191 Min:   144 Max:   743 Err:     0 (0.00%)
2023-12-20 14:00:50,730 INFO o.a.j.t.JMeterThread: Thread finished: Thread Group 1-1
2023-12-20 14:00:51,117 INFO o.a.j.t.JMeterThread: Thread finished: Thread Group 1-2
2023-12-20 14:00:51,118 INFO o.a.j.e.StandardJMeterEngine: Notifying test listeners of end of test
2023-12-20 14:00:51,119 INFO o.a.j.r.Summariser: summary +     13 in 00:00:19 =    0.7/s Avg:   154 Min:   143 Max:   176 Err:     0 (0.00%) Active: 0 Started: 2 Finished: 2
2023-12-20 14:00:51,120 INFO o.a.j.r.Summariser: summary =     74 in 00:01:58 =    0.6/s Avg:   185 Min:   143 Max:   743 Err:     0 (0.00%)
