2024-02-02 10:40:55,449 INFO o.a.j.u.JMeterUtils: Setting Locale to en_EN
2024-02-02 10:40:55,501 INFO o.a.j.JMeter: Loading user properties from: /opt/yaman/jmeter/apache-jmeter-5.5/bin/user.properties
2024-02-02 10:40:55,502 INFO o.a.j.JMeter: Loading system properties from: /opt/yaman/jmeter/apache-jmeter-5.5/bin/system.properties
2024-02-02 10:40:55,512 INFO o.a.j.JMeter: Copyright (c) 1998-2022 The Apache Software Foundation
2024-02-02 10:40:55,512 INFO o.a.j.JMeter: Version 5.5
2024-02-02 10:40:55,512 INFO o.a.j.JMeter: java.version=11.0.18
2024-02-02 10:40:55,512 INFO o.a.j.JMeter: java.vm.name=OpenJDK 64-Bit Server VM
2024-02-02 10:40:55,512 INFO o.a.j.JMeter: os.name=Linux
2024-02-02 10:40:55,512 INFO o.a.j.JMeter: os.arch=amd64
2024-02-02 10:40:55,512 INFO o.a.j.JMeter: os.version=5.15.133.1-microsoft-standard-WSL2
2024-02-02 10:40:55,512 INFO o.a.j.JMeter: file.encoding=ANSI_X3.4-1968
2024-02-02 10:40:55,512 INFO o.a.j.JMeter: java.awt.headless=true
2024-02-02 10:40:55,512 INFO o.a.j.JMeter: Max memory     =536870912
2024-02-02 10:40:55,513 INFO o.a.j.JMeter: Available Processors =8
2024-02-02 10:40:55,535 INFO o.a.j.JMeter: Default Locale=English (EN)
2024-02-02 10:40:55,535 INFO o.a.j.JMeter: JMeter  Locale=English (EN)
2024-02-02 10:40:55,535 INFO o.a.j.JMeter: JMeterHome=/opt/yaman/jmeter/apache-jmeter-5.5
2024-02-02 10:40:55,535 INFO o.a.j.JMeter: user.dir  =/opt/yaman/teste
2024-02-02 10:40:55,535 INFO o.a.j.JMeter: PWD       =/opt/yaman/teste
2024-02-02 10:40:55,536 INFO o.a.j.JMeter: IP: 172.18.0.4 Name: 828923c82318 FullName: 828923c82318
2024-02-02 10:40:55,553 INFO o.a.j.s.FileServer: Default base='/opt/yaman/teste'
2024-02-02 10:40:55,555 INFO o.a.j.s.FileServer: Set new base='/opt/yaman/scripts'
2024-02-02 10:40:55,790 INFO o.a.j.s.SaveService: Testplan (JMX) version: 2.2. Testlog (JTL) version: 2.2
2024-02-02 10:40:55,830 INFO o.a.j.s.SaveService: Using SaveService properties version 5.0
2024-02-02 10:40:55,836 INFO o.a.j.s.SaveService: Using SaveService properties file encoding UTF-8
2024-02-02 10:40:55,840 INFO o.a.j.s.SaveService: Loading file: /opt/yaman/scripts/google.jmx
2024-02-02 10:40:55,874 INFO o.a.j.p.h.c.CookieManager: Settings: Delete null: true Check: true Allow variable: true Save: false Prefix: COOKIE_
2024-02-02 10:40:55,881 INFO o.a.j.p.h.c.CacheManager: Will only cache the following methods: [GET]
2024-02-02 10:40:55,885 INFO o.a.j.s.SampleResult: Note: Sample TimeStamps are START times
2024-02-02 10:40:55,885 INFO o.a.j.s.SampleResult: sampleresult.default.encoding is set to ISO-8859-1
2024-02-02 10:40:55,886 INFO o.a.j.s.SampleResult: sampleresult.useNanoTime=true
2024-02-02 10:40:55,886 INFO o.a.j.s.SampleResult: sampleresult.nanoThreadSleep=5000
2024-02-02 10:40:55,914 INFO o.a.j.p.h.s.HTTPSamplerBase: Parser for text/html is org.apache.jmeter.protocol.http.parser.LagartoBasedHtmlParser
2024-02-02 10:40:55,914 INFO o.a.j.p.h.s.HTTPSamplerBase: Parser for application/xhtml+xml is org.apache.jmeter.protocol.http.parser.LagartoBasedHtmlParser
2024-02-02 10:40:55,915 INFO o.a.j.p.h.s.HTTPSamplerBase: Parser for application/xml is org.apache.jmeter.protocol.http.parser.LagartoBasedHtmlParser
2024-02-02 10:40:55,915 INFO o.a.j.p.h.s.HTTPSamplerBase: Parser for text/xml is org.apache.jmeter.protocol.http.parser.LagartoBasedHtmlParser
2024-02-02 10:40:55,915 INFO o.a.j.p.h.s.HTTPSamplerBase: Parser for text/vnd.wap.wml is org.apache.jmeter.protocol.http.parser.RegexpHTMLParser
2024-02-02 10:40:55,915 INFO o.a.j.p.h.s.HTTPSamplerBase: Parser for text/css is org.apache.jmeter.protocol.http.parser.CssParser
2024-02-02 10:40:55,935 INFO o.a.j.JMeter: Creating summariser <summary>
2024-02-02 10:40:55,960 INFO o.a.j.e.StandardJMeterEngine: Running the test!
2024-02-02 10:40:55,963 INFO o.a.j.s.SampleEvent: List of sample_variables: []
2024-02-02 10:40:55,963 INFO o.a.j.s.SampleEvent: List of sample_variables: []
2024-02-02 10:40:56,006 INFO o.a.j.e.u.CompoundVariable: Note: Function class names must contain the string: '.functions.'
2024-02-02 10:40:56,006 INFO o.a.j.e.u.CompoundVariable: Note: Function class names must not contain the string: '.gui.'
2024-02-02 10:40:56,474 INFO o.a.j.v.b.BackendListener: Backend Listener: Starting worker with class: class org.apache.jmeter.visualizers.backend.influxdb.InfluxdbBackendListenerClient and queue capacity: 5000
2024-02-02 10:40:56,475 INFO o.a.j.v.b.BackendListener: Backend Listener: Started  worker with class: class org.apache.jmeter.visualizers.backend.influxdb.InfluxdbBackendListenerClient
2024-02-02 10:40:56,800 INFO o.a.j.JMeter: Running test (1706881256800)
2024-02-02 10:40:56,806 INFO o.a.j.e.StandardJMeterEngine: Starting ThreadGroup: 1 : Thread Group
2024-02-02 10:40:56,806 INFO o.a.j.e.StandardJMeterEngine: Starting 2 threads for group Thread Group.
2024-02-02 10:40:56,806 INFO o.a.j.e.StandardJMeterEngine: Thread will continue on error
2024-02-02 10:40:56,806 INFO o.a.j.t.ThreadGroup: Starting thread group... number=1 threads=2 ramp-up=30 delayedStart=false
2024-02-02 10:40:56,815 INFO o.a.j.t.ThreadGroup: Started thread group number 1
2024-02-02 10:40:56,815 INFO o.a.j.e.StandardJMeterEngine: All thread groups have been started
2024-02-02 10:40:56,826 INFO o.a.j.t.JMeterThread: Thread started: Thread Group 1-1
2024-02-02 10:40:56,855 INFO o.a.j.p.h.s.HTTPHCAbstractImpl: Local host = 828923c82318
2024-02-02 10:40:56,863 INFO o.a.j.p.h.s.HTTPHC4Impl: HTTP request retry count = 0
2024-02-02 10:40:56,955 INFO o.a.j.p.h.s.h.LazyLayeredConnectionSocketFactory: Setting up HTTPS TrustAll Socket Factory
2024-02-02 10:40:56,963 INFO o.a.j.u.JsseSSLManager: Using default SSL protocol: TLS
2024-02-02 10:40:56,963 INFO o.a.j.u.JsseSSLManager: SSL session context: per-thread
2024-02-02 10:40:56,974 INFO o.a.j.u.SSLManager: JmeterKeyStore Location:  type JKS
2024-02-02 10:40:56,976 INFO o.a.j.u.SSLManager: KeyStore created OK
2024-02-02 10:40:56,976 WARN o.a.j.u.SSLManager: Keystore file not found, loading empty keystore
2024-02-02 10:41:00,108 INFO o.a.j.r.Summariser: summary +      8 in 00:00:03 =    2.4/s Avg:   396 Min:   178 Max:   779 Err:     1 (12.50%) Active: 1 Started: 1 Finished: 0
2024-02-02 10:41:11,818 INFO o.a.j.t.JMeterThread: Thread started: Thread Group 1-2
2024-02-02 10:41:30,020 INFO o.a.j.r.Summariser: summary +    108 in 00:00:30 =    3.6/s Avg:   435 Min:     1 Max:  2315 Err:    24 (22.22%) Active: 2 Started: 2 Finished: 0
2024-02-02 10:41:30,021 INFO o.a.j.r.Summariser: summary =    116 in 00:00:33 =    3.5/s Avg:   433 Min:     1 Max:  2315 Err:    25 (21.55%)
2024-02-02 10:42:00,002 INFO o.a.j.r.Summariser: summary +    145 in 00:00:30 =    4.8/s Avg:   412 Min:     0 Max:  2179 Err:    32 (22.07%) Active: 2 Started: 2 Finished: 0
2024-02-02 10:42:00,002 INFO o.a.j.r.Summariser: summary =    261 in 00:01:03 =    4.1/s Avg:   421 Min:     0 Max:  2315 Err:    57 (21.84%)
2024-02-02 10:42:30,035 INFO o.a.j.r.Summariser: summary +    134 in 00:00:30 =    4.5/s Avg:   446 Min:     0 Max:  3004 Err:    30 (22.39%) Active: 2 Started: 2 Finished: 0
2024-02-02 10:42:30,037 INFO o.a.j.r.Summariser: summary =    395 in 00:01:33 =    4.2/s Avg:   430 Min:     0 Max:  3004 Err:    87 (22.03%)
2024-02-02 10:42:56,829 INFO o.a.j.t.JMeterThread: Stopping because end time detected by thread: Thread Group 1-2
2024-02-02 10:42:56,830 INFO o.a.j.t.JMeterThread: Thread finished: Thread Group 1-2
2024-02-02 10:42:57,801 INFO o.a.j.t.JMeterThread: Stopping because end time detected by thread: Thread Group 1-1
2024-02-02 10:42:57,802 INFO o.a.j.t.JMeterThread: Thread finished: Thread Group 1-1
2024-02-02 10:42:57,808 INFO o.a.j.e.StandardJMeterEngine: Notifying test listeners of end of test
2024-02-02 10:42:57,810 INFO o.a.j.v.b.BackendListener: Worker ended
2024-02-02 10:42:57,813 INFO o.a.j.v.b.i.InfluxdbBackendListenerClient: Sending last metrics to InfluxDB
2024-02-02 10:42:57,818 INFO o.a.j.v.b.i.HttpMetricsSender: Destroying 
2024-02-02 10:42:57,852 INFO o.a.j.r.Summariser: summary +    132 in 00:00:28 =    4.7/s Avg:   419 Min:     0 Max:  2180 Err:    29 (21.97%) Active: 0 Started: 2 Finished: 2
2024-02-02 10:42:57,852 INFO o.a.j.r.Summariser: summary =    527 in 00:02:01 =    4.4/s Avg:   427 Min:     0 Max:  3004 Err:   116 (22.01%)
