2024-02-20 11:15:00,648 INFO o.a.j.u.JMeterUtils: Setting Locale to en_EN
2024-02-20 11:15:00,699 INFO o.a.j.JMeter: Loading user properties from: /opt/yaman/jmeter/apache-jmeter-5.5/bin/user.properties
2024-02-20 11:15:00,700 INFO o.a.j.JMeter: Loading system properties from: /opt/yaman/jmeter/apache-jmeter-5.5/bin/system.properties
2024-02-20 11:15:00,709 INFO o.a.j.JMeter: Copyright (c) 1998-2022 The Apache Software Foundation
2024-02-20 11:15:00,709 INFO o.a.j.JMeter: Version 5.5
2024-02-20 11:15:00,710 INFO o.a.j.JMeter: java.version=11.0.18
2024-02-20 11:15:00,710 INFO o.a.j.JMeter: java.vm.name=OpenJDK 64-Bit Server VM
2024-02-20 11:15:00,710 INFO o.a.j.JMeter: os.name=Linux
2024-02-20 11:15:00,710 INFO o.a.j.JMeter: os.arch=amd64
2024-02-20 11:15:00,710 INFO o.a.j.JMeter: os.version=5.15.133.1-microsoft-standard-WSL2
2024-02-20 11:15:00,710 INFO o.a.j.JMeter: file.encoding=ANSI_X3.4-1968
2024-02-20 11:15:00,710 INFO o.a.j.JMeter: java.awt.headless=true
2024-02-20 11:15:00,710 INFO o.a.j.JMeter: Max memory     =536870912
2024-02-20 11:15:00,710 INFO o.a.j.JMeter: Available Processors =8
2024-02-20 11:15:00,719 INFO o.a.j.JMeter: Default Locale=English (EN)
2024-02-20 11:15:00,720 INFO o.a.j.JMeter: JMeter  Locale=English (EN)
2024-02-20 11:15:00,720 INFO o.a.j.JMeter: JMeterHome=/opt/yaman/jmeter/apache-jmeter-5.5
2024-02-20 11:15:00,720 INFO o.a.j.JMeter: user.dir  =/opt/yaman/teste
2024-02-20 11:15:00,720 INFO o.a.j.JMeter: PWD       =/opt/yaman/teste
2024-02-20 11:15:00,720 INFO o.a.j.JMeter: IP: 172.18.0.4 Name: 7420df04852a FullName: 7420df04852a
2024-02-20 11:15:00,732 INFO o.a.j.s.FileServer: Default base='/opt/yaman/teste'
2024-02-20 11:15:00,732 INFO o.a.j.s.FileServer: Set new base='/opt/yaman/scripts'
2024-02-20 11:15:00,952 INFO o.a.j.s.SaveService: Testplan (JMX) version: 2.2. Testlog (JTL) version: 2.2
2024-02-20 11:15:00,978 INFO o.a.j.s.SaveService: Using SaveService properties version 5.0
2024-02-20 11:15:00,983 INFO o.a.j.s.SaveService: Using SaveService properties file encoding UTF-8
2024-02-20 11:15:00,987 INFO o.a.j.s.SaveService: Loading file: /opt/yaman/scripts/google.jmx
2024-02-20 11:15:01,021 INFO o.a.j.p.h.c.CookieManager: Settings: Delete null: true Check: true Allow variable: true Save: false Prefix: COOKIE_
2024-02-20 11:15:01,026 INFO o.a.j.p.h.c.CacheManager: Will only cache the following methods: [GET]
2024-02-20 11:15:01,030 INFO o.a.j.s.SampleResult: Note: Sample TimeStamps are START times
2024-02-20 11:15:01,030 INFO o.a.j.s.SampleResult: sampleresult.default.encoding is set to ISO-8859-1
2024-02-20 11:15:01,030 INFO o.a.j.s.SampleResult: sampleresult.useNanoTime=true
2024-02-20 11:15:01,030 INFO o.a.j.s.SampleResult: sampleresult.nanoThreadSleep=5000
2024-02-20 11:15:01,055 INFO o.a.j.p.h.s.HTTPSamplerBase: Parser for text/html is org.apache.jmeter.protocol.http.parser.LagartoBasedHtmlParser
2024-02-20 11:15:01,055 INFO o.a.j.p.h.s.HTTPSamplerBase: Parser for application/xhtml+xml is org.apache.jmeter.protocol.http.parser.LagartoBasedHtmlParser
2024-02-20 11:15:01,055 INFO o.a.j.p.h.s.HTTPSamplerBase: Parser for application/xml is org.apache.jmeter.protocol.http.parser.LagartoBasedHtmlParser
2024-02-20 11:15:01,055 INFO o.a.j.p.h.s.HTTPSamplerBase: Parser for text/xml is org.apache.jmeter.protocol.http.parser.LagartoBasedHtmlParser
2024-02-20 11:15:01,055 INFO o.a.j.p.h.s.HTTPSamplerBase: Parser for text/vnd.wap.wml is org.apache.jmeter.protocol.http.parser.RegexpHTMLParser
2024-02-20 11:15:01,055 INFO o.a.j.p.h.s.HTTPSamplerBase: Parser for text/css is org.apache.jmeter.protocol.http.parser.CssParser
2024-02-20 11:15:01,075 INFO o.a.j.JMeter: Creating summariser <summary>
2024-02-20 11:15:01,094 INFO o.a.j.e.StandardJMeterEngine: Running the test!
2024-02-20 11:15:01,097 INFO o.a.j.s.SampleEvent: List of sample_variables: []
2024-02-20 11:15:01,097 INFO o.a.j.s.SampleEvent: List of sample_variables: []
2024-02-20 11:15:01,126 INFO o.a.j.e.u.CompoundVariable: Note: Function class names must contain the string: '.functions.'
2024-02-20 11:15:01,126 INFO o.a.j.e.u.CompoundVariable: Note: Function class names must not contain the string: '.gui.'
2024-02-20 11:15:01,604 INFO o.a.j.v.b.BackendListener: Backend Listener: Starting worker with class: class org.apache.jmeter.visualizers.backend.influxdb.InfluxdbBackendListenerClient and queue capacity: 5000
2024-02-20 11:15:01,606 INFO o.a.j.v.b.BackendListener: Backend Listener: Started  worker with class: class org.apache.jmeter.visualizers.backend.influxdb.InfluxdbBackendListenerClient
2024-02-20 11:15:01,865 INFO o.a.j.JMeter: Running test (1708438501865)
2024-02-20 11:15:01,871 INFO o.a.j.e.StandardJMeterEngine: Starting ThreadGroup: 1 : Thread Group
2024-02-20 11:15:01,871 INFO o.a.j.e.StandardJMeterEngine: Starting 2 threads for group Thread Group.
2024-02-20 11:15:01,872 INFO o.a.j.e.StandardJMeterEngine: Thread will continue on error
2024-02-20 11:15:01,872 INFO o.a.j.t.ThreadGroup: Starting thread group... number=1 threads=2 ramp-up=30 delayedStart=false
2024-02-20 11:15:01,882 INFO o.a.j.t.ThreadGroup: Started thread group number 1
2024-02-20 11:15:01,882 INFO o.a.j.e.StandardJMeterEngine: All thread groups have been started
2024-02-20 11:15:01,894 INFO o.a.j.t.JMeterThread: Thread started: Thread Group 1-1
2024-02-20 11:15:01,920 INFO o.a.j.p.h.s.HTTPHCAbstractImpl: Local host = 7420df04852a
2024-02-20 11:15:01,926 INFO o.a.j.p.h.s.HTTPHC4Impl: HTTP request retry count = 0
2024-02-20 11:15:02,027 INFO o.a.j.p.h.s.h.LazyLayeredConnectionSocketFactory: Setting up HTTPS TrustAll Socket Factory
2024-02-20 11:15:02,032 INFO o.a.j.u.JsseSSLManager: Using default SSL protocol: TLS
2024-02-20 11:15:02,032 INFO o.a.j.u.JsseSSLManager: SSL session context: per-thread
2024-02-20 11:15:02,039 INFO o.a.j.u.SSLManager: JmeterKeyStore Location:  type JKS
2024-02-20 11:15:02,042 INFO o.a.j.u.SSLManager: KeyStore created OK
2024-02-20 11:15:02,042 WARN o.a.j.u.SSLManager: Keystore file not found, loading empty keystore
2024-02-20 11:15:02,445 INFO o.a.j.r.Summariser: summary +      1 in 00:00:01 =    1.7/s Avg:   455 Min:   455 Max:   455 Err:     0 (0.00%) Active: 1 Started: 1 Finished: 0
2024-02-20 11:15:16,886 INFO o.a.j.t.JMeterThread: Thread started: Thread Group 1-2
2024-02-20 11:15:30,672 INFO o.a.j.r.Summariser: summary +     34 in 00:00:28 =    1.2/s Avg:   529 Min:    63 Max:  2130 Err:     3 (8.82%) Active: 2 Started: 2 Finished: 0
2024-02-20 11:15:30,672 INFO o.a.j.r.Summariser: summary =     35 in 00:00:29 =    1.2/s Avg:   526 Min:    63 Max:  2130 Err:     3 (8.57%)
2024-02-20 11:16:01,942 INFO o.a.j.r.Summariser: summary +     45 in 00:00:31 =    1.4/s Avg:   459 Min:    56 Max:  2150 Err:     5 (11.11%) Active: 2 Started: 2 Finished: 0
2024-02-20 11:16:01,943 INFO o.a.j.r.Summariser: summary =     80 in 00:01:00 =    1.3/s Avg:   489 Min:    56 Max:  2150 Err:     8 (10.00%)
2024-02-20 11:16:30,007 INFO o.a.j.r.Summariser: summary +     41 in 00:00:28 =    1.5/s Avg:   540 Min:    62 Max:  2134 Err:     5 (12.20%) Active: 2 Started: 2 Finished: 0
2024-02-20 11:16:30,007 INFO o.a.j.r.Summariser: summary =    121 in 00:01:28 =    1.4/s Avg:   506 Min:    56 Max:  2150 Err:    13 (10.74%)
2024-02-20 11:16:57,174 INFO o.a.j.t.JMeterThread: Thread finished: Thread Group 1-2
2024-02-20 11:16:57,830 INFO o.a.j.t.JMeterThread: Thread finished: Thread Group 1-1
2024-02-20 11:16:57,838 INFO o.a.j.e.StandardJMeterEngine: Notifying test listeners of end of test
2024-02-20 11:16:57,839 INFO o.a.j.v.b.BackendListener: Worker ended
2024-02-20 11:16:57,841 INFO o.a.j.v.b.i.InfluxdbBackendListenerClient: Sending last metrics to InfluxDB
2024-02-20 11:16:57,844 INFO o.a.j.v.b.i.HttpMetricsSender: Destroying 
2024-02-20 11:16:57,853 INFO o.a.j.r.Summariser: summary +     48 in 00:00:28 =    1.7/s Avg:   424 Min:    51 Max:  2129 Err:     4 (8.33%) Active: 0 Started: 2 Finished: 2
2024-02-20 11:16:57,853 INFO o.a.j.r.Summariser: summary =    169 in 00:01:56 =    1.5/s Avg:   483 Min:    51 Max:  2150 Err:    17 (10.06%)
