2024-01-24 15:52:39,408 INFO o.a.j.u.JMeterUtils: Setting Locale to en_EN
2024-01-24 15:52:39,468 INFO o.a.j.JMeter: Loading user properties from: /opt/yaman/jmeter/apache-jmeter-5.5/bin/user.properties
2024-01-24 15:52:39,470 INFO o.a.j.JMeter: Loading system properties from: /opt/yaman/jmeter/apache-jmeter-5.5/bin/system.properties
2024-01-24 15:52:39,483 INFO o.a.j.JMeter: Copyright (c) 1998-2022 The Apache Software Foundation
2024-01-24 15:52:39,483 INFO o.a.j.JMeter: Version 5.5
2024-01-24 15:52:39,483 INFO o.a.j.JMeter: java.version=11.0.18
2024-01-24 15:52:39,484 INFO o.a.j.JMeter: java.vm.name=OpenJDK 64-Bit Server VM
2024-01-24 15:52:39,484 INFO o.a.j.JMeter: os.name=Linux
2024-01-24 15:52:39,484 INFO o.a.j.JMeter: os.arch=amd64
2024-01-24 15:52:39,484 INFO o.a.j.JMeter: os.version=5.15.133.1-microsoft-standard-WSL2
2024-01-24 15:52:39,484 INFO o.a.j.JMeter: file.encoding=ANSI_X3.4-1968
2024-01-24 15:52:39,484 INFO o.a.j.JMeter: java.awt.headless=true
2024-01-24 15:52:39,484 INFO o.a.j.JMeter: Max memory     =536870912
2024-01-24 15:52:39,484 INFO o.a.j.JMeter: Available Processors =8
2024-01-24 15:52:39,502 INFO o.a.j.JMeter: Default Locale=English (EN)
2024-01-24 15:52:39,502 INFO o.a.j.JMeter: JMeter  Locale=English (EN)
2024-01-24 15:52:39,502 INFO o.a.j.JMeter: JMeterHome=/opt/yaman/jmeter/apache-jmeter-5.5
2024-01-24 15:52:39,502 INFO o.a.j.JMeter: user.dir  =/opt/yaman/teste
2024-01-24 15:52:39,503 INFO o.a.j.JMeter: PWD       =/opt/yaman/teste
2024-01-24 15:52:39,503 INFO o.a.j.JMeter: IP: 172.20.0.4 Name: 1173558b351f FullName: 1173558b351f
2024-01-24 15:52:39,515 INFO o.a.j.s.FileServer: Default base='/opt/yaman/teste'
2024-01-24 15:52:39,516 INFO o.a.j.s.FileServer: Set new base='/opt/yaman/scripts'
2024-01-24 15:52:39,741 INFO o.a.j.s.SaveService: Testplan (JMX) version: 2.2. Testlog (JTL) version: 2.2
2024-01-24 15:52:39,772 INFO o.a.j.s.SaveService: Using SaveService properties version 5.0
2024-01-24 15:52:39,777 INFO o.a.j.s.SaveService: Using SaveService properties file encoding UTF-8
2024-01-24 15:52:39,781 INFO o.a.j.s.SaveService: Loading file: /opt/yaman/scripts/google.jmx
2024-01-24 15:52:39,817 INFO o.a.j.p.h.c.CookieManager: Settings: Delete null: true Check: true Allow variable: true Save: false Prefix: COOKIE_
2024-01-24 15:52:39,824 INFO o.a.j.p.h.c.CacheManager: Will only cache the following methods: [GET]
2024-01-24 15:52:39,828 INFO o.a.j.s.SampleResult: Note: Sample TimeStamps are START times
2024-01-24 15:52:39,828 INFO o.a.j.s.SampleResult: sampleresult.default.encoding is set to ISO-8859-1
2024-01-24 15:52:39,828 INFO o.a.j.s.SampleResult: sampleresult.useNanoTime=true
2024-01-24 15:52:39,828 INFO o.a.j.s.SampleResult: sampleresult.nanoThreadSleep=5000
2024-01-24 15:52:39,855 INFO o.a.j.p.h.s.HTTPSamplerBase: Parser for text/html is org.apache.jmeter.protocol.http.parser.LagartoBasedHtmlParser
2024-01-24 15:52:39,855 INFO o.a.j.p.h.s.HTTPSamplerBase: Parser for application/xhtml+xml is org.apache.jmeter.protocol.http.parser.LagartoBasedHtmlParser
2024-01-24 15:52:39,855 INFO o.a.j.p.h.s.HTTPSamplerBase: Parser for application/xml is org.apache.jmeter.protocol.http.parser.LagartoBasedHtmlParser
2024-01-24 15:52:39,855 INFO o.a.j.p.h.s.HTTPSamplerBase: Parser for text/xml is org.apache.jmeter.protocol.http.parser.LagartoBasedHtmlParser
2024-01-24 15:52:39,855 INFO o.a.j.p.h.s.HTTPSamplerBase: Parser for text/vnd.wap.wml is org.apache.jmeter.protocol.http.parser.RegexpHTMLParser
2024-01-24 15:52:39,855 INFO o.a.j.p.h.s.HTTPSamplerBase: Parser for text/css is org.apache.jmeter.protocol.http.parser.CssParser
2024-01-24 15:52:39,875 INFO o.a.j.JMeter: Creating summariser <summary>
2024-01-24 15:52:39,904 INFO o.a.j.e.StandardJMeterEngine: Running the test!
2024-01-24 15:52:39,907 INFO o.a.j.s.SampleEvent: List of sample_variables: []
2024-01-24 15:52:39,907 INFO o.a.j.s.SampleEvent: List of sample_variables: []
2024-01-24 15:52:39,948 INFO o.a.j.e.u.CompoundVariable: Note: Function class names must contain the string: '.functions.'
2024-01-24 15:52:39,948 INFO o.a.j.e.u.CompoundVariable: Note: Function class names must not contain the string: '.gui.'
2024-01-24 15:52:40,403 INFO o.a.j.v.b.BackendListener: Backend Listener: Starting worker with class: class org.apache.jmeter.visualizers.backend.influxdb.InfluxdbBackendListenerClient and queue capacity: 5000
2024-01-24 15:52:40,405 INFO o.a.j.v.b.BackendListener: Backend Listener: Started  worker with class: class org.apache.jmeter.visualizers.backend.influxdb.InfluxdbBackendListenerClient
2024-01-24 15:52:40,725 INFO o.a.j.JMeter: Running test (1706122360725)
2024-01-24 15:52:40,731 INFO o.a.j.e.StandardJMeterEngine: Starting ThreadGroup: 1 : Thread Group
2024-01-24 15:52:40,731 INFO o.a.j.e.StandardJMeterEngine: Starting 2 threads for group Thread Group.
2024-01-24 15:52:40,731 INFO o.a.j.e.StandardJMeterEngine: Thread will continue on error
2024-01-24 15:52:40,732 INFO o.a.j.t.ThreadGroup: Starting thread group... number=1 threads=2 ramp-up=30 delayedStart=false
2024-01-24 15:52:40,741 INFO o.a.j.t.ThreadGroup: Started thread group number 1
2024-01-24 15:52:40,742 INFO o.a.j.e.StandardJMeterEngine: All thread groups have been started
2024-01-24 15:52:40,751 INFO o.a.j.t.JMeterThread: Thread started: Thread Group 1-1
2024-01-24 15:52:40,780 INFO o.a.j.p.h.s.HTTPHCAbstractImpl: Local host = 1173558b351f
2024-01-24 15:52:40,785 INFO o.a.j.p.h.s.HTTPHC4Impl: HTTP request retry count = 0
2024-01-24 15:52:40,864 INFO o.a.j.p.h.s.h.LazyLayeredConnectionSocketFactory: Setting up HTTPS TrustAll Socket Factory
2024-01-24 15:52:40,871 INFO o.a.j.u.JsseSSLManager: Using default SSL protocol: TLS
2024-01-24 15:52:40,871 INFO o.a.j.u.JsseSSLManager: SSL session context: per-thread
2024-01-24 15:52:40,882 INFO o.a.j.u.SSLManager: JmeterKeyStore Location:  type JKS
2024-01-24 15:52:40,884 INFO o.a.j.u.SSLManager: KeyStore created OK
2024-01-24 15:52:40,884 WARN o.a.j.u.SSLManager: Keystore file not found, loading empty keystore
2024-01-24 15:52:55,743 INFO o.a.j.t.JMeterThread: Thread started: Thread Group 1-2
2024-01-24 15:53:00,009 INFO o.a.j.r.Summariser: summary +     55 in 00:00:19 =    2.9/s Avg:   422 Min:     0 Max:  2310 Err:    12 (21.82%) Active: 2 Started: 2 Finished: 0
2024-01-24 15:53:30,009 INFO o.a.j.r.Summariser: summary +    160 in 00:00:30 =    5.3/s Avg:   362 Min:     0 Max:  2182 Err:    35 (21.88%) Active: 2 Started: 2 Finished: 0
2024-01-24 15:53:30,010 INFO o.a.j.r.Summariser: summary =    215 in 00:00:49 =    4.4/s Avg:   377 Min:     0 Max:  2310 Err:    47 (21.86%)
2024-01-24 15:54:00,598 INFO o.a.j.r.Summariser: summary +    162 in 00:00:31 =    5.3/s Avg:   376 Min:     0 Max:  2179 Err:    36 (22.22%) Active: 2 Started: 2 Finished: 0
2024-01-24 15:54:00,599 INFO o.a.j.r.Summariser: summary =    377 in 00:01:20 =    4.7/s Avg:   377 Min:     0 Max:  2310 Err:    83 (22.02%)
2024-01-24 15:54:31,100 INFO o.a.j.r.Summariser: summary +    162 in 00:00:31 =    5.3/s Avg:   380 Min:     0 Max:  2217 Err:    36 (22.22%) Active: 2 Started: 2 Finished: 0
2024-01-24 15:54:31,101 INFO o.a.j.r.Summariser: summary =    539 in 00:01:50 =    4.9/s Avg:   378 Min:     0 Max:  2310 Err:   119 (22.08%)
2024-01-24 15:54:40,881 INFO o.a.j.t.JMeterThread: Stopping because end time detected by thread: Thread Group 1-1
2024-01-24 15:54:40,882 INFO o.a.j.t.JMeterThread: Thread finished: Thread Group 1-1
2024-01-24 15:54:42,492 INFO o.a.j.t.JMeterThread: Stopping because end time detected by thread: Thread Group 1-2
2024-01-24 15:54:42,492 INFO o.a.j.t.JMeterThread: Thread finished: Thread Group 1-2
2024-01-24 15:54:42,495 INFO o.a.j.e.StandardJMeterEngine: Notifying test listeners of end of test
2024-01-24 15:54:42,496 INFO o.a.j.v.b.BackendListener: Worker ended
2024-01-24 15:54:42,498 INFO o.a.j.v.b.i.InfluxdbBackendListenerClient: Sending last metrics to InfluxDB
2024-01-24 15:54:42,501 INFO o.a.j.v.b.i.HttpMetricsSender: Destroying 
2024-01-24 15:54:42,509 INFO o.a.j.r.Summariser: summary +     55 in 00:00:11 =    4.8/s Avg:   405 Min:     0 Max:  2177 Err:    13 (23.64%) Active: 0 Started: 2 Finished: 2
2024-01-24 15:54:42,510 INFO o.a.j.r.Summariser: summary =    594 in 00:02:02 =    4.9/s Avg:   380 Min:     0 Max:  2310 Err:   132 (22.22%)
