2024-02-01 15:36:00,771 INFO o.a.j.u.JMeterUtils: Setting Locale to en_EN
2024-02-01 15:36:00,796 INFO o.a.j.JMeter: Loading user properties from: /opt/yaman/jmeter/apache-jmeter-5.5/bin/user.properties
2024-02-01 15:36:00,797 INFO o.a.j.JMeter: Loading system properties from: /opt/yaman/jmeter/apache-jmeter-5.5/bin/system.properties
2024-02-01 15:36:00,804 INFO o.a.j.JMeter: Copyright (c) 1998-2022 The Apache Software Foundation
2024-02-01 15:36:00,804 INFO o.a.j.JMeter: Version 5.5
2024-02-01 15:36:00,804 INFO o.a.j.JMeter: java.version=11.0.18
2024-02-01 15:36:00,804 INFO o.a.j.JMeter: java.vm.name=OpenJDK 64-Bit Server VM
2024-02-01 15:36:00,804 INFO o.a.j.JMeter: os.name=Linux
2024-02-01 15:36:00,804 INFO o.a.j.JMeter: os.arch=amd64
2024-02-01 15:36:00,804 INFO o.a.j.JMeter: os.version=5.15.133.1-microsoft-standard-WSL2
2024-02-01 15:36:00,804 INFO o.a.j.JMeter: file.encoding=ANSI_X3.4-1968
2024-02-01 15:36:00,805 INFO o.a.j.JMeter: java.awt.headless=true
2024-02-01 15:36:00,805 INFO o.a.j.JMeter: Max memory     =536870912
2024-02-01 15:36:00,805 INFO o.a.j.JMeter: Available Processors =8
2024-02-01 15:36:00,813 INFO o.a.j.JMeter: Default Locale=English (EN)
2024-02-01 15:36:00,813 INFO o.a.j.JMeter: JMeter  Locale=English (EN)
2024-02-01 15:36:00,813 INFO o.a.j.JMeter: JMeterHome=/opt/yaman/jmeter/apache-jmeter-5.5
2024-02-01 15:36:00,814 INFO o.a.j.JMeter: user.dir  =/opt/yaman/teste
2024-02-01 15:36:00,814 INFO o.a.j.JMeter: PWD       =/opt/yaman/teste
2024-02-01 15:36:00,814 INFO o.a.j.JMeter: IP: 172.18.0.4 Name: dbe2dd33ed4d FullName: dbe2dd33ed4d
2024-02-01 15:36:00,831 INFO o.a.j.s.FileServer: Default base='/opt/yaman/teste'
2024-02-01 15:36:00,832 INFO o.a.j.s.FileServer: Set new base='/opt/yaman/scripts'
2024-02-01 15:36:01,032 INFO o.a.j.s.SaveService: Testplan (JMX) version: 2.2. Testlog (JTL) version: 2.2
2024-02-01 15:36:01,062 INFO o.a.j.s.SaveService: Using SaveService properties version 5.0
2024-02-01 15:36:01,065 INFO o.a.j.s.SaveService: Using SaveService properties file encoding UTF-8
2024-02-01 15:36:01,070 INFO o.a.j.s.SaveService: Loading file: /opt/yaman/scripts/google.jmx
2024-02-01 15:36:01,103 INFO o.a.j.p.h.c.CookieManager: Settings: Delete null: true Check: true Allow variable: true Save: false Prefix: COOKIE_
2024-02-01 15:36:01,108 INFO o.a.j.p.h.c.CacheManager: Will only cache the following methods: [GET]
2024-02-01 15:36:01,111 INFO o.a.j.s.SampleResult: Note: Sample TimeStamps are START times
2024-02-01 15:36:01,111 INFO o.a.j.s.SampleResult: sampleresult.default.encoding is set to ISO-8859-1
2024-02-01 15:36:01,111 INFO o.a.j.s.SampleResult: sampleresult.useNanoTime=true
2024-02-01 15:36:01,111 INFO o.a.j.s.SampleResult: sampleresult.nanoThreadSleep=5000
2024-02-01 15:36:01,132 INFO o.a.j.p.h.s.HTTPSamplerBase: Parser for text/html is org.apache.jmeter.protocol.http.parser.LagartoBasedHtmlParser
2024-02-01 15:36:01,132 INFO o.a.j.p.h.s.HTTPSamplerBase: Parser for application/xhtml+xml is org.apache.jmeter.protocol.http.parser.LagartoBasedHtmlParser
2024-02-01 15:36:01,132 INFO o.a.j.p.h.s.HTTPSamplerBase: Parser for application/xml is org.apache.jmeter.protocol.http.parser.LagartoBasedHtmlParser
2024-02-01 15:36:01,132 INFO o.a.j.p.h.s.HTTPSamplerBase: Parser for text/xml is org.apache.jmeter.protocol.http.parser.LagartoBasedHtmlParser
2024-02-01 15:36:01,132 INFO o.a.j.p.h.s.HTTPSamplerBase: Parser for text/vnd.wap.wml is org.apache.jmeter.protocol.http.parser.RegexpHTMLParser
2024-02-01 15:36:01,132 INFO o.a.j.p.h.s.HTTPSamplerBase: Parser for text/css is org.apache.jmeter.protocol.http.parser.CssParser
2024-02-01 15:36:01,150 INFO o.a.j.JMeter: Creating summariser <summary>
2024-02-01 15:36:01,173 INFO o.a.j.e.StandardJMeterEngine: Running the test!
2024-02-01 15:36:01,174 INFO o.a.j.s.SampleEvent: List of sample_variables: []
2024-02-01 15:36:01,174 INFO o.a.j.s.SampleEvent: List of sample_variables: []
2024-02-01 15:36:01,204 INFO o.a.j.e.u.CompoundVariable: Note: Function class names must contain the string: '.functions.'
2024-02-01 15:36:01,204 INFO o.a.j.e.u.CompoundVariable: Note: Function class names must not contain the string: '.gui.'
2024-02-01 15:36:01,589 INFO o.a.j.v.b.BackendListener: Backend Listener: Starting worker with class: class org.apache.jmeter.visualizers.backend.influxdb.InfluxdbBackendListenerClient and queue capacity: 5000
2024-02-01 15:36:01,591 INFO o.a.j.v.b.BackendListener: Backend Listener: Started  worker with class: class org.apache.jmeter.visualizers.backend.influxdb.InfluxdbBackendListenerClient
2024-02-01 15:36:01,813 INFO o.a.j.JMeter: Running test (1706812561813)
2024-02-01 15:36:01,817 INFO o.a.j.e.StandardJMeterEngine: Starting ThreadGroup: 1 : Thread Group
2024-02-01 15:36:01,817 INFO o.a.j.e.StandardJMeterEngine: Starting 2 threads for group Thread Group.
2024-02-01 15:36:01,817 INFO o.a.j.e.StandardJMeterEngine: Thread will continue on error
2024-02-01 15:36:01,818 INFO o.a.j.t.ThreadGroup: Starting thread group... number=1 threads=2 ramp-up=30 delayedStart=false
2024-02-01 15:36:01,827 INFO o.a.j.t.ThreadGroup: Started thread group number 1
2024-02-01 15:36:01,828 INFO o.a.j.e.StandardJMeterEngine: All thread groups have been started
2024-02-01 15:36:01,836 INFO o.a.j.t.JMeterThread: Thread started: Thread Group 1-1
2024-02-01 15:36:01,862 INFO o.a.j.p.h.s.HTTPHCAbstractImpl: Local host = dbe2dd33ed4d
2024-02-01 15:36:01,870 INFO o.a.j.p.h.s.HTTPHC4Impl: HTTP request retry count = 0
2024-02-01 15:36:01,945 INFO o.a.j.p.h.s.h.LazyLayeredConnectionSocketFactory: Setting up HTTPS TrustAll Socket Factory
2024-02-01 15:36:01,953 INFO o.a.j.u.JsseSSLManager: Using default SSL protocol: TLS
2024-02-01 15:36:01,953 INFO o.a.j.u.JsseSSLManager: SSL session context: per-thread
2024-02-01 15:36:01,962 INFO o.a.j.u.SSLManager: JmeterKeyStore Location:  type JKS
2024-02-01 15:36:01,964 INFO o.a.j.u.SSLManager: KeyStore created OK
2024-02-01 15:36:01,964 WARN o.a.j.u.SSLManager: Keystore file not found, loading empty keystore
2024-02-01 15:36:02,344 INFO o.a.j.r.Summariser: summary +      1 in 00:00:01 =    1.9/s Avg:   419 Min:   419 Max:   419 Err:     0 (0.00%) Active: 1 Started: 1 Finished: 0
2024-02-01 15:36:16,828 INFO o.a.j.t.JMeterThread: Thread started: Thread Group 1-2
2024-02-01 15:36:30,067 INFO o.a.j.r.Summariser: summary +     88 in 00:00:28 =    3.2/s Avg:   442 Min:     0 Max:  2252 Err:    19 (21.59%) Active: 2 Started: 2 Finished: 0
2024-02-01 15:36:30,067 INFO o.a.j.r.Summariser: summary =     89 in 00:00:28 =    3.2/s Avg:   442 Min:     0 Max:  2252 Err:    19 (21.35%)
2024-02-01 15:37:00,349 INFO o.a.j.r.Summariser: summary +    145 in 00:00:30 =    4.8/s Avg:   419 Min:     0 Max:  2189 Err:    32 (22.07%) Active: 2 Started: 2 Finished: 0
2024-02-01 15:37:00,350 INFO o.a.j.r.Summariser: summary =    234 in 00:00:59 =    4.0/s Avg:   428 Min:     0 Max:  2252 Err:    51 (21.79%)
2024-02-01 15:37:30,126 INFO o.a.j.r.Summariser: summary +    134 in 00:00:30 =    4.5/s Avg:   440 Min:     0 Max:  2180 Err:    30 (22.39%) Active: 2 Started: 2 Finished: 0
2024-02-01 15:37:30,126 INFO o.a.j.r.Summariser: summary =    368 in 00:01:28 =    4.2/s Avg:   432 Min:     0 Max:  2252 Err:    81 (22.01%)
2024-02-01 15:38:00,085 INFO o.a.j.r.Summariser: summary +    150 in 00:00:30 =    5.0/s Avg:   409 Min:     0 Max:  2186 Err:    33 (22.00%) Active: 2 Started: 2 Finished: 0
2024-02-01 15:38:00,086 INFO o.a.j.r.Summariser: summary =    518 in 00:01:58 =    4.4/s Avg:   426 Min:     0 Max:  2252 Err:   114 (22.01%)
2024-02-01 15:38:03,386 INFO o.a.j.t.JMeterThread: Stopping because end time detected by thread: Thread Group 1-2
2024-02-01 15:38:03,387 INFO o.a.j.t.JMeterThread: Thread finished: Thread Group 1-2
2024-02-01 15:38:03,895 INFO o.a.j.t.JMeterThread: Stopping because end time detected by thread: Thread Group 1-1
2024-02-01 15:38:03,896 INFO o.a.j.t.JMeterThread: Thread finished: Thread Group 1-1
2024-02-01 15:38:03,899 INFO o.a.j.e.StandardJMeterEngine: Notifying test listeners of end of test
2024-02-01 15:38:03,900 INFO o.a.j.v.b.BackendListener: Worker ended
2024-02-01 15:38:03,902 INFO o.a.j.v.b.i.InfluxdbBackendListenerClient: Sending last metrics to InfluxDB
2024-02-01 15:38:03,905 INFO o.a.j.v.b.i.HttpMetricsSender: Destroying 
2024-02-01 15:38:03,915 INFO o.a.j.r.Summariser: summary +     13 in 00:00:04 =    3.4/s Avg:   559 Min:     0 Max:  2181 Err:     4 (30.77%) Active: 0 Started: 2 Finished: 2
2024-02-01 15:38:03,916 INFO o.a.j.r.Summariser: summary =    531 in 00:02:02 =    4.3/s Avg:   429 Min:     0 Max:  2252 Err:   118 (22.22%)
