2024-01-11 10:32:09,317 INFO o.a.j.u.JMeterUtils: Setting Locale to en_EN
2024-01-11 10:32:09,373 INFO o.a.j.JMeter: Loading user properties from: /opt/yaman/jmeter/apache-jmeter-5.5/bin/user.properties
2024-01-11 10:32:09,375 INFO o.a.j.JMeter: Loading system properties from: /opt/yaman/jmeter/apache-jmeter-5.5/bin/system.properties
2024-01-11 10:32:09,391 INFO o.a.j.JMeter: Copyright (c) 1998-2022 The Apache Software Foundation
2024-01-11 10:32:09,392 INFO o.a.j.JMeter: Version 5.5
2024-01-11 10:32:09,392 INFO o.a.j.JMeter: java.version=11.0.18
2024-01-11 10:32:09,392 INFO o.a.j.JMeter: java.vm.name=OpenJDK 64-Bit Server VM
2024-01-11 10:32:09,392 INFO o.a.j.JMeter: os.name=Linux
2024-01-11 10:32:09,392 INFO o.a.j.JMeter: os.arch=amd64
2024-01-11 10:32:09,392 INFO o.a.j.JMeter: os.version=5.15.133.1-microsoft-standard-WSL2
2024-01-11 10:32:09,392 INFO o.a.j.JMeter: file.encoding=ANSI_X3.4-1968
2024-01-11 10:32:09,392 INFO o.a.j.JMeter: java.awt.headless=true
2024-01-11 10:32:09,392 INFO o.a.j.JMeter: Max memory     =536870912
2024-01-11 10:32:09,393 INFO o.a.j.JMeter: Available Processors =8
2024-01-11 10:32:09,411 INFO o.a.j.JMeter: Default Locale=English (EN)
2024-01-11 10:32:09,412 INFO o.a.j.JMeter: JMeter  Locale=English (EN)
2024-01-11 10:32:09,412 INFO o.a.j.JMeter: JMeterHome=/opt/yaman/jmeter/apache-jmeter-5.5
2024-01-11 10:32:09,412 INFO o.a.j.JMeter: user.dir  =/opt/yaman/teste
2024-01-11 10:32:09,412 INFO o.a.j.JMeter: PWD       =/opt/yaman/teste
2024-01-11 10:32:09,412 INFO o.a.j.JMeter: IP: 172.20.0.2 Name: 677a12905d3b FullName: 677a12905d3b
2024-01-11 10:32:09,424 INFO o.a.j.s.FileServer: Default base='/opt/yaman/teste'
2024-01-11 10:32:09,425 INFO o.a.j.s.FileServer: Set new base='/opt/yaman/scripts'
2024-01-11 10:32:09,666 INFO o.a.j.s.SaveService: Testplan (JMX) version: 2.2. Testlog (JTL) version: 2.2
2024-01-11 10:32:09,698 INFO o.a.j.s.SaveService: Using SaveService properties version 5.0
2024-01-11 10:32:09,702 INFO o.a.j.s.SaveService: Using SaveService properties file encoding UTF-8
2024-01-11 10:32:09,705 INFO o.a.j.s.SaveService: Loading file: /opt/yaman/scripts/googleJmeter.jmx
2024-01-11 10:32:09,760 INFO o.a.j.s.SampleResult: Note: Sample TimeStamps are START times
2024-01-11 10:32:09,761 INFO o.a.j.s.SampleResult: sampleresult.default.encoding is set to ISO-8859-1
2024-01-11 10:32:09,761 INFO o.a.j.s.SampleResult: sampleresult.useNanoTime=true
2024-01-11 10:32:09,761 INFO o.a.j.s.SampleResult: sampleresult.nanoThreadSleep=5000
2024-01-11 10:32:09,790 INFO o.a.j.p.h.s.HTTPSamplerBase: Parser for text/html is org.apache.jmeter.protocol.http.parser.LagartoBasedHtmlParser
2024-01-11 10:32:09,790 INFO o.a.j.p.h.s.HTTPSamplerBase: Parser for application/xhtml+xml is org.apache.jmeter.protocol.http.parser.LagartoBasedHtmlParser
2024-01-11 10:32:09,790 INFO o.a.j.p.h.s.HTTPSamplerBase: Parser for application/xml is org.apache.jmeter.protocol.http.parser.LagartoBasedHtmlParser
2024-01-11 10:32:09,790 INFO o.a.j.p.h.s.HTTPSamplerBase: Parser for text/xml is org.apache.jmeter.protocol.http.parser.LagartoBasedHtmlParser
2024-01-11 10:32:09,790 INFO o.a.j.p.h.s.HTTPSamplerBase: Parser for text/vnd.wap.wml is org.apache.jmeter.protocol.http.parser.RegexpHTMLParser
2024-01-11 10:32:09,790 INFO o.a.j.p.h.s.HTTPSamplerBase: Parser for text/css is org.apache.jmeter.protocol.http.parser.CssParser
2024-01-11 10:32:09,815 INFO o.a.j.JMeter: Creating summariser <summary>
2024-01-11 10:32:09,833 INFO o.a.j.e.StandardJMeterEngine: Running the test!
2024-01-11 10:32:09,835 INFO o.a.j.s.SampleEvent: List of sample_variables: []
2024-01-11 10:32:09,835 INFO o.a.j.s.SampleEvent: List of sample_variables: []
2024-01-11 10:32:09,874 INFO o.a.j.e.u.CompoundVariable: Note: Function class names must contain the string: '.functions.'
2024-01-11 10:32:09,874 INFO o.a.j.e.u.CompoundVariable: Note: Function class names must not contain the string: '.gui.'
2024-01-11 10:32:10,322 INFO o.a.j.v.b.BackendListener: Backend Listener: Starting worker with class: class org.apache.jmeter.visualizers.backend.influxdb.InfluxdbBackendListenerClient and queue capacity: 5000
2024-01-11 10:32:10,324 INFO o.a.j.v.b.BackendListener: Backend Listener: Started  worker with class: class org.apache.jmeter.visualizers.backend.influxdb.InfluxdbBackendListenerClient
2024-01-11 10:32:10,745 INFO o.a.j.JMeter: Running test (1704979930745)
2024-01-11 10:32:10,750 INFO o.a.j.e.StandardJMeterEngine: Starting ThreadGroup: 1 : Thread Group
2024-01-11 10:32:10,751 INFO o.a.j.e.StandardJMeterEngine: Starting 3 threads for group Thread Group.
2024-01-11 10:32:10,751 INFO o.a.j.e.StandardJMeterEngine: Thread will continue on error
2024-01-11 10:32:10,751 INFO o.a.j.t.ThreadGroup: Starting thread group... number=1 threads=3 ramp-up=10 delayedStart=false
2024-01-11 10:32:10,772 INFO o.a.j.t.ThreadGroup: Started thread group number 1
2024-01-11 10:32:10,773 INFO o.a.j.e.StandardJMeterEngine: All thread groups have been started
2024-01-11 10:32:10,791 INFO o.a.j.t.JMeterThread: Thread started: Thread Group 1-1
2024-01-11 10:32:14,108 INFO o.a.j.t.JMeterThread: Thread started: Thread Group 1-2
2024-01-11 10:32:15,817 INFO o.a.j.p.h.s.HTTPHCAbstractImpl: Local host = 677a12905d3b
2024-01-11 10:32:15,821 INFO o.a.j.p.h.s.HTTPHC4Impl: HTTP request retry count = 0
2024-01-11 10:32:15,912 INFO o.a.j.p.h.s.h.LazyLayeredConnectionSocketFactory: Setting up HTTPS TrustAll Socket Factory
2024-01-11 10:32:15,918 INFO o.a.j.u.JsseSSLManager: Using default SSL protocol: TLS
2024-01-11 10:32:15,919 INFO o.a.j.u.JsseSSLManager: SSL session context: per-thread
2024-01-11 10:32:15,930 INFO o.a.j.u.SSLManager: JmeterKeyStore Location:  type JKS
2024-01-11 10:32:15,932 INFO o.a.j.u.SSLManager: KeyStore created OK
2024-01-11 10:32:15,932 WARN o.a.j.u.SSLManager: Keystore file not found, loading empty keystore
2024-01-11 10:32:17,438 INFO o.a.j.t.JMeterThread: Thread started: Thread Group 1-3
2024-01-11 10:32:33,127 INFO o.a.j.r.Summariser: summary +      9 in 00:00:22 =    0.4/s Avg:   416 Min:   161 Max:  1324 Err:     2 (22.22%) Active: 3 Started: 3 Finished: 0
2024-01-11 10:33:00,779 INFO o.a.j.r.Summariser: summary +     17 in 00:00:28 =    0.6/s Avg:   172 Min:    42 Max:   338 Err:     3 (17.65%) Active: 3 Started: 3 Finished: 0
2024-01-11 10:33:00,780 INFO o.a.j.r.Summariser: summary =     26 in 00:00:50 =    0.5/s Avg:   257 Min:    42 Max:  1324 Err:     5 (19.23%)
2024-01-11 10:33:31,876 INFO o.a.j.r.Summariser: summary +     18 in 00:00:31 =    0.6/s Avg:   132 Min:    43 Max:   332 Err:     1 (5.56%) Active: 3 Started: 3 Finished: 0
2024-01-11 10:33:31,877 INFO o.a.j.r.Summariser: summary =     44 in 00:01:21 =    0.5/s Avg:   206 Min:    42 Max:  1324 Err:     6 (13.64%)
2024-01-11 10:34:01,230 INFO o.a.j.r.Summariser: summary +     16 in 00:00:29 =    0.5/s Avg:   228 Min:    43 Max:   546 Err:     4 (25.00%) Active: 3 Started: 3 Finished: 0
2024-01-11 10:34:01,230 INFO o.a.j.r.Summariser: summary =     60 in 00:01:50 =    0.5/s Avg:   212 Min:    42 Max:  1324 Err:    10 (16.67%)
2024-01-11 10:34:32,353 INFO o.a.j.r.Summariser: summary +     18 in 00:00:31 =    0.6/s Avg:   155 Min:    36 Max:   334 Err:     2 (11.11%) Active: 3 Started: 3 Finished: 0
2024-01-11 10:34:32,354 INFO o.a.j.r.Summariser: summary =     78 in 00:02:22 =    0.6/s Avg:   199 Min:    36 Max:  1324 Err:    12 (15.38%)
2024-01-11 10:35:03,515 INFO o.a.j.r.Summariser: summary +     18 in 00:00:31 =    0.6/s Avg:   201 Min:    60 Max:   436 Err:     4 (22.22%) Active: 3 Started: 3 Finished: 0
2024-01-11 10:35:03,516 INFO o.a.j.r.Summariser: summary =     96 in 00:02:53 =    0.6/s Avg:   199 Min:    36 Max:  1324 Err:    16 (16.67%)
2024-01-11 10:35:30,804 INFO o.a.j.r.Summariser: summary +     17 in 00:00:27 =    0.6/s Avg:   172 Min:    48 Max:   329 Err:     3 (17.65%) Active: 3 Started: 3 Finished: 0
2024-01-11 10:35:30,804 INFO o.a.j.r.Summariser: summary =    113 in 00:03:20 =    0.6/s Avg:   195 Min:    36 Max:  1324 Err:    19 (16.81%)
2024-01-11 10:36:00,207 INFO o.a.j.r.Summariser: summary +     16 in 00:00:29 =    0.5/s Avg:   185 Min:    41 Max:   555 Err:     2 (12.50%) Active: 3 Started: 3 Finished: 0
2024-01-11 10:36:00,207 INFO o.a.j.r.Summariser: summary =    129 in 00:03:49 =    0.6/s Avg:   194 Min:    36 Max:  1324 Err:    21 (16.28%)
2024-01-11 10:36:31,460 INFO o.a.j.r.Summariser: summary +     18 in 00:00:31 =    0.6/s Avg:   191 Min:    45 Max:   460 Err:     4 (22.22%) Active: 3 Started: 3 Finished: 0
2024-01-11 10:36:31,461 INFO o.a.j.r.Summariser: summary =    147 in 00:04:21 =    0.6/s Avg:   193 Min:    36 Max:  1324 Err:    25 (17.01%)
2024-01-11 10:37:02,489 INFO o.a.j.r.Summariser: summary +     18 in 00:00:31 =    0.6/s Avg:   199 Min:    41 Max:   451 Err:     2 (11.11%) Active: 3 Started: 3 Finished: 0
2024-01-11 10:37:02,489 INFO o.a.j.r.Summariser: summary =    165 in 00:04:52 =    0.6/s Avg:   194 Min:    36 Max:  1324 Err:    27 (16.36%)
2024-01-11 10:37:30,917 INFO o.a.j.r.Summariser: summary +     17 in 00:00:28 =    0.6/s Avg:   181 Min:    43 Max:   405 Err:     4 (23.53%) Active: 3 Started: 3 Finished: 0
2024-01-11 10:37:30,917 INFO o.a.j.r.Summariser: summary =    182 in 00:05:20 =    0.6/s Avg:   193 Min:    36 Max:  1324 Err:    31 (17.03%)
2024-01-11 10:38:01,904 INFO o.a.j.r.Summariser: summary +     18 in 00:00:31 =    0.6/s Avg:   182 Min:    44 Max:   348 Err:     4 (22.22%) Active: 3 Started: 3 Finished: 0
2024-01-11 10:38:01,905 INFO o.a.j.r.Summariser: summary =    200 in 00:05:51 =    0.6/s Avg:   192 Min:    36 Max:  1324 Err:    35 (17.50%)
2024-01-11 10:38:30,496 INFO o.a.j.r.Summariser: summary +     16 in 00:00:29 =    0.6/s Avg:   174 Min:    38 Max:   441 Err:     1 (6.25%) Active: 3 Started: 3 Finished: 0
2024-01-11 10:38:30,497 INFO o.a.j.r.Summariser: summary =    216 in 00:06:20 =    0.6/s Avg:   190 Min:    36 Max:  1324 Err:    36 (16.67%)
2024-01-11 10:39:01,725 INFO o.a.j.r.Summariser: summary +     18 in 00:00:31 =    0.6/s Avg:   189 Min:    56 Max:   450 Err:     4 (22.22%) Active: 3 Started: 3 Finished: 0
2024-01-11 10:39:01,726 INFO o.a.j.r.Summariser: summary =    234 in 00:06:51 =    0.6/s Avg:   190 Min:    36 Max:  1324 Err:    40 (17.09%)
2024-01-11 10:39:33,912 INFO o.a.j.r.Summariser: summary +     18 in 00:00:32 =    0.6/s Avg:   315 Min:    48 Max:  1198 Err:     2 (11.11%) Active: 3 Started: 3 Finished: 0
2024-01-11 10:39:33,913 INFO o.a.j.r.Summariser: summary =    252 in 00:07:23 =    0.6/s Avg:   199 Min:    36 Max:  1324 Err:    42 (16.67%)
2024-01-11 10:40:00,260 INFO o.a.j.r.Summariser: summary +     16 in 00:00:26 =    0.6/s Avg:   182 Min:    41 Max:   414 Err:     3 (18.75%) Active: 3 Started: 3 Finished: 0
2024-01-11 10:40:00,261 INFO o.a.j.r.Summariser: summary =    268 in 00:07:50 =    0.6/s Avg:   198 Min:    36 Max:  1324 Err:    45 (16.79%)
2024-01-11 10:40:31,035 INFO o.a.j.r.Summariser: summary +     17 in 00:00:31 =    0.6/s Avg:   154 Min:    42 Max:   367 Err:     2 (11.76%) Active: 3 Started: 3 Finished: 0
2024-01-11 10:40:31,036 INFO o.a.j.r.Summariser: summary =    285 in 00:08:20 =    0.6/s Avg:   196 Min:    36 Max:  1324 Err:    47 (16.49%)
2024-01-11 10:41:01,719 INFO o.a.j.r.Summariser: summary +     18 in 00:00:31 =    0.6/s Avg:   234 Min:    38 Max:   840 Err:     3 (16.67%) Active: 3 Started: 3 Finished: 0
2024-01-11 10:41:01,719 INFO o.a.j.r.Summariser: summary =    303 in 00:08:51 =    0.6/s Avg:   198 Min:    36 Max:  1324 Err:    50 (16.50%)
2024-01-11 10:41:30,215 INFO o.a.j.r.Summariser: summary +     17 in 00:00:28 =    0.6/s Avg:   189 Min:    41 Max:   599 Err:     3 (17.65%) Active: 3 Started: 3 Finished: 0
2024-01-11 10:41:30,216 INFO o.a.j.r.Summariser: summary =    320 in 00:09:19 =    0.6/s Avg:   197 Min:    36 Max:  1324 Err:    53 (16.56%)
2024-01-11 10:42:01,197 INFO o.a.j.r.Summariser: summary +     18 in 00:00:31 =    0.6/s Avg:   190 Min:    43 Max:   353 Err:     3 (16.67%) Active: 3 Started: 3 Finished: 0
2024-01-11 10:42:01,198 INFO o.a.j.r.Summariser: summary =    338 in 00:09:50 =    0.6/s Avg:   197 Min:    36 Max:  1324 Err:    56 (16.57%)
2024-01-11 10:42:30,854 INFO o.a.j.r.Summariser: summary +     17 in 00:00:30 =    0.6/s Avg:   180 Min:    44 Max:   356 Err:     4 (23.53%) Active: 3 Started: 3 Finished: 0
2024-01-11 10:42:30,855 INFO o.a.j.r.Summariser: summary =    355 in 00:10:20 =    0.6/s Avg:   196 Min:    36 Max:  1324 Err:    60 (16.90%)
2024-01-11 10:42:36,081 INFO o.a.j.t.JMeterThread: Thread is done: Thread Group 1-1
2024-01-11 10:42:36,081 INFO o.a.j.t.JMeterThread: Thread finished: Thread Group 1-1
2024-01-11 10:42:37,447 INFO o.a.j.t.JMeterThread: Thread is done: Thread Group 1-2
2024-01-11 10:42:37,447 INFO o.a.j.t.JMeterThread: Thread finished: Thread Group 1-2
2024-01-11 10:42:39,984 INFO o.a.j.t.JMeterThread: Thread is done: Thread Group 1-3
2024-01-11 10:42:39,985 INFO o.a.j.t.JMeterThread: Thread finished: Thread Group 1-3
2024-01-11 10:42:39,986 INFO o.a.j.e.StandardJMeterEngine: Notifying test listeners of end of test
2024-01-11 10:42:39,987 INFO o.a.j.v.b.BackendListener: Worker ended
2024-01-11 10:42:39,989 INFO o.a.j.v.b.i.InfluxdbBackendListenerClient: Sending last metrics to InfluxDB
2024-01-11 10:42:39,990 INFO o.a.j.v.b.i.HttpMetricsSender: Destroying 
2024-01-11 10:42:40,001 INFO o.a.j.r.Summariser: summary +      5 in 00:00:09 =    0.5/s Avg:   157 Min:    59 Max:   261 Err:     0 (0.00%) Active: 0 Started: 3 Finished: 3
2024-01-11 10:42:40,001 INFO o.a.j.r.Summariser: summary =    360 in 00:10:29 =    0.6/s Avg:   196 Min:    36 Max:  1324 Err:    60 (16.67%)
