2023-12-26 11:17:07,630 INFO o.a.j.u.JMeterUtils: Setting Locale to en_EN
2023-12-26 11:17:07,682 INFO o.a.j.JMeter: Loading user properties from: /opt/yaman/jmeter/apache-jmeter-5.5/bin/user.properties
2023-12-26 11:17:07,683 INFO o.a.j.JMeter: Loading system properties from: /opt/yaman/jmeter/apache-jmeter-5.5/bin/system.properties
2023-12-26 11:17:07,693 INFO o.a.j.JMeter: Copyright (c) 1998-2022 The Apache Software Foundation
2023-12-26 11:17:07,693 INFO o.a.j.JMeter: Version 5.5
2023-12-26 11:17:07,693 INFO o.a.j.JMeter: java.version=11.0.18
2023-12-26 11:17:07,693 INFO o.a.j.JMeter: java.vm.name=OpenJDK 64-Bit Server VM
2023-12-26 11:17:07,693 INFO o.a.j.JMeter: os.name=Linux
2023-12-26 11:17:07,693 INFO o.a.j.JMeter: os.arch=amd64
2023-12-26 11:17:07,693 INFO o.a.j.JMeter: os.version=5.15.133.1-microsoft-standard-WSL2
2023-12-26 11:17:07,693 INFO o.a.j.JMeter: file.encoding=ANSI_X3.4-1968
2023-12-26 11:17:07,694 INFO o.a.j.JMeter: java.awt.headless=true
2023-12-26 11:17:07,694 INFO o.a.j.JMeter: Max memory     =536870912
2023-12-26 11:17:07,694 INFO o.a.j.JMeter: Available Processors =8
2023-12-26 11:17:07,715 INFO o.a.j.JMeter: Default Locale=English (EN)
2023-12-26 11:17:07,716 INFO o.a.j.JMeter: JMeter  Locale=English (EN)
2023-12-26 11:17:07,716 INFO o.a.j.JMeter: JMeterHome=/opt/yaman/jmeter/apache-jmeter-5.5
2023-12-26 11:17:07,716 INFO o.a.j.JMeter: user.dir  =/opt/yaman/teste
2023-12-26 11:17:07,716 INFO o.a.j.JMeter: PWD       =/opt/yaman/teste
2023-12-26 11:17:07,717 INFO o.a.j.JMeter: IP: 172.17.0.3 Name: 44d7fdda6f49 FullName: 44d7fdda6f49
2023-12-26 11:17:07,730 INFO o.a.j.s.FileServer: Default base='/opt/yaman/teste'
2023-12-26 11:17:07,731 INFO o.a.j.s.FileServer: Set new base='/opt/yaman/scripts'
2023-12-26 11:17:07,984 INFO o.a.j.s.SaveService: Testplan (JMX) version: 2.2. Testlog (JTL) version: 2.2
2023-12-26 11:17:08,013 INFO o.a.j.s.SaveService: Using SaveService properties version 5.0
2023-12-26 11:17:08,018 INFO o.a.j.s.SaveService: Using SaveService properties file encoding UTF-8
2023-12-26 11:17:08,023 INFO o.a.j.s.SaveService: Loading file: /opt/yaman/scripts/uol.jmx
2023-12-26 11:17:08,081 INFO o.a.j.p.h.s.HTTPSamplerBase: Parser for text/html is org.apache.jmeter.protocol.http.parser.LagartoBasedHtmlParser
2023-12-26 11:17:08,081 INFO o.a.j.p.h.s.HTTPSamplerBase: Parser for application/xhtml+xml is org.apache.jmeter.protocol.http.parser.LagartoBasedHtmlParser
2023-12-26 11:17:08,082 INFO o.a.j.p.h.s.HTTPSamplerBase: Parser for application/xml is org.apache.jmeter.protocol.http.parser.LagartoBasedHtmlParser
2023-12-26 11:17:08,082 INFO o.a.j.p.h.s.HTTPSamplerBase: Parser for text/xml is org.apache.jmeter.protocol.http.parser.LagartoBasedHtmlParser
2023-12-26 11:17:08,082 INFO o.a.j.p.h.s.HTTPSamplerBase: Parser for text/vnd.wap.wml is org.apache.jmeter.protocol.http.parser.RegexpHTMLParser
2023-12-26 11:17:08,082 INFO o.a.j.p.h.s.HTTPSamplerBase: Parser for text/css is org.apache.jmeter.protocol.http.parser.CssParser
2023-12-26 11:17:08,092 INFO o.a.j.JMeter: Creating summariser <summary>
2023-12-26 11:17:08,123 INFO o.a.j.e.StandardJMeterEngine: Running the test!
2023-12-26 11:17:08,125 INFO o.a.j.s.SampleEvent: List of sample_variables: []
2023-12-26 11:17:08,126 INFO o.a.j.s.SampleEvent: List of sample_variables: []
2023-12-26 11:17:08,164 INFO o.a.j.e.u.CompoundVariable: Note: Function class names must contain the string: '.functions.'
2023-12-26 11:17:08,164 INFO o.a.j.e.u.CompoundVariable: Note: Function class names must not contain the string: '.gui.'
2023-12-26 11:17:08,591 INFO o.a.j.JMeter: Running test (1703600228591)
2023-12-26 11:17:08,597 INFO o.a.j.e.StandardJMeterEngine: Starting ThreadGroup: 1 : Thread Group
2023-12-26 11:17:08,597 INFO o.a.j.e.StandardJMeterEngine: Starting 2 threads for group Thread Group.
2023-12-26 11:17:08,597 INFO o.a.j.e.StandardJMeterEngine: Thread will continue on error
2023-12-26 11:17:08,597 INFO o.a.j.t.ThreadGroup: Starting thread group... number=1 threads=2 ramp-up=0 delayedStart=false
2023-12-26 11:17:08,607 INFO o.a.j.t.ThreadGroup: Started thread group number 1
2023-12-26 11:17:08,608 INFO o.a.j.e.StandardJMeterEngine: All thread groups have been started
2023-12-26 11:17:08,623 INFO o.a.j.t.JMeterThread: Thread started: Thread Group 1-1
2023-12-26 11:17:08,623 INFO o.a.j.t.JMeterThread: Thread started: Thread Group 1-2
2023-12-26 11:17:13,660 INFO o.a.j.p.h.s.HTTPHCAbstractImpl: Local host = 44d7fdda6f49
2023-12-26 11:17:13,669 INFO o.a.j.p.h.s.HTTPHC4Impl: HTTP request retry count = 0
2023-12-26 11:17:13,671 INFO o.a.j.s.SampleResult: Note: Sample TimeStamps are START times
2023-12-26 11:17:13,671 INFO o.a.j.s.SampleResult: sampleresult.default.encoding is set to ISO-8859-1
2023-12-26 11:17:13,671 INFO o.a.j.s.SampleResult: sampleresult.useNanoTime=true
2023-12-26 11:17:13,671 INFO o.a.j.s.SampleResult: sampleresult.nanoThreadSleep=5000
2023-12-26 11:17:13,945 INFO o.a.j.p.h.s.h.LazyLayeredConnectionSocketFactory: Setting up HTTPS TrustAll Socket Factory
2023-12-26 11:17:13,955 INFO o.a.j.u.JsseSSLManager: Using default SSL protocol: TLS
2023-12-26 11:17:13,955 INFO o.a.j.u.JsseSSLManager: SSL session context: per-thread
2023-12-26 11:17:14,054 INFO o.a.j.u.SSLManager: JmeterKeyStore Location:  type JKS
2023-12-26 11:17:14,059 INFO o.a.j.u.SSLManager: KeyStore created OK
2023-12-26 11:17:14,059 WARN o.a.j.u.SSLManager: Keystore file not found, loading empty keystore
2023-12-26 11:17:30,380 INFO o.a.j.r.Summariser: summary +      7 in 00:00:22 =    0.3/s Avg:   425 Min:   161 Max:   877 Err:     0 (0.00%) Active: 2 Started: 2 Finished: 0
2023-12-26 11:18:01,451 INFO o.a.j.r.Summariser: summary +     12 in 00:00:31 =    0.4/s Avg:   187 Min:   159 Max:   241 Err:     0 (0.00%) Active: 2 Started: 2 Finished: 0
2023-12-26 11:18:01,451 INFO o.a.j.r.Summariser: summary =     19 in 00:00:53 =    0.4/s Avg:   275 Min:   159 Max:   877 Err:     0 (0.00%)
2023-12-26 11:18:06,657 INFO o.a.j.t.JMeterThread: Thread finished: Thread Group 1-2
2023-12-26 11:18:06,827 INFO o.a.j.t.JMeterThread: Thread finished: Thread Group 1-1
2023-12-26 11:18:06,828 INFO o.a.j.e.StandardJMeterEngine: Notifying test listeners of end of test
2023-12-26 11:18:06,829 INFO o.a.j.r.Summariser: summary +      3 in 00:00:05 =    0.6/s Avg:   182 Min:   171 Max:   204 Err:     0 (0.00%) Active: 0 Started: 2 Finished: 2
2023-12-26 11:18:06,829 INFO o.a.j.r.Summariser: summary =     22 in 00:00:58 =    0.4/s Avg:   262 Min:   159 Max:   877 Err:     0 (0.00%)
