2024-01-15 17:29:03,173 INFO o.a.j.u.JMeterUtils: Setting Locale to en_EN
2024-01-15 17:29:03,203 INFO o.a.j.JMeter: Loading user properties from: /opt/yaman/jmeter/apache-jmeter-5.5/bin/user.properties
2024-01-15 17:29:03,204 INFO o.a.j.JMeter: Loading system properties from: /opt/yaman/jmeter/apache-jmeter-5.5/bin/system.properties
2024-01-15 17:29:03,212 INFO o.a.j.JMeter: Copyright (c) 1998-2022 The Apache Software Foundation
2024-01-15 17:29:03,212 INFO o.a.j.JMeter: Version 5.5
2024-01-15 17:29:03,212 INFO o.a.j.JMeter: java.version=11.0.18
2024-01-15 17:29:03,212 INFO o.a.j.JMeter: java.vm.name=OpenJDK 64-Bit Server VM
2024-01-15 17:29:03,212 INFO o.a.j.JMeter: os.name=Linux
2024-01-15 17:29:03,212 INFO o.a.j.JMeter: os.arch=amd64
2024-01-15 17:29:03,212 INFO o.a.j.JMeter: os.version=5.15.133.1-microsoft-standard-WSL2
2024-01-15 17:29:03,212 INFO o.a.j.JMeter: file.encoding=ANSI_X3.4-1968
2024-01-15 17:29:03,212 INFO o.a.j.JMeter: java.awt.headless=true
2024-01-15 17:29:03,212 INFO o.a.j.JMeter: Max memory     =536870912
2024-01-15 17:29:03,212 INFO o.a.j.JMeter: Available Processors =8
2024-01-15 17:29:03,222 INFO o.a.j.JMeter: Default Locale=English (EN)
2024-01-15 17:29:03,222 INFO o.a.j.JMeter: JMeter  Locale=English (EN)
2024-01-15 17:29:03,222 INFO o.a.j.JMeter: JMeterHome=/opt/yaman/jmeter/apache-jmeter-5.5
2024-01-15 17:29:03,222 INFO o.a.j.JMeter: user.dir  =/opt/yaman/teste
2024-01-15 17:29:03,223 INFO o.a.j.JMeter: PWD       =/opt/yaman/teste
2024-01-15 17:29:03,223 INFO o.a.j.JMeter: IP: 172.20.0.4 Name: 191a942cf81f FullName: 191a942cf81f
2024-01-15 17:29:03,247 INFO o.a.j.s.FileServer: Default base='/opt/yaman/teste'
2024-01-15 17:29:03,248 INFO o.a.j.s.FileServer: Set new base='/opt/yaman/scripts'
2024-01-15 17:29:03,463 INFO o.a.j.s.SaveService: Testplan (JMX) version: 2.2. Testlog (JTL) version: 2.2
2024-01-15 17:29:03,488 INFO o.a.j.s.SaveService: Using SaveService properties version 5.0
2024-01-15 17:29:03,492 INFO o.a.j.s.SaveService: Using SaveService properties file encoding UTF-8
2024-01-15 17:29:03,496 INFO o.a.j.s.SaveService: Loading file: /opt/yaman/scripts/google2.jmx
2024-01-15 17:29:03,548 INFO o.a.j.s.SampleResult: Note: Sample TimeStamps are START times
2024-01-15 17:29:03,548 INFO o.a.j.s.SampleResult: sampleresult.default.encoding is set to ISO-8859-1
2024-01-15 17:29:03,548 INFO o.a.j.s.SampleResult: sampleresult.useNanoTime=true
2024-01-15 17:29:03,548 INFO o.a.j.s.SampleResult: sampleresult.nanoThreadSleep=5000
2024-01-15 17:29:03,574 INFO o.a.j.p.h.s.HTTPSamplerBase: Parser for text/html is org.apache.jmeter.protocol.http.parser.LagartoBasedHtmlParser
2024-01-15 17:29:03,575 INFO o.a.j.p.h.s.HTTPSamplerBase: Parser for application/xhtml+xml is org.apache.jmeter.protocol.http.parser.LagartoBasedHtmlParser
2024-01-15 17:29:03,575 INFO o.a.j.p.h.s.HTTPSamplerBase: Parser for application/xml is org.apache.jmeter.protocol.http.parser.LagartoBasedHtmlParser
2024-01-15 17:29:03,575 INFO o.a.j.p.h.s.HTTPSamplerBase: Parser for text/xml is org.apache.jmeter.protocol.http.parser.LagartoBasedHtmlParser
2024-01-15 17:29:03,575 INFO o.a.j.p.h.s.HTTPSamplerBase: Parser for text/vnd.wap.wml is org.apache.jmeter.protocol.http.parser.RegexpHTMLParser
2024-01-15 17:29:03,575 INFO o.a.j.p.h.s.HTTPSamplerBase: Parser for text/css is org.apache.jmeter.protocol.http.parser.CssParser
2024-01-15 17:29:03,593 INFO o.a.j.JMeter: Creating summariser <summary>
2024-01-15 17:29:03,610 INFO o.a.j.e.StandardJMeterEngine: Running the test!
2024-01-15 17:29:03,612 INFO o.a.j.s.SampleEvent: List of sample_variables: []
2024-01-15 17:29:03,613 INFO o.a.j.s.SampleEvent: List of sample_variables: []
2024-01-15 17:29:03,638 INFO o.a.j.e.u.CompoundVariable: Note: Function class names must contain the string: '.functions.'
2024-01-15 17:29:03,638 INFO o.a.j.e.u.CompoundVariable: Note: Function class names must not contain the string: '.gui.'
2024-01-15 17:29:04,104 INFO o.a.j.v.b.BackendListener: Backend Listener: Starting worker with class: class org.apache.jmeter.visualizers.backend.influxdb.InfluxdbBackendListenerClient and queue capacity: 5000
2024-01-15 17:29:04,106 INFO o.a.j.v.b.BackendListener: Backend Listener: Started  worker with class: class org.apache.jmeter.visualizers.backend.influxdb.InfluxdbBackendListenerClient
2024-01-15 17:29:04,510 INFO o.a.j.JMeter: Running test (1705350544510)
2024-01-15 17:29:04,518 INFO o.a.j.e.StandardJMeterEngine: Starting ThreadGroup: 1 : Thread Group
2024-01-15 17:29:04,519 INFO o.a.j.e.StandardJMeterEngine: Starting 3 threads for group Thread Group.
2024-01-15 17:29:04,519 INFO o.a.j.e.StandardJMeterEngine: Thread will continue on error
2024-01-15 17:29:04,519 INFO o.a.j.t.ThreadGroup: Starting thread group... number=1 threads=3 ramp-up=10 delayedStart=false
2024-01-15 17:29:04,536 INFO o.a.j.t.ThreadGroup: Started thread group number 1
2024-01-15 17:29:04,536 INFO o.a.j.e.StandardJMeterEngine: All thread groups have been started
2024-01-15 17:29:04,549 INFO o.a.j.t.JMeterThread: Thread started: Thread Group 1-1
2024-01-15 17:29:07,869 INFO o.a.j.t.JMeterThread: Thread started: Thread Group 1-2
2024-01-15 17:29:09,577 INFO o.a.j.p.h.s.HTTPHCAbstractImpl: Local host = 191a942cf81f
2024-01-15 17:29:09,582 INFO o.a.j.p.h.s.HTTPHC4Impl: HTTP request retry count = 0
2024-01-15 17:29:09,656 INFO o.a.j.p.h.s.h.LazyLayeredConnectionSocketFactory: Setting up HTTPS TrustAll Socket Factory
2024-01-15 17:29:09,662 INFO o.a.j.u.JsseSSLManager: Using default SSL protocol: TLS
2024-01-15 17:29:09,662 INFO o.a.j.u.JsseSSLManager: SSL session context: per-thread
2024-01-15 17:29:09,674 INFO o.a.j.u.SSLManager: JmeterKeyStore Location:  type JKS
2024-01-15 17:29:09,676 INFO o.a.j.u.SSLManager: KeyStore created OK
2024-01-15 17:29:09,676 WARN o.a.j.u.SSLManager: Keystore file not found, loading empty keystore
2024-01-15 17:29:11,201 INFO o.a.j.t.JMeterThread: Thread started: Thread Group 1-3
2024-01-15 17:29:31,097 INFO o.a.j.r.Summariser: summary +     12 in 00:00:27 =    0.5/s Avg:   351 Min:   112 Max:  1270 Err:     2 (16.67%) Active: 3 Started: 3 Finished: 0
2024-01-15 17:30:01,794 INFO o.a.j.r.Summariser: summary +     18 in 00:00:31 =    0.6/s Avg:   145 Min:    40 Max:   336 Err:     2 (11.11%) Active: 3 Started: 3 Finished: 0
2024-01-15 17:30:01,794 INFO o.a.j.r.Summariser: summary =     30 in 00:00:57 =    0.5/s Avg:   227 Min:    40 Max:  1270 Err:     4 (13.33%)
2024-01-15 17:30:30,770 INFO o.a.j.r.Summariser: summary +     17 in 00:00:29 =    0.6/s Avg:   164 Min:    53 Max:   409 Err:     5 (29.41%) Active: 3 Started: 3 Finished: 0
2024-01-15 17:30:30,771 INFO o.a.j.r.Summariser: summary =     47 in 00:01:26 =    0.5/s Avg:   204 Min:    40 Max:  1270 Err:     9 (19.15%)
2024-01-15 17:31:01,138 INFO o.a.j.r.Summariser: summary +     17 in 00:00:30 =    0.6/s Avg:   197 Min:    41 Max:   358 Err:     2 (11.76%) Active: 3 Started: 3 Finished: 0
2024-01-15 17:31:01,139 INFO o.a.j.r.Summariser: summary =     64 in 00:01:57 =    0.5/s Avg:   202 Min:    40 Max:  1270 Err:    11 (17.19%)
2024-01-15 17:31:32,185 INFO o.a.j.r.Summariser: summary +     18 in 00:00:31 =    0.6/s Avg:   155 Min:    45 Max:   395 Err:     3 (16.67%) Active: 3 Started: 3 Finished: 0
2024-01-15 17:31:32,186 INFO o.a.j.r.Summariser: summary =     82 in 00:02:28 =    0.6/s Avg:   192 Min:    40 Max:  1270 Err:    14 (17.07%)
2024-01-15 17:32:01,112 INFO o.a.j.r.Summariser: summary +     17 in 00:00:29 =    0.6/s Avg:   192 Min:    45 Max:   340 Err:     3 (17.65%) Active: 3 Started: 3 Finished: 0
2024-01-15 17:32:01,113 INFO o.a.j.r.Summariser: summary =     99 in 00:02:57 =    0.6/s Avg:   192 Min:    40 Max:  1270 Err:    17 (17.17%)
2024-01-15 17:32:31,713 INFO o.a.j.r.Summariser: summary +     18 in 00:00:31 =    0.6/s Avg:   133 Min:    40 Max:   342 Err:     2 (11.11%) Active: 3 Started: 3 Finished: 0
2024-01-15 17:32:31,714 INFO o.a.j.r.Summariser: summary =    117 in 00:03:27 =    0.6/s Avg:   183 Min:    40 Max:  1270 Err:    19 (16.24%)
2024-01-15 17:33:00,997 INFO o.a.j.r.Summariser: summary +     17 in 00:00:29 =    0.6/s Avg:   185 Min:    46 Max:   396 Err:     3 (17.65%) Active: 3 Started: 3 Finished: 0
2024-01-15 17:33:00,997 INFO o.a.j.r.Summariser: summary =    134 in 00:03:56 =    0.6/s Avg:   183 Min:    40 Max:  1270 Err:    22 (16.42%)
2024-01-15 17:33:31,170 INFO o.a.j.r.Summariser: summary +     17 in 00:00:30 =    0.6/s Avg:   171 Min:    45 Max:   332 Err:     4 (23.53%) Active: 3 Started: 3 Finished: 0
2024-01-15 17:33:31,171 INFO o.a.j.r.Summariser: summary =    151 in 00:04:27 =    0.6/s Avg:   182 Min:    40 Max:  1270 Err:    26 (17.22%)
2024-01-15 17:34:01,699 INFO o.a.j.r.Summariser: summary +     18 in 00:00:31 =    0.6/s Avg:   151 Min:    40 Max:   400 Err:     2 (11.11%) Active: 3 Started: 3 Finished: 0
2024-01-15 17:34:01,700 INFO o.a.j.r.Summariser: summary =    169 in 00:04:57 =    0.6/s Avg:   178 Min:    40 Max:  1270 Err:    28 (16.57%)
2024-01-15 17:34:30,795 INFO o.a.j.r.Summariser: summary +     17 in 00:00:29 =    0.6/s Avg:   170 Min:    45 Max:   340 Err:     2 (11.76%) Active: 3 Started: 3 Finished: 0
2024-01-15 17:34:30,796 INFO o.a.j.r.Summariser: summary =    186 in 00:05:26 =    0.6/s Avg:   178 Min:    40 Max:  1270 Err:    30 (16.13%)
2024-01-15 17:35:01,692 INFO o.a.j.r.Summariser: summary +     18 in 00:00:31 =    0.6/s Avg:   150 Min:    40 Max:   346 Err:     3 (16.67%) Active: 3 Started: 3 Finished: 0
2024-01-15 17:35:01,692 INFO o.a.j.r.Summariser: summary =    204 in 00:05:57 =    0.6/s Avg:   175 Min:    40 Max:  1270 Err:    33 (16.18%)
2024-01-15 17:35:30,718 INFO o.a.j.r.Summariser: summary +     17 in 00:00:29 =    0.6/s Avg:   212 Min:    42 Max:   471 Err:     4 (23.53%) Active: 3 Started: 3 Finished: 0
2024-01-15 17:35:30,718 INFO o.a.j.r.Summariser: summary =    221 in 00:06:26 =    0.6/s Avg:   178 Min:    40 Max:  1270 Err:    37 (16.74%)
2024-01-15 17:36:00,548 INFO o.a.j.r.Summariser: summary +     17 in 00:00:30 =    0.6/s Avg:   139 Min:    25 Max:   320 Err:     4 (23.53%) Active: 3 Started: 3 Finished: 0
2024-01-15 17:36:00,549 INFO o.a.j.r.Summariser: summary =    238 in 00:06:56 =    0.6/s Avg:   175 Min:    25 Max:  1270 Err:    41 (17.23%)
2024-01-15 17:36:30,164 INFO o.a.j.r.Summariser: summary +     17 in 00:00:30 =    0.6/s Avg:   197 Min:    33 Max:   573 Err:     2 (11.76%) Active: 3 Started: 3 Finished: 0
2024-01-15 17:36:30,165 INFO o.a.j.r.Summariser: summary =    255 in 00:07:26 =    0.6/s Avg:   177 Min:    25 Max:  1270 Err:    43 (16.86%)
2024-01-15 17:37:01,376 INFO o.a.j.r.Summariser: summary +     18 in 00:00:31 =    0.6/s Avg:   205 Min:    41 Max:   446 Err:     4 (22.22%) Active: 3 Started: 3 Finished: 0
2024-01-15 17:37:01,377 INFO o.a.j.r.Summariser: summary =    273 in 00:07:57 =    0.6/s Avg:   179 Min:    25 Max:  1270 Err:    47 (17.22%)
2024-01-15 17:37:32,727 INFO o.a.j.r.Summariser: summary +     18 in 00:00:31 =    0.6/s Avg:   208 Min:    44 Max:   548 Err:     1 (5.56%) Active: 3 Started: 3 Finished: 0
2024-01-15 17:37:32,728 INFO o.a.j.r.Summariser: summary =    291 in 00:08:28 =    0.6/s Avg:   180 Min:    25 Max:  1270 Err:    48 (16.49%)
2024-01-15 17:38:00,438 INFO o.a.j.r.Summariser: summary +     16 in 00:00:28 =    0.6/s Avg:   227 Min:    47 Max:   570 Err:     3 (18.75%) Active: 3 Started: 3 Finished: 0
2024-01-15 17:38:00,438 INFO o.a.j.r.Summariser: summary =    307 in 00:08:56 =    0.6/s Avg:   183 Min:    25 Max:  1270 Err:    51 (16.61%)
2024-01-15 17:38:31,750 INFO o.a.j.r.Summariser: summary +     18 in 00:00:31 =    0.6/s Avg:   212 Min:    44 Max:   706 Err:     3 (16.67%) Active: 3 Started: 3 Finished: 0
2024-01-15 17:38:31,750 INFO o.a.j.r.Summariser: summary =    325 in 00:09:27 =    0.6/s Avg:   184 Min:    25 Max:  1270 Err:    54 (16.62%)
2024-01-15 17:39:01,247 INFO o.a.j.r.Summariser: summary +     17 in 00:00:29 =    0.6/s Avg:   223 Min:    53 Max:   524 Err:     3 (17.65%) Active: 3 Started: 3 Finished: 0
2024-01-15 17:39:01,248 INFO o.a.j.r.Summariser: summary =    342 in 00:09:57 =    0.6/s Avg:   186 Min:    25 Max:  1270 Err:    57 (16.67%)
2024-01-15 17:39:27,192 INFO o.a.j.t.JMeterThread: Thread is done: Thread Group 1-1
2024-01-15 17:39:27,192 INFO o.a.j.t.JMeterThread: Thread finished: Thread Group 1-1
2024-01-15 17:39:30,582 INFO o.a.j.r.Summariser: summary +     17 in 00:00:29 =    0.6/s Avg:   213 Min:    38 Max:   563 Err:     3 (17.65%) Active: 2 Started: 3 Finished: 1
2024-01-15 17:39:30,582 INFO o.a.j.r.Summariser: summary =    359 in 00:10:26 =    0.6/s Avg:   188 Min:    25 Max:  1270 Err:    60 (16.71%)
2024-01-15 17:39:30,582 INFO o.a.j.t.JMeterThread: Thread is done: Thread Group 1-2
2024-01-15 17:39:30,582 INFO o.a.j.t.JMeterThread: Thread finished: Thread Group 1-2
2024-01-15 17:39:34,209 INFO o.a.j.t.JMeterThread: Thread is done: Thread Group 1-3
2024-01-15 17:39:34,209 INFO o.a.j.t.JMeterThread: Thread finished: Thread Group 1-3
2024-01-15 17:39:34,212 INFO o.a.j.e.StandardJMeterEngine: Notifying test listeners of end of test
2024-01-15 17:39:34,213 INFO o.a.j.v.b.BackendListener: Worker ended
2024-01-15 17:39:34,217 INFO o.a.j.v.b.i.InfluxdbBackendListenerClient: Sending last metrics to InfluxDB
2024-01-15 17:39:34,218 INFO o.a.j.v.b.i.HttpMetricsSender: Destroying 
2024-01-15 17:39:34,232 INFO o.a.j.r.Summariser: summary +      1 in 00:00:04 =    0.3/s Avg:   248 Min:   248 Max:   248 Err:     0 (0.00%) Active: 0 Started: 3 Finished: 3
2024-01-15 17:39:34,233 INFO o.a.j.r.Summariser: summary =    360 in 00:10:30 =    0.6/s Avg:   188 Min:    25 Max:  1270 Err:    60 (16.67%)
