2023-12-26 10:49:59,834 INFO o.a.j.u.JMeterUtils: Setting Locale to en_EN
2023-12-26 10:49:59,876 INFO o.a.j.JMeter: Loading user properties from: /opt/yaman/jmeter/apache-jmeter-5.5/bin/user.properties
2023-12-26 10:49:59,876 INFO o.a.j.JMeter: Loading system properties from: /opt/yaman/jmeter/apache-jmeter-5.5/bin/system.properties
2023-12-26 10:49:59,882 INFO o.a.j.JMeter: Copyright (c) 1998-2022 The Apache Software Foundation
2023-12-26 10:49:59,883 INFO o.a.j.JMeter: Version 5.5
2023-12-26 10:49:59,883 INFO o.a.j.JMeter: java.version=11.0.18
2023-12-26 10:49:59,883 INFO o.a.j.JMeter: java.vm.name=OpenJDK 64-Bit Server VM
2023-12-26 10:49:59,883 INFO o.a.j.JMeter: os.name=Linux
2023-12-26 10:49:59,883 INFO o.a.j.JMeter: os.arch=amd64
2023-12-26 10:49:59,884 INFO o.a.j.JMeter: os.version=5.15.133.1-microsoft-standard-WSL2
2023-12-26 10:49:59,884 INFO o.a.j.JMeter: file.encoding=ANSI_X3.4-1968
2023-12-26 10:49:59,884 INFO o.a.j.JMeter: java.awt.headless=true
2023-12-26 10:49:59,884 INFO o.a.j.JMeter: Max memory     =536870912
2023-12-26 10:49:59,884 INFO o.a.j.JMeter: Available Processors =8
2023-12-26 10:49:59,895 INFO o.a.j.JMeter: Default Locale=English (EN)
2023-12-26 10:49:59,896 INFO o.a.j.JMeter: JMeter  Locale=English (EN)
2023-12-26 10:49:59,896 INFO o.a.j.JMeter: JMeterHome=/opt/yaman/jmeter/apache-jmeter-5.5
2023-12-26 10:49:59,896 INFO o.a.j.JMeter: user.dir  =/opt/yaman/teste
2023-12-26 10:49:59,896 INFO o.a.j.JMeter: PWD       =/opt/yaman/teste
2023-12-26 10:49:59,897 INFO o.a.j.JMeter: IP: 172.17.0.2 Name: f23160991482 FullName: f23160991482
2023-12-26 10:49:59,910 INFO o.a.j.s.FileServer: Default base='/opt/yaman/teste'
2023-12-26 10:49:59,911 INFO o.a.j.s.FileServer: Set new base='/opt/yaman/scripts'
2023-12-26 10:50:00,112 INFO o.a.j.s.SaveService: Testplan (JMX) version: 2.2. Testlog (JTL) version: 2.2
2023-12-26 10:50:00,132 INFO o.a.j.s.SaveService: Using SaveService properties version 5.0
2023-12-26 10:50:00,136 INFO o.a.j.s.SaveService: Using SaveService properties file encoding UTF-8
2023-12-26 10:50:00,141 INFO o.a.j.s.SaveService: Loading file: /opt/yaman/scripts/terra.jmx
2023-12-26 10:50:00,194 INFO o.a.j.p.h.s.HTTPSamplerBase: Parser for text/html is org.apache.jmeter.protocol.http.parser.LagartoBasedHtmlParser
2023-12-26 10:50:00,194 INFO o.a.j.p.h.s.HTTPSamplerBase: Parser for application/xhtml+xml is org.apache.jmeter.protocol.http.parser.LagartoBasedHtmlParser
2023-12-26 10:50:00,194 INFO o.a.j.p.h.s.HTTPSamplerBase: Parser for application/xml is org.apache.jmeter.protocol.http.parser.LagartoBasedHtmlParser
2023-12-26 10:50:00,194 INFO o.a.j.p.h.s.HTTPSamplerBase: Parser for text/xml is org.apache.jmeter.protocol.http.parser.LagartoBasedHtmlParser
2023-12-26 10:50:00,194 INFO o.a.j.p.h.s.HTTPSamplerBase: Parser for text/vnd.wap.wml is org.apache.jmeter.protocol.http.parser.RegexpHTMLParser
2023-12-26 10:50:00,194 INFO o.a.j.p.h.s.HTTPSamplerBase: Parser for text/css is org.apache.jmeter.protocol.http.parser.CssParser
2023-12-26 10:50:00,202 INFO o.a.j.JMeter: Creating summariser <summary>
2023-12-26 10:50:00,223 INFO o.a.j.e.StandardJMeterEngine: Running the test!
2023-12-26 10:50:00,226 INFO o.a.j.s.SampleEvent: List of sample_variables: []
2023-12-26 10:50:00,227 INFO o.a.j.s.SampleEvent: List of sample_variables: []
2023-12-26 10:50:00,262 INFO o.a.j.e.u.CompoundVariable: Note: Function class names must contain the string: '.functions.'
2023-12-26 10:50:00,262 INFO o.a.j.e.u.CompoundVariable: Note: Function class names must not contain the string: '.gui.'
2023-12-26 10:50:00,607 INFO o.a.j.JMeter: Running test (1703598600607)
2023-12-26 10:50:00,610 INFO o.a.j.e.StandardJMeterEngine: Starting ThreadGroup: 1 : Thread Group
2023-12-26 10:50:00,610 INFO o.a.j.e.StandardJMeterEngine: Starting 2 threads for group Thread Group.
2023-12-26 10:50:00,611 INFO o.a.j.e.StandardJMeterEngine: Thread will continue on error
2023-12-26 10:50:00,611 INFO o.a.j.t.ThreadGroup: Starting thread group... number=1 threads=2 ramp-up=0 delayedStart=false
2023-12-26 10:50:00,618 INFO o.a.j.t.ThreadGroup: Started thread group number 1
2023-12-26 10:50:00,619 INFO o.a.j.e.StandardJMeterEngine: All thread groups have been started
2023-12-26 10:50:00,632 INFO o.a.j.t.JMeterThread: Thread started: Thread Group 1-1
2023-12-26 10:50:00,632 INFO o.a.j.t.JMeterThread: Thread started: Thread Group 1-2
2023-12-26 10:50:05,671 INFO o.a.j.p.h.s.HTTPHCAbstractImpl: Local host = f23160991482
2023-12-26 10:50:05,677 INFO o.a.j.p.h.s.HTTPHC4Impl: HTTP request retry count = 0
2023-12-26 10:50:05,678 INFO o.a.j.s.SampleResult: Note: Sample TimeStamps are START times
2023-12-26 10:50:05,678 INFO o.a.j.s.SampleResult: sampleresult.default.encoding is set to ISO-8859-1
2023-12-26 10:50:05,678 INFO o.a.j.s.SampleResult: sampleresult.useNanoTime=true
2023-12-26 10:50:05,679 INFO o.a.j.s.SampleResult: sampleresult.nanoThreadSleep=5000
2023-12-26 10:50:05,856 INFO o.a.j.p.h.s.h.LazyLayeredConnectionSocketFactory: Setting up HTTPS TrustAll Socket Factory
2023-12-26 10:50:05,866 INFO o.a.j.u.JsseSSLManager: Using default SSL protocol: TLS
2023-12-26 10:50:05,866 INFO o.a.j.u.JsseSSLManager: SSL session context: per-thread
2023-12-26 10:50:05,929 INFO o.a.j.u.SSLManager: JmeterKeyStore Location:  type JKS
2023-12-26 10:50:05,932 INFO o.a.j.u.SSLManager: KeyStore created OK
2023-12-26 10:50:05,933 WARN o.a.j.u.SSLManager: Keystore file not found, loading empty keystore
2023-12-26 10:50:31,638 INFO o.a.j.r.Summariser: summary +     11 in 00:00:31 =    0.4/s Avg:   156 Min:    56 Max:   531 Err:     0 (0.00%) Active: 2 Started: 2 Finished: 0
2023-12-26 10:50:56,953 INFO o.a.j.t.JMeterThread: Thread finished: Thread Group 1-1
2023-12-26 10:50:57,245 INFO o.a.j.t.JMeterThread: Thread finished: Thread Group 1-2
2023-12-26 10:50:57,246 INFO o.a.j.e.StandardJMeterEngine: Notifying test listeners of end of test
2023-12-26 10:50:57,248 INFO o.a.j.r.Summariser: summary +     11 in 00:00:26 =    0.4/s Avg:    84 Min:    54 Max:   304 Err:     0 (0.00%) Active: 0 Started: 2 Finished: 2
2023-12-26 10:50:57,248 INFO o.a.j.r.Summariser: summary =     22 in 00:00:57 =    0.4/s Avg:   120 Min:    54 Max:   531 Err:     0 (0.00%)
