2024-01-15 15:42:38,963 INFO o.a.j.u.JMeterUtils: Setting Locale to en_EN
2024-01-15 15:42:38,990 INFO o.a.j.JMeter: Loading user properties from: /opt/yaman/jmeter/apache-jmeter-5.5/bin/user.properties
2024-01-15 15:42:38,991 INFO o.a.j.JMeter: Loading system properties from: /opt/yaman/jmeter/apache-jmeter-5.5/bin/system.properties
2024-01-15 15:42:38,998 INFO o.a.j.JMeter: Copyright (c) 1998-2022 The Apache Software Foundation
2024-01-15 15:42:38,998 INFO o.a.j.JMeter: Version 5.5
2024-01-15 15:42:38,998 INFO o.a.j.JMeter: java.version=11.0.18
2024-01-15 15:42:38,998 INFO o.a.j.JMeter: java.vm.name=OpenJDK 64-Bit Server VM
2024-01-15 15:42:38,998 INFO o.a.j.JMeter: os.name=Linux
2024-01-15 15:42:38,998 INFO o.a.j.JMeter: os.arch=amd64
2024-01-15 15:42:38,998 INFO o.a.j.JMeter: os.version=5.15.133.1-microsoft-standard-WSL2
2024-01-15 15:42:38,998 INFO o.a.j.JMeter: file.encoding=ANSI_X3.4-1968
2024-01-15 15:42:38,998 INFO o.a.j.JMeter: java.awt.headless=true
2024-01-15 15:42:38,999 INFO o.a.j.JMeter: Max memory     =536870912
2024-01-15 15:42:38,999 INFO o.a.j.JMeter: Available Processors =8
2024-01-15 15:42:39,011 INFO o.a.j.JMeter: Default Locale=English (EN)
2024-01-15 15:42:39,011 INFO o.a.j.JMeter: JMeter  Locale=English (EN)
2024-01-15 15:42:39,011 INFO o.a.j.JMeter: JMeterHome=/opt/yaman/jmeter/apache-jmeter-5.5
2024-01-15 15:42:39,012 INFO o.a.j.JMeter: user.dir  =/opt/yaman/teste
2024-01-15 15:42:39,012 INFO o.a.j.JMeter: PWD       =/opt/yaman/teste
2024-01-15 15:42:39,012 INFO o.a.j.JMeter: IP: 172.20.0.4 Name: 191a942cf81f FullName: 191a942cf81f
2024-01-15 15:42:39,034 INFO o.a.j.s.FileServer: Default base='/opt/yaman/teste'
2024-01-15 15:42:39,035 INFO o.a.j.s.FileServer: Set new base='/opt/yaman/scripts'
2024-01-15 15:42:39,237 INFO o.a.j.s.SaveService: Testplan (JMX) version: 2.2. Testlog (JTL) version: 2.2
2024-01-15 15:42:39,261 INFO o.a.j.s.SaveService: Using SaveService properties version 5.0
2024-01-15 15:42:39,265 INFO o.a.j.s.SaveService: Using SaveService properties file encoding UTF-8
2024-01-15 15:42:39,268 INFO o.a.j.s.SaveService: Loading file: /opt/yaman/scripts/google2.jmx
2024-01-15 15:42:39,317 INFO o.a.j.s.SampleResult: Note: Sample TimeStamps are START times
2024-01-15 15:42:39,317 INFO o.a.j.s.SampleResult: sampleresult.default.encoding is set to ISO-8859-1
2024-01-15 15:42:39,317 INFO o.a.j.s.SampleResult: sampleresult.useNanoTime=true
2024-01-15 15:42:39,317 INFO o.a.j.s.SampleResult: sampleresult.nanoThreadSleep=5000
2024-01-15 15:42:39,342 INFO o.a.j.p.h.s.HTTPSamplerBase: Parser for text/html is org.apache.jmeter.protocol.http.parser.LagartoBasedHtmlParser
2024-01-15 15:42:39,342 INFO o.a.j.p.h.s.HTTPSamplerBase: Parser for application/xhtml+xml is org.apache.jmeter.protocol.http.parser.LagartoBasedHtmlParser
2024-01-15 15:42:39,342 INFO o.a.j.p.h.s.HTTPSamplerBase: Parser for application/xml is org.apache.jmeter.protocol.http.parser.LagartoBasedHtmlParser
2024-01-15 15:42:39,342 INFO o.a.j.p.h.s.HTTPSamplerBase: Parser for text/xml is org.apache.jmeter.protocol.http.parser.LagartoBasedHtmlParser
2024-01-15 15:42:39,342 INFO o.a.j.p.h.s.HTTPSamplerBase: Parser for text/vnd.wap.wml is org.apache.jmeter.protocol.http.parser.RegexpHTMLParser
2024-01-15 15:42:39,342 INFO o.a.j.p.h.s.HTTPSamplerBase: Parser for text/css is org.apache.jmeter.protocol.http.parser.CssParser
2024-01-15 15:42:39,358 INFO o.a.j.JMeter: Creating summariser <summary>
2024-01-15 15:42:39,375 INFO o.a.j.e.StandardJMeterEngine: Running the test!
2024-01-15 15:42:39,376 INFO o.a.j.s.SampleEvent: List of sample_variables: []
2024-01-15 15:42:39,376 INFO o.a.j.s.SampleEvent: List of sample_variables: []
2024-01-15 15:42:39,404 INFO o.a.j.e.u.CompoundVariable: Note: Function class names must contain the string: '.functions.'
2024-01-15 15:42:39,405 INFO o.a.j.e.u.CompoundVariable: Note: Function class names must not contain the string: '.gui.'
2024-01-15 15:42:39,815 INFO o.a.j.v.b.BackendListener: Backend Listener: Starting worker with class: class org.apache.jmeter.visualizers.backend.influxdb.InfluxdbBackendListenerClient and queue capacity: 5000
2024-01-15 15:42:39,816 INFO o.a.j.v.b.BackendListener: Backend Listener: Started  worker with class: class org.apache.jmeter.visualizers.backend.influxdb.InfluxdbBackendListenerClient
2024-01-15 15:42:40,134 INFO o.a.j.JMeter: Running test (1705344160134)
2024-01-15 15:42:40,140 INFO o.a.j.e.StandardJMeterEngine: Starting ThreadGroup: 1 : Thread Group
2024-01-15 15:42:40,141 INFO o.a.j.e.StandardJMeterEngine: Starting 3 threads for group Thread Group.
2024-01-15 15:42:40,141 INFO o.a.j.e.StandardJMeterEngine: Thread will continue on error
2024-01-15 15:42:40,141 INFO o.a.j.t.ThreadGroup: Starting thread group... number=1 threads=3 ramp-up=10 delayedStart=false
2024-01-15 15:42:40,161 INFO o.a.j.t.ThreadGroup: Started thread group number 1
2024-01-15 15:42:40,161 INFO o.a.j.e.StandardJMeterEngine: All thread groups have been started
2024-01-15 15:42:40,179 INFO o.a.j.t.JMeterThread: Thread started: Thread Group 1-1
2024-01-15 15:42:43,498 INFO o.a.j.t.JMeterThread: Thread started: Thread Group 1-2
2024-01-15 15:42:45,203 INFO o.a.j.p.h.s.HTTPHCAbstractImpl: Local host = 191a942cf81f
2024-01-15 15:42:45,208 INFO o.a.j.p.h.s.HTTPHC4Impl: HTTP request retry count = 0
2024-01-15 15:42:45,277 INFO o.a.j.p.h.s.h.LazyLayeredConnectionSocketFactory: Setting up HTTPS TrustAll Socket Factory
2024-01-15 15:42:45,283 INFO o.a.j.u.JsseSSLManager: Using default SSL protocol: TLS
2024-01-15 15:42:45,283 INFO o.a.j.u.JsseSSLManager: SSL session context: per-thread
2024-01-15 15:42:45,293 INFO o.a.j.u.SSLManager: JmeterKeyStore Location:  type JKS
2024-01-15 15:42:45,295 INFO o.a.j.u.SSLManager: KeyStore created OK
2024-01-15 15:42:45,295 WARN o.a.j.u.SSLManager: Keystore file not found, loading empty keystore
2024-01-15 15:42:46,829 INFO o.a.j.t.JMeterThread: Thread started: Thread Group 1-3
2024-01-15 15:43:00,157 INFO o.a.j.r.Summariser: summary +      8 in 00:00:20 =    0.4/s Avg:   434 Min:   108 Max:  1270 Err:     1 (12.50%) Active: 3 Started: 3 Finished: 0
2024-01-15 15:43:31,644 INFO o.a.j.r.Summariser: summary +     18 in 00:00:31 =    0.6/s Avg:   233 Min:    42 Max:   550 Err:     4 (22.22%) Active: 3 Started: 3 Finished: 0
2024-01-15 15:43:31,644 INFO o.a.j.r.Summariser: summary =     26 in 00:00:52 =    0.5/s Avg:   295 Min:    42 Max:  1270 Err:     5 (19.23%)
2024-01-15 15:44:02,869 INFO o.a.j.r.Summariser: summary +     18 in 00:00:31 =    0.6/s Avg:   180 Min:    41 Max:   550 Err:     1 (5.56%) Active: 3 Started: 3 Finished: 0
2024-01-15 15:44:02,870 INFO o.a.j.r.Summariser: summary =     44 in 00:01:23 =    0.5/s Avg:   248 Min:    41 Max:  1270 Err:     6 (13.64%)
2024-01-15 15:44:30,136 INFO o.a.j.r.Summariser: summary +     16 in 00:00:27 =    0.6/s Avg:   241 Min:    81 Max:   550 Err:     5 (31.25%) Active: 3 Started: 3 Finished: 0
2024-01-15 15:44:30,136 INFO o.a.j.r.Summariser: summary =     60 in 00:01:50 =    0.5/s Avg:   246 Min:    41 Max:  1270 Err:    11 (18.33%)
2024-01-15 15:45:00,249 INFO o.a.j.r.Summariser: summary +     17 in 00:00:30 =    0.6/s Avg:   302 Min:    39 Max:  1690 Err:     2 (11.76%) Active: 3 Started: 3 Finished: 0
2024-01-15 15:45:00,250 INFO o.a.j.r.Summariser: summary =     77 in 00:02:20 =    0.5/s Avg:   258 Min:    39 Max:  1690 Err:    13 (16.88%)
2024-01-15 15:45:30,330 INFO o.a.j.r.Summariser: summary +     17 in 00:00:30 =    0.6/s Avg:   203 Min:    42 Max:   547 Err:     3 (17.65%) Active: 3 Started: 3 Finished: 0
2024-01-15 15:45:30,331 INFO o.a.j.r.Summariser: summary =     94 in 00:02:50 =    0.6/s Avg:   248 Min:    39 Max:  1690 Err:    16 (17.02%)
2024-01-15 15:46:01,874 INFO o.a.j.r.Summariser: summary +     18 in 00:00:32 =    0.6/s Avg:   239 Min:    56 Max:   545 Err:     2 (11.11%) Active: 3 Started: 3 Finished: 0
2024-01-15 15:46:01,875 INFO o.a.j.r.Summariser: summary =    112 in 00:03:22 =    0.6/s Avg:   247 Min:    39 Max:  1690 Err:    18 (16.07%)
2024-01-15 15:46:30,307 INFO o.a.j.r.Summariser: summary +     17 in 00:00:28 =    0.6/s Avg:   174 Min:    40 Max:   465 Err:     3 (17.65%) Active: 3 Started: 3 Finished: 0
2024-01-15 15:46:30,308 INFO o.a.j.r.Summariser: summary =    129 in 00:03:50 =    0.6/s Avg:   237 Min:    39 Max:  1690 Err:    21 (16.28%)
2024-01-15 15:47:01,798 INFO o.a.j.r.Summariser: summary +     18 in 00:00:31 =    0.6/s Avg:   217 Min:    49 Max:   426 Err:     4 (22.22%) Active: 3 Started: 3 Finished: 0
2024-01-15 15:47:01,799 INFO o.a.j.r.Summariser: summary =    147 in 00:04:22 =    0.6/s Avg:   235 Min:    39 Max:  1690 Err:    25 (17.01%)
2024-01-15 15:47:31,223 INFO o.a.j.r.Summariser: summary +     17 in 00:00:29 =    0.6/s Avg:   176 Min:    44 Max:   330 Err:     4 (23.53%) Active: 3 Started: 3 Finished: 0
2024-01-15 15:47:31,224 INFO o.a.j.r.Summariser: summary =    164 in 00:04:51 =    0.6/s Avg:   229 Min:    39 Max:  1690 Err:    29 (17.68%)
2024-01-15 15:48:00,822 INFO o.a.j.r.Summariser: summary +     17 in 00:00:30 =    0.6/s Avg:   187 Min:    38 Max:   440 Err:     1 (5.88%) Active: 3 Started: 3 Finished: 0
2024-01-15 15:48:00,823 INFO o.a.j.r.Summariser: summary =    181 in 00:05:21 =    0.6/s Avg:   225 Min:    38 Max:  1690 Err:    30 (16.57%)
2024-01-15 15:48:31,956 INFO o.a.j.r.Summariser: summary +     18 in 00:00:31 =    0.6/s Avg:   192 Min:    47 Max:   626 Err:     3 (16.67%) Active: 3 Started: 3 Finished: 0
2024-01-15 15:48:31,956 INFO o.a.j.r.Summariser: summary =    199 in 00:05:52 =    0.6/s Avg:   222 Min:    38 Max:  1690 Err:    33 (16.58%)
2024-01-15 15:49:00,585 INFO o.a.j.r.Summariser: summary +     17 in 00:00:29 =    0.6/s Avg:   161 Min:    39 Max:   326 Err:     3 (17.65%) Active: 3 Started: 3 Finished: 0
2024-01-15 15:49:00,585 INFO o.a.j.r.Summariser: summary =    216 in 00:06:20 =    0.6/s Avg:   217 Min:    38 Max:  1690 Err:    36 (16.67%)
2024-01-15 15:49:30,668 INFO o.a.j.r.Summariser: summary +     17 in 00:00:30 =    0.6/s Avg:   213 Min:    44 Max:   553 Err:     3 (17.65%) Active: 3 Started: 3 Finished: 0
2024-01-15 15:49:30,669 INFO o.a.j.r.Summariser: summary =    233 in 00:06:51 =    0.6/s Avg:   217 Min:    38 Max:  1690 Err:    39 (16.74%)
2024-01-15 15:50:00,202 INFO o.a.j.r.Summariser: summary +     17 in 00:00:30 =    0.6/s Avg:   180 Min:    58 Max:   332 Err:     3 (17.65%) Active: 3 Started: 3 Finished: 0
2024-01-15 15:50:00,202 INFO o.a.j.r.Summariser: summary =    250 in 00:07:20 =    0.6/s Avg:   214 Min:    38 Max:  1690 Err:    42 (16.80%)
2024-01-15 15:50:31,293 INFO o.a.j.r.Summariser: summary +     18 in 00:00:31 =    0.6/s Avg:   158 Min:    39 Max:   324 Err:     3 (16.67%) Active: 3 Started: 3 Finished: 0
2024-01-15 15:50:31,294 INFO o.a.j.r.Summariser: summary =    268 in 00:07:51 =    0.6/s Avg:   210 Min:    38 Max:  1690 Err:    45 (16.79%)
2024-01-15 15:51:02,270 INFO o.a.j.r.Summariser: summary +     18 in 00:00:31 =    0.6/s Avg:   177 Min:    39 Max:   392 Err:     3 (16.67%) Active: 3 Started: 3 Finished: 0
2024-01-15 15:51:02,271 INFO o.a.j.r.Summariser: summary =    286 in 00:08:22 =    0.6/s Avg:   208 Min:    38 Max:  1690 Err:    48 (16.78%)
2024-01-15 15:51:30,876 INFO o.a.j.r.Summariser: summary +     17 in 00:00:29 =    0.6/s Avg:   171 Min:    37 Max:   327 Err:     3 (17.65%) Active: 3 Started: 3 Finished: 0
2024-01-15 15:51:30,877 INFO o.a.j.r.Summariser: summary =    303 in 00:08:51 =    0.6/s Avg:   206 Min:    37 Max:  1690 Err:    51 (16.83%)
2024-01-15 15:52:00,778 INFO o.a.j.r.Summariser: summary +     17 in 00:00:30 =    0.6/s Avg:   177 Min:    39 Max:   397 Err:     3 (17.65%) Active: 3 Started: 3 Finished: 0
2024-01-15 15:52:00,779 INFO o.a.j.r.Summariser: summary =    320 in 00:09:21 =    0.6/s Avg:   205 Min:    37 Max:  1690 Err:    54 (16.88%)
2024-01-15 15:52:31,780 INFO o.a.j.r.Summariser: summary +     18 in 00:00:31 =    0.6/s Avg:   150 Min:    42 Max:   323 Err:     2 (11.11%) Active: 3 Started: 3 Finished: 0
2024-01-15 15:52:31,781 INFO o.a.j.r.Summariser: summary =    338 in 00:09:52 =    0.6/s Avg:   202 Min:    37 Max:  1690 Err:    56 (16.57%)
2024-01-15 15:53:01,010 INFO o.a.j.r.Summariser: summary +     17 in 00:00:29 =    0.6/s Avg:   168 Min:    43 Max:   321 Err:     2 (11.76%) Active: 3 Started: 3 Finished: 0
2024-01-15 15:53:01,011 INFO o.a.j.r.Summariser: summary =    355 in 00:10:21 =    0.6/s Avg:   200 Min:    37 Max:  1690 Err:    58 (16.34%)
2024-01-15 15:53:03,959 INFO o.a.j.t.JMeterThread: Thread is done: Thread Group 1-1
2024-01-15 15:53:03,960 INFO o.a.j.t.JMeterThread: Thread finished: Thread Group 1-1
2024-01-15 15:53:08,154 INFO o.a.j.t.JMeterThread: Thread is done: Thread Group 1-2
2024-01-15 15:53:08,155 INFO o.a.j.t.JMeterThread: Thread finished: Thread Group 1-2
2024-01-15 15:53:11,367 INFO o.a.j.t.JMeterThread: Thread is done: Thread Group 1-3
2024-01-15 15:53:11,367 INFO o.a.j.t.JMeterThread: Thread finished: Thread Group 1-3
2024-01-15 15:53:11,370 INFO o.a.j.e.StandardJMeterEngine: Notifying test listeners of end of test
2024-01-15 15:53:11,371 INFO o.a.j.v.b.BackendListener: Worker ended
2024-01-15 15:53:11,374 INFO o.a.j.v.b.i.InfluxdbBackendListenerClient: Sending last metrics to InfluxDB
2024-01-15 15:53:11,375 INFO o.a.j.v.b.i.HttpMetricsSender: Destroying 
2024-01-15 15:53:11,388 INFO o.a.j.r.Summariser: summary +      5 in 00:00:10 =    0.5/s Avg:   240 Min:    45 Max:   383 Err:     2 (40.00%) Active: 0 Started: 3 Finished: 3
2024-01-15 15:53:11,389 INFO o.a.j.r.Summariser: summary =    360 in 00:10:31 =    0.6/s Avg:   201 Min:    37 Max:  1690 Err:    60 (16.67%)
