2024-01-16 13:10:46,877 INFO o.a.j.u.JMeterUtils: Setting Locale to en_EN
2024-01-16 13:10:46,902 INFO o.a.j.JMeter: Loading user properties from: /opt/yaman/jmeter/apache-jmeter-5.5/bin/user.properties
2024-01-16 13:10:46,902 INFO o.a.j.JMeter: Loading system properties from: /opt/yaman/jmeter/apache-jmeter-5.5/bin/system.properties
2024-01-16 13:10:46,909 INFO o.a.j.JMeter: Copyright (c) 1998-2022 The Apache Software Foundation
2024-01-16 13:10:46,909 INFO o.a.j.JMeter: Version 5.5
2024-01-16 13:10:46,909 INFO o.a.j.JMeter: java.version=11.0.18
2024-01-16 13:10:46,910 INFO o.a.j.JMeter: java.vm.name=OpenJDK 64-Bit Server VM
2024-01-16 13:10:46,910 INFO o.a.j.JMeter: os.name=Linux
2024-01-16 13:10:46,910 INFO o.a.j.JMeter: os.arch=amd64
2024-01-16 13:10:46,910 INFO o.a.j.JMeter: os.version=5.15.133.1-microsoft-standard-WSL2
2024-01-16 13:10:46,910 INFO o.a.j.JMeter: file.encoding=ANSI_X3.4-1968
2024-01-16 13:10:46,910 INFO o.a.j.JMeter: java.awt.headless=true
2024-01-16 13:10:46,910 INFO o.a.j.JMeter: Max memory     =536870912
2024-01-16 13:10:46,910 INFO o.a.j.JMeter: Available Processors =8
2024-01-16 13:10:46,921 INFO o.a.j.JMeter: Default Locale=English (EN)
2024-01-16 13:10:46,921 INFO o.a.j.JMeter: JMeter  Locale=English (EN)
2024-01-16 13:10:46,921 INFO o.a.j.JMeter: JMeterHome=/opt/yaman/jmeter/apache-jmeter-5.5
2024-01-16 13:10:46,921 INFO o.a.j.JMeter: user.dir  =/opt/yaman/teste
2024-01-16 13:10:46,921 INFO o.a.j.JMeter: PWD       =/opt/yaman/teste
2024-01-16 13:10:46,922 INFO o.a.j.JMeter: IP: 172.20.0.4 Name: 9bb5f4f334f8 FullName: 9bb5f4f334f8
2024-01-16 13:10:46,945 INFO o.a.j.s.FileServer: Default base='/opt/yaman/teste'
2024-01-16 13:10:46,945 INFO o.a.j.s.FileServer: Set new base='/opt/yaman/scripts'
2024-01-16 13:10:47,149 INFO o.a.j.s.SaveService: Testplan (JMX) version: 2.2. Testlog (JTL) version: 2.2
2024-01-16 13:10:47,171 INFO o.a.j.s.SaveService: Using SaveService properties version 5.0
2024-01-16 13:10:47,175 INFO o.a.j.s.SaveService: Using SaveService properties file encoding UTF-8
2024-01-16 13:10:47,178 INFO o.a.j.s.SaveService: Loading file: /opt/yaman/scripts/google2.jmx
2024-01-16 13:10:47,228 INFO o.a.j.s.SampleResult: Note: Sample TimeStamps are START times
2024-01-16 13:10:47,228 INFO o.a.j.s.SampleResult: sampleresult.default.encoding is set to ISO-8859-1
2024-01-16 13:10:47,228 INFO o.a.j.s.SampleResult: sampleresult.useNanoTime=true
2024-01-16 13:10:47,228 INFO o.a.j.s.SampleResult: sampleresult.nanoThreadSleep=5000
2024-01-16 13:10:47,254 INFO o.a.j.p.h.s.HTTPSamplerBase: Parser for text/html is org.apache.jmeter.protocol.http.parser.LagartoBasedHtmlParser
2024-01-16 13:10:47,254 INFO o.a.j.p.h.s.HTTPSamplerBase: Parser for application/xhtml+xml is org.apache.jmeter.protocol.http.parser.LagartoBasedHtmlParser
2024-01-16 13:10:47,254 INFO o.a.j.p.h.s.HTTPSamplerBase: Parser for application/xml is org.apache.jmeter.protocol.http.parser.LagartoBasedHtmlParser
2024-01-16 13:10:47,255 INFO o.a.j.p.h.s.HTTPSamplerBase: Parser for text/xml is org.apache.jmeter.protocol.http.parser.LagartoBasedHtmlParser
2024-01-16 13:10:47,255 INFO o.a.j.p.h.s.HTTPSamplerBase: Parser for text/vnd.wap.wml is org.apache.jmeter.protocol.http.parser.RegexpHTMLParser
2024-01-16 13:10:47,255 INFO o.a.j.p.h.s.HTTPSamplerBase: Parser for text/css is org.apache.jmeter.protocol.http.parser.CssParser
2024-01-16 13:10:47,272 INFO o.a.j.JMeter: Creating summariser <summary>
2024-01-16 13:10:47,288 INFO o.a.j.e.StandardJMeterEngine: Running the test!
2024-01-16 13:10:47,289 INFO o.a.j.s.SampleEvent: List of sample_variables: []
2024-01-16 13:10:47,290 INFO o.a.j.s.SampleEvent: List of sample_variables: []
2024-01-16 13:10:47,313 INFO o.a.j.e.u.CompoundVariable: Note: Function class names must contain the string: '.functions.'
2024-01-16 13:10:47,313 INFO o.a.j.e.u.CompoundVariable: Note: Function class names must not contain the string: '.gui.'
2024-01-16 13:10:47,696 INFO o.a.j.v.b.BackendListener: Backend Listener: Starting worker with class: class org.apache.jmeter.visualizers.backend.influxdb.InfluxdbBackendListenerClient and queue capacity: 5000
2024-01-16 13:10:47,697 INFO o.a.j.v.b.BackendListener: Backend Listener: Started  worker with class: class org.apache.jmeter.visualizers.backend.influxdb.InfluxdbBackendListenerClient
2024-01-16 13:10:47,973 INFO o.a.j.JMeter: Running test (1705421447973)
2024-01-16 13:10:47,979 INFO o.a.j.e.StandardJMeterEngine: Starting ThreadGroup: 1 : Thread Group
2024-01-16 13:10:47,979 INFO o.a.j.e.StandardJMeterEngine: Starting 3 threads for group Thread Group.
2024-01-16 13:10:47,979 INFO o.a.j.e.StandardJMeterEngine: Thread will continue on error
2024-01-16 13:10:47,979 INFO o.a.j.t.ThreadGroup: Starting thread group... number=1 threads=3 ramp-up=10 delayedStart=false
2024-01-16 13:10:47,991 INFO o.a.j.t.ThreadGroup: Started thread group number 1
2024-01-16 13:10:47,991 INFO o.a.j.e.StandardJMeterEngine: All thread groups have been started
2024-01-16 13:10:48,000 INFO o.a.j.t.JMeterThread: Thread started: Thread Group 1-1
2024-01-16 13:10:51,324 INFO o.a.j.t.JMeterThread: Thread started: Thread Group 1-2
2024-01-16 13:10:53,009 INFO o.a.j.p.h.s.HTTPHCAbstractImpl: Local host = 9bb5f4f334f8
2024-01-16 13:10:53,012 INFO o.a.j.p.h.s.HTTPHC4Impl: HTTP request retry count = 0
2024-01-16 13:10:53,089 INFO o.a.j.p.h.s.h.LazyLayeredConnectionSocketFactory: Setting up HTTPS TrustAll Socket Factory
2024-01-16 13:10:53,095 INFO o.a.j.u.JsseSSLManager: Using default SSL protocol: TLS
2024-01-16 13:10:53,095 INFO o.a.j.u.JsseSSLManager: SSL session context: per-thread
2024-01-16 13:10:53,104 INFO o.a.j.u.SSLManager: JmeterKeyStore Location:  type JKS
2024-01-16 13:10:53,106 INFO o.a.j.u.SSLManager: KeyStore created OK
2024-01-16 13:10:53,106 WARN o.a.j.u.SSLManager: Keystore file not found, loading empty keystore
2024-01-16 13:10:54,655 INFO o.a.j.t.JMeterThread: Thread started: Thread Group 1-3
2024-01-16 13:11:02,066 INFO o.a.j.r.Summariser: summary +      5 in 00:00:14 =    0.4/s Avg:   555 Min:   133 Max:  1634 Err:     0 (0.00%) Active: 3 Started: 3 Finished: 0
2024-01-16 13:11:31,320 INFO o.a.j.r.Summariser: summary +     16 in 00:00:29 =    0.5/s Avg:   234 Min:    46 Max:   460 Err:     3 (18.75%) Active: 3 Started: 3 Finished: 0
2024-01-16 13:11:31,321 INFO o.a.j.r.Summariser: summary =     21 in 00:00:43 =    0.5/s Avg:   311 Min:    46 Max:  1634 Err:     3 (14.29%)
2024-01-16 13:12:02,641 INFO o.a.j.r.Summariser: summary +     18 in 00:00:31 =    0.6/s Avg:   245 Min:    44 Max:   686 Err:     4 (22.22%) Active: 3 Started: 3 Finished: 0
2024-01-16 13:12:02,642 INFO o.a.j.r.Summariser: summary =     39 in 00:01:15 =    0.5/s Avg:   280 Min:    44 Max:  1634 Err:     7 (17.95%)
2024-01-16 13:12:31,005 INFO o.a.j.r.Summariser: summary +     17 in 00:00:28 =    0.6/s Avg:   249 Min:    49 Max:   380 Err:     2 (11.76%) Active: 3 Started: 3 Finished: 0
2024-01-16 13:12:31,006 INFO o.a.j.r.Summariser: summary =     56 in 00:01:43 =    0.5/s Avg:   271 Min:    44 Max:  1634 Err:     9 (16.07%)
2024-01-16 13:13:00,405 INFO o.a.j.r.Summariser: summary +     16 in 00:00:29 =    0.5/s Avg:   207 Min:    46 Max:   402 Err:     3 (18.75%) Active: 3 Started: 3 Finished: 0
2024-01-16 13:13:00,405 INFO o.a.j.r.Summariser: summary =     72 in 00:02:12 =    0.5/s Avg:   256 Min:    44 Max:  1634 Err:    12 (16.67%)
2024-01-16 13:13:31,634 INFO o.a.j.r.Summariser: summary +     18 in 00:00:31 =    0.6/s Avg:   219 Min:    40 Max:   353 Err:     3 (16.67%) Active: 3 Started: 3 Finished: 0
2024-01-16 13:13:31,635 INFO o.a.j.r.Summariser: summary =     90 in 00:02:44 =    0.5/s Avg:   249 Min:    40 Max:  1634 Err:    15 (16.67%)
2024-01-16 13:14:03,401 INFO o.a.j.r.Summariser: summary +     18 in 00:00:32 =    0.6/s Avg:   254 Min:    76 Max:   463 Err:     3 (16.67%) Active: 3 Started: 3 Finished: 0
2024-01-16 13:14:03,402 INFO o.a.j.r.Summariser: summary =    108 in 00:03:15 =    0.6/s Avg:   250 Min:    40 Max:  1634 Err:    18 (16.67%)
2024-01-16 13:14:30,956 INFO o.a.j.r.Summariser: summary +     17 in 00:00:28 =    0.6/s Avg:   201 Min:    43 Max:   420 Err:     2 (11.76%) Active: 3 Started: 3 Finished: 0
2024-01-16 13:14:30,956 INFO o.a.j.r.Summariser: summary =    125 in 00:03:43 =    0.6/s Avg:   243 Min:    40 Max:  1634 Err:    20 (16.00%)
2024-01-16 13:15:00,711 INFO o.a.j.r.Summariser: summary +     16 in 00:00:30 =    0.5/s Avg:   299 Min:    51 Max:  1247 Err:     4 (25.00%) Active: 3 Started: 3 Finished: 0
2024-01-16 13:15:00,711 INFO o.a.j.r.Summariser: summary =    141 in 00:04:13 =    0.6/s Avg:   249 Min:    40 Max:  1634 Err:    24 (17.02%)
2024-01-16 13:15:32,237 INFO o.a.j.r.Summariser: summary +     18 in 00:00:32 =    0.6/s Avg:   231 Min:    40 Max:   472 Err:     3 (16.67%) Active: 3 Started: 3 Finished: 0
2024-01-16 13:15:32,237 INFO o.a.j.r.Summariser: summary =    159 in 00:04:44 =    0.6/s Avg:   247 Min:    40 Max:  1634 Err:    27 (16.98%)
2024-01-16 13:16:00,988 INFO o.a.j.r.Summariser: summary +     17 in 00:00:29 =    0.6/s Avg:   217 Min:    42 Max:   436 Err:     3 (17.65%) Active: 3 Started: 3 Finished: 0
2024-01-16 13:16:00,989 INFO o.a.j.r.Summariser: summary =    176 in 00:05:13 =    0.6/s Avg:   244 Min:    40 Max:  1634 Err:    30 (17.05%)
2024-01-16 13:16:32,293 INFO o.a.j.r.Summariser: summary +     18 in 00:00:31 =    0.6/s Avg:   236 Min:    43 Max:   563 Err:     2 (11.11%) Active: 3 Started: 3 Finished: 0
2024-01-16 13:16:32,293 INFO o.a.j.r.Summariser: summary =    194 in 00:05:44 =    0.6/s Avg:   244 Min:    40 Max:  1634 Err:    32 (16.49%)
2024-01-16 13:17:01,295 INFO o.a.j.r.Summariser: summary +     16 in 00:00:29 =    0.6/s Avg:   266 Min:    44 Max:   690 Err:     3 (18.75%) Active: 3 Started: 3 Finished: 0
2024-01-16 13:17:01,296 INFO o.a.j.r.Summariser: summary =    210 in 00:06:13 =    0.6/s Avg:   245 Min:    40 Max:  1634 Err:    35 (16.67%)
2024-01-16 13:17:32,680 INFO o.a.j.r.Summariser: summary +     18 in 00:00:31 =    0.6/s Avg:   234 Min:    44 Max:   649 Err:     3 (16.67%) Active: 3 Started: 3 Finished: 0
2024-01-16 13:17:32,680 INFO o.a.j.r.Summariser: summary =    228 in 00:06:45 =    0.6/s Avg:   244 Min:    40 Max:  1634 Err:    38 (16.67%)
2024-01-16 13:18:01,210 INFO o.a.j.r.Summariser: summary +     17 in 00:00:29 =    0.6/s Avg:   215 Min:    41 Max:   351 Err:     2 (11.76%) Active: 3 Started: 3 Finished: 0
2024-01-16 13:18:01,211 INFO o.a.j.r.Summariser: summary =    245 in 00:07:13 =    0.6/s Avg:   242 Min:    40 Max:  1634 Err:    40 (16.33%)
2024-01-16 13:18:30,094 INFO o.a.j.r.Summariser: summary +     16 in 00:00:29 =    0.6/s Avg:   263 Min:    45 Max:   555 Err:     3 (18.75%) Active: 3 Started: 3 Finished: 0
2024-01-16 13:18:30,094 INFO o.a.j.r.Summariser: summary =    261 in 00:07:42 =    0.6/s Avg:   244 Min:    40 Max:  1634 Err:    43 (16.48%)
2024-01-16 13:19:01,370 INFO o.a.j.r.Summariser: summary +     18 in 00:00:31 =    0.6/s Avg:   217 Min:    42 Max:   346 Err:     3 (16.67%) Active: 3 Started: 3 Finished: 0
2024-01-16 13:19:01,371 INFO o.a.j.r.Summariser: summary =    279 in 00:08:13 =    0.6/s Avg:   242 Min:    40 Max:  1634 Err:    46 (16.49%)
2024-01-16 13:19:30,409 INFO o.a.j.r.Summariser: summary +     17 in 00:00:29 =    0.6/s Avg:   235 Min:    43 Max:   419 Err:     4 (23.53%) Active: 3 Started: 3 Finished: 0
2024-01-16 13:19:30,410 INFO o.a.j.r.Summariser: summary =    296 in 00:08:42 =    0.6/s Avg:   241 Min:    40 Max:  1634 Err:    50 (16.89%)
2024-01-16 13:20:01,499 INFO o.a.j.r.Summariser: summary +     17 in 00:00:31 =    0.5/s Avg:   363 Min:    39 Max:  2938 Err:     2 (11.76%) Active: 3 Started: 3 Finished: 0
2024-01-16 13:20:01,500 INFO o.a.j.r.Summariser: summary =    313 in 00:09:14 =    0.6/s Avg:   248 Min:    39 Max:  2938 Err:    52 (16.61%)
2024-01-16 13:20:30,452 INFO o.a.j.r.Summariser: summary +     17 in 00:00:29 =    0.6/s Avg:   257 Min:    44 Max:   655 Err:     4 (23.53%) Active: 3 Started: 3 Finished: 0
2024-01-16 13:20:30,453 INFO o.a.j.r.Summariser: summary =    330 in 00:09:42 =    0.6/s Avg:   249 Min:    39 Max:  2938 Err:    56 (16.97%)
2024-01-16 13:21:01,853 INFO o.a.j.r.Summariser: summary +     18 in 00:00:31 =    0.6/s Avg:   211 Min:    44 Max:   399 Err:     2 (11.11%) Active: 3 Started: 3 Finished: 0
2024-01-16 13:21:01,853 INFO o.a.j.r.Summariser: summary =    348 in 00:10:14 =    0.6/s Avg:   247 Min:    39 Max:  2938 Err:    58 (16.67%)
2024-01-16 13:21:17,332 INFO o.a.j.t.JMeterThread: Thread is done: Thread Group 1-1
2024-01-16 13:21:17,332 INFO o.a.j.t.JMeterThread: Thread finished: Thread Group 1-1
2024-01-16 13:21:20,156 INFO o.a.j.t.JMeterThread: Thread is done: Thread Group 1-2
2024-01-16 13:21:20,157 INFO o.a.j.t.JMeterThread: Thread finished: Thread Group 1-2
2024-01-16 13:21:25,310 INFO o.a.j.t.JMeterThread: Thread is done: Thread Group 1-3
2024-01-16 13:21:25,310 INFO o.a.j.t.JMeterThread: Thread finished: Thread Group 1-3
2024-01-16 13:21:25,312 INFO o.a.j.e.StandardJMeterEngine: Notifying test listeners of end of test
2024-01-16 13:21:25,313 INFO o.a.j.v.b.BackendListener: Worker ended
2024-01-16 13:21:25,314 INFO o.a.j.v.b.i.InfluxdbBackendListenerClient: Sending last metrics to InfluxDB
2024-01-16 13:21:25,315 INFO o.a.j.v.b.i.HttpMetricsSender: Destroying 
2024-01-16 13:21:25,325 INFO o.a.j.r.Summariser: summary +     12 in 00:00:23 =    0.5/s Avg:   197 Min:    40 Max:   604 Err:     2 (16.67%) Active: 0 Started: 3 Finished: 3
2024-01-16 13:21:25,325 INFO o.a.j.r.Summariser: summary =    360 in 00:10:37 =    0.6/s Avg:   245 Min:    39 Max:  2938 Err:    60 (16.67%)
