2024-01-11 15:42:30,181 INFO o.a.j.u.JMeterUtils: Setting Locale to en_EN
2024-01-11 15:42:30,248 INFO o.a.j.JMeter: Loading user properties from: /opt/yaman/jmeter/apache-jmeter-5.5/bin/user.properties
2024-01-11 15:42:30,249 INFO o.a.j.JMeter: Loading system properties from: /opt/yaman/jmeter/apache-jmeter-5.5/bin/system.properties
2024-01-11 15:42:30,263 INFO o.a.j.JMeter: Copyright (c) 1998-2022 The Apache Software Foundation
2024-01-11 15:42:30,263 INFO o.a.j.JMeter: Version 5.5
2024-01-11 15:42:30,263 INFO o.a.j.JMeter: java.version=11.0.18
2024-01-11 15:42:30,263 INFO o.a.j.JMeter: java.vm.name=OpenJDK 64-Bit Server VM
2024-01-11 15:42:30,263 INFO o.a.j.JMeter: os.name=Linux
2024-01-11 15:42:30,263 INFO o.a.j.JMeter: os.arch=amd64
2024-01-11 15:42:30,263 INFO o.a.j.JMeter: os.version=5.15.133.1-microsoft-standard-WSL2
2024-01-11 15:42:30,264 INFO o.a.j.JMeter: file.encoding=ANSI_X3.4-1968
2024-01-11 15:42:30,264 INFO o.a.j.JMeter: java.awt.headless=true
2024-01-11 15:42:30,264 INFO o.a.j.JMeter: Max memory     =536870912
2024-01-11 15:42:30,265 INFO o.a.j.JMeter: Available Processors =8
2024-01-11 15:42:30,278 INFO o.a.j.JMeter: Default Locale=English (EN)
2024-01-11 15:42:30,279 INFO o.a.j.JMeter: JMeter  Locale=English (EN)
2024-01-11 15:42:30,279 INFO o.a.j.JMeter: JMeterHome=/opt/yaman/jmeter/apache-jmeter-5.5
2024-01-11 15:42:30,279 INFO o.a.j.JMeter: user.dir  =/opt/yaman/teste
2024-01-11 15:42:30,279 INFO o.a.j.JMeter: PWD       =/opt/yaman/teste
2024-01-11 15:42:30,281 INFO o.a.j.JMeter: IP: 172.20.0.4 Name: 98c5486a02ba FullName: 98c5486a02ba
2024-01-11 15:42:30,294 INFO o.a.j.s.FileServer: Default base='/opt/yaman/teste'
2024-01-11 15:42:30,295 INFO o.a.j.s.FileServer: Set new base='/opt/yaman/scripts'
2024-01-11 15:42:30,618 INFO o.a.j.s.SaveService: Testplan (JMX) version: 2.2. Testlog (JTL) version: 2.2
2024-01-11 15:42:30,656 INFO o.a.j.s.SaveService: Using SaveService properties version 5.0
2024-01-11 15:42:30,662 INFO o.a.j.s.SaveService: Using SaveService properties file encoding UTF-8
2024-01-11 15:42:30,668 INFO o.a.j.s.SaveService: Loading file: /opt/yaman/scripts/googleJmeter.jmx
2024-01-11 15:42:30,751 INFO o.a.j.s.SampleResult: Note: Sample TimeStamps are START times
2024-01-11 15:42:30,751 INFO o.a.j.s.SampleResult: sampleresult.default.encoding is set to ISO-8859-1
2024-01-11 15:42:30,751 INFO o.a.j.s.SampleResult: sampleresult.useNanoTime=true
2024-01-11 15:42:30,751 INFO o.a.j.s.SampleResult: sampleresult.nanoThreadSleep=5000
2024-01-11 15:42:30,787 INFO o.a.j.p.h.s.HTTPSamplerBase: Parser for text/html is org.apache.jmeter.protocol.http.parser.LagartoBasedHtmlParser
2024-01-11 15:42:30,787 INFO o.a.j.p.h.s.HTTPSamplerBase: Parser for application/xhtml+xml is org.apache.jmeter.protocol.http.parser.LagartoBasedHtmlParser
2024-01-11 15:42:30,787 INFO o.a.j.p.h.s.HTTPSamplerBase: Parser for application/xml is org.apache.jmeter.protocol.http.parser.LagartoBasedHtmlParser
2024-01-11 15:42:30,787 INFO o.a.j.p.h.s.HTTPSamplerBase: Parser for text/xml is org.apache.jmeter.protocol.http.parser.LagartoBasedHtmlParser
2024-01-11 15:42:30,788 INFO o.a.j.p.h.s.HTTPSamplerBase: Parser for text/vnd.wap.wml is org.apache.jmeter.protocol.http.parser.RegexpHTMLParser
2024-01-11 15:42:30,788 INFO o.a.j.p.h.s.HTTPSamplerBase: Parser for text/css is org.apache.jmeter.protocol.http.parser.CssParser
2024-01-11 15:42:30,827 INFO o.a.j.JMeter: Creating summariser <summary>
2024-01-11 15:42:30,928 INFO o.a.j.e.StandardJMeterEngine: Running the test!
2024-01-11 15:42:30,931 INFO o.a.j.s.SampleEvent: List of sample_variables: []
2024-01-11 15:42:30,931 INFO o.a.j.s.SampleEvent: List of sample_variables: []
2024-01-11 15:42:30,988 INFO o.a.j.e.u.CompoundVariable: Note: Function class names must contain the string: '.functions.'
2024-01-11 15:42:30,988 INFO o.a.j.e.u.CompoundVariable: Note: Function class names must not contain the string: '.gui.'
2024-01-11 15:42:32,294 INFO o.a.j.v.b.BackendListener: Backend Listener: Starting worker with class: class org.apache.jmeter.visualizers.backend.influxdb.InfluxdbBackendListenerClient and queue capacity: 5000
2024-01-11 15:42:32,300 INFO o.a.j.v.b.BackendListener: Backend Listener: Started  worker with class: class org.apache.jmeter.visualizers.backend.influxdb.InfluxdbBackendListenerClient
2024-01-11 15:42:33,168 INFO o.a.j.JMeter: Running test (1704998553168)
2024-01-11 15:42:33,180 INFO o.a.j.e.StandardJMeterEngine: Starting ThreadGroup: 1 : Thread Group
2024-01-11 15:42:33,181 INFO o.a.j.e.StandardJMeterEngine: Starting 3 threads for group Thread Group.
2024-01-11 15:42:33,181 INFO o.a.j.e.StandardJMeterEngine: Thread will continue on error
2024-01-11 15:42:33,181 INFO o.a.j.t.ThreadGroup: Starting thread group... number=1 threads=3 ramp-up=10 delayedStart=false
2024-01-11 15:42:33,215 INFO o.a.j.t.ThreadGroup: Started thread group number 1
2024-01-11 15:42:33,215 INFO o.a.j.e.StandardJMeterEngine: All thread groups have been started
2024-01-11 15:42:33,251 INFO o.a.j.t.JMeterThread: Thread started: Thread Group 1-1
2024-01-11 15:42:36,557 INFO o.a.j.t.JMeterThread: Thread started: Thread Group 1-2
2024-01-11 15:42:38,304 INFO o.a.j.p.h.s.HTTPHCAbstractImpl: Local host = 98c5486a02ba
2024-01-11 15:42:38,317 INFO o.a.j.p.h.s.HTTPHC4Impl: HTTP request retry count = 0
2024-01-11 15:42:39,885 INFO o.a.j.t.JMeterThread: Thread started: Thread Group 1-3
2024-01-11 15:42:40,639 INFO o.a.j.p.h.s.h.LazyLayeredConnectionSocketFactory: Setting up HTTPS TrustAll Socket Factory
2024-01-11 15:42:40,658 INFO o.a.j.u.JsseSSLManager: Using default SSL protocol: TLS
2024-01-11 15:42:40,658 INFO o.a.j.u.JsseSSLManager: SSL session context: per-thread
2024-01-11 15:42:40,686 INFO o.a.j.u.SSLManager: JmeterKeyStore Location:  type JKS
2024-01-11 15:42:40,689 INFO o.a.j.u.SSLManager: KeyStore created OK
2024-01-11 15:42:40,689 WARN o.a.j.u.SSLManager: Keystore file not found, loading empty keystore
2024-01-11 15:43:02,788 INFO o.a.j.r.Summariser: summary +     12 in 00:00:30 =    0.4/s Avg:   630 Min:   178 Max:  1995 Err:     0 (0.00%) Active: 3 Started: 3 Finished: 0
2024-01-11 15:43:34,024 INFO o.a.j.r.Summariser: summary +     18 in 00:00:31 =    0.6/s Avg:   185 Min:    44 Max:   549 Err:     3 (16.67%) Active: 3 Started: 3 Finished: 0
2024-01-11 15:43:34,027 INFO o.a.j.r.Summariser: summary =     30 in 00:01:01 =    0.5/s Avg:   363 Min:    44 Max:  1995 Err:     3 (10.00%)
2024-01-11 15:44:00,089 INFO o.a.j.r.Summariser: summary +     16 in 00:00:26 =    0.6/s Avg:   209 Min:    48 Max:   589 Err:     3 (18.75%) Active: 3 Started: 3 Finished: 0
2024-01-11 15:44:00,090 INFO o.a.j.r.Summariser: summary =     46 in 00:01:27 =    0.5/s Avg:   310 Min:    44 Max:  1995 Err:     6 (13.04%)
2024-01-11 15:44:31,186 INFO o.a.j.r.Summariser: summary +     17 in 00:00:31 =    0.5/s Avg:   216 Min:    44 Max:   397 Err:     5 (29.41%) Active: 3 Started: 3 Finished: 0
2024-01-11 15:44:31,187 INFO o.a.j.r.Summariser: summary =     63 in 00:01:58 =    0.5/s Avg:   284 Min:    44 Max:  1995 Err:    11 (17.46%)
2024-01-11 15:45:01,984 INFO o.a.j.r.Summariser: summary +     18 in 00:00:31 =    0.6/s Avg:   194 Min:    38 Max:   647 Err:     3 (16.67%) Active: 3 Started: 3 Finished: 0
2024-01-11 15:45:01,985 INFO o.a.j.r.Summariser: summary =     81 in 00:02:29 =    0.5/s Avg:   264 Min:    38 Max:  1995 Err:    14 (17.28%)
2024-01-11 15:45:32,855 INFO o.a.j.r.Summariser: summary +     18 in 00:00:31 =    0.6/s Avg:   151 Min:    41 Max:   392 Err:     2 (11.11%) Active: 3 Started: 3 Finished: 0
2024-01-11 15:45:32,855 INFO o.a.j.r.Summariser: summary =     99 in 00:03:00 =    0.6/s Avg:   244 Min:    38 Max:  1995 Err:    16 (16.16%)
2024-01-11 15:46:03,950 INFO o.a.j.r.Summariser: summary +     18 in 00:00:31 =    0.6/s Avg:   166 Min:    51 Max:   335 Err:     2 (11.11%) Active: 3 Started: 3 Finished: 0
2024-01-11 15:46:03,951 INFO o.a.j.r.Summariser: summary =    117 in 00:03:31 =    0.6/s Avg:   232 Min:    38 Max:  1995 Err:    18 (15.38%)
2024-01-11 15:46:30,630 INFO o.a.j.r.Summariser: summary +     16 in 00:00:27 =    0.6/s Avg:   187 Min:    41 Max:   352 Err:     3 (18.75%) Active: 3 Started: 3 Finished: 0
2024-01-11 15:46:30,631 INFO o.a.j.r.Summariser: summary =    133 in 00:03:57 =    0.6/s Avg:   226 Min:    38 Max:  1995 Err:    21 (15.79%)
2024-01-11 15:47:00,945 INFO o.a.j.r.Summariser: summary +     17 in 00:00:30 =    0.6/s Avg:   183 Min:    43 Max:   727 Err:     3 (17.65%) Active: 3 Started: 3 Finished: 0
2024-01-11 15:47:00,945 INFO o.a.j.r.Summariser: summary =    150 in 00:04:28 =    0.6/s Avg:   221 Min:    38 Max:  1995 Err:    24 (16.00%)
2024-01-11 15:47:32,059 INFO o.a.j.r.Summariser: summary +     18 in 00:00:31 =    0.6/s Avg:   189 Min:    47 Max:   332 Err:     6 (33.33%) Active: 3 Started: 3 Finished: 0
2024-01-11 15:47:32,059 INFO o.a.j.r.Summariser: summary =    168 in 00:04:59 =    0.6/s Avg:   218 Min:    38 Max:  1995 Err:    30 (17.86%)
2024-01-11 15:48:03,140 INFO o.a.j.r.Summariser: summary +     18 in 00:00:31 =    0.6/s Avg:   177 Min:    41 Max:   379 Err:     2 (11.11%) Active: 3 Started: 3 Finished: 0
2024-01-11 15:48:03,141 INFO o.a.j.r.Summariser: summary =    186 in 00:05:30 =    0.6/s Avg:   214 Min:    38 Max:  1995 Err:    32 (17.20%)
2024-01-11 15:48:31,544 INFO o.a.j.r.Summariser: summary +     17 in 00:00:28 =    0.6/s Avg:   221 Min:    40 Max:  1408 Err:     2 (11.76%) Active: 3 Started: 3 Finished: 0
2024-01-11 15:48:31,545 INFO o.a.j.r.Summariser: summary =    203 in 00:05:58 =    0.6/s Avg:   215 Min:    38 Max:  1995 Err:    34 (16.75%)
2024-01-11 15:49:00,600 INFO o.a.j.r.Summariser: summary +     17 in 00:00:29 =    0.6/s Avg:   184 Min:    42 Max:   659 Err:     2 (11.76%) Active: 3 Started: 3 Finished: 0
2024-01-11 15:49:00,600 INFO o.a.j.r.Summariser: summary =    220 in 00:06:27 =    0.6/s Avg:   212 Min:    38 Max:  1995 Err:    36 (16.36%)
2024-01-11 15:49:31,150 INFO o.a.j.r.Summariser: summary +     17 in 00:00:31 =    0.6/s Avg:   194 Min:    45 Max:   455 Err:     5 (29.41%) Active: 3 Started: 3 Finished: 0
2024-01-11 15:49:31,150 INFO o.a.j.r.Summariser: summary =    237 in 00:06:58 =    0.6/s Avg:   211 Min:    38 Max:  1995 Err:    41 (17.30%)
2024-01-11 15:50:02,658 INFO o.a.j.r.Summariser: summary +     18 in 00:00:32 =    0.6/s Avg:   195 Min:    62 Max:   770 Err:     1 (5.56%) Active: 3 Started: 3 Finished: 0
2024-01-11 15:50:02,658 INFO o.a.j.r.Summariser: summary =    255 in 00:07:29 =    0.6/s Avg:   210 Min:    38 Max:  1995 Err:    42 (16.47%)
2024-01-11 15:50:30,664 INFO o.a.j.r.Summariser: summary +     17 in 00:00:28 =    0.6/s Avg:   164 Min:    38 Max:   352 Err:     3 (17.65%) Active: 3 Started: 3 Finished: 0
2024-01-11 15:50:30,664 INFO o.a.j.r.Summariser: summary =    272 in 00:07:57 =    0.6/s Avg:   207 Min:    38 Max:  1995 Err:    45 (16.54%)
2024-01-11 15:51:01,652 INFO o.a.j.r.Summariser: summary +     18 in 00:00:31 =    0.6/s Avg:   155 Min:    41 Max:   389 Err:     3 (16.67%) Active: 3 Started: 3 Finished: 0
2024-01-11 15:51:01,652 INFO o.a.j.r.Summariser: summary =    290 in 00:08:28 =    0.6/s Avg:   204 Min:    38 Max:  1995 Err:    48 (16.55%)
2024-01-11 15:51:30,582 INFO o.a.j.r.Summariser: summary +     16 in 00:00:29 =    0.6/s Avg:   192 Min:    54 Max:   329 Err:     3 (18.75%) Active: 3 Started: 3 Finished: 0
2024-01-11 15:51:30,582 INFO o.a.j.r.Summariser: summary =    306 in 00:08:57 =    0.6/s Avg:   203 Min:    38 Max:  1995 Err:    51 (16.67%)
2024-01-11 15:52:01,683 INFO o.a.j.r.Summariser: summary +     18 in 00:00:31 =    0.6/s Avg:   167 Min:    40 Max:   340 Err:     3 (16.67%) Active: 3 Started: 3 Finished: 0
2024-01-11 15:52:01,683 INFO o.a.j.r.Summariser: summary =    324 in 00:09:29 =    0.6/s Avg:   201 Min:    38 Max:  1995 Err:    54 (16.67%)
2024-01-11 15:52:32,649 INFO o.a.j.r.Summariser: summary +     18 in 00:00:31 =    0.6/s Avg:   158 Min:    40 Max:   399 Err:     3 (16.67%) Active: 3 Started: 3 Finished: 0
2024-01-11 15:52:32,649 INFO o.a.j.r.Summariser: summary =    342 in 00:09:59 =    0.6/s Avg:   199 Min:    38 Max:  1995 Err:    57 (16.67%)
2024-01-11 15:52:59,041 INFO o.a.j.t.JMeterThread: Thread is done: Thread Group 1-1
2024-01-11 15:52:59,042 INFO o.a.j.t.JMeterThread: Thread finished: Thread Group 1-1
2024-01-11 15:53:00,454 INFO o.a.j.r.Summariser: summary +     17 in 00:00:28 =    0.6/s Avg:   252 Min:    42 Max:  1258 Err:     3 (17.65%) Active: 2 Started: 3 Finished: 1
2024-01-11 15:53:00,454 INFO o.a.j.r.Summariser: summary =    359 in 00:10:27 =    0.6/s Avg:   201 Min:    38 Max:  1995 Err:    60 (16.71%)
2024-01-11 15:53:00,455 INFO o.a.j.t.JMeterThread: Thread is done: Thread Group 1-2
2024-01-11 15:53:00,455 INFO o.a.j.t.JMeterThread: Thread finished: Thread Group 1-2
2024-01-11 15:53:04,758 INFO o.a.j.t.JMeterThread: Thread is done: Thread Group 1-3
2024-01-11 15:53:04,758 INFO o.a.j.t.JMeterThread: Thread finished: Thread Group 1-3
2024-01-11 15:53:04,760 INFO o.a.j.e.StandardJMeterEngine: Notifying test listeners of end of test
2024-01-11 15:53:04,761 INFO o.a.j.v.b.BackendListener: Worker ended
2024-01-11 15:53:04,763 INFO o.a.j.v.b.i.InfluxdbBackendListenerClient: Sending last metrics to InfluxDB
2024-01-11 15:53:04,765 INFO o.a.j.v.b.i.HttpMetricsSender: Destroying 
2024-01-11 15:53:04,779 INFO o.a.j.r.Summariser: summary +      1 in 00:00:04 =    0.2/s Avg:   247 Min:   247 Max:   247 Err:     0 (0.00%) Active: 0 Started: 3 Finished: 3
2024-01-11 15:53:04,779 INFO o.a.j.r.Summariser: summary =    360 in 00:10:32 =    0.6/s Avg:   201 Min:    38 Max:  1995 Err:    60 (16.67%)
