2024-01-11 14:31:02,965 INFO o.a.j.u.JMeterUtils: Setting Locale to en_EN
2024-01-11 14:31:02,992 INFO o.a.j.JMeter: Loading user properties from: /opt/yaman/jmeter/apache-jmeter-5.5/bin/user.properties
2024-01-11 14:31:02,992 INFO o.a.j.JMeter: Loading system properties from: /opt/yaman/jmeter/apache-jmeter-5.5/bin/system.properties
2024-01-11 14:31:03,000 INFO o.a.j.JMeter: Copyright (c) 1998-2022 The Apache Software Foundation
2024-01-11 14:31:03,000 INFO o.a.j.JMeter: Version 5.5
2024-01-11 14:31:03,000 INFO o.a.j.JMeter: java.version=11.0.18
2024-01-11 14:31:03,001 INFO o.a.j.JMeter: java.vm.name=OpenJDK 64-Bit Server VM
2024-01-11 14:31:03,001 INFO o.a.j.JMeter: os.name=Linux
2024-01-11 14:31:03,001 INFO o.a.j.JMeter: os.arch=amd64
2024-01-11 14:31:03,001 INFO o.a.j.JMeter: os.version=5.15.133.1-microsoft-standard-WSL2
2024-01-11 14:31:03,001 INFO o.a.j.JMeter: file.encoding=ANSI_X3.4-1968
2024-01-11 14:31:03,001 INFO o.a.j.JMeter: java.awt.headless=true
2024-01-11 14:31:03,001 INFO o.a.j.JMeter: Max memory     =536870912
2024-01-11 14:31:03,001 INFO o.a.j.JMeter: Available Processors =8
2024-01-11 14:31:03,016 INFO o.a.j.JMeter: Default Locale=English (EN)
2024-01-11 14:31:03,016 INFO o.a.j.JMeter: JMeter  Locale=English (EN)
2024-01-11 14:31:03,016 INFO o.a.j.JMeter: JMeterHome=/opt/yaman/jmeter/apache-jmeter-5.5
2024-01-11 14:31:03,016 INFO o.a.j.JMeter: user.dir  =/opt/yaman/teste
2024-01-11 14:31:03,016 INFO o.a.j.JMeter: PWD       =/opt/yaman/teste
2024-01-11 14:31:03,017 INFO o.a.j.JMeter: IP: 172.20.0.2 Name: 677a12905d3b FullName: 677a12905d3b
2024-01-11 14:31:03,037 INFO o.a.j.s.FileServer: Default base='/opt/yaman/teste'
2024-01-11 14:31:03,038 INFO o.a.j.s.FileServer: Set new base='/opt/yaman/scripts'
2024-01-11 14:31:03,244 INFO o.a.j.s.SaveService: Testplan (JMX) version: 2.2. Testlog (JTL) version: 2.2
2024-01-11 14:31:03,268 INFO o.a.j.s.SaveService: Using SaveService properties version 5.0
2024-01-11 14:31:03,272 INFO o.a.j.s.SaveService: Using SaveService properties file encoding UTF-8
2024-01-11 14:31:03,275 INFO o.a.j.s.SaveService: Loading file: /opt/yaman/scripts/googleJmeter.jmx
2024-01-11 14:31:03,324 INFO o.a.j.s.SampleResult: Note: Sample TimeStamps are START times
2024-01-11 14:31:03,324 INFO o.a.j.s.SampleResult: sampleresult.default.encoding is set to ISO-8859-1
2024-01-11 14:31:03,324 INFO o.a.j.s.SampleResult: sampleresult.useNanoTime=true
2024-01-11 14:31:03,324 INFO o.a.j.s.SampleResult: sampleresult.nanoThreadSleep=5000
2024-01-11 14:31:03,349 INFO o.a.j.p.h.s.HTTPSamplerBase: Parser for text/html is org.apache.jmeter.protocol.http.parser.LagartoBasedHtmlParser
2024-01-11 14:31:03,349 INFO o.a.j.p.h.s.HTTPSamplerBase: Parser for application/xhtml+xml is org.apache.jmeter.protocol.http.parser.LagartoBasedHtmlParser
2024-01-11 14:31:03,349 INFO o.a.j.p.h.s.HTTPSamplerBase: Parser for application/xml is org.apache.jmeter.protocol.http.parser.LagartoBasedHtmlParser
2024-01-11 14:31:03,349 INFO o.a.j.p.h.s.HTTPSamplerBase: Parser for text/xml is org.apache.jmeter.protocol.http.parser.LagartoBasedHtmlParser
2024-01-11 14:31:03,349 INFO o.a.j.p.h.s.HTTPSamplerBase: Parser for text/vnd.wap.wml is org.apache.jmeter.protocol.http.parser.RegexpHTMLParser
2024-01-11 14:31:03,349 INFO o.a.j.p.h.s.HTTPSamplerBase: Parser for text/css is org.apache.jmeter.protocol.http.parser.CssParser
2024-01-11 14:31:03,367 INFO o.a.j.JMeter: Creating summariser <summary>
2024-01-11 14:31:03,384 INFO o.a.j.e.StandardJMeterEngine: Running the test!
2024-01-11 14:31:03,386 INFO o.a.j.s.SampleEvent: List of sample_variables: []
2024-01-11 14:31:03,386 INFO o.a.j.s.SampleEvent: List of sample_variables: []
2024-01-11 14:31:03,416 INFO o.a.j.e.u.CompoundVariable: Note: Function class names must contain the string: '.functions.'
2024-01-11 14:31:03,416 INFO o.a.j.e.u.CompoundVariable: Note: Function class names must not contain the string: '.gui.'
2024-01-11 14:31:03,804 INFO o.a.j.v.b.BackendListener: Backend Listener: Starting worker with class: class org.apache.jmeter.visualizers.backend.influxdb.InfluxdbBackendListenerClient and queue capacity: 5000
2024-01-11 14:31:03,806 INFO o.a.j.v.b.BackendListener: Backend Listener: Started  worker with class: class org.apache.jmeter.visualizers.backend.influxdb.InfluxdbBackendListenerClient
2024-01-11 14:31:04,096 INFO o.a.j.JMeter: Running test (1704994264096)
2024-01-11 14:31:04,099 INFO o.a.j.e.StandardJMeterEngine: Starting ThreadGroup: 1 : Thread Group
2024-01-11 14:31:04,099 INFO o.a.j.e.StandardJMeterEngine: Starting 3 threads for group Thread Group.
2024-01-11 14:31:04,099 INFO o.a.j.e.StandardJMeterEngine: Thread will continue on error
2024-01-11 14:31:04,100 INFO o.a.j.t.ThreadGroup: Starting thread group... number=1 threads=3 ramp-up=10 delayedStart=false
2024-01-11 14:31:04,111 INFO o.a.j.t.ThreadGroup: Started thread group number 1
2024-01-11 14:31:04,111 INFO o.a.j.e.StandardJMeterEngine: All thread groups have been started
2024-01-11 14:31:04,121 INFO o.a.j.t.JMeterThread: Thread started: Thread Group 1-1
2024-01-11 14:31:07,446 INFO o.a.j.t.JMeterThread: Thread started: Thread Group 1-2
2024-01-11 14:31:09,138 INFO o.a.j.p.h.s.HTTPHCAbstractImpl: Local host = 677a12905d3b
2024-01-11 14:31:09,142 INFO o.a.j.p.h.s.HTTPHC4Impl: HTTP request retry count = 0
2024-01-11 14:31:09,234 INFO o.a.j.p.h.s.h.LazyLayeredConnectionSocketFactory: Setting up HTTPS TrustAll Socket Factory
2024-01-11 14:31:09,239 INFO o.a.j.u.JsseSSLManager: Using default SSL protocol: TLS
2024-01-11 14:31:09,240 INFO o.a.j.u.JsseSSLManager: SSL session context: per-thread
2024-01-11 14:31:09,249 INFO o.a.j.u.SSLManager: JmeterKeyStore Location:  type JKS
2024-01-11 14:31:09,251 INFO o.a.j.u.SSLManager: KeyStore created OK
2024-01-11 14:31:09,251 WARN o.a.j.u.SSLManager: Keystore file not found, loading empty keystore
2024-01-11 14:31:10,778 INFO o.a.j.t.JMeterThread: Thread started: Thread Group 1-3
2024-01-11 14:31:30,393 INFO o.a.j.r.Summariser: summary +     12 in 00:00:26 =    0.5/s Avg:   318 Min:   104 Max:  1270 Err:     1 (8.33%) Active: 3 Started: 3 Finished: 0
2024-01-11 14:32:01,415 INFO o.a.j.r.Summariser: summary +     18 in 00:00:31 =    0.6/s Avg:   203 Min:    43 Max:   567 Err:     4 (22.22%) Active: 3 Started: 3 Finished: 0
2024-01-11 14:32:01,416 INFO o.a.j.r.Summariser: summary =     30 in 00:00:57 =    0.5/s Avg:   249 Min:    43 Max:  1270 Err:     5 (16.67%)
2024-01-11 14:32:30,720 INFO o.a.j.r.Summariser: summary +     17 in 00:00:29 =    0.6/s Avg:   166 Min:    44 Max:   394 Err:     3 (17.65%) Active: 3 Started: 3 Finished: 0
2024-01-11 14:32:30,720 INFO o.a.j.r.Summariser: summary =     47 in 00:01:27 =    0.5/s Avg:   219 Min:    43 Max:  1270 Err:     8 (17.02%)
2024-01-11 14:33:00,695 INFO o.a.j.r.Summariser: summary +     17 in 00:00:30 =    0.6/s Avg:   164 Min:    42 Max:   327 Err:     2 (11.76%) Active: 3 Started: 3 Finished: 0
2024-01-11 14:33:00,696 INFO o.a.j.r.Summariser: summary =     64 in 00:01:57 =    0.5/s Avg:   204 Min:    42 Max:  1270 Err:    10 (15.62%)
2024-01-11 14:33:31,684 INFO o.a.j.r.Summariser: summary +     18 in 00:00:31 =    0.6/s Avg:   174 Min:    43 Max:   435 Err:     3 (16.67%) Active: 3 Started: 3 Finished: 0
2024-01-11 14:33:31,685 INFO o.a.j.r.Summariser: summary =     82 in 00:02:28 =    0.6/s Avg:   197 Min:    42 Max:  1270 Err:    13 (15.85%)
2024-01-11 14:34:00,939 INFO o.a.j.r.Summariser: summary +     17 in 00:00:29 =    0.6/s Avg:   193 Min:    49 Max:   426 Err:     3 (17.65%) Active: 3 Started: 3 Finished: 0
2024-01-11 14:34:00,939 INFO o.a.j.r.Summariser: summary =     99 in 00:02:57 =    0.6/s Avg:   197 Min:    42 Max:  1270 Err:    16 (16.16%)
2024-01-11 14:34:30,320 INFO o.a.j.r.Summariser: summary +     17 in 00:00:29 =    0.6/s Avg:   218 Min:    42 Max:  1174 Err:     3 (17.65%) Active: 3 Started: 3 Finished: 0
2024-01-11 14:34:30,320 INFO o.a.j.r.Summariser: summary =    116 in 00:03:26 =    0.6/s Avg:   200 Min:    42 Max:  1270 Err:    19 (16.38%)
2024-01-11 14:35:00,208 INFO o.a.j.r.Summariser: summary +     17 in 00:00:30 =    0.6/s Avg:   214 Min:    45 Max:   627 Err:     3 (17.65%) Active: 3 Started: 3 Finished: 0
2024-01-11 14:35:00,208 INFO o.a.j.r.Summariser: summary =    133 in 00:03:56 =    0.6/s Avg:   202 Min:    42 Max:  1270 Err:    22 (16.54%)
2024-01-11 14:35:31,362 INFO o.a.j.r.Summariser: summary +     18 in 00:00:31 =    0.6/s Avg:   178 Min:    39 Max:   339 Err:     4 (22.22%) Active: 3 Started: 3 Finished: 0
2024-01-11 14:35:31,362 INFO o.a.j.r.Summariser: summary =    151 in 00:04:27 =    0.6/s Avg:   199 Min:    39 Max:  1270 Err:    26 (17.22%)
2024-01-11 14:36:00,514 INFO o.a.j.r.Summariser: summary +     17 in 00:00:29 =    0.6/s Avg:   198 Min:    38 Max:   470 Err:     2 (11.76%) Active: 3 Started: 3 Finished: 0
2024-01-11 14:36:00,515 INFO o.a.j.r.Summariser: summary =    168 in 00:04:56 =    0.6/s Avg:   199 Min:    38 Max:  1270 Err:    28 (16.67%)
2024-01-11 14:36:31,413 INFO o.a.j.r.Summariser: summary +     18 in 00:00:31 =    0.6/s Avg:   180 Min:    43 Max:   404 Err:     4 (22.22%) Active: 3 Started: 3 Finished: 0
2024-01-11 14:36:31,414 INFO o.a.j.r.Summariser: summary =    186 in 00:05:27 =    0.6/s Avg:   197 Min:    38 Max:  1270 Err:    32 (17.20%)
2024-01-11 14:37:01,144 INFO o.a.j.r.Summariser: summary +     17 in 00:00:30 =    0.6/s Avg:   200 Min:    55 Max:   699 Err:     2 (11.76%) Active: 3 Started: 3 Finished: 0
2024-01-11 14:37:01,144 INFO o.a.j.r.Summariser: summary =    203 in 00:05:57 =    0.6/s Avg:   197 Min:    38 Max:  1270 Err:    34 (16.75%)
2024-01-11 14:37:30,312 INFO o.a.j.r.Summariser: summary +     17 in 00:00:29 =    0.6/s Avg:   146 Min:    40 Max:   359 Err:     2 (11.76%) Active: 3 Started: 3 Finished: 0
2024-01-11 14:37:30,312 INFO o.a.j.r.Summariser: summary =    220 in 00:06:26 =    0.6/s Avg:   193 Min:    38 Max:  1270 Err:    36 (16.36%)
2024-01-11 14:38:01,272 INFO o.a.j.r.Summariser: summary +     18 in 00:00:31 =    0.6/s Avg:   177 Min:    62 Max:   411 Err:     4 (22.22%) Active: 3 Started: 3 Finished: 0
2024-01-11 14:38:01,273 INFO o.a.j.r.Summariser: summary =    238 in 00:06:57 =    0.6/s Avg:   192 Min:    38 Max:  1270 Err:    40 (16.81%)
2024-01-11 14:38:31,642 INFO o.a.j.r.Summariser: summary +     17 in 00:00:30 =    0.6/s Avg:   255 Min:    38 Max:  1549 Err:     4 (23.53%) Active: 3 Started: 3 Finished: 0
2024-01-11 14:38:31,643 INFO o.a.j.r.Summariser: summary =    255 in 00:07:28 =    0.6/s Avg:   196 Min:    38 Max:  1549 Err:    44 (17.25%)
2024-01-11 14:39:02,599 INFO o.a.j.r.Summariser: summary +     18 in 00:00:31 =    0.6/s Avg:   139 Min:    41 Max:   332 Err:     1 (5.56%) Active: 3 Started: 3 Finished: 0
2024-01-11 14:39:02,599 INFO o.a.j.r.Summariser: summary =    273 in 00:07:59 =    0.6/s Avg:   192 Min:    38 Max:  1549 Err:    45 (16.48%)
2024-01-11 14:39:31,455 INFO o.a.j.r.Summariser: summary +     17 in 00:00:29 =    0.6/s Avg:   211 Min:    62 Max:   694 Err:     3 (17.65%) Active: 3 Started: 3 Finished: 0
2024-01-11 14:39:31,456 INFO o.a.j.r.Summariser: summary =    290 in 00:08:27 =    0.6/s Avg:   193 Min:    38 Max:  1549 Err:    48 (16.55%)
2024-01-11 14:40:00,158 INFO o.a.j.r.Summariser: summary +     17 in 00:00:29 =    0.6/s Avg:   176 Min:    44 Max:   349 Err:     3 (17.65%) Active: 3 Started: 3 Finished: 0
2024-01-11 14:40:00,159 INFO o.a.j.r.Summariser: summary =    307 in 00:08:56 =    0.6/s Avg:   193 Min:    38 Max:  1549 Err:    51 (16.61%)
2024-01-11 14:40:31,066 INFO o.a.j.r.Summariser: summary +     17 in 00:00:31 =    0.6/s Avg:   199 Min:    45 Max:   742 Err:     3 (17.65%) Active: 3 Started: 3 Finished: 0
2024-01-11 14:40:31,066 INFO o.a.j.r.Summariser: summary =    324 in 00:09:27 =    0.6/s Avg:   193 Min:    38 Max:  1549 Err:    54 (16.67%)
2024-01-11 14:41:02,642 INFO o.a.j.r.Summariser: summary +     18 in 00:00:32 =    0.6/s Avg:   221 Min:    42 Max:   500 Err:     3 (16.67%) Active: 3 Started: 3 Finished: 0
2024-01-11 14:41:02,643 INFO o.a.j.r.Summariser: summary =    342 in 00:09:59 =    0.6/s Avg:   194 Min:    38 Max:  1549 Err:    57 (16.67%)
2024-01-11 14:41:28,792 INFO o.a.j.t.JMeterThread: Thread is done: Thread Group 1-1
2024-01-11 14:41:28,793 INFO o.a.j.t.JMeterThread: Thread finished: Thread Group 1-1
2024-01-11 14:41:30,407 INFO o.a.j.r.Summariser: summary +     17 in 00:00:28 =    0.6/s Avg:   183 Min:    39 Max:   422 Err:     3 (17.65%) Active: 2 Started: 3 Finished: 1
2024-01-11 14:41:30,407 INFO o.a.j.r.Summariser: summary =    359 in 00:10:26 =    0.6/s Avg:   194 Min:    38 Max:  1549 Err:    60 (16.71%)
2024-01-11 14:41:30,408 INFO o.a.j.t.JMeterThread: Thread is done: Thread Group 1-2
2024-01-11 14:41:30,408 INFO o.a.j.t.JMeterThread: Thread finished: Thread Group 1-2
2024-01-11 14:41:33,510 INFO o.a.j.t.JMeterThread: Thread is done: Thread Group 1-3
2024-01-11 14:41:33,510 INFO o.a.j.t.JMeterThread: Thread finished: Thread Group 1-3
2024-01-11 14:41:33,512 INFO o.a.j.e.StandardJMeterEngine: Notifying test listeners of end of test
2024-01-11 14:41:33,512 INFO o.a.j.v.b.BackendListener: Worker ended
2024-01-11 14:41:33,515 INFO o.a.j.v.b.i.InfluxdbBackendListenerClient: Sending last metrics to InfluxDB
2024-01-11 14:41:33,515 INFO o.a.j.v.b.i.HttpMetricsSender: Destroying 
2024-01-11 14:41:33,525 INFO o.a.j.r.Summariser: summary +      1 in 00:00:03 =    0.3/s Avg:    75 Min:    75 Max:    75 Err:     0 (0.00%) Active: 0 Started: 3 Finished: 3
2024-01-11 14:41:33,525 INFO o.a.j.r.Summariser: summary =    360 in 00:10:29 =    0.6/s Avg:   193 Min:    38 Max:  1549 Err:    60 (16.67%)
