2024-01-16 10:48:24,562 INFO o.a.j.u.JMeterUtils: Setting Locale to en_EN
2024-01-16 10:48:24,594 INFO o.a.j.JMeter: Loading user properties from: /opt/yaman/jmeter/apache-jmeter-5.5/bin/user.properties
2024-01-16 10:48:24,595 INFO o.a.j.JMeter: Loading system properties from: /opt/yaman/jmeter/apache-jmeter-5.5/bin/system.properties
2024-01-16 10:48:24,604 INFO o.a.j.JMeter: Copyright (c) 1998-2022 The Apache Software Foundation
2024-01-16 10:48:24,604 INFO o.a.j.JMeter: Version 5.5
2024-01-16 10:48:24,604 INFO o.a.j.JMeter: java.version=11.0.18
2024-01-16 10:48:24,604 INFO o.a.j.JMeter: java.vm.name=OpenJDK 64-Bit Server VM
2024-01-16 10:48:24,605 INFO o.a.j.JMeter: os.name=Linux
2024-01-16 10:48:24,605 INFO o.a.j.JMeter: os.arch=amd64
2024-01-16 10:48:24,605 INFO o.a.j.JMeter: os.version=5.15.133.1-microsoft-standard-WSL2
2024-01-16 10:48:24,605 INFO o.a.j.JMeter: file.encoding=ANSI_X3.4-1968
2024-01-16 10:48:24,605 INFO o.a.j.JMeter: java.awt.headless=true
2024-01-16 10:48:24,605 INFO o.a.j.JMeter: Max memory     =536870912
2024-01-16 10:48:24,605 INFO o.a.j.JMeter: Available Processors =8
2024-01-16 10:48:24,621 INFO o.a.j.JMeter: Default Locale=English (EN)
2024-01-16 10:48:24,621 INFO o.a.j.JMeter: JMeter  Locale=English (EN)
2024-01-16 10:48:24,621 INFO o.a.j.JMeter: JMeterHome=/opt/yaman/jmeter/apache-jmeter-5.5
2024-01-16 10:48:24,621 INFO o.a.j.JMeter: user.dir  =/opt/yaman/teste
2024-01-16 10:48:24,621 INFO o.a.j.JMeter: PWD       =/opt/yaman/teste
2024-01-16 10:48:24,622 INFO o.a.j.JMeter: IP: 172.20.0.4 Name: 9bb5f4f334f8 FullName: 9bb5f4f334f8
2024-01-16 10:48:24,641 INFO o.a.j.s.FileServer: Default base='/opt/yaman/teste'
2024-01-16 10:48:24,642 INFO o.a.j.s.FileServer: Set new base='/opt/yaman/scripts'
2024-01-16 10:48:24,866 INFO o.a.j.s.SaveService: Testplan (JMX) version: 2.2. Testlog (JTL) version: 2.2
2024-01-16 10:48:24,899 INFO o.a.j.s.SaveService: Using SaveService properties version 5.0
2024-01-16 10:48:24,904 INFO o.a.j.s.SaveService: Using SaveService properties file encoding UTF-8
2024-01-16 10:48:24,907 INFO o.a.j.s.SaveService: Loading file: /opt/yaman/scripts/google2.jmx
2024-01-16 10:48:24,958 INFO o.a.j.s.SampleResult: Note: Sample TimeStamps are START times
2024-01-16 10:48:24,958 INFO o.a.j.s.SampleResult: sampleresult.default.encoding is set to ISO-8859-1
2024-01-16 10:48:24,958 INFO o.a.j.s.SampleResult: sampleresult.useNanoTime=true
2024-01-16 10:48:24,958 INFO o.a.j.s.SampleResult: sampleresult.nanoThreadSleep=5000
2024-01-16 10:48:24,986 INFO o.a.j.p.h.s.HTTPSamplerBase: Parser for text/html is org.apache.jmeter.protocol.http.parser.LagartoBasedHtmlParser
2024-01-16 10:48:24,986 INFO o.a.j.p.h.s.HTTPSamplerBase: Parser for application/xhtml+xml is org.apache.jmeter.protocol.http.parser.LagartoBasedHtmlParser
2024-01-16 10:48:24,986 INFO o.a.j.p.h.s.HTTPSamplerBase: Parser for application/xml is org.apache.jmeter.protocol.http.parser.LagartoBasedHtmlParser
2024-01-16 10:48:24,986 INFO o.a.j.p.h.s.HTTPSamplerBase: Parser for text/xml is org.apache.jmeter.protocol.http.parser.LagartoBasedHtmlParser
2024-01-16 10:48:24,986 INFO o.a.j.p.h.s.HTTPSamplerBase: Parser for text/vnd.wap.wml is org.apache.jmeter.protocol.http.parser.RegexpHTMLParser
2024-01-16 10:48:24,986 INFO o.a.j.p.h.s.HTTPSamplerBase: Parser for text/css is org.apache.jmeter.protocol.http.parser.CssParser
2024-01-16 10:48:25,006 INFO o.a.j.JMeter: Creating summariser <summary>
2024-01-16 10:48:25,025 INFO o.a.j.e.StandardJMeterEngine: Running the test!
2024-01-16 10:48:25,027 INFO o.a.j.s.SampleEvent: List of sample_variables: []
2024-01-16 10:48:25,027 INFO o.a.j.s.SampleEvent: List of sample_variables: []
2024-01-16 10:48:25,056 INFO o.a.j.e.u.CompoundVariable: Note: Function class names must contain the string: '.functions.'
2024-01-16 10:48:25,056 INFO o.a.j.e.u.CompoundVariable: Note: Function class names must not contain the string: '.gui.'
2024-01-16 10:48:25,436 INFO o.a.j.v.b.BackendListener: Backend Listener: Starting worker with class: class org.apache.jmeter.visualizers.backend.influxdb.InfluxdbBackendListenerClient and queue capacity: 5000
2024-01-16 10:48:25,438 INFO o.a.j.v.b.BackendListener: Backend Listener: Started  worker with class: class org.apache.jmeter.visualizers.backend.influxdb.InfluxdbBackendListenerClient
2024-01-16 10:48:25,768 INFO o.a.j.JMeter: Running test (1705412905768)
2024-01-16 10:48:25,773 INFO o.a.j.e.StandardJMeterEngine: Starting ThreadGroup: 1 : Thread Group
2024-01-16 10:48:25,773 INFO o.a.j.e.StandardJMeterEngine: Starting 3 threads for group Thread Group.
2024-01-16 10:48:25,774 INFO o.a.j.e.StandardJMeterEngine: Thread will continue on error
2024-01-16 10:48:25,774 INFO o.a.j.t.ThreadGroup: Starting thread group... number=1 threads=3 ramp-up=10 delayedStart=false
2024-01-16 10:48:25,787 INFO o.a.j.t.ThreadGroup: Started thread group number 1
2024-01-16 10:48:25,787 INFO o.a.j.e.StandardJMeterEngine: All thread groups have been started
2024-01-16 10:48:25,796 INFO o.a.j.t.JMeterThread: Thread started: Thread Group 1-1
2024-01-16 10:48:29,119 INFO o.a.j.t.JMeterThread: Thread started: Thread Group 1-2
2024-01-16 10:48:30,817 INFO o.a.j.p.h.s.HTTPHCAbstractImpl: Local host = 9bb5f4f334f8
2024-01-16 10:48:30,821 INFO o.a.j.p.h.s.HTTPHC4Impl: HTTP request retry count = 0
2024-01-16 10:48:30,992 INFO o.a.j.p.h.s.h.LazyLayeredConnectionSocketFactory: Setting up HTTPS TrustAll Socket Factory
2024-01-16 10:48:31,000 INFO o.a.j.u.JsseSSLManager: Using default SSL protocol: TLS
2024-01-16 10:48:31,000 INFO o.a.j.u.JsseSSLManager: SSL session context: per-thread
2024-01-16 10:48:31,013 INFO o.a.j.u.SSLManager: JmeterKeyStore Location:  type JKS
2024-01-16 10:48:31,015 INFO o.a.j.u.SSLManager: KeyStore created OK
2024-01-16 10:48:31,015 WARN o.a.j.u.SSLManager: Keystore file not found, loading empty keystore
2024-01-16 10:48:31,485 INFO o.a.j.r.Summariser: summary +      1 in 00:00:06 =    0.2/s Avg:   624 Min:   624 Max:   624 Err:     1 (100.00%) Active: 2 Started: 2 Finished: 0
2024-01-16 10:48:32,452 INFO o.a.j.t.JMeterThread: Thread started: Thread Group 1-3
2024-01-16 10:49:00,809 INFO o.a.j.r.Summariser: summary +     16 in 00:00:29 =    0.5/s Avg:   361 Min:   124 Max:  1444 Err:     2 (12.50%) Active: 3 Started: 3 Finished: 0
2024-01-16 10:49:00,810 INFO o.a.j.r.Summariser: summary =     17 in 00:00:35 =    0.5/s Avg:   377 Min:   124 Max:  1444 Err:     3 (17.65%)
2024-01-16 10:49:30,194 INFO o.a.j.r.Summariser: summary +     17 in 00:00:29 =    0.6/s Avg:   202 Min:    41 Max:   622 Err:     3 (17.65%) Active: 3 Started: 3 Finished: 0
2024-01-16 10:49:30,196 INFO o.a.j.r.Summariser: summary =     34 in 00:01:04 =    0.5/s Avg:   289 Min:    41 Max:  1444 Err:     6 (17.65%)
2024-01-16 10:50:01,383 INFO o.a.j.r.Summariser: summary +     17 in 00:00:31 =    0.5/s Avg:   203 Min:    78 Max:   454 Err:     2 (11.76%) Active: 3 Started: 3 Finished: 0
2024-01-16 10:50:01,384 INFO o.a.j.r.Summariser: summary =     51 in 00:01:36 =    0.5/s Avg:   261 Min:    41 Max:  1444 Err:     8 (15.69%)
2024-01-16 10:50:30,051 INFO o.a.j.r.Summariser: summary +     17 in 00:00:29 =    0.6/s Avg:   256 Min:    41 Max:   425 Err:     4 (23.53%) Active: 3 Started: 3 Finished: 0
2024-01-16 10:50:30,051 INFO o.a.j.r.Summariser: summary =     68 in 00:02:04 =    0.5/s Avg:   259 Min:    41 Max:  1444 Err:    12 (17.65%)
2024-01-16 10:51:01,354 INFO o.a.j.r.Summariser: summary +     18 in 00:00:31 =    0.6/s Avg:   211 Min:    40 Max:   452 Err:     2 (11.11%) Active: 3 Started: 3 Finished: 0
2024-01-16 10:51:01,355 INFO o.a.j.r.Summariser: summary =     86 in 00:02:36 =    0.6/s Avg:   249 Min:    40 Max:  1444 Err:    14 (16.28%)
2024-01-16 10:51:30,034 INFO o.a.j.r.Summariser: summary +     16 in 00:00:29 =    0.6/s Avg:   223 Min:    47 Max:   400 Err:     4 (25.00%) Active: 3 Started: 3 Finished: 0
2024-01-16 10:51:30,035 INFO o.a.j.r.Summariser: summary =    102 in 00:03:04 =    0.6/s Avg:   245 Min:    40 Max:  1444 Err:    18 (17.65%)
2024-01-16 10:52:01,641 INFO o.a.j.r.Summariser: summary +     18 in 00:00:32 =    0.6/s Avg:   252 Min:    57 Max:   479 Err:     3 (16.67%) Active: 3 Started: 3 Finished: 0
2024-01-16 10:52:01,641 INFO o.a.j.r.Summariser: summary =    120 in 00:03:36 =    0.6/s Avg:   246 Min:    40 Max:  1444 Err:    21 (17.50%)
2024-01-16 10:52:32,641 INFO o.a.j.r.Summariser: summary +     18 in 00:00:31 =    0.6/s Avg:   166 Min:    41 Max:   365 Err:     2 (11.11%) Active: 3 Started: 3 Finished: 0
2024-01-16 10:52:32,641 INFO o.a.j.r.Summariser: summary =    138 in 00:04:07 =    0.6/s Avg:   236 Min:    40 Max:  1444 Err:    23 (16.67%)
2024-01-16 10:53:01,141 INFO o.a.j.r.Summariser: summary +     17 in 00:00:29 =    0.6/s Avg:   238 Min:    46 Max:   394 Err:     2 (11.76%) Active: 3 Started: 3 Finished: 0
2024-01-16 10:53:01,142 INFO o.a.j.r.Summariser: summary =    155 in 00:04:35 =    0.6/s Avg:   236 Min:    40 Max:  1444 Err:    25 (16.13%)
2024-01-16 10:53:30,021 INFO o.a.j.r.Summariser: summary +     16 in 00:00:29 =    0.6/s Avg:   220 Min:    78 Max:   352 Err:     4 (25.00%) Active: 3 Started: 3 Finished: 0
2024-01-16 10:53:30,021 INFO o.a.j.r.Summariser: summary =    171 in 00:05:04 =    0.6/s Avg:   234 Min:    40 Max:  1444 Err:    29 (16.96%)
2024-01-16 10:54:01,568 INFO o.a.j.r.Summariser: summary +     18 in 00:00:32 =    0.6/s Avg:   191 Min:    43 Max:   413 Err:     2 (11.11%) Active: 3 Started: 3 Finished: 0
2024-01-16 10:54:01,569 INFO o.a.j.r.Summariser: summary =    189 in 00:05:36 =    0.6/s Avg:   230 Min:    40 Max:  1444 Err:    31 (16.40%)
2024-01-16 10:54:32,528 INFO o.a.j.r.Summariser: summary +     18 in 00:00:31 =    0.6/s Avg:   228 Min:    41 Max:   392 Err:     4 (22.22%) Active: 3 Started: 3 Finished: 0
2024-01-16 10:54:32,529 INFO o.a.j.r.Summariser: summary =    207 in 00:06:07 =    0.6/s Avg:   230 Min:    40 Max:  1444 Err:    35 (16.91%)
2024-01-16 10:55:01,037 INFO o.a.j.r.Summariser: summary +     17 in 00:00:29 =    0.6/s Avg:   198 Min:    51 Max:   394 Err:     1 (5.88%) Active: 3 Started: 3 Finished: 0
2024-01-16 10:55:01,037 INFO o.a.j.r.Summariser: summary =    224 in 00:06:35 =    0.6/s Avg:   228 Min:    40 Max:  1444 Err:    36 (16.07%)
2024-01-16 10:55:30,313 INFO o.a.j.r.Summariser: summary +     16 in 00:00:29 =    0.5/s Avg:   223 Min:    46 Max:   482 Err:     4 (25.00%) Active: 3 Started: 3 Finished: 0
2024-01-16 10:55:30,314 INFO o.a.j.r.Summariser: summary =    240 in 00:07:05 =    0.6/s Avg:   227 Min:    40 Max:  1444 Err:    40 (16.67%)
2024-01-16 10:56:01,528 INFO o.a.j.r.Summariser: summary +     18 in 00:00:31 =    0.6/s Avg:   200 Min:    39 Max:   336 Err:     2 (11.11%) Active: 3 Started: 3 Finished: 0
2024-01-16 10:56:01,528 INFO o.a.j.r.Summariser: summary =    258 in 00:07:36 =    0.6/s Avg:   226 Min:    39 Max:  1444 Err:    42 (16.28%)
2024-01-16 10:56:30,509 INFO o.a.j.r.Summariser: summary +     15 in 00:00:29 =    0.5/s Avg:   681 Min:    47 Max:  3275 Err:     3 (20.00%) Active: 3 Started: 3 Finished: 0
2024-01-16 10:56:30,510 INFO o.a.j.r.Summariser: summary =    273 in 00:08:05 =    0.6/s Avg:   251 Min:    39 Max:  3275 Err:    45 (16.48%)
2024-01-16 10:57:01,961 INFO o.a.j.r.Summariser: summary +     18 in 00:00:31 =    0.6/s Avg:   251 Min:    49 Max:   392 Err:     5 (27.78%) Active: 3 Started: 3 Finished: 0
2024-01-16 10:57:01,962 INFO o.a.j.r.Summariser: summary =    291 in 00:08:36 =    0.6/s Avg:   251 Min:    39 Max:  3275 Err:    50 (17.18%)
2024-01-16 10:57:33,273 INFO o.a.j.r.Summariser: summary +     18 in 00:00:31 =    0.6/s Avg:   214 Min:    49 Max:   508 Err:     1 (5.56%) Active: 3 Started: 3 Finished: 0
2024-01-16 10:57:33,273 INFO o.a.j.r.Summariser: summary =    309 in 00:09:08 =    0.6/s Avg:   248 Min:    39 Max:  3275 Err:    51 (16.50%)
2024-01-16 10:58:04,829 INFO o.a.j.r.Summariser: summary +     18 in 00:00:32 =    0.6/s Avg:   257 Min:    44 Max:   559 Err:     4 (22.22%) Active: 3 Started: 3 Finished: 0
2024-01-16 10:58:04,830 INFO o.a.j.r.Summariser: summary =    327 in 00:09:39 =    0.6/s Avg:   249 Min:    39 Max:  3275 Err:    55 (16.82%)
2024-01-16 10:58:30,618 INFO o.a.j.r.Summariser: summary +     15 in 00:00:26 =    0.6/s Avg:   188 Min:    40 Max:   486 Err:     2 (13.33%) Active: 3 Started: 3 Finished: 0
2024-01-16 10:58:30,619 INFO o.a.j.r.Summariser: summary =    342 in 00:10:05 =    0.6/s Avg:   246 Min:    39 Max:  3275 Err:    57 (16.67%)
2024-01-16 10:58:56,965 INFO o.a.j.t.JMeterThread: Thread is done: Thread Group 1-2
2024-01-16 10:58:56,965 INFO o.a.j.t.JMeterThread: Thread finished: Thread Group 1-2
2024-01-16 10:58:57,320 INFO o.a.j.t.JMeterThread: Thread is done: Thread Group 1-1
2024-01-16 10:58:57,320 INFO o.a.j.t.JMeterThread: Thread finished: Thread Group 1-1
2024-01-16 10:59:02,325 INFO o.a.j.r.Summariser: summary +     18 in 00:00:32 =    0.6/s Avg:   241 Min:    46 Max:   469 Err:     3 (16.67%) Active: 1 Started: 3 Finished: 2
2024-01-16 10:59:02,326 INFO o.a.j.r.Summariser: summary =    360 in 00:10:37 =    0.6/s Avg:   246 Min:    39 Max:  3275 Err:    60 (16.67%)
2024-01-16 10:59:02,326 INFO o.a.j.t.JMeterThread: Thread is done: Thread Group 1-3
2024-01-16 10:59:02,326 INFO o.a.j.t.JMeterThread: Thread finished: Thread Group 1-3
2024-01-16 10:59:02,329 INFO o.a.j.e.StandardJMeterEngine: Notifying test listeners of end of test
2024-01-16 10:59:02,330 INFO o.a.j.v.b.BackendListener: Worker ended
2024-01-16 10:59:02,332 INFO o.a.j.v.b.i.InfluxdbBackendListenerClient: Sending last metrics to InfluxDB
2024-01-16 10:59:02,333 INFO o.a.j.v.b.i.HttpMetricsSender: Destroying 
2024-01-16 10:59:02,345 INFO o.a.j.r.Summariser: summary =    360 in 00:10:37 =    0.6/s Avg:   246 Min:    39 Max:  3275 Err:    60 (16.67%)
