2024-02-02 14:08:21,828 INFO o.a.j.u.JMeterUtils: Setting Locale to en_EN
2024-02-02 14:08:21,852 INFO o.a.j.JMeter: Loading user properties from: /opt/yaman/jmeter/apache-jmeter-5.5/bin/user.properties
2024-02-02 14:08:21,853 INFO o.a.j.JMeter: Loading system properties from: /opt/yaman/jmeter/apache-jmeter-5.5/bin/system.properties
2024-02-02 14:08:21,859 INFO o.a.j.JMeter: Copyright (c) 1998-2022 The Apache Software Foundation
2024-02-02 14:08:21,859 INFO o.a.j.JMeter: Version 5.5
2024-02-02 14:08:21,860 INFO o.a.j.JMeter: java.version=11.0.18
2024-02-02 14:08:21,860 INFO o.a.j.JMeter: java.vm.name=OpenJDK 64-Bit Server VM
2024-02-02 14:08:21,860 INFO o.a.j.JMeter: os.name=Linux
2024-02-02 14:08:21,860 INFO o.a.j.JMeter: os.arch=amd64
2024-02-02 14:08:21,860 INFO o.a.j.JMeter: os.version=5.15.133.1-microsoft-standard-WSL2
2024-02-02 14:08:21,860 INFO o.a.j.JMeter: file.encoding=ANSI_X3.4-1968
2024-02-02 14:08:21,860 INFO o.a.j.JMeter: java.awt.headless=true
2024-02-02 14:08:21,860 INFO o.a.j.JMeter: Max memory     =536870912
2024-02-02 14:08:21,860 INFO o.a.j.JMeter: Available Processors =8
2024-02-02 14:08:21,869 INFO o.a.j.JMeter: Default Locale=English (EN)
2024-02-02 14:08:21,869 INFO o.a.j.JMeter: JMeter  Locale=English (EN)
2024-02-02 14:08:21,869 INFO o.a.j.JMeter: JMeterHome=/opt/yaman/jmeter/apache-jmeter-5.5
2024-02-02 14:08:21,869 INFO o.a.j.JMeter: user.dir  =/opt/yaman/teste
2024-02-02 14:08:21,870 INFO o.a.j.JMeter: PWD       =/opt/yaman/teste
2024-02-02 14:08:21,870 INFO o.a.j.JMeter: IP: 172.18.0.4 Name: 828923c82318 FullName: 828923c82318
2024-02-02 14:08:21,887 INFO o.a.j.s.FileServer: Default base='/opt/yaman/teste'
2024-02-02 14:08:21,888 INFO o.a.j.s.FileServer: Set new base='/opt/yaman/scripts'
2024-02-02 14:08:22,078 INFO o.a.j.s.SaveService: Testplan (JMX) version: 2.2. Testlog (JTL) version: 2.2
2024-02-02 14:08:22,099 INFO o.a.j.s.SaveService: Using SaveService properties version 5.0
2024-02-02 14:08:22,103 INFO o.a.j.s.SaveService: Using SaveService properties file encoding UTF-8
2024-02-02 14:08:22,106 INFO o.a.j.s.SaveService: Loading file: /opt/yaman/scripts/google.jmx
2024-02-02 14:08:22,137 INFO o.a.j.p.h.c.CookieManager: Settings: Delete null: true Check: true Allow variable: true Save: false Prefix: COOKIE_
2024-02-02 14:08:22,141 INFO o.a.j.p.h.c.CacheManager: Will only cache the following methods: [GET]
2024-02-02 14:08:22,145 INFO o.a.j.s.SampleResult: Note: Sample TimeStamps are START times
2024-02-02 14:08:22,145 INFO o.a.j.s.SampleResult: sampleresult.default.encoding is set to ISO-8859-1
2024-02-02 14:08:22,145 INFO o.a.j.s.SampleResult: sampleresult.useNanoTime=true
2024-02-02 14:08:22,145 INFO o.a.j.s.SampleResult: sampleresult.nanoThreadSleep=5000
2024-02-02 14:08:22,165 INFO o.a.j.p.h.s.HTTPSamplerBase: Parser for text/html is org.apache.jmeter.protocol.http.parser.LagartoBasedHtmlParser
2024-02-02 14:08:22,165 INFO o.a.j.p.h.s.HTTPSamplerBase: Parser for application/xhtml+xml is org.apache.jmeter.protocol.http.parser.LagartoBasedHtmlParser
2024-02-02 14:08:22,165 INFO o.a.j.p.h.s.HTTPSamplerBase: Parser for application/xml is org.apache.jmeter.protocol.http.parser.LagartoBasedHtmlParser
2024-02-02 14:08:22,165 INFO o.a.j.p.h.s.HTTPSamplerBase: Parser for text/xml is org.apache.jmeter.protocol.http.parser.LagartoBasedHtmlParser
2024-02-02 14:08:22,165 INFO o.a.j.p.h.s.HTTPSamplerBase: Parser for text/vnd.wap.wml is org.apache.jmeter.protocol.http.parser.RegexpHTMLParser
2024-02-02 14:08:22,165 INFO o.a.j.p.h.s.HTTPSamplerBase: Parser for text/css is org.apache.jmeter.protocol.http.parser.CssParser
2024-02-02 14:08:22,183 INFO o.a.j.JMeter: Creating summariser <summary>
2024-02-02 14:08:22,202 INFO o.a.j.e.StandardJMeterEngine: Running the test!
2024-02-02 14:08:22,205 INFO o.a.j.s.SampleEvent: List of sample_variables: []
2024-02-02 14:08:22,205 INFO o.a.j.s.SampleEvent: List of sample_variables: []
2024-02-02 14:08:22,232 INFO o.a.j.e.u.CompoundVariable: Note: Function class names must contain the string: '.functions.'
2024-02-02 14:08:22,233 INFO o.a.j.e.u.CompoundVariable: Note: Function class names must not contain the string: '.gui.'
2024-02-02 14:08:22,627 INFO o.a.j.v.b.BackendListener: Backend Listener: Starting worker with class: class org.apache.jmeter.visualizers.backend.influxdb.InfluxdbBackendListenerClient and queue capacity: 5000
2024-02-02 14:08:22,629 INFO o.a.j.v.b.BackendListener: Backend Listener: Started  worker with class: class org.apache.jmeter.visualizers.backend.influxdb.InfluxdbBackendListenerClient
2024-02-02 14:08:22,838 INFO o.a.j.JMeter: Running test (1706893702838)
2024-02-02 14:08:22,843 INFO o.a.j.e.StandardJMeterEngine: Starting ThreadGroup: 1 : Thread Group
2024-02-02 14:08:22,844 INFO o.a.j.e.StandardJMeterEngine: Starting 2 threads for group Thread Group.
2024-02-02 14:08:22,844 INFO o.a.j.e.StandardJMeterEngine: Thread will continue on error
2024-02-02 14:08:22,844 INFO o.a.j.t.ThreadGroup: Starting thread group... number=1 threads=2 ramp-up=30 delayedStart=false
2024-02-02 14:08:22,854 INFO o.a.j.t.ThreadGroup: Started thread group number 1
2024-02-02 14:08:22,854 INFO o.a.j.e.StandardJMeterEngine: All thread groups have been started
2024-02-02 14:08:22,863 INFO o.a.j.t.JMeterThread: Thread started: Thread Group 1-1
2024-02-02 14:08:22,887 INFO o.a.j.p.h.s.HTTPHCAbstractImpl: Local host = 828923c82318
2024-02-02 14:08:22,893 INFO o.a.j.p.h.s.HTTPHC4Impl: HTTP request retry count = 0
2024-02-02 14:08:22,976 INFO o.a.j.p.h.s.h.LazyLayeredConnectionSocketFactory: Setting up HTTPS TrustAll Socket Factory
2024-02-02 14:08:22,985 INFO o.a.j.u.JsseSSLManager: Using default SSL protocol: TLS
2024-02-02 14:08:22,985 INFO o.a.j.u.JsseSSLManager: SSL session context: per-thread
2024-02-02 14:08:22,996 INFO o.a.j.u.SSLManager: JmeterKeyStore Location:  type JKS
2024-02-02 14:08:22,998 INFO o.a.j.u.SSLManager: KeyStore created OK
2024-02-02 14:08:22,998 WARN o.a.j.u.SSLManager: Keystore file not found, loading empty keystore
2024-02-02 14:08:30,152 INFO o.a.j.r.Summariser: summary +     16 in 00:00:07 =    2.2/s Avg:   448 Min:     0 Max:  2176 Err:     3 (18.75%) Active: 1 Started: 1 Finished: 0
2024-02-02 14:08:37,854 INFO o.a.j.t.JMeterThread: Thread started: Thread Group 1-2
2024-02-02 14:09:01,935 INFO o.a.j.r.Summariser: summary +    127 in 00:00:32 =    4.0/s Avg:   422 Min:     0 Max:  2182 Err:    28 (22.05%) Active: 2 Started: 2 Finished: 0
2024-02-02 14:09:01,936 INFO o.a.j.r.Summariser: summary =    143 in 00:00:39 =    3.7/s Avg:   425 Min:     0 Max:  2182 Err:    31 (21.68%)
2024-02-02 14:09:30,811 INFO o.a.j.r.Summariser: summary +    119 in 00:00:29 =    4.1/s Avg:   477 Min:     0 Max:  2779 Err:    26 (21.85%) Active: 2 Started: 2 Finished: 0
2024-02-02 14:09:30,812 INFO o.a.j.r.Summariser: summary =    262 in 00:01:08 =    3.9/s Avg:   449 Min:     0 Max:  2779 Err:    57 (21.76%)
2024-02-02 14:10:00,284 INFO o.a.j.r.Summariser: summary +     70 in 00:00:29 =    2.4/s Avg:   850 Min:     0 Max:  5327 Err:    15 (21.43%) Active: 2 Started: 2 Finished: 0
2024-02-02 14:10:00,285 INFO o.a.j.r.Summariser: summary =    332 in 00:01:37 =    3.4/s Avg:   533 Min:     0 Max:  5327 Err:    72 (21.69%)
2024-02-02 14:10:22,953 INFO o.a.j.t.JMeterThread: Stopping because end time detected by thread: Thread Group 1-1
2024-02-02 14:10:22,953 INFO o.a.j.t.JMeterThread: Thread finished: Thread Group 1-1
2024-02-02 14:10:28,171 INFO o.a.j.t.JMeterThread: Stopping because end time detected by thread: Thread Group 1-2
2024-02-02 14:10:28,171 INFO o.a.j.t.JMeterThread: Thread finished: Thread Group 1-2
2024-02-02 14:10:28,174 INFO o.a.j.e.StandardJMeterEngine: Notifying test listeners of end of test
2024-02-02 14:10:28,175 INFO o.a.j.v.b.BackendListener: Worker ended
2024-02-02 14:10:28,177 INFO o.a.j.v.b.i.InfluxdbBackendListenerClient: Sending last metrics to InfluxDB
2024-02-02 14:10:28,179 INFO o.a.j.v.b.i.HttpMetricsSender: Destroying 
2024-02-02 14:10:28,190 INFO o.a.j.r.Summariser: summary +     57 in 00:00:28 =    2.0/s Avg:   923 Min:     0 Max:  6519 Err:    13 (22.81%) Active: 0 Started: 2 Finished: 2
2024-02-02 14:10:28,190 INFO o.a.j.r.Summariser: summary =    389 in 00:02:05 =    3.1/s Avg:   590 Min:     0 Max:  6519 Err:    85 (21.85%)
