2024-02-02 13:34:21,666 INFO o.a.j.u.JMeterUtils: Setting Locale to en_EN
2024-02-02 13:34:21,710 INFO o.a.j.JMeter: Loading user properties from: /opt/yaman/jmeter/apache-jmeter-5.5/bin/user.properties
2024-02-02 13:34:21,710 INFO o.a.j.JMeter: Loading system properties from: /opt/yaman/jmeter/apache-jmeter-5.5/bin/system.properties
2024-02-02 13:34:21,719 INFO o.a.j.JMeter: Copyright (c) 1998-2022 The Apache Software Foundation
2024-02-02 13:34:21,719 INFO o.a.j.JMeter: Version 5.5
2024-02-02 13:34:21,719 INFO o.a.j.JMeter: java.version=11.0.18
2024-02-02 13:34:21,719 INFO o.a.j.JMeter: java.vm.name=OpenJDK 64-Bit Server VM
2024-02-02 13:34:21,719 INFO o.a.j.JMeter: os.name=Linux
2024-02-02 13:34:21,719 INFO o.a.j.JMeter: os.arch=amd64
2024-02-02 13:34:21,719 INFO o.a.j.JMeter: os.version=5.15.133.1-microsoft-standard-WSL2
2024-02-02 13:34:21,720 INFO o.a.j.JMeter: file.encoding=ANSI_X3.4-1968
2024-02-02 13:34:21,720 INFO o.a.j.JMeter: java.awt.headless=true
2024-02-02 13:34:21,720 INFO o.a.j.JMeter: Max memory     =536870912
2024-02-02 13:34:21,721 INFO o.a.j.JMeter: Available Processors =8
2024-02-02 13:34:21,739 INFO o.a.j.JMeter: Default Locale=English (EN)
2024-02-02 13:34:21,739 INFO o.a.j.JMeter: JMeter  Locale=English (EN)
2024-02-02 13:34:21,740 INFO o.a.j.JMeter: JMeterHome=/opt/yaman/jmeter/apache-jmeter-5.5
2024-02-02 13:34:21,740 INFO o.a.j.JMeter: user.dir  =/opt/yaman/teste
2024-02-02 13:34:21,740 INFO o.a.j.JMeter: PWD       =/opt/yaman/teste
2024-02-02 13:34:21,740 INFO o.a.j.JMeter: IP: 172.18.0.4 Name: 828923c82318 FullName: 828923c82318
2024-02-02 13:34:21,775 INFO o.a.j.s.FileServer: Default base='/opt/yaman/teste'
2024-02-02 13:34:21,776 INFO o.a.j.s.FileServer: Set new base='/opt/yaman/scripts'
2024-02-02 13:34:22,143 INFO o.a.j.s.SaveService: Testplan (JMX) version: 2.2. Testlog (JTL) version: 2.2
2024-02-02 13:34:22,184 INFO o.a.j.s.SaveService: Using SaveService properties version 5.0
2024-02-02 13:34:22,191 INFO o.a.j.s.SaveService: Using SaveService properties file encoding UTF-8
2024-02-02 13:34:22,197 INFO o.a.j.s.SaveService: Loading file: /opt/yaman/scripts/google.jmx
2024-02-02 13:34:22,254 INFO o.a.j.p.h.c.CookieManager: Settings: Delete null: true Check: true Allow variable: true Save: false Prefix: COOKIE_
2024-02-02 13:34:22,262 INFO o.a.j.p.h.c.CacheManager: Will only cache the following methods: [GET]
2024-02-02 13:34:22,270 INFO o.a.j.s.SampleResult: Note: Sample TimeStamps are START times
2024-02-02 13:34:22,270 INFO o.a.j.s.SampleResult: sampleresult.default.encoding is set to ISO-8859-1
2024-02-02 13:34:22,270 INFO o.a.j.s.SampleResult: sampleresult.useNanoTime=true
2024-02-02 13:34:22,270 INFO o.a.j.s.SampleResult: sampleresult.nanoThreadSleep=5000
2024-02-02 13:34:22,307 INFO o.a.j.p.h.s.HTTPSamplerBase: Parser for text/html is org.apache.jmeter.protocol.http.parser.LagartoBasedHtmlParser
2024-02-02 13:34:22,307 INFO o.a.j.p.h.s.HTTPSamplerBase: Parser for application/xhtml+xml is org.apache.jmeter.protocol.http.parser.LagartoBasedHtmlParser
2024-02-02 13:34:22,307 INFO o.a.j.p.h.s.HTTPSamplerBase: Parser for application/xml is org.apache.jmeter.protocol.http.parser.LagartoBasedHtmlParser
2024-02-02 13:34:22,307 INFO o.a.j.p.h.s.HTTPSamplerBase: Parser for text/xml is org.apache.jmeter.protocol.http.parser.LagartoBasedHtmlParser
2024-02-02 13:34:22,308 INFO o.a.j.p.h.s.HTTPSamplerBase: Parser for text/vnd.wap.wml is org.apache.jmeter.protocol.http.parser.RegexpHTMLParser
2024-02-02 13:34:22,308 INFO o.a.j.p.h.s.HTTPSamplerBase: Parser for text/css is org.apache.jmeter.protocol.http.parser.CssParser
2024-02-02 13:34:22,347 INFO o.a.j.JMeter: Creating summariser <summary>
2024-02-02 13:34:22,384 INFO o.a.j.e.StandardJMeterEngine: Running the test!
2024-02-02 13:34:22,387 INFO o.a.j.s.SampleEvent: List of sample_variables: []
2024-02-02 13:34:22,387 INFO o.a.j.s.SampleEvent: List of sample_variables: []
2024-02-02 13:34:22,425 INFO o.a.j.e.u.CompoundVariable: Note: Function class names must contain the string: '.functions.'
2024-02-02 13:34:22,425 INFO o.a.j.e.u.CompoundVariable: Note: Function class names must not contain the string: '.gui.'
2024-02-02 13:34:23,004 INFO o.a.j.v.b.BackendListener: Backend Listener: Starting worker with class: class org.apache.jmeter.visualizers.backend.influxdb.InfluxdbBackendListenerClient and queue capacity: 5000
2024-02-02 13:34:23,006 INFO o.a.j.v.b.BackendListener: Backend Listener: Started  worker with class: class org.apache.jmeter.visualizers.backend.influxdb.InfluxdbBackendListenerClient
2024-02-02 13:34:23,303 INFO o.a.j.JMeter: Running test (1706891663303)
2024-02-02 13:34:23,309 INFO o.a.j.e.StandardJMeterEngine: Starting ThreadGroup: 1 : Thread Group
2024-02-02 13:34:23,309 INFO o.a.j.e.StandardJMeterEngine: Starting 2 threads for group Thread Group.
2024-02-02 13:34:23,309 INFO o.a.j.e.StandardJMeterEngine: Thread will continue on error
2024-02-02 13:34:23,309 INFO o.a.j.t.ThreadGroup: Starting thread group... number=1 threads=2 ramp-up=30 delayedStart=false
2024-02-02 13:34:23,321 INFO o.a.j.t.ThreadGroup: Started thread group number 1
2024-02-02 13:34:23,321 INFO o.a.j.e.StandardJMeterEngine: All thread groups have been started
2024-02-02 13:34:23,333 INFO o.a.j.t.JMeterThread: Thread started: Thread Group 1-1
2024-02-02 13:34:23,363 INFO o.a.j.p.h.s.HTTPHCAbstractImpl: Local host = 828923c82318
2024-02-02 13:34:23,376 INFO o.a.j.p.h.s.HTTPHC4Impl: HTTP request retry count = 0
2024-02-02 13:34:23,470 INFO o.a.j.p.h.s.h.LazyLayeredConnectionSocketFactory: Setting up HTTPS TrustAll Socket Factory
2024-02-02 13:34:23,475 INFO o.a.j.u.JsseSSLManager: Using default SSL protocol: TLS
2024-02-02 13:34:23,475 INFO o.a.j.u.JsseSSLManager: SSL session context: per-thread
2024-02-02 13:34:23,486 INFO o.a.j.u.SSLManager: JmeterKeyStore Location:  type JKS
2024-02-02 13:34:23,487 INFO o.a.j.u.SSLManager: KeyStore created OK
2024-02-02 13:34:23,488 WARN o.a.j.u.SSLManager: Keystore file not found, loading empty keystore
2024-02-02 13:34:30,678 INFO o.a.j.r.Summariser: summary +     16 in 00:00:07 =    2.2/s Avg:   448 Min:     1 Max:  2284 Err:     3 (18.75%) Active: 1 Started: 1 Finished: 0
2024-02-02 13:34:38,322 INFO o.a.j.t.JMeterThread: Thread started: Thread Group 1-2
2024-02-02 13:35:00,137 INFO o.a.j.r.Summariser: summary +    125 in 00:00:29 =    4.2/s Avg:   406 Min:     0 Max:  2182 Err:    27 (21.60%) Active: 2 Started: 2 Finished: 0
2024-02-02 13:35:00,138 INFO o.a.j.r.Summariser: summary =    141 in 00:00:37 =    3.8/s Avg:   411 Min:     0 Max:  2284 Err:    30 (21.28%)
2024-02-02 13:35:30,059 INFO o.a.j.r.Summariser: summary +    137 in 00:00:30 =    4.6/s Avg:   430 Min:     0 Max:  2401 Err:    31 (22.63%) Active: 2 Started: 2 Finished: 0
2024-02-02 13:35:30,059 INFO o.a.j.r.Summariser: summary =    278 in 00:01:07 =    4.2/s Avg:   421 Min:     0 Max:  2401 Err:    61 (21.94%)
2024-02-02 13:36:01,244 INFO o.a.j.r.Summariser: summary +    144 in 00:00:31 =    4.6/s Avg:   426 Min:     0 Max:  2185 Err:    32 (22.22%) Active: 2 Started: 2 Finished: 0
2024-02-02 13:36:01,245 INFO o.a.j.r.Summariser: summary =    422 in 00:01:38 =    4.3/s Avg:   423 Min:     0 Max:  2401 Err:    93 (22.04%)
2024-02-02 13:36:23,658 INFO o.a.j.t.JMeterThread: Stopping because end time detected by thread: Thread Group 1-1
2024-02-02 13:36:23,658 INFO o.a.j.t.JMeterThread: Thread finished: Thread Group 1-1
2024-02-02 13:36:24,994 INFO o.a.j.t.JMeterThread: Stopping because end time detected by thread: Thread Group 1-2
2024-02-02 13:36:24,994 INFO o.a.j.t.JMeterThread: Thread finished: Thread Group 1-2
2024-02-02 13:36:24,998 INFO o.a.j.e.StandardJMeterEngine: Notifying test listeners of end of test
2024-02-02 13:36:24,999 INFO o.a.j.v.b.BackendListener: Worker ended
2024-02-02 13:36:25,001 INFO o.a.j.v.b.i.InfluxdbBackendListenerClient: Sending last metrics to InfluxDB
2024-02-02 13:36:25,004 INFO o.a.j.v.b.i.HttpMetricsSender: Destroying 
2024-02-02 13:36:25,014 INFO o.a.j.r.Summariser: summary +    104 in 00:00:24 =    4.4/s Avg:   458 Min:     0 Max:  2188 Err:    23 (22.12%) Active: 0 Started: 2 Finished: 2
2024-02-02 13:36:25,014 INFO o.a.j.r.Summariser: summary =    526 in 00:02:02 =    4.3/s Avg:   430 Min:     0 Max:  2401 Err:   116 (22.05%)
