2024-01-12 11:03:13,648 INFO o.a.j.u.JMeterUtils: Setting Locale to en_EN
2024-01-12 11:03:13,689 INFO o.a.j.JMeter: Loading user properties from: /opt/yaman/jmeter/apache-jmeter-5.5/bin/user.properties
2024-01-12 11:03:13,690 INFO o.a.j.JMeter: Loading system properties from: /opt/yaman/jmeter/apache-jmeter-5.5/bin/system.properties
2024-01-12 11:03:13,700 INFO o.a.j.JMeter: Copyright (c) 1998-2022 The Apache Software Foundation
2024-01-12 11:03:13,701 INFO o.a.j.JMeter: Version 5.5
2024-01-12 11:03:13,701 INFO o.a.j.JMeter: java.version=11.0.18
2024-01-12 11:03:13,701 INFO o.a.j.JMeter: java.vm.name=OpenJDK 64-Bit Server VM
2024-01-12 11:03:13,701 INFO o.a.j.JMeter: os.name=Linux
2024-01-12 11:03:13,701 INFO o.a.j.JMeter: os.arch=amd64
2024-01-12 11:03:13,701 INFO o.a.j.JMeter: os.version=5.15.133.1-microsoft-standard-WSL2
2024-01-12 11:03:13,701 INFO o.a.j.JMeter: file.encoding=ANSI_X3.4-1968
2024-01-12 11:03:13,701 INFO o.a.j.JMeter: java.awt.headless=true
2024-01-12 11:03:13,702 INFO o.a.j.JMeter: Max memory     =536870912
2024-01-12 11:03:13,702 INFO o.a.j.JMeter: Available Processors =8
2024-01-12 11:03:13,715 INFO o.a.j.JMeter: Default Locale=English (EN)
2024-01-12 11:03:13,715 INFO o.a.j.JMeter: JMeter  Locale=English (EN)
2024-01-12 11:03:13,715 INFO o.a.j.JMeter: JMeterHome=/opt/yaman/jmeter/apache-jmeter-5.5
2024-01-12 11:03:13,715 INFO o.a.j.JMeter: user.dir  =/opt/yaman/teste
2024-01-12 11:03:13,716 INFO o.a.j.JMeter: PWD       =/opt/yaman/teste
2024-01-12 11:03:13,716 INFO o.a.j.JMeter: IP: 172.20.0.4 Name: dc9135b3ecc6 FullName: dc9135b3ecc6
2024-01-12 11:03:13,736 INFO o.a.j.s.FileServer: Default base='/opt/yaman/teste'
2024-01-12 11:03:13,737 INFO o.a.j.s.FileServer: Set new base='/opt/yaman/scripts'
2024-01-12 11:03:14,003 INFO o.a.j.s.SaveService: Testplan (JMX) version: 2.2. Testlog (JTL) version: 2.2
2024-01-12 11:03:14,041 INFO o.a.j.s.SaveService: Using SaveService properties version 5.0
2024-01-12 11:03:14,046 INFO o.a.j.s.SaveService: Using SaveService properties file encoding UTF-8
2024-01-12 11:03:14,051 INFO o.a.j.s.SaveService: Loading file: /opt/yaman/scripts/google2.jmx
2024-01-12 11:03:14,122 INFO o.a.j.s.SampleResult: Note: Sample TimeStamps are START times
2024-01-12 11:03:14,122 INFO o.a.j.s.SampleResult: sampleresult.default.encoding is set to ISO-8859-1
2024-01-12 11:03:14,122 INFO o.a.j.s.SampleResult: sampleresult.useNanoTime=true
2024-01-12 11:03:14,122 INFO o.a.j.s.SampleResult: sampleresult.nanoThreadSleep=5000
2024-01-12 11:03:14,158 INFO o.a.j.p.h.s.HTTPSamplerBase: Parser for text/html is org.apache.jmeter.protocol.http.parser.LagartoBasedHtmlParser
2024-01-12 11:03:14,159 INFO o.a.j.p.h.s.HTTPSamplerBase: Parser for application/xhtml+xml is org.apache.jmeter.protocol.http.parser.LagartoBasedHtmlParser
2024-01-12 11:03:14,159 INFO o.a.j.p.h.s.HTTPSamplerBase: Parser for application/xml is org.apache.jmeter.protocol.http.parser.LagartoBasedHtmlParser
2024-01-12 11:03:14,160 INFO o.a.j.p.h.s.HTTPSamplerBase: Parser for text/xml is org.apache.jmeter.protocol.http.parser.LagartoBasedHtmlParser
2024-01-12 11:03:14,160 INFO o.a.j.p.h.s.HTTPSamplerBase: Parser for text/vnd.wap.wml is org.apache.jmeter.protocol.http.parser.RegexpHTMLParser
2024-01-12 11:03:14,160 INFO o.a.j.p.h.s.HTTPSamplerBase: Parser for text/css is org.apache.jmeter.protocol.http.parser.CssParser
2024-01-12 11:03:14,184 INFO o.a.j.JMeter: Creating summariser <summary>
2024-01-12 11:03:14,206 INFO o.a.j.e.StandardJMeterEngine: Running the test!
2024-01-12 11:03:14,208 INFO o.a.j.s.SampleEvent: List of sample_variables: []
2024-01-12 11:03:14,208 INFO o.a.j.s.SampleEvent: List of sample_variables: []
2024-01-12 11:03:14,251 INFO o.a.j.e.u.CompoundVariable: Note: Function class names must contain the string: '.functions.'
2024-01-12 11:03:14,252 INFO o.a.j.e.u.CompoundVariable: Note: Function class names must not contain the string: '.gui.'
2024-01-12 11:03:14,817 INFO o.a.j.v.b.BackendListener: Backend Listener: Starting worker with class: class org.apache.jmeter.visualizers.backend.influxdb.InfluxdbBackendListenerClient and queue capacity: 5000
2024-01-12 11:03:14,819 INFO o.a.j.v.b.BackendListener: Backend Listener: Started  worker with class: class org.apache.jmeter.visualizers.backend.influxdb.InfluxdbBackendListenerClient
2024-01-12 11:03:15,168 INFO o.a.j.JMeter: Running test (1705068195168)
2024-01-12 11:03:15,172 INFO o.a.j.e.StandardJMeterEngine: Starting ThreadGroup: 1 : Thread Group
2024-01-12 11:03:15,173 INFO o.a.j.e.StandardJMeterEngine: Starting 3 threads for group Thread Group.
2024-01-12 11:03:15,173 INFO o.a.j.e.StandardJMeterEngine: Thread will continue on error
2024-01-12 11:03:15,173 INFO o.a.j.t.ThreadGroup: Starting thread group... number=1 threads=3 ramp-up=10 delayedStart=false
2024-01-12 11:03:15,191 INFO o.a.j.t.ThreadGroup: Started thread group number 1
2024-01-12 11:03:15,192 INFO o.a.j.e.StandardJMeterEngine: All thread groups have been started
2024-01-12 11:03:15,205 INFO o.a.j.t.JMeterThread: Thread started: Thread Group 1-1
2024-01-12 11:03:18,525 INFO o.a.j.t.JMeterThread: Thread started: Thread Group 1-2
2024-01-12 11:03:20,231 INFO o.a.j.p.h.s.HTTPHCAbstractImpl: Local host = dc9135b3ecc6
2024-01-12 11:03:20,240 INFO o.a.j.p.h.s.HTTPHC4Impl: HTTP request retry count = 0
2024-01-12 11:03:20,391 INFO o.a.j.p.h.s.h.LazyLayeredConnectionSocketFactory: Setting up HTTPS TrustAll Socket Factory
2024-01-12 11:03:20,399 INFO o.a.j.u.JsseSSLManager: Using default SSL protocol: TLS
2024-01-12 11:03:20,400 INFO o.a.j.u.JsseSSLManager: SSL session context: per-thread
2024-01-12 11:03:20,410 INFO o.a.j.u.SSLManager: JmeterKeyStore Location:  type JKS
2024-01-12 11:03:20,412 INFO o.a.j.u.SSLManager: KeyStore created OK
2024-01-12 11:03:20,412 WARN o.a.j.u.SSLManager: Keystore file not found, loading empty keystore
2024-01-12 11:03:21,855 INFO o.a.j.t.JMeterThread: Thread started: Thread Group 1-3
2024-01-12 11:03:31,570 INFO o.a.j.r.Summariser: summary +      6 in 00:00:16 =    0.4/s Avg:   350 Min:   155 Max:   565 Err:     3 (50.00%) Active: 3 Started: 3 Finished: 0
2024-01-12 11:04:01,111 INFO o.a.j.r.Summariser: summary +     16 in 00:00:30 =    0.5/s Avg:   546 Min:    64 Max:  3704 Err:     0 (0.00%) Active: 3 Started: 3 Finished: 0
2024-01-12 11:04:01,113 INFO o.a.j.r.Summariser: summary =     22 in 00:00:46 =    0.5/s Avg:   492 Min:    64 Max:  3704 Err:     3 (13.64%)
2024-01-12 11:04:30,254 INFO o.a.j.r.Summariser: summary +     17 in 00:00:29 =    0.6/s Avg:   221 Min:    41 Max:   655 Err:     5 (29.41%) Active: 3 Started: 3 Finished: 0
2024-01-12 11:04:30,255 INFO o.a.j.r.Summariser: summary =     39 in 00:01:15 =    0.5/s Avg:   374 Min:    41 Max:  3704 Err:     8 (20.51%)
2024-01-12 11:05:02,323 INFO o.a.j.r.Summariser: summary +     18 in 00:00:32 =    0.6/s Avg:   221 Min:    41 Max:  1046 Err:     1 (5.56%) Active: 3 Started: 3 Finished: 0
2024-01-12 11:05:02,323 INFO o.a.j.r.Summariser: summary =     57 in 00:01:47 =    0.5/s Avg:   326 Min:    41 Max:  3704 Err:     9 (15.79%)
2024-01-12 11:05:30,495 INFO o.a.j.r.Summariser: summary +     17 in 00:00:28 =    0.6/s Avg:   197 Min:    41 Max:   380 Err:     4 (23.53%) Active: 3 Started: 3 Finished: 0
2024-01-12 11:05:30,496 INFO o.a.j.r.Summariser: summary =     74 in 00:02:15 =    0.5/s Avg:   296 Min:    41 Max:  3704 Err:    13 (17.57%)
2024-01-12 11:06:01,416 INFO o.a.j.r.Summariser: summary +     17 in 00:00:31 =    0.5/s Avg:   260 Min:    44 Max:  1211 Err:     3 (17.65%) Active: 3 Started: 3 Finished: 0
2024-01-12 11:06:01,416 INFO o.a.j.r.Summariser: summary =     91 in 00:02:46 =    0.5/s Avg:   289 Min:    41 Max:  3704 Err:    16 (17.58%)
2024-01-12 11:06:30,556 INFO o.a.j.r.Summariser: summary +     17 in 00:00:29 =    0.6/s Avg:   230 Min:    56 Max:   459 Err:     2 (11.76%) Active: 3 Started: 3 Finished: 0
2024-01-12 11:06:30,556 INFO o.a.j.r.Summariser: summary =    108 in 00:03:15 =    0.6/s Avg:   280 Min:    41 Max:  3704 Err:    18 (16.67%)
2024-01-12 11:07:02,454 INFO o.a.j.r.Summariser: summary +     18 in 00:00:32 =    0.6/s Avg:   240 Min:    40 Max:   588 Err:     3 (16.67%) Active: 3 Started: 3 Finished: 0
2024-01-12 11:07:02,454 INFO o.a.j.r.Summariser: summary =    126 in 00:03:47 =    0.6/s Avg:   274 Min:    40 Max:  3704 Err:    21 (16.67%)
2024-01-12 11:07:30,770 INFO o.a.j.r.Summariser: summary +     16 in 00:00:28 =    0.6/s Avg:   224 Min:    41 Max:   750 Err:     3 (18.75%) Active: 3 Started: 3 Finished: 0
2024-01-12 11:07:30,771 INFO o.a.j.r.Summariser: summary =    142 in 00:04:16 =    0.6/s Avg:   269 Min:    40 Max:  3704 Err:    24 (16.90%)
2024-01-12 11:08:02,420 INFO o.a.j.r.Summariser: summary +     18 in 00:00:32 =    0.6/s Avg:   274 Min:    42 Max:   936 Err:     3 (16.67%) Active: 3 Started: 3 Finished: 0
2024-01-12 11:08:02,420 INFO o.a.j.r.Summariser: summary =    160 in 00:04:47 =    0.6/s Avg:   269 Min:    40 Max:  3704 Err:    27 (16.88%)
2024-01-12 11:08:30,521 INFO o.a.j.r.Summariser: summary +     17 in 00:00:28 =    0.6/s Avg:   237 Min:    42 Max:   449 Err:     3 (17.65%) Active: 3 Started: 3 Finished: 0
2024-01-12 11:08:30,522 INFO o.a.j.r.Summariser: summary =    177 in 00:05:15 =    0.6/s Avg:   266 Min:    40 Max:  3704 Err:    30 (16.95%)
2024-01-12 11:09:00,636 INFO o.a.j.r.Summariser: summary +     16 in 00:00:30 =    0.5/s Avg:   347 Min:    55 Max:  1351 Err:     2 (12.50%) Active: 3 Started: 3 Finished: 0
2024-01-12 11:09:00,636 INFO o.a.j.r.Summariser: summary =    193 in 00:05:45 =    0.6/s Avg:   273 Min:    40 Max:  3704 Err:    32 (16.58%)
2024-01-12 11:09:32,854 INFO o.a.j.r.Summariser: summary +     18 in 00:00:32 =    0.6/s Avg:   314 Min:    40 Max:  1375 Err:     4 (22.22%) Active: 3 Started: 3 Finished: 0
2024-01-12 11:09:32,855 INFO o.a.j.r.Summariser: summary =    211 in 00:06:18 =    0.6/s Avg:   276 Min:    40 Max:  3704 Err:    36 (17.06%)
2024-01-12 11:10:03,543 INFO o.a.j.r.Summariser: summary +     18 in 00:00:31 =    0.6/s Avg:   204 Min:    40 Max:   545 Err:     1 (5.56%) Active: 3 Started: 3 Finished: 0
2024-01-12 11:10:03,543 INFO o.a.j.r.Summariser: summary =    229 in 00:06:48 =    0.6/s Avg:   271 Min:    40 Max:  3704 Err:    37 (16.16%)
2024-01-12 11:10:31,555 INFO o.a.j.r.Summariser: summary +     16 in 00:00:28 =    0.6/s Avg:   315 Min:    39 Max:   979 Err:     4 (25.00%) Active: 3 Started: 3 Finished: 0
2024-01-12 11:10:31,556 INFO o.a.j.r.Summariser: summary =    245 in 00:07:16 =    0.6/s Avg:   273 Min:    39 Max:  3704 Err:    41 (16.73%)
2024-01-12 11:11:01,434 INFO o.a.j.r.Summariser: summary +     17 in 00:00:30 =    0.6/s Avg:   363 Min:    46 Max:  1163 Err:     2 (11.76%) Active: 3 Started: 3 Finished: 0
2024-01-12 11:11:01,434 INFO o.a.j.r.Summariser: summary =    262 in 00:07:46 =    0.6/s Avg:   279 Min:    39 Max:  3704 Err:    43 (16.41%)
2024-01-12 11:11:30,209 INFO o.a.j.r.Summariser: summary +     16 in 00:00:29 =    0.6/s Avg:   251 Min:    40 Max:   694 Err:     4 (25.00%) Active: 3 Started: 3 Finished: 0
2024-01-12 11:11:30,209 INFO o.a.j.r.Summariser: summary =    278 in 00:08:15 =    0.6/s Avg:   278 Min:    39 Max:  3704 Err:    47 (16.91%)
2024-01-12 11:12:00,592 INFO o.a.j.r.Summariser: summary +     17 in 00:00:30 =    0.6/s Avg:   358 Min:    42 Max:  1769 Err:     2 (11.76%) Active: 3 Started: 3 Finished: 0
2024-01-12 11:12:00,593 INFO o.a.j.r.Summariser: summary =    295 in 00:08:45 =    0.6/s Avg:   282 Min:    39 Max:  3704 Err:    49 (16.61%)
2024-01-12 11:12:32,324 INFO o.a.j.r.Summariser: summary +     18 in 00:00:32 =    0.6/s Avg:   305 Min:    49 Max:   641 Err:     3 (16.67%) Active: 3 Started: 3 Finished: 0
2024-01-12 11:12:32,324 INFO o.a.j.r.Summariser: summary =    313 in 00:09:17 =    0.6/s Avg:   284 Min:    39 Max:  3704 Err:    52 (16.61%)
2024-01-12 11:13:02,196 INFO o.a.j.r.Summariser: summary +     17 in 00:00:30 =    0.6/s Avg:   331 Min:    41 Max:  1645 Err:     4 (23.53%) Active: 3 Started: 3 Finished: 0
2024-01-12 11:13:02,197 INFO o.a.j.r.Summariser: summary =    330 in 00:09:47 =    0.6/s Avg:   286 Min:    39 Max:  3704 Err:    56 (16.97%)
2024-01-12 11:13:30,844 INFO o.a.j.r.Summariser: summary +     16 in 00:00:29 =    0.6/s Avg:   266 Min:    41 Max:   720 Err:     3 (18.75%) Active: 3 Started: 3 Finished: 0
2024-01-12 11:13:30,845 INFO o.a.j.r.Summariser: summary =    346 in 00:10:16 =    0.6/s Avg:   285 Min:    39 Max:  3704 Err:    59 (17.05%)
2024-01-12 11:13:51,130 INFO o.a.j.t.JMeterThread: Thread is done: Thread Group 1-2
2024-01-12 11:13:51,131 INFO o.a.j.t.JMeterThread: Thread finished: Thread Group 1-2
2024-01-12 11:13:53,131 INFO o.a.j.t.JMeterThread: Thread is done: Thread Group 1-3
2024-01-12 11:13:53,131 INFO o.a.j.t.JMeterThread: Thread finished: Thread Group 1-3
2024-01-12 11:13:54,440 INFO o.a.j.t.JMeterThread: Thread is done: Thread Group 1-1
2024-01-12 11:13:54,440 INFO o.a.j.t.JMeterThread: Thread finished: Thread Group 1-1
2024-01-12 11:13:54,442 INFO o.a.j.e.StandardJMeterEngine: Notifying test listeners of end of test
2024-01-12 11:13:54,443 INFO o.a.j.v.b.BackendListener: Worker ended
2024-01-12 11:13:54,445 INFO o.a.j.v.b.i.InfluxdbBackendListenerClient: Sending last metrics to InfluxDB
2024-01-12 11:13:54,447 INFO o.a.j.v.b.i.HttpMetricsSender: Destroying 
2024-01-12 11:13:54,459 INFO o.a.j.r.Summariser: summary +     14 in 00:00:24 =    0.6/s Avg:   265 Min:    41 Max:   717 Err:     1 (7.14%) Active: 0 Started: 3 Finished: 3
2024-01-12 11:13:54,459 INFO o.a.j.r.Summariser: summary =    360 in 00:10:39 =    0.6/s Avg:   284 Min:    39 Max:  3704 Err:    60 (16.67%)
