2024-01-12 10:20:26,739 INFO o.a.j.u.JMeterUtils: Setting Locale to en_EN
2024-01-12 10:20:26,791 INFO o.a.j.JMeter: Loading user properties from: /opt/yaman/jmeter/apache-jmeter-5.5/bin/user.properties
2024-01-12 10:20:26,792 INFO o.a.j.JMeter: Loading system properties from: /opt/yaman/jmeter/apache-jmeter-5.5/bin/system.properties
2024-01-12 10:20:26,809 INFO o.a.j.JMeter: Copyright (c) 1998-2022 The Apache Software Foundation
2024-01-12 10:20:26,809 INFO o.a.j.JMeter: Version 5.5
2024-01-12 10:20:26,809 INFO o.a.j.JMeter: java.version=11.0.18
2024-01-12 10:20:26,809 INFO o.a.j.JMeter: java.vm.name=OpenJDK 64-Bit Server VM
2024-01-12 10:20:26,809 INFO o.a.j.JMeter: os.name=Linux
2024-01-12 10:20:26,810 INFO o.a.j.JMeter: os.arch=amd64
2024-01-12 10:20:26,810 INFO o.a.j.JMeter: os.version=5.15.133.1-microsoft-standard-WSL2
2024-01-12 10:20:26,810 INFO o.a.j.JMeter: file.encoding=ANSI_X3.4-1968
2024-01-12 10:20:26,810 INFO o.a.j.JMeter: java.awt.headless=true
2024-01-12 10:20:26,810 INFO o.a.j.JMeter: Max memory     =536870912
2024-01-12 10:20:26,810 INFO o.a.j.JMeter: Available Processors =8
2024-01-12 10:20:26,828 INFO o.a.j.JMeter: Default Locale=English (EN)
2024-01-12 10:20:26,829 INFO o.a.j.JMeter: JMeter  Locale=English (EN)
2024-01-12 10:20:26,829 INFO o.a.j.JMeter: JMeterHome=/opt/yaman/jmeter/apache-jmeter-5.5
2024-01-12 10:20:26,829 INFO o.a.j.JMeter: user.dir  =/opt/yaman/teste
2024-01-12 10:20:26,829 INFO o.a.j.JMeter: PWD       =/opt/yaman/teste
2024-01-12 10:20:26,829 INFO o.a.j.JMeter: IP: 172.20.0.4 Name: dc9135b3ecc6 FullName: dc9135b3ecc6
2024-01-12 10:20:26,845 INFO o.a.j.s.FileServer: Default base='/opt/yaman/teste'
2024-01-12 10:20:26,846 INFO o.a.j.s.FileServer: Set new base='/opt/yaman/scripts'
2024-01-12 10:20:27,075 INFO o.a.j.s.SaveService: Testplan (JMX) version: 2.2. Testlog (JTL) version: 2.2
2024-01-12 10:20:27,107 INFO o.a.j.s.SaveService: Using SaveService properties version 5.0
2024-01-12 10:20:27,112 INFO o.a.j.s.SaveService: Using SaveService properties file encoding UTF-8
2024-01-12 10:20:27,114 INFO o.a.j.s.SaveService: Loading file: /opt/yaman/scripts/google2.jmx
2024-01-12 10:20:27,168 INFO o.a.j.s.SampleResult: Note: Sample TimeStamps are START times
2024-01-12 10:20:27,168 INFO o.a.j.s.SampleResult: sampleresult.default.encoding is set to ISO-8859-1
2024-01-12 10:20:27,168 INFO o.a.j.s.SampleResult: sampleresult.useNanoTime=true
2024-01-12 10:20:27,168 INFO o.a.j.s.SampleResult: sampleresult.nanoThreadSleep=5000
2024-01-12 10:20:27,198 INFO o.a.j.p.h.s.HTTPSamplerBase: Parser for text/html is org.apache.jmeter.protocol.http.parser.LagartoBasedHtmlParser
2024-01-12 10:20:27,198 INFO o.a.j.p.h.s.HTTPSamplerBase: Parser for application/xhtml+xml is org.apache.jmeter.protocol.http.parser.LagartoBasedHtmlParser
2024-01-12 10:20:27,198 INFO o.a.j.p.h.s.HTTPSamplerBase: Parser for application/xml is org.apache.jmeter.protocol.http.parser.LagartoBasedHtmlParser
2024-01-12 10:20:27,198 INFO o.a.j.p.h.s.HTTPSamplerBase: Parser for text/xml is org.apache.jmeter.protocol.http.parser.LagartoBasedHtmlParser
2024-01-12 10:20:27,198 INFO o.a.j.p.h.s.HTTPSamplerBase: Parser for text/vnd.wap.wml is org.apache.jmeter.protocol.http.parser.RegexpHTMLParser
2024-01-12 10:20:27,198 INFO o.a.j.p.h.s.HTTPSamplerBase: Parser for text/css is org.apache.jmeter.protocol.http.parser.CssParser
2024-01-12 10:20:27,218 INFO o.a.j.JMeter: Creating summariser <summary>
2024-01-12 10:20:27,247 INFO o.a.j.e.StandardJMeterEngine: Running the test!
2024-01-12 10:20:27,249 INFO o.a.j.s.SampleEvent: List of sample_variables: []
2024-01-12 10:20:27,250 INFO o.a.j.s.SampleEvent: List of sample_variables: []
2024-01-12 10:20:27,292 INFO o.a.j.e.u.CompoundVariable: Note: Function class names must contain the string: '.functions.'
2024-01-12 10:20:27,292 INFO o.a.j.e.u.CompoundVariable: Note: Function class names must not contain the string: '.gui.'
2024-01-12 10:20:27,687 INFO o.a.j.v.b.BackendListener: Backend Listener: Starting worker with class: class org.apache.jmeter.visualizers.backend.influxdb.InfluxdbBackendListenerClient and queue capacity: 5000
2024-01-12 10:20:27,688 INFO o.a.j.v.b.BackendListener: Backend Listener: Started  worker with class: class org.apache.jmeter.visualizers.backend.influxdb.InfluxdbBackendListenerClient
2024-01-12 10:20:28,084 INFO o.a.j.JMeter: Running test (1705065628084)
2024-01-12 10:20:28,088 INFO o.a.j.e.StandardJMeterEngine: Starting ThreadGroup: 1 : Thread Group
2024-01-12 10:20:28,088 INFO o.a.j.e.StandardJMeterEngine: Starting 3 threads for group Thread Group.
2024-01-12 10:20:28,089 INFO o.a.j.e.StandardJMeterEngine: Thread will continue on error
2024-01-12 10:20:28,089 INFO o.a.j.t.ThreadGroup: Starting thread group... number=1 threads=3 ramp-up=10 delayedStart=false
2024-01-12 10:20:28,104 INFO o.a.j.t.ThreadGroup: Started thread group number 1
2024-01-12 10:20:28,104 INFO o.a.j.e.StandardJMeterEngine: All thread groups have been started
2024-01-12 10:20:28,114 INFO o.a.j.t.JMeterThread: Thread started: Thread Group 1-1
2024-01-12 10:20:31,438 INFO o.a.j.t.JMeterThread: Thread started: Thread Group 1-2
2024-01-12 10:20:33,139 INFO o.a.j.p.h.s.HTTPHCAbstractImpl: Local host = dc9135b3ecc6
2024-01-12 10:20:33,143 INFO o.a.j.p.h.s.HTTPHC4Impl: HTTP request retry count = 0
2024-01-12 10:20:33,232 INFO o.a.j.p.h.s.h.LazyLayeredConnectionSocketFactory: Setting up HTTPS TrustAll Socket Factory
2024-01-12 10:20:33,240 INFO o.a.j.u.JsseSSLManager: Using default SSL protocol: TLS
2024-01-12 10:20:33,240 INFO o.a.j.u.JsseSSLManager: SSL session context: per-thread
2024-01-12 10:20:33,253 INFO o.a.j.u.SSLManager: JmeterKeyStore Location:  type JKS
2024-01-12 10:20:33,254 INFO o.a.j.u.SSLManager: KeyStore created OK
2024-01-12 10:20:33,254 WARN o.a.j.u.SSLManager: Keystore file not found, loading empty keystore
2024-01-12 10:20:34,462 INFO o.a.j.r.Summariser: summary +      1 in 00:00:06 =    0.2/s Avg:  1284 Min:  1284 Max:  1284 Err:     0 (0.00%) Active: 2 Started: 2 Finished: 0
2024-01-12 10:20:34,767 INFO o.a.j.t.JMeterThread: Thread started: Thread Group 1-3
2024-01-12 10:21:03,048 INFO o.a.j.r.Summariser: summary +     14 in 00:00:29 =    0.5/s Avg:   578 Min:   104 Max:  2017 Err:     2 (14.29%) Active: 3 Started: 3 Finished: 0
2024-01-12 10:21:03,048 INFO o.a.j.r.Summariser: summary =     15 in 00:00:35 =    0.4/s Avg:   625 Min:   104 Max:  2017 Err:     2 (13.33%)
2024-01-12 10:21:31,147 INFO o.a.j.r.Summariser: summary +     17 in 00:00:28 =    0.6/s Avg:   393 Min:    63 Max:  1113 Err:     3 (17.65%) Active: 3 Started: 3 Finished: 0
2024-01-12 10:21:31,147 INFO o.a.j.r.Summariser: summary =     32 in 00:01:03 =    0.5/s Avg:   502 Min:    63 Max:  2017 Err:     5 (15.62%)
2024-01-12 10:22:00,914 INFO o.a.j.r.Summariser: summary +     16 in 00:00:30 =    0.5/s Avg:   233 Min:    48 Max:   593 Err:     3 (18.75%) Active: 3 Started: 3 Finished: 0
2024-01-12 10:22:00,915 INFO o.a.j.r.Summariser: summary =     48 in 00:01:33 =    0.5/s Avg:   412 Min:    48 Max:  2017 Err:     8 (16.67%)
2024-01-12 10:22:32,866 INFO o.a.j.r.Summariser: summary +     18 in 00:00:32 =    0.6/s Avg:   214 Min:    42 Max:   457 Err:     4 (22.22%) Active: 3 Started: 3 Finished: 0
2024-01-12 10:22:32,866 INFO o.a.j.r.Summariser: summary =     66 in 00:02:05 =    0.5/s Avg:   358 Min:    42 Max:  2017 Err:    12 (18.18%)
2024-01-12 10:23:03,991 INFO o.a.j.r.Summariser: summary +     18 in 00:00:31 =    0.6/s Avg:   226 Min:    45 Max:  1244 Err:     1 (5.56%) Active: 3 Started: 3 Finished: 0
2024-01-12 10:23:03,991 INFO o.a.j.r.Summariser: summary =     84 in 00:02:36 =    0.5/s Avg:   330 Min:    42 Max:  2017 Err:    13 (15.48%)
2024-01-12 10:23:31,446 INFO o.a.j.r.Summariser: summary +     15 in 00:00:27 =    0.5/s Avg:   466 Min:    58 Max:  1628 Err:     2 (13.33%) Active: 3 Started: 3 Finished: 0
2024-01-12 10:23:31,446 INFO o.a.j.r.Summariser: summary =     99 in 00:03:03 =    0.5/s Avg:   350 Min:    42 Max:  2017 Err:    15 (15.15%)
2024-01-12 10:24:02,782 INFO o.a.j.r.Summariser: summary +     18 in 00:00:31 =    0.6/s Avg:   209 Min:    38 Max:   645 Err:     5 (27.78%) Active: 3 Started: 3 Finished: 0
2024-01-12 10:24:02,783 INFO o.a.j.r.Summariser: summary =    117 in 00:03:35 =    0.5/s Avg:   328 Min:    38 Max:  2017 Err:    20 (17.09%)
2024-01-12 10:24:30,561 INFO o.a.j.r.Summariser: summary +     17 in 00:00:28 =    0.6/s Avg:   376 Min:    85 Max:  1406 Err:     2 (11.76%) Active: 3 Started: 3 Finished: 0
2024-01-12 10:24:30,562 INFO o.a.j.r.Summariser: summary =    134 in 00:04:02 =    0.6/s Avg:   335 Min:    38 Max:  2017 Err:    22 (16.42%)
2024-01-12 10:25:02,095 INFO o.a.j.r.Summariser: summary +     16 in 00:00:32 =    0.5/s Avg:   408 Min:    42 Max:  1801 Err:     2 (12.50%) Active: 3 Started: 3 Finished: 0
2024-01-12 10:25:02,096 INFO o.a.j.r.Summariser: summary =    150 in 00:04:34 =    0.5/s Avg:   342 Min:    38 Max:  2017 Err:    24 (16.00%)
2024-01-12 10:25:34,042 INFO o.a.j.r.Summariser: summary +     18 in 00:00:32 =    0.6/s Avg:   324 Min:    39 Max:   630 Err:     4 (22.22%) Active: 3 Started: 3 Finished: 0
2024-01-12 10:25:34,042 INFO o.a.j.r.Summariser: summary =    168 in 00:05:06 =    0.5/s Avg:   340 Min:    38 Max:  2017 Err:    28 (16.67%)
2024-01-12 10:26:00,295 INFO o.a.j.r.Summariser: summary +     15 in 00:00:26 =    0.6/s Avg:   212 Min:    46 Max:   531 Err:     2 (13.33%) Active: 3 Started: 3 Finished: 0
2024-01-12 10:26:00,295 INFO o.a.j.r.Summariser: summary =    183 in 00:05:32 =    0.6/s Avg:   330 Min:    38 Max:  2017 Err:    30 (16.39%)
2024-01-12 10:26:31,644 INFO o.a.j.r.Summariser: summary +     18 in 00:00:31 =    0.6/s Avg:   457 Min:    52 Max:  1721 Err:     3 (16.67%) Active: 3 Started: 3 Finished: 0
2024-01-12 10:26:31,644 INFO o.a.j.r.Summariser: summary =    201 in 00:06:04 =    0.6/s Avg:   341 Min:    38 Max:  2017 Err:    33 (16.42%)
2024-01-12 10:27:02,135 INFO o.a.j.r.Summariser: summary +     17 in 00:00:30 =    0.6/s Avg:   319 Min:    44 Max:  1657 Err:     3 (17.65%) Active: 3 Started: 3 Finished: 0
2024-01-12 10:27:02,135 INFO o.a.j.r.Summariser: summary =    218 in 00:06:34 =    0.6/s Avg:   340 Min:    38 Max:  2017 Err:    36 (16.51%)
2024-01-12 10:27:33,301 INFO o.a.j.r.Summariser: summary +     18 in 00:00:31 =    0.6/s Avg:   186 Min:    44 Max:   348 Err:     4 (22.22%) Active: 3 Started: 3 Finished: 0
2024-01-12 10:27:33,301 INFO o.a.j.r.Summariser: summary =    236 in 00:07:05 =    0.6/s Avg:   328 Min:    38 Max:  2017 Err:    40 (16.95%)
2024-01-12 10:28:00,260 INFO o.a.j.r.Summariser: summary +     16 in 00:00:27 =    0.6/s Avg:   234 Min:    38 Max:   927 Err:     2 (12.50%) Active: 3 Started: 3 Finished: 0
2024-01-12 10:28:00,260 INFO o.a.j.r.Summariser: summary =    252 in 00:07:32 =    0.6/s Avg:   322 Min:    38 Max:  2017 Err:    42 (16.67%)
2024-01-12 10:28:32,237 INFO o.a.j.r.Summariser: summary +     17 in 00:00:32 =    0.5/s Avg:   355 Min:    41 Max:  1207 Err:     3 (17.65%) Active: 3 Started: 3 Finished: 0
2024-01-12 10:28:32,238 INFO o.a.j.r.Summariser: summary =    269 in 00:08:04 =    0.6/s Avg:   324 Min:    38 Max:  2017 Err:    45 (16.73%)
2024-01-12 10:29:03,439 INFO o.a.j.r.Summariser: summary +     18 in 00:00:31 =    0.6/s Avg:   231 Min:    47 Max:   558 Err:     3 (16.67%) Active: 3 Started: 3 Finished: 0
2024-01-12 10:29:03,439 INFO o.a.j.r.Summariser: summary =    287 in 00:08:35 =    0.6/s Avg:   318 Min:    38 Max:  2017 Err:    48 (16.72%)
2024-01-12 10:29:30,308 INFO o.a.j.r.Summariser: summary +     17 in 00:00:27 =    0.6/s Avg:   182 Min:    39 Max:   431 Err:     2 (11.76%) Active: 3 Started: 3 Finished: 0
2024-01-12 10:29:30,308 INFO o.a.j.r.Summariser: summary =    304 in 00:09:02 =    0.6/s Avg:   310 Min:    38 Max:  2017 Err:    50 (16.45%)
2024-01-12 10:30:00,504 INFO o.a.j.r.Summariser: summary +     16 in 00:00:30 =    0.5/s Avg:   190 Min:    42 Max:   331 Err:     4 (25.00%) Active: 3 Started: 3 Finished: 0
2024-01-12 10:30:00,504 INFO o.a.j.r.Summariser: summary =    320 in 00:09:32 =    0.6/s Avg:   304 Min:    38 Max:  2017 Err:    54 (16.88%)
2024-01-12 10:30:32,183 INFO o.a.j.r.Summariser: summary +     18 in 00:00:32 =    0.6/s Avg:   276 Min:    66 Max:   638 Err:     2 (11.11%) Active: 3 Started: 3 Finished: 0
2024-01-12 10:30:32,184 INFO o.a.j.r.Summariser: summary =    338 in 00:10:04 =    0.6/s Avg:   303 Min:    38 Max:  2017 Err:    56 (16.57%)
2024-01-12 10:31:04,156 INFO o.a.j.r.Summariser: summary +     18 in 00:00:32 =    0.6/s Avg:   272 Min:    42 Max:   582 Err:     2 (11.11%) Active: 3 Started: 3 Finished: 0
2024-01-12 10:31:04,157 INFO o.a.j.r.Summariser: summary =    356 in 00:10:36 =    0.6/s Avg:   301 Min:    38 Max:  2017 Err:    58 (16.29%)
2024-01-12 10:31:04,341 INFO o.a.j.t.JMeterThread: Thread is done: Thread Group 1-2
2024-01-12 10:31:04,342 INFO o.a.j.t.JMeterThread: Thread finished: Thread Group 1-2
2024-01-12 10:31:04,402 INFO o.a.j.t.JMeterThread: Thread is done: Thread Group 1-1
2024-01-12 10:31:04,402 INFO o.a.j.t.JMeterThread: Thread finished: Thread Group 1-1
2024-01-12 10:31:15,017 INFO o.a.j.t.JMeterThread: Thread is done: Thread Group 1-3
2024-01-12 10:31:15,018 INFO o.a.j.t.JMeterThread: Thread finished: Thread Group 1-3
2024-01-12 10:31:15,020 INFO o.a.j.e.StandardJMeterEngine: Notifying test listeners of end of test
2024-01-12 10:31:15,022 INFO o.a.j.v.b.BackendListener: Worker ended
2024-01-12 10:31:15,025 INFO o.a.j.v.b.i.InfluxdbBackendListenerClient: Sending last metrics to InfluxDB
2024-01-12 10:31:15,026 INFO o.a.j.v.b.i.HttpMetricsSender: Destroying 
2024-01-12 10:31:15,037 INFO o.a.j.r.Summariser: summary +      4 in 00:00:11 =    0.4/s Avg:   356 Min:   250 Max:   537 Err:     2 (50.00%) Active: 0 Started: 3 Finished: 3
2024-01-12 10:31:15,038 INFO o.a.j.r.Summariser: summary =    360 in 00:10:47 =    0.6/s Avg:   302 Min:    38 Max:  2017 Err:    60 (16.67%)
