2024-02-20 11:28:38,050 INFO o.a.j.u.JMeterUtils: Setting Locale to en_EN
2024-02-20 11:28:38,078 INFO o.a.j.JMeter: Loading user properties from: /opt/yaman/jmeter/apache-jmeter-5.5/bin/user.properties
2024-02-20 11:28:38,078 INFO o.a.j.JMeter: Loading system properties from: /opt/yaman/jmeter/apache-jmeter-5.5/bin/system.properties
2024-02-20 11:28:38,088 INFO o.a.j.JMeter: Copyright (c) 1998-2022 The Apache Software Foundation
2024-02-20 11:28:38,088 INFO o.a.j.JMeter: Version 5.5
2024-02-20 11:28:38,088 INFO o.a.j.JMeter: java.version=11.0.18
2024-02-20 11:28:38,088 INFO o.a.j.JMeter: java.vm.name=OpenJDK 64-Bit Server VM
2024-02-20 11:28:38,089 INFO o.a.j.JMeter: os.name=Linux
2024-02-20 11:28:38,089 INFO o.a.j.JMeter: os.arch=amd64
2024-02-20 11:28:38,089 INFO o.a.j.JMeter: os.version=5.15.133.1-microsoft-standard-WSL2
2024-02-20 11:28:38,089 INFO o.a.j.JMeter: file.encoding=ANSI_X3.4-1968
2024-02-20 11:28:38,089 INFO o.a.j.JMeter: java.awt.headless=true
2024-02-20 11:28:38,089 INFO o.a.j.JMeter: Max memory     =536870912
2024-02-20 11:28:38,089 INFO o.a.j.JMeter: Available Processors =8
2024-02-20 11:28:38,101 INFO o.a.j.JMeter: Default Locale=English (EN)
2024-02-20 11:28:38,102 INFO o.a.j.JMeter: JMeter  Locale=English (EN)
2024-02-20 11:28:38,102 INFO o.a.j.JMeter: JMeterHome=/opt/yaman/jmeter/apache-jmeter-5.5
2024-02-20 11:28:38,102 INFO o.a.j.JMeter: user.dir  =/opt/yaman/teste
2024-02-20 11:28:38,102 INFO o.a.j.JMeter: PWD       =/opt/yaman/teste
2024-02-20 11:28:38,102 INFO o.a.j.JMeter: IP: 172.18.0.4 Name: 7420df04852a FullName: 7420df04852a
2024-02-20 11:28:38,122 INFO o.a.j.s.FileServer: Default base='/opt/yaman/teste'
2024-02-20 11:28:38,124 INFO o.a.j.s.FileServer: Set new base='/opt/yaman/scripts'
2024-02-20 11:28:38,332 INFO o.a.j.s.SaveService: Testplan (JMX) version: 2.2. Testlog (JTL) version: 2.2
2024-02-20 11:28:38,358 INFO o.a.j.s.SaveService: Using SaveService properties version 5.0
2024-02-20 11:28:38,362 INFO o.a.j.s.SaveService: Using SaveService properties file encoding UTF-8
2024-02-20 11:28:38,366 INFO o.a.j.s.SaveService: Loading file: /opt/yaman/scripts/google.jmx
2024-02-20 11:28:38,399 INFO o.a.j.p.h.c.CookieManager: Settings: Delete null: true Check: true Allow variable: true Save: false Prefix: COOKIE_
2024-02-20 11:28:38,404 INFO o.a.j.p.h.c.CacheManager: Will only cache the following methods: [GET]
2024-02-20 11:28:38,409 INFO o.a.j.s.SampleResult: Note: Sample TimeStamps are START times
2024-02-20 11:28:38,409 INFO o.a.j.s.SampleResult: sampleresult.default.encoding is set to ISO-8859-1
2024-02-20 11:28:38,409 INFO o.a.j.s.SampleResult: sampleresult.useNanoTime=true
2024-02-20 11:28:38,409 INFO o.a.j.s.SampleResult: sampleresult.nanoThreadSleep=5000
2024-02-20 11:28:38,432 INFO o.a.j.p.h.s.HTTPSamplerBase: Parser for text/html is org.apache.jmeter.protocol.http.parser.LagartoBasedHtmlParser
2024-02-20 11:28:38,432 INFO o.a.j.p.h.s.HTTPSamplerBase: Parser for application/xhtml+xml is org.apache.jmeter.protocol.http.parser.LagartoBasedHtmlParser
2024-02-20 11:28:38,432 INFO o.a.j.p.h.s.HTTPSamplerBase: Parser for application/xml is org.apache.jmeter.protocol.http.parser.LagartoBasedHtmlParser
2024-02-20 11:28:38,432 INFO o.a.j.p.h.s.HTTPSamplerBase: Parser for text/xml is org.apache.jmeter.protocol.http.parser.LagartoBasedHtmlParser
2024-02-20 11:28:38,432 INFO o.a.j.p.h.s.HTTPSamplerBase: Parser for text/vnd.wap.wml is org.apache.jmeter.protocol.http.parser.RegexpHTMLParser
2024-02-20 11:28:38,432 INFO o.a.j.p.h.s.HTTPSamplerBase: Parser for text/css is org.apache.jmeter.protocol.http.parser.CssParser
2024-02-20 11:28:38,452 INFO o.a.j.JMeter: Creating summariser <summary>
2024-02-20 11:28:38,474 INFO o.a.j.e.StandardJMeterEngine: Running the test!
2024-02-20 11:28:38,475 INFO o.a.j.s.SampleEvent: List of sample_variables: []
2024-02-20 11:28:38,475 INFO o.a.j.s.SampleEvent: List of sample_variables: []
2024-02-20 11:28:38,504 INFO o.a.j.e.u.CompoundVariable: Note: Function class names must contain the string: '.functions.'
2024-02-20 11:28:38,504 INFO o.a.j.e.u.CompoundVariable: Note: Function class names must not contain the string: '.gui.'
2024-02-20 11:28:38,928 INFO o.a.j.v.b.BackendListener: Backend Listener: Starting worker with class: class org.apache.jmeter.visualizers.backend.influxdb.InfluxdbBackendListenerClient and queue capacity: 5000
2024-02-20 11:28:38,930 INFO o.a.j.v.b.BackendListener: Backend Listener: Started  worker with class: class org.apache.jmeter.visualizers.backend.influxdb.InfluxdbBackendListenerClient
2024-02-20 11:28:39,167 INFO o.a.j.JMeter: Running test (1708439319167)
2024-02-20 11:28:39,173 INFO o.a.j.e.StandardJMeterEngine: Starting ThreadGroup: 1 : Thread Group
2024-02-20 11:28:39,174 INFO o.a.j.e.StandardJMeterEngine: Starting 2 threads for group Thread Group.
2024-02-20 11:28:39,174 INFO o.a.j.e.StandardJMeterEngine: Thread will continue on error
2024-02-20 11:28:39,174 INFO o.a.j.t.ThreadGroup: Starting thread group... number=1 threads=2 ramp-up=30 delayedStart=false
2024-02-20 11:28:39,187 INFO o.a.j.t.ThreadGroup: Started thread group number 1
2024-02-20 11:28:39,189 INFO o.a.j.e.StandardJMeterEngine: All thread groups have been started
2024-02-20 11:28:39,199 INFO o.a.j.t.JMeterThread: Thread started: Thread Group 1-1
2024-02-20 11:28:39,223 INFO o.a.j.p.h.s.HTTPHCAbstractImpl: Local host = 7420df04852a
2024-02-20 11:28:39,232 INFO o.a.j.p.h.s.HTTPHC4Impl: HTTP request retry count = 0
2024-02-20 11:28:39,313 INFO o.a.j.p.h.s.h.LazyLayeredConnectionSocketFactory: Setting up HTTPS TrustAll Socket Factory
2024-02-20 11:28:39,321 INFO o.a.j.u.JsseSSLManager: Using default SSL protocol: TLS
2024-02-20 11:28:39,321 INFO o.a.j.u.JsseSSLManager: SSL session context: per-thread
2024-02-20 11:28:39,330 INFO o.a.j.u.SSLManager: JmeterKeyStore Location:  type JKS
2024-02-20 11:28:39,332 INFO o.a.j.u.SSLManager: KeyStore created OK
2024-02-20 11:28:39,332 WARN o.a.j.u.SSLManager: Keystore file not found, loading empty keystore
2024-02-20 11:28:54,190 INFO o.a.j.t.JMeterThread: Thread started: Thread Group 1-2
2024-02-20 11:29:30,065 INFO o.a.j.r.Summariser: summary +     73 in 00:00:51 =    1.4/s Avg:   470 Min:    54 Max:  2139 Err:     7 (9.59%) Active: 2 Started: 2 Finished: 0
2024-02-20 11:30:01,341 INFO o.a.j.r.Summariser: summary +     43 in 00:00:31 =    1.4/s Avg:   546 Min:    51 Max:  2137 Err:     5 (11.63%) Active: 2 Started: 2 Finished: 0
2024-02-20 11:30:01,342 INFO o.a.j.r.Summariser: summary =    116 in 00:01:22 =    1.4/s Avg:   499 Min:    51 Max:  2139 Err:    12 (10.34%)
2024-02-20 11:30:30,596 INFO o.a.j.r.Summariser: summary +     52 in 00:00:29 =    1.8/s Avg:   435 Min:    49 Max:  2133 Err:     5 (9.62%) Active: 2 Started: 2 Finished: 0
2024-02-20 11:30:30,596 INFO o.a.j.r.Summariser: summary =    168 in 00:01:51 =    1.5/s Avg:   479 Min:    49 Max:  2139 Err:    17 (10.12%)
2024-02-20 11:30:39,423 INFO o.a.j.t.JMeterThread: Stopping because end time detected by thread: Thread Group 1-2
2024-02-20 11:30:39,424 INFO o.a.j.t.JMeterThread: Thread finished: Thread Group 1-2
2024-02-20 11:30:40,003 INFO o.a.j.t.JMeterThread: Stopping because end time detected by thread: Thread Group 1-1
2024-02-20 11:30:40,004 INFO o.a.j.t.JMeterThread: Thread finished: Thread Group 1-1
2024-02-20 11:30:40,006 INFO o.a.j.e.StandardJMeterEngine: Notifying test listeners of end of test
2024-02-20 11:30:40,007 INFO o.a.j.v.b.BackendListener: Worker ended
2024-02-20 11:30:40,010 INFO o.a.j.v.b.i.InfluxdbBackendListenerClient: Sending last metrics to InfluxDB
2024-02-20 11:30:40,013 INFO o.a.j.v.b.i.HttpMetricsSender: Destroying 
2024-02-20 11:30:40,022 INFO o.a.j.r.Summariser: summary +     10 in 00:00:09 =    1.1/s Avg:   621 Min:    56 Max:  2138 Err:     2 (20.00%) Active: 0 Started: 2 Finished: 2
2024-02-20 11:30:40,023 INFO o.a.j.r.Summariser: summary =    178 in 00:02:01 =    1.5/s Avg:   487 Min:    49 Max:  2139 Err:    19 (10.67%)
