2024-02-02 14:30:56,692 INFO o.a.j.u.JMeterUtils: Setting Locale to en_EN
2024-02-02 14:30:56,721 INFO o.a.j.JMeter: Loading user properties from: /opt/yaman/jmeter/apache-jmeter-5.5/bin/user.properties
2024-02-02 14:30:56,722 INFO o.a.j.JMeter: Loading system properties from: /opt/yaman/jmeter/apache-jmeter-5.5/bin/system.properties
2024-02-02 14:30:56,730 INFO o.a.j.JMeter: Copyright (c) 1998-2022 The Apache Software Foundation
2024-02-02 14:30:56,730 INFO o.a.j.JMeter: Version 5.5
2024-02-02 14:30:56,730 INFO o.a.j.JMeter: java.version=11.0.18
2024-02-02 14:30:56,731 INFO o.a.j.JMeter: java.vm.name=OpenJDK 64-Bit Server VM
2024-02-02 14:30:56,731 INFO o.a.j.JMeter: os.name=Linux
2024-02-02 14:30:56,731 INFO o.a.j.JMeter: os.arch=amd64
2024-02-02 14:30:56,731 INFO o.a.j.JMeter: os.version=5.15.133.1-microsoft-standard-WSL2
2024-02-02 14:30:56,731 INFO o.a.j.JMeter: file.encoding=ANSI_X3.4-1968
2024-02-02 14:30:56,731 INFO o.a.j.JMeter: java.awt.headless=true
2024-02-02 14:30:56,731 INFO o.a.j.JMeter: Max memory     =536870912
2024-02-02 14:30:56,731 INFO o.a.j.JMeter: Available Processors =8
2024-02-02 14:30:56,743 INFO o.a.j.JMeter: Default Locale=English (EN)
2024-02-02 14:30:56,743 INFO o.a.j.JMeter: JMeter  Locale=English (EN)
2024-02-02 14:30:56,743 INFO o.a.j.JMeter: JMeterHome=/opt/yaman/jmeter/apache-jmeter-5.5
2024-02-02 14:30:56,743 INFO o.a.j.JMeter: user.dir  =/opt/yaman/teste
2024-02-02 14:30:56,743 INFO o.a.j.JMeter: PWD       =/opt/yaman/teste
2024-02-02 14:30:56,744 INFO o.a.j.JMeter: IP: 172.18.0.4 Name: 828923c82318 FullName: 828923c82318
2024-02-02 14:30:56,763 INFO o.a.j.s.FileServer: Default base='/opt/yaman/teste'
2024-02-02 14:30:56,764 INFO o.a.j.s.FileServer: Set new base='/opt/yaman/scripts'
2024-02-02 14:30:56,968 INFO o.a.j.s.SaveService: Testplan (JMX) version: 2.2. Testlog (JTL) version: 2.2
2024-02-02 14:30:56,990 INFO o.a.j.s.SaveService: Using SaveService properties version 5.0
2024-02-02 14:30:56,995 INFO o.a.j.s.SaveService: Using SaveService properties file encoding UTF-8
2024-02-02 14:30:56,998 INFO o.a.j.s.SaveService: Loading file: /opt/yaman/scripts/google.jmx
2024-02-02 14:30:57,028 INFO o.a.j.p.h.c.CookieManager: Settings: Delete null: true Check: true Allow variable: true Save: false Prefix: COOKIE_
2024-02-02 14:30:57,032 INFO o.a.j.p.h.c.CacheManager: Will only cache the following methods: [GET]
2024-02-02 14:30:57,036 INFO o.a.j.s.SampleResult: Note: Sample TimeStamps are START times
2024-02-02 14:30:57,036 INFO o.a.j.s.SampleResult: sampleresult.default.encoding is set to ISO-8859-1
2024-02-02 14:30:57,036 INFO o.a.j.s.SampleResult: sampleresult.useNanoTime=true
2024-02-02 14:30:57,036 INFO o.a.j.s.SampleResult: sampleresult.nanoThreadSleep=5000
2024-02-02 14:30:57,056 INFO o.a.j.p.h.s.HTTPSamplerBase: Parser for text/html is org.apache.jmeter.protocol.http.parser.LagartoBasedHtmlParser
2024-02-02 14:30:57,056 INFO o.a.j.p.h.s.HTTPSamplerBase: Parser for application/xhtml+xml is org.apache.jmeter.protocol.http.parser.LagartoBasedHtmlParser
2024-02-02 14:30:57,056 INFO o.a.j.p.h.s.HTTPSamplerBase: Parser for application/xml is org.apache.jmeter.protocol.http.parser.LagartoBasedHtmlParser
2024-02-02 14:30:57,056 INFO o.a.j.p.h.s.HTTPSamplerBase: Parser for text/xml is org.apache.jmeter.protocol.http.parser.LagartoBasedHtmlParser
2024-02-02 14:30:57,056 INFO o.a.j.p.h.s.HTTPSamplerBase: Parser for text/vnd.wap.wml is org.apache.jmeter.protocol.http.parser.RegexpHTMLParser
2024-02-02 14:30:57,056 INFO o.a.j.p.h.s.HTTPSamplerBase: Parser for text/css is org.apache.jmeter.protocol.http.parser.CssParser
2024-02-02 14:30:57,073 INFO o.a.j.JMeter: Creating summariser <summary>
2024-02-02 14:30:57,094 INFO o.a.j.e.StandardJMeterEngine: Running the test!
2024-02-02 14:30:57,095 INFO o.a.j.s.SampleEvent: List of sample_variables: []
2024-02-02 14:30:57,095 INFO o.a.j.s.SampleEvent: List of sample_variables: []
2024-02-02 14:30:57,121 INFO o.a.j.e.u.CompoundVariable: Note: Function class names must contain the string: '.functions.'
2024-02-02 14:30:57,122 INFO o.a.j.e.u.CompoundVariable: Note: Function class names must not contain the string: '.gui.'
2024-02-02 14:30:57,509 INFO o.a.j.v.b.BackendListener: Backend Listener: Starting worker with class: class org.apache.jmeter.visualizers.backend.influxdb.InfluxdbBackendListenerClient and queue capacity: 5000
2024-02-02 14:30:57,510 INFO o.a.j.v.b.BackendListener: Backend Listener: Started  worker with class: class org.apache.jmeter.visualizers.backend.influxdb.InfluxdbBackendListenerClient
2024-02-02 14:30:57,727 INFO o.a.j.JMeter: Running test (1706895057727)
2024-02-02 14:30:57,731 INFO o.a.j.e.StandardJMeterEngine: Starting ThreadGroup: 1 : Thread Group
2024-02-02 14:30:57,731 INFO o.a.j.e.StandardJMeterEngine: Starting 2 threads for group Thread Group.
2024-02-02 14:30:57,732 INFO o.a.j.e.StandardJMeterEngine: Thread will continue on error
2024-02-02 14:30:57,732 INFO o.a.j.t.ThreadGroup: Starting thread group... number=1 threads=2 ramp-up=30 delayedStart=false
2024-02-02 14:30:57,742 INFO o.a.j.t.ThreadGroup: Started thread group number 1
2024-02-02 14:30:57,742 INFO o.a.j.e.StandardJMeterEngine: All thread groups have been started
2024-02-02 14:30:57,751 INFO o.a.j.t.JMeterThread: Thread started: Thread Group 1-1
2024-02-02 14:30:57,776 INFO o.a.j.p.h.s.HTTPHCAbstractImpl: Local host = 828923c82318
2024-02-02 14:30:57,785 INFO o.a.j.p.h.s.HTTPHC4Impl: HTTP request retry count = 0
2024-02-02 14:30:57,862 INFO o.a.j.p.h.s.h.LazyLayeredConnectionSocketFactory: Setting up HTTPS TrustAll Socket Factory
2024-02-02 14:30:57,868 INFO o.a.j.u.JsseSSLManager: Using default SSL protocol: TLS
2024-02-02 14:30:57,868 INFO o.a.j.u.JsseSSLManager: SSL session context: per-thread
2024-02-02 14:30:57,876 INFO o.a.j.u.SSLManager: JmeterKeyStore Location:  type JKS
2024-02-02 14:30:57,877 INFO o.a.j.u.SSLManager: KeyStore created OK
2024-02-02 14:30:57,877 WARN o.a.j.u.SSLManager: Keystore file not found, loading empty keystore
2024-02-02 14:31:00,773 INFO o.a.j.r.Summariser: summary +      7 in 00:00:03 =    2.3/s Avg:   416 Min:   110 Max:   777 Err:     1 (14.29%) Active: 1 Started: 1 Finished: 0
2024-02-02 14:31:12,744 INFO o.a.j.t.JMeterThread: Thread started: Thread Group 1-2
2024-02-02 14:31:30,017 INFO o.a.j.r.Summariser: summary +    106 in 00:00:29 =    3.6/s Avg:   436 Min:     0 Max:  2184 Err:    23 (21.70%) Active: 2 Started: 2 Finished: 0
2024-02-02 14:31:30,017 INFO o.a.j.r.Summariser: summary =    113 in 00:00:32 =    3.5/s Avg:   435 Min:     0 Max:  2184 Err:    24 (21.24%)
2024-02-02 14:32:00,231 INFO o.a.j.r.Summariser: summary +    146 in 00:00:30 =    4.8/s Avg:   411 Min:     0 Max:  2169 Err:    32 (21.92%) Active: 2 Started: 2 Finished: 0
2024-02-02 14:32:00,232 INFO o.a.j.r.Summariser: summary =    259 in 00:01:03 =    4.1/s Avg:   421 Min:     0 Max:  2184 Err:    56 (21.62%)
2024-02-02 14:32:30,320 INFO o.a.j.r.Summariser: summary +    136 in 00:00:30 =    4.5/s Avg:   428 Min:     0 Max:  2180 Err:    31 (22.79%) Active: 2 Started: 2 Finished: 0
2024-02-02 14:32:30,321 INFO o.a.j.r.Summariser: summary =    395 in 00:01:33 =    4.3/s Avg:   424 Min:     0 Max:  2184 Err:    87 (22.03%)
2024-02-02 14:32:59,571 INFO o.a.j.t.JMeterThread: Stopping because end time detected by thread: Thread Group 1-1
2024-02-02 14:32:59,571 INFO o.a.j.t.JMeterThread: Thread finished: Thread Group 1-1
2024-02-02 14:32:59,825 INFO o.a.j.t.JMeterThread: Stopping because end time detected by thread: Thread Group 1-2
2024-02-02 14:32:59,826 INFO o.a.j.t.JMeterThread: Thread finished: Thread Group 1-2
2024-02-02 14:32:59,830 INFO o.a.j.e.StandardJMeterEngine: Notifying test listeners of end of test
2024-02-02 14:32:59,831 INFO o.a.j.v.b.BackendListener: Worker ended
2024-02-02 14:32:59,833 INFO o.a.j.v.b.i.InfluxdbBackendListenerClient: Sending last metrics to InfluxDB
2024-02-02 14:32:59,835 INFO o.a.j.v.b.i.HttpMetricsSender: Destroying 
2024-02-02 14:32:59,843 INFO o.a.j.r.Summariser: summary +    136 in 00:00:30 =    4.6/s Avg:   446 Min:     0 Max:  2587 Err:    33 (24.26%) Active: 0 Started: 2 Finished: 2
2024-02-02 14:32:59,843 INFO o.a.j.r.Summariser: summary =    531 in 00:02:02 =    4.3/s Avg:   429 Min:     0 Max:  2587 Err:   120 (22.60%)
