2024-01-15 09:36:50,608 INFO o.a.j.u.JMeterUtils: Setting Locale to en_EN
2024-01-15 09:36:50,676 INFO o.a.j.JMeter: Loading user properties from: /opt/yaman/jmeter/apache-jmeter-5.5/bin/user.properties
2024-01-15 09:36:50,678 INFO o.a.j.JMeter: Loading system properties from: /opt/yaman/jmeter/apache-jmeter-5.5/bin/system.properties
2024-01-15 09:36:50,702 INFO o.a.j.JMeter: Copyright (c) 1998-2022 The Apache Software Foundation
2024-01-15 09:36:50,703 INFO o.a.j.JMeter: Version 5.5
2024-01-15 09:36:50,703 INFO o.a.j.JMeter: java.version=11.0.18
2024-01-15 09:36:50,703 INFO o.a.j.JMeter: java.vm.name=OpenJDK 64-Bit Server VM
2024-01-15 09:36:50,704 INFO o.a.j.JMeter: os.name=Linux
2024-01-15 09:36:50,704 INFO o.a.j.JMeter: os.arch=amd64
2024-01-15 09:36:50,704 INFO o.a.j.JMeter: os.version=5.15.133.1-microsoft-standard-WSL2
2024-01-15 09:36:50,704 INFO o.a.j.JMeter: file.encoding=ANSI_X3.4-1968
2024-01-15 09:36:50,704 INFO o.a.j.JMeter: java.awt.headless=true
2024-01-15 09:36:50,705 INFO o.a.j.JMeter: Max memory     =536870912
2024-01-15 09:36:50,705 INFO o.a.j.JMeter: Available Processors =8
2024-01-15 09:36:50,730 INFO o.a.j.JMeter: Default Locale=English (EN)
2024-01-15 09:36:50,731 INFO o.a.j.JMeter: JMeter  Locale=English (EN)
2024-01-15 09:36:50,731 INFO o.a.j.JMeter: JMeterHome=/opt/yaman/jmeter/apache-jmeter-5.5
2024-01-15 09:36:50,731 INFO o.a.j.JMeter: user.dir  =/opt/yaman/teste
2024-01-15 09:36:50,732 INFO o.a.j.JMeter: PWD       =/opt/yaman/teste
2024-01-15 09:36:50,732 INFO o.a.j.JMeter: IP: 172.20.0.4 Name: e26e784ebc1b FullName: e26e784ebc1b
2024-01-15 09:36:50,751 INFO o.a.j.s.FileServer: Default base='/opt/yaman/teste'
2024-01-15 09:36:50,752 INFO o.a.j.s.FileServer: Set new base='/opt/yaman/scripts'
2024-01-15 09:36:51,049 INFO o.a.j.s.SaveService: Testplan (JMX) version: 2.2. Testlog (JTL) version: 2.2
2024-01-15 09:36:51,085 INFO o.a.j.s.SaveService: Using SaveService properties version 5.0
2024-01-15 09:36:51,089 INFO o.a.j.s.SaveService: Using SaveService properties file encoding UTF-8
2024-01-15 09:36:51,092 INFO o.a.j.s.SaveService: Loading file: /opt/yaman/scripts/google2.jmx
2024-01-15 09:36:51,151 INFO o.a.j.s.SampleResult: Note: Sample TimeStamps are START times
2024-01-15 09:36:51,152 INFO o.a.j.s.SampleResult: sampleresult.default.encoding is set to ISO-8859-1
2024-01-15 09:36:51,152 INFO o.a.j.s.SampleResult: sampleresult.useNanoTime=true
2024-01-15 09:36:51,152 INFO o.a.j.s.SampleResult: sampleresult.nanoThreadSleep=5000
2024-01-15 09:36:51,189 INFO o.a.j.p.h.s.HTTPSamplerBase: Parser for text/html is org.apache.jmeter.protocol.http.parser.LagartoBasedHtmlParser
2024-01-15 09:36:51,190 INFO o.a.j.p.h.s.HTTPSamplerBase: Parser for application/xhtml+xml is org.apache.jmeter.protocol.http.parser.LagartoBasedHtmlParser
2024-01-15 09:36:51,190 INFO o.a.j.p.h.s.HTTPSamplerBase: Parser for application/xml is org.apache.jmeter.protocol.http.parser.LagartoBasedHtmlParser
2024-01-15 09:36:51,190 INFO o.a.j.p.h.s.HTTPSamplerBase: Parser for text/xml is org.apache.jmeter.protocol.http.parser.LagartoBasedHtmlParser
2024-01-15 09:36:51,190 INFO o.a.j.p.h.s.HTTPSamplerBase: Parser for text/vnd.wap.wml is org.apache.jmeter.protocol.http.parser.RegexpHTMLParser
2024-01-15 09:36:51,190 INFO o.a.j.p.h.s.HTTPSamplerBase: Parser for text/css is org.apache.jmeter.protocol.http.parser.CssParser
2024-01-15 09:36:51,215 INFO o.a.j.JMeter: Creating summariser <summary>
2024-01-15 09:36:51,238 INFO o.a.j.e.StandardJMeterEngine: Running the test!
2024-01-15 09:36:51,240 INFO o.a.j.s.SampleEvent: List of sample_variables: []
2024-01-15 09:36:51,240 INFO o.a.j.s.SampleEvent: List of sample_variables: []
2024-01-15 09:36:51,294 INFO o.a.j.e.u.CompoundVariable: Note: Function class names must contain the string: '.functions.'
2024-01-15 09:36:51,295 INFO o.a.j.e.u.CompoundVariable: Note: Function class names must not contain the string: '.gui.'
2024-01-15 09:36:51,769 INFO o.a.j.v.b.BackendListener: Backend Listener: Starting worker with class: class org.apache.jmeter.visualizers.backend.influxdb.InfluxdbBackendListenerClient and queue capacity: 5000
2024-01-15 09:36:51,771 INFO o.a.j.v.b.BackendListener: Backend Listener: Started  worker with class: class org.apache.jmeter.visualizers.backend.influxdb.InfluxdbBackendListenerClient
2024-01-15 09:36:52,221 INFO o.a.j.JMeter: Running test (1705322212221)
2024-01-15 09:36:52,226 INFO o.a.j.e.StandardJMeterEngine: Starting ThreadGroup: 1 : Thread Group
2024-01-15 09:36:52,226 INFO o.a.j.e.StandardJMeterEngine: Starting 3 threads for group Thread Group.
2024-01-15 09:36:52,226 INFO o.a.j.e.StandardJMeterEngine: Thread will continue on error
2024-01-15 09:36:52,226 INFO o.a.j.t.ThreadGroup: Starting thread group... number=1 threads=3 ramp-up=10 delayedStart=false
2024-01-15 09:36:52,247 INFO o.a.j.t.ThreadGroup: Started thread group number 1
2024-01-15 09:36:52,248 INFO o.a.j.e.StandardJMeterEngine: All thread groups have been started
2024-01-15 09:36:52,261 INFO o.a.j.t.JMeterThread: Thread started: Thread Group 1-1
2024-01-15 09:36:55,580 INFO o.a.j.t.JMeterThread: Thread started: Thread Group 1-2
2024-01-15 09:36:57,288 INFO o.a.j.p.h.s.HTTPHCAbstractImpl: Local host = e26e784ebc1b
2024-01-15 09:36:57,292 INFO o.a.j.p.h.s.HTTPHC4Impl: HTTP request retry count = 0
2024-01-15 09:36:57,358 INFO o.a.j.p.h.s.h.LazyLayeredConnectionSocketFactory: Setting up HTTPS TrustAll Socket Factory
2024-01-15 09:36:57,366 INFO o.a.j.u.JsseSSLManager: Using default SSL protocol: TLS
2024-01-15 09:36:57,366 INFO o.a.j.u.JsseSSLManager: SSL session context: per-thread
2024-01-15 09:36:57,378 INFO o.a.j.u.SSLManager: JmeterKeyStore Location:  type JKS
2024-01-15 09:36:57,379 INFO o.a.j.u.SSLManager: KeyStore created OK
2024-01-15 09:36:57,379 WARN o.a.j.u.SSLManager: Keystore file not found, loading empty keystore
2024-01-15 09:36:58,910 INFO o.a.j.t.JMeterThread: Thread started: Thread Group 1-3
2024-01-15 09:37:00,885 INFO o.a.j.r.Summariser: summary +      2 in 00:00:09 =    0.2/s Avg:   318 Min:   297 Max:   339 Err:     0 (0.00%) Active: 3 Started: 3 Finished: 0
2024-01-15 09:37:30,247 INFO o.a.j.r.Summariser: summary +     17 in 00:00:29 =    0.6/s Avg:   285 Min:    53 Max:  1247 Err:     3 (17.65%) Active: 3 Started: 3 Finished: 0
2024-01-15 09:37:30,248 INFO o.a.j.r.Summariser: summary =     19 in 00:00:38 =    0.5/s Avg:   289 Min:    53 Max:  1247 Err:     3 (15.79%)
2024-01-15 09:38:00,976 INFO o.a.j.r.Summariser: summary +     18 in 00:00:31 =    0.6/s Avg:   120 Min:    42 Max:   341 Err:     3 (16.67%) Active: 3 Started: 3 Finished: 0
2024-01-15 09:38:00,977 INFO o.a.j.r.Summariser: summary =     37 in 00:01:09 =    0.5/s Avg:   206 Min:    42 Max:  1247 Err:     6 (16.22%)
2024-01-15 09:38:31,049 INFO o.a.j.r.Summariser: summary +     17 in 00:00:30 =    0.6/s Avg:   195 Min:    51 Max:   409 Err:     3 (17.65%) Active: 3 Started: 3 Finished: 0
2024-01-15 09:38:31,050 INFO o.a.j.r.Summariser: summary =     54 in 00:01:39 =    0.5/s Avg:   203 Min:    42 Max:  1247 Err:     9 (16.67%)
2024-01-15 09:39:00,845 INFO o.a.j.r.Summariser: summary +     17 in 00:00:30 =    0.6/s Avg:   169 Min:    40 Max:   341 Err:     3 (17.65%) Active: 3 Started: 3 Finished: 0
2024-01-15 09:39:00,846 INFO o.a.j.r.Summariser: summary =     71 in 00:02:09 =    0.6/s Avg:   195 Min:    40 Max:  1247 Err:    12 (16.90%)
2024-01-15 09:39:31,926 INFO o.a.j.r.Summariser: summary +     18 in 00:00:31 =    0.6/s Avg:   166 Min:    41 Max:   442 Err:     3 (16.67%) Active: 3 Started: 3 Finished: 0
2024-01-15 09:39:31,927 INFO o.a.j.r.Summariser: summary =     89 in 00:02:40 =    0.6/s Avg:   189 Min:    40 Max:  1247 Err:    15 (16.85%)
2024-01-15 09:40:00,046 INFO o.a.j.r.Summariser: summary +     17 in 00:00:28 =    0.6/s Avg:   196 Min:    43 Max:   343 Err:     3 (17.65%) Active: 3 Started: 3 Finished: 0
2024-01-15 09:40:00,046 INFO o.a.j.r.Summariser: summary =    106 in 00:03:08 =    0.6/s Avg:   190 Min:    40 Max:  1247 Err:    18 (16.98%)
2024-01-15 09:40:30,081 INFO o.a.j.r.Summariser: summary +     17 in 00:00:30 =    0.6/s Avg:   133 Min:    39 Max:   341 Err:     3 (17.65%) Active: 3 Started: 3 Finished: 0
2024-01-15 09:40:30,082 INFO o.a.j.r.Summariser: summary =    123 in 00:03:38 =    0.6/s Avg:   182 Min:    39 Max:  1247 Err:    21 (17.07%)
2024-01-15 09:41:01,196 INFO o.a.j.r.Summariser: summary +     18 in 00:00:31 =    0.6/s Avg:   184 Min:    44 Max:   412 Err:     3 (16.67%) Active: 3 Started: 3 Finished: 0
2024-01-15 09:41:01,196 INFO o.a.j.r.Summariser: summary =    141 in 00:04:09 =    0.6/s Avg:   183 Min:    39 Max:  1247 Err:    24 (17.02%)
2024-01-15 09:41:30,515 INFO o.a.j.r.Summariser: summary +     17 in 00:00:29 =    0.6/s Avg:   149 Min:    40 Max:   335 Err:     2 (11.76%) Active: 3 Started: 3 Finished: 0
2024-01-15 09:41:30,516 INFO o.a.j.r.Summariser: summary =    158 in 00:04:38 =    0.6/s Avg:   179 Min:    39 Max:  1247 Err:    26 (16.46%)
2024-01-15 09:42:01,494 INFO o.a.j.r.Summariser: summary +     18 in 00:00:31 =    0.6/s Avg:   146 Min:    42 Max:   392 Err:     2 (11.11%) Active: 3 Started: 3 Finished: 0
2024-01-15 09:42:01,494 INFO o.a.j.r.Summariser: summary =    176 in 00:05:09 =    0.6/s Avg:   176 Min:    39 Max:  1247 Err:    28 (15.91%)
2024-01-15 09:42:32,717 INFO o.a.j.r.Summariser: summary +     18 in 00:00:31 =    0.6/s Avg:   187 Min:    43 Max:   341 Err:     4 (22.22%) Active: 3 Started: 3 Finished: 0
2024-01-15 09:42:32,718 INFO o.a.j.r.Summariser: summary =    194 in 00:05:40 =    0.6/s Avg:   177 Min:    39 Max:  1247 Err:    32 (16.49%)
2024-01-15 09:43:01,186 INFO o.a.j.r.Summariser: summary +     17 in 00:00:28 =    0.6/s Avg:   190 Min:    42 Max:   425 Err:     3 (17.65%) Active: 3 Started: 3 Finished: 0
2024-01-15 09:43:01,187 INFO o.a.j.r.Summariser: summary =    211 in 00:06:09 =    0.6/s Avg:   178 Min:    39 Max:  1247 Err:    35 (16.59%)
2024-01-15 09:43:30,171 INFO o.a.j.r.Summariser: summary +     16 in 00:00:29 =    0.6/s Avg:   168 Min:    43 Max:   342 Err:     3 (18.75%) Active: 3 Started: 3 Finished: 0
2024-01-15 09:43:30,172 INFO o.a.j.r.Summariser: summary =    227 in 00:06:38 =    0.6/s Avg:   177 Min:    39 Max:  1247 Err:    38 (16.74%)
2024-01-15 09:44:01,102 INFO o.a.j.r.Summariser: summary +     18 in 00:00:31 =    0.6/s Avg:   173 Min:    42 Max:   340 Err:     4 (22.22%) Active: 3 Started: 3 Finished: 0
2024-01-15 09:44:01,102 INFO o.a.j.r.Summariser: summary =    245 in 00:07:09 =    0.6/s Avg:   177 Min:    39 Max:  1247 Err:    42 (17.14%)
2024-01-15 09:44:32,158 INFO o.a.j.r.Summariser: summary +     18 in 00:00:31 =    0.6/s Avg:   173 Min:    44 Max:   447 Err:     2 (11.11%) Active: 3 Started: 3 Finished: 0
2024-01-15 09:44:32,158 INFO o.a.j.r.Summariser: summary =    263 in 00:07:40 =    0.6/s Avg:   176 Min:    39 Max:  1247 Err:    44 (16.73%)
2024-01-15 09:45:02,802 INFO o.a.j.r.Summariser: summary +     18 in 00:00:31 =    0.6/s Avg:   140 Min:    43 Max:   348 Err:     3 (16.67%) Active: 3 Started: 3 Finished: 0
2024-01-15 09:45:02,803 INFO o.a.j.r.Summariser: summary =    281 in 00:08:11 =    0.6/s Avg:   174 Min:    39 Max:  1247 Err:    47 (16.73%)
2024-01-15 09:45:30,614 INFO o.a.j.r.Summariser: summary +     17 in 00:00:28 =    0.6/s Avg:   165 Min:    39 Max:   410 Err:     2 (11.76%) Active: 3 Started: 3 Finished: 0
2024-01-15 09:45:30,614 INFO o.a.j.r.Summariser: summary =    298 in 00:08:38 =    0.6/s Avg:   174 Min:    39 Max:  1247 Err:    49 (16.44%)
2024-01-15 09:46:00,456 INFO o.a.j.r.Summariser: summary +     17 in 00:00:30 =    0.6/s Avg:   175 Min:    43 Max:   345 Err:     4 (23.53%) Active: 3 Started: 3 Finished: 0
2024-01-15 09:46:00,457 INFO o.a.j.r.Summariser: summary =    315 in 00:09:08 =    0.6/s Avg:   174 Min:    39 Max:  1247 Err:    53 (16.83%)
2024-01-15 09:46:30,822 INFO o.a.j.r.Summariser: summary +     17 in 00:00:30 =    0.6/s Avg:   151 Min:    41 Max:   349 Err:     3 (17.65%) Active: 3 Started: 3 Finished: 0
2024-01-15 09:46:30,822 INFO o.a.j.r.Summariser: summary =    332 in 00:09:39 =    0.6/s Avg:   172 Min:    39 Max:  1247 Err:    56 (16.87%)
2024-01-15 09:47:01,639 INFO o.a.j.r.Summariser: summary +     18 in 00:00:31 =    0.6/s Avg:   175 Min:    41 Max:   402 Err:     2 (11.11%) Active: 3 Started: 3 Finished: 0
2024-01-15 09:47:01,639 INFO o.a.j.r.Summariser: summary =    350 in 00:10:09 =    0.6/s Avg:   173 Min:    39 Max:  1247 Err:    58 (16.57%)
2024-01-15 09:47:13,070 INFO o.a.j.t.JMeterThread: Thread is done: Thread Group 1-1
2024-01-15 09:47:13,070 INFO o.a.j.t.JMeterThread: Thread finished: Thread Group 1-1
2024-01-15 09:47:17,257 INFO o.a.j.t.JMeterThread: Thread is done: Thread Group 1-2
2024-01-15 09:47:17,257 INFO o.a.j.t.JMeterThread: Thread finished: Thread Group 1-2
2024-01-15 09:47:19,206 INFO o.a.j.t.JMeterThread: Thread is done: Thread Group 1-3
2024-01-15 09:47:19,206 INFO o.a.j.t.JMeterThread: Thread finished: Thread Group 1-3
2024-01-15 09:47:19,207 INFO o.a.j.e.StandardJMeterEngine: Notifying test listeners of end of test
2024-01-15 09:47:19,208 INFO o.a.j.v.b.BackendListener: Worker ended
2024-01-15 09:47:19,210 INFO o.a.j.v.b.i.InfluxdbBackendListenerClient: Sending last metrics to InfluxDB
2024-01-15 09:47:19,211 INFO o.a.j.v.b.i.HttpMetricsSender: Destroying 
2024-01-15 09:47:19,223 INFO o.a.j.r.Summariser: summary +     10 in 00:00:18 =    0.6/s Avg:   168 Min:    69 Max:   342 Err:     2 (20.00%) Active: 0 Started: 3 Finished: 3
2024-01-15 09:47:19,223 INFO o.a.j.r.Summariser: summary =    360 in 00:10:27 =    0.6/s Avg:   172 Min:    39 Max:  1247 Err:    60 (16.67%)
