2023-12-20 14:54:05,552 INFO o.a.j.u.JMeterUtils: Setting Locale to en_EN
2023-12-20 14:54:05,581 INFO o.a.j.JMeter: Loading user properties from: /opt/yaman/jmeter/apache-jmeter-5.5/bin/user.properties
2023-12-20 14:54:05,581 INFO o.a.j.JMeter: Loading system properties from: /opt/yaman/jmeter/apache-jmeter-5.5/bin/system.properties
2023-12-20 14:54:05,591 INFO o.a.j.JMeter: Copyright (c) 1998-2022 The Apache Software Foundation
2023-12-20 14:54:05,591 INFO o.a.j.JMeter: Version 5.5
2023-12-20 14:54:05,591 INFO o.a.j.JMeter: java.version=11.0.18
2023-12-20 14:54:05,591 INFO o.a.j.JMeter: java.vm.name=OpenJDK 64-Bit Server VM
2023-12-20 14:54:05,591 INFO o.a.j.JMeter: os.name=Linux
2023-12-20 14:54:05,591 INFO o.a.j.JMeter: os.arch=amd64
2023-12-20 14:54:05,591 INFO o.a.j.JMeter: os.version=5.15.133.1-microsoft-standard-WSL2
2023-12-20 14:54:05,591 INFO o.a.j.JMeter: file.encoding=ANSI_X3.4-1968
2023-12-20 14:54:05,591 INFO o.a.j.JMeter: java.awt.headless=true
2023-12-20 14:54:05,591 INFO o.a.j.JMeter: Max memory     =536870912
2023-12-20 14:54:05,591 INFO o.a.j.JMeter: Available Processors =8
2023-12-20 14:54:05,602 INFO o.a.j.JMeter: Default Locale=English (EN)
2023-12-20 14:54:05,603 INFO o.a.j.JMeter: JMeter  Locale=English (EN)
2023-12-20 14:54:05,603 INFO o.a.j.JMeter: JMeterHome=/opt/yaman/jmeter/apache-jmeter-5.5
2023-12-20 14:54:05,603 INFO o.a.j.JMeter: user.dir  =/opt/yaman/teste
2023-12-20 14:54:05,603 INFO o.a.j.JMeter: PWD       =/opt/yaman/teste
2023-12-20 14:54:05,604 INFO o.a.j.JMeter: IP: 172.17.0.2 Name: 8e6c09796d75 FullName: 8e6c09796d75
2023-12-20 14:54:05,626 INFO o.a.j.s.FileServer: Default base='/opt/yaman/teste'
2023-12-20 14:54:05,627 INFO o.a.j.s.FileServer: Set new base='/opt/yaman/scripts'
2023-12-20 14:54:05,849 INFO o.a.j.s.SaveService: Testplan (JMX) version: 2.2. Testlog (JTL) version: 2.2
2023-12-20 14:54:05,873 INFO o.a.j.s.SaveService: Using SaveService properties version 5.0
2023-12-20 14:54:05,877 INFO o.a.j.s.SaveService: Using SaveService properties file encoding UTF-8
2023-12-20 14:54:05,884 INFO o.a.j.s.SaveService: Loading file: /opt/yaman/scripts/jmeter.jmx
2023-12-20 14:54:05,942 INFO o.a.j.p.h.s.HTTPSamplerBase: Parser for text/html is org.apache.jmeter.protocol.http.parser.LagartoBasedHtmlParser
2023-12-20 14:54:05,943 INFO o.a.j.p.h.s.HTTPSamplerBase: Parser for application/xhtml+xml is org.apache.jmeter.protocol.http.parser.LagartoBasedHtmlParser
2023-12-20 14:54:05,943 INFO o.a.j.p.h.s.HTTPSamplerBase: Parser for application/xml is org.apache.jmeter.protocol.http.parser.LagartoBasedHtmlParser
2023-12-20 14:54:05,943 INFO o.a.j.p.h.s.HTTPSamplerBase: Parser for text/xml is org.apache.jmeter.protocol.http.parser.LagartoBasedHtmlParser
2023-12-20 14:54:05,943 INFO o.a.j.p.h.s.HTTPSamplerBase: Parser for text/vnd.wap.wml is org.apache.jmeter.protocol.http.parser.RegexpHTMLParser
2023-12-20 14:54:05,943 INFO o.a.j.p.h.s.HTTPSamplerBase: Parser for text/css is org.apache.jmeter.protocol.http.parser.CssParser
2023-12-20 14:54:05,951 INFO o.a.j.JMeter: Creating summariser <summary>
2023-12-20 14:54:05,972 INFO o.a.j.e.StandardJMeterEngine: Running the test!
2023-12-20 14:54:05,974 INFO o.a.j.s.SampleEvent: List of sample_variables: []
2023-12-20 14:54:05,974 INFO o.a.j.s.SampleEvent: List of sample_variables: []
2023-12-20 14:54:06,002 INFO o.a.j.e.u.CompoundVariable: Note: Function class names must contain the string: '.functions.'
2023-12-20 14:54:06,002 INFO o.a.j.e.u.CompoundVariable: Note: Function class names must not contain the string: '.gui.'
2023-12-20 14:54:06,403 INFO o.a.j.JMeter: Running test (1703094846403)
2023-12-20 14:54:06,407 INFO o.a.j.e.StandardJMeterEngine: Starting ThreadGroup: 1 : Thread Group
2023-12-20 14:54:06,407 INFO o.a.j.e.StandardJMeterEngine: Starting 2 threads for group Thread Group.
2023-12-20 14:54:06,407 INFO o.a.j.e.StandardJMeterEngine: Thread will continue on error
2023-12-20 14:54:06,407 INFO o.a.j.t.ThreadGroup: Starting thread group... number=1 threads=2 ramp-up=0 delayedStart=false
2023-12-20 14:54:06,418 INFO o.a.j.t.ThreadGroup: Started thread group number 1
2023-12-20 14:54:06,420 INFO o.a.j.e.StandardJMeterEngine: All thread groups have been started
2023-12-20 14:54:06,433 INFO o.a.j.t.JMeterThread: Thread started: Thread Group 1-2
2023-12-20 14:54:06,433 INFO o.a.j.t.JMeterThread: Thread started: Thread Group 1-1
2023-12-20 14:54:11,475 INFO o.a.j.p.h.s.HTTPHCAbstractImpl: Local host = 8e6c09796d75
2023-12-20 14:54:11,486 INFO o.a.j.p.h.s.HTTPHC4Impl: HTTP request retry count = 0
2023-12-20 14:54:11,487 INFO o.a.j.s.SampleResult: Note: Sample TimeStamps are START times
2023-12-20 14:54:11,487 INFO o.a.j.s.SampleResult: sampleresult.default.encoding is set to ISO-8859-1
2023-12-20 14:54:11,487 INFO o.a.j.s.SampleResult: sampleresult.useNanoTime=true
2023-12-20 14:54:11,488 INFO o.a.j.s.SampleResult: sampleresult.nanoThreadSleep=5000
2023-12-20 14:54:11,731 INFO o.a.j.p.h.s.h.LazyLayeredConnectionSocketFactory: Setting up HTTPS TrustAll Socket Factory
2023-12-20 14:54:11,744 INFO o.a.j.u.JsseSSLManager: Using default SSL protocol: TLS
2023-12-20 14:54:11,744 INFO o.a.j.u.JsseSSLManager: SSL session context: per-thread
2023-12-20 14:54:11,836 INFO o.a.j.u.SSLManager: JmeterKeyStore Location:  type JKS
2023-12-20 14:54:11,841 INFO o.a.j.u.SSLManager: KeyStore created OK
2023-12-20 14:54:11,841 WARN o.a.j.u.SSLManager: Keystore file not found, loading empty keystore
2023-12-20 14:54:33,584 INFO o.a.j.r.Summariser: summary +      9 in 00:00:27 =    0.3/s Avg:   404 Min:   248 Max:   911 Err:     0 (0.00%) Active: 2 Started: 2 Finished: 0
2023-12-20 14:55:05,153 INFO o.a.j.r.Summariser: summary +     12 in 00:00:32 =    0.4/s Avg:   261 Min:   245 Max:   292 Err:     0 (0.00%) Active: 2 Started: 2 Finished: 0
2023-12-20 14:55:05,154 INFO o.a.j.r.Summariser: summary =     21 in 00:00:59 =    0.4/s Avg:   323 Min:   245 Max:   911 Err:     0 (0.00%)
2023-12-20 14:55:05,155 INFO o.a.j.t.JMeterThread: Thread finished: Thread Group 1-2
2023-12-20 14:55:05,206 INFO o.a.j.t.JMeterThread: Thread finished: Thread Group 1-1
2023-12-20 14:55:05,210 INFO o.a.j.e.StandardJMeterEngine: Notifying test listeners of end of test
2023-12-20 14:55:05,213 INFO o.a.j.r.Summariser: summary +      1 in 00:00:00 =   16.9/s Avg:   261 Min:   261 Max:   261 Err:     0 (0.00%) Active: 0 Started: 2 Finished: 2
2023-12-20 14:55:05,213 INFO o.a.j.r.Summariser: summary =     22 in 00:00:59 =    0.4/s Avg:   320 Min:   245 Max:   911 Err:     0 (0.00%)
