2024-02-02 15:21:48,488 INFO o.a.j.u.JMeterUtils: Setting Locale to en_EN
2024-02-02 15:21:48,517 INFO o.a.j.JMeter: Loading user properties from: /opt/yaman/jmeter/apache-jmeter-5.5/bin/user.properties
2024-02-02 15:21:48,518 INFO o.a.j.JMeter: Loading system properties from: /opt/yaman/jmeter/apache-jmeter-5.5/bin/system.properties
2024-02-02 15:21:48,528 INFO o.a.j.JMeter: Copyright (c) 1998-2022 The Apache Software Foundation
2024-02-02 15:21:48,528 INFO o.a.j.JMeter: Version 5.5
2024-02-02 15:21:48,528 INFO o.a.j.JMeter: java.version=11.0.18
2024-02-02 15:21:48,529 INFO o.a.j.JMeter: java.vm.name=OpenJDK 64-Bit Server VM
2024-02-02 15:21:48,529 INFO o.a.j.JMeter: os.name=Linux
2024-02-02 15:21:48,529 INFO o.a.j.JMeter: os.arch=amd64
2024-02-02 15:21:48,529 INFO o.a.j.JMeter: os.version=5.15.133.1-microsoft-standard-WSL2
2024-02-02 15:21:48,529 INFO o.a.j.JMeter: file.encoding=ANSI_X3.4-1968
2024-02-02 15:21:48,529 INFO o.a.j.JMeter: java.awt.headless=true
2024-02-02 15:21:48,529 INFO o.a.j.JMeter: Max memory     =536870912
2024-02-02 15:21:48,529 INFO o.a.j.JMeter: Available Processors =8
2024-02-02 15:21:48,546 INFO o.a.j.JMeter: Default Locale=English (EN)
2024-02-02 15:21:48,546 INFO o.a.j.JMeter: JMeter  Locale=English (EN)
2024-02-02 15:21:48,546 INFO o.a.j.JMeter: JMeterHome=/opt/yaman/jmeter/apache-jmeter-5.5
2024-02-02 15:21:48,546 INFO o.a.j.JMeter: user.dir  =/opt/yaman/teste
2024-02-02 15:21:48,546 INFO o.a.j.JMeter: PWD       =/opt/yaman/teste
2024-02-02 15:21:48,547 INFO o.a.j.JMeter: IP: 172.18.0.4 Name: 828923c82318 FullName: 828923c82318
2024-02-02 15:21:48,576 INFO o.a.j.s.FileServer: Default base='/opt/yaman/teste'
2024-02-02 15:21:48,578 INFO o.a.j.s.FileServer: Set new base='/opt/yaman/scripts'
2024-02-02 15:21:48,807 INFO o.a.j.s.SaveService: Testplan (JMX) version: 2.2. Testlog (JTL) version: 2.2
2024-02-02 15:21:48,840 INFO o.a.j.s.SaveService: Using SaveService properties version 5.0
2024-02-02 15:21:48,844 INFO o.a.j.s.SaveService: Using SaveService properties file encoding UTF-8
2024-02-02 15:21:48,849 INFO o.a.j.s.SaveService: Loading file: /opt/yaman/scripts/google.jmx
2024-02-02 15:21:48,889 INFO o.a.j.p.h.c.CookieManager: Settings: Delete null: true Check: true Allow variable: true Save: false Prefix: COOKIE_
2024-02-02 15:21:48,894 INFO o.a.j.p.h.c.CacheManager: Will only cache the following methods: [GET]
2024-02-02 15:21:48,897 INFO o.a.j.s.SampleResult: Note: Sample TimeStamps are START times
2024-02-02 15:21:48,897 INFO o.a.j.s.SampleResult: sampleresult.default.encoding is set to ISO-8859-1
2024-02-02 15:21:48,898 INFO o.a.j.s.SampleResult: sampleresult.useNanoTime=true
2024-02-02 15:21:48,898 INFO o.a.j.s.SampleResult: sampleresult.nanoThreadSleep=5000
2024-02-02 15:21:48,924 INFO o.a.j.p.h.s.HTTPSamplerBase: Parser for text/html is org.apache.jmeter.protocol.http.parser.LagartoBasedHtmlParser
2024-02-02 15:21:48,924 INFO o.a.j.p.h.s.HTTPSamplerBase: Parser for application/xhtml+xml is org.apache.jmeter.protocol.http.parser.LagartoBasedHtmlParser
2024-02-02 15:21:48,924 INFO o.a.j.p.h.s.HTTPSamplerBase: Parser for application/xml is org.apache.jmeter.protocol.http.parser.LagartoBasedHtmlParser
2024-02-02 15:21:48,924 INFO o.a.j.p.h.s.HTTPSamplerBase: Parser for text/xml is org.apache.jmeter.protocol.http.parser.LagartoBasedHtmlParser
2024-02-02 15:21:48,924 INFO o.a.j.p.h.s.HTTPSamplerBase: Parser for text/vnd.wap.wml is org.apache.jmeter.protocol.http.parser.RegexpHTMLParser
2024-02-02 15:21:48,924 INFO o.a.j.p.h.s.HTTPSamplerBase: Parser for text/css is org.apache.jmeter.protocol.http.parser.CssParser
2024-02-02 15:21:48,943 INFO o.a.j.JMeter: Creating summariser <summary>
2024-02-02 15:21:48,967 INFO o.a.j.e.StandardJMeterEngine: Running the test!
2024-02-02 15:21:48,969 INFO o.a.j.s.SampleEvent: List of sample_variables: []
2024-02-02 15:21:48,969 INFO o.a.j.s.SampleEvent: List of sample_variables: []
2024-02-02 15:21:49,000 INFO o.a.j.e.u.CompoundVariable: Note: Function class names must contain the string: '.functions.'
2024-02-02 15:21:49,000 INFO o.a.j.e.u.CompoundVariable: Note: Function class names must not contain the string: '.gui.'
2024-02-02 15:21:49,490 INFO o.a.j.v.b.BackendListener: Backend Listener: Starting worker with class: class org.apache.jmeter.visualizers.backend.influxdb.InfluxdbBackendListenerClient and queue capacity: 5000
2024-02-02 15:21:49,491 INFO o.a.j.v.b.BackendListener: Backend Listener: Started  worker with class: class org.apache.jmeter.visualizers.backend.influxdb.InfluxdbBackendListenerClient
2024-02-02 15:21:49,733 INFO o.a.j.JMeter: Running test (1706898109733)
2024-02-02 15:21:49,737 INFO o.a.j.e.StandardJMeterEngine: Starting ThreadGroup: 1 : Thread Group
2024-02-02 15:21:49,737 INFO o.a.j.e.StandardJMeterEngine: Starting 2 threads for group Thread Group.
2024-02-02 15:21:49,737 INFO o.a.j.e.StandardJMeterEngine: Thread will continue on error
2024-02-02 15:21:49,738 INFO o.a.j.t.ThreadGroup: Starting thread group... number=1 threads=2 ramp-up=30 delayedStart=false
2024-02-02 15:21:49,750 INFO o.a.j.t.ThreadGroup: Started thread group number 1
2024-02-02 15:21:49,750 INFO o.a.j.e.StandardJMeterEngine: All thread groups have been started
2024-02-02 15:21:49,761 INFO o.a.j.t.JMeterThread: Thread started: Thread Group 1-1
2024-02-02 15:21:49,789 INFO o.a.j.p.h.s.HTTPHCAbstractImpl: Local host = 828923c82318
2024-02-02 15:21:49,800 INFO o.a.j.p.h.s.HTTPHC4Impl: HTTP request retry count = 0
2024-02-02 15:21:49,878 INFO o.a.j.p.h.s.h.LazyLayeredConnectionSocketFactory: Setting up HTTPS TrustAll Socket Factory
2024-02-02 15:21:49,885 INFO o.a.j.u.JsseSSLManager: Using default SSL protocol: TLS
2024-02-02 15:21:49,885 INFO o.a.j.u.JsseSSLManager: SSL session context: per-thread
2024-02-02 15:21:49,895 INFO o.a.j.u.SSLManager: JmeterKeyStore Location:  type JKS
2024-02-02 15:21:49,897 INFO o.a.j.u.SSLManager: KeyStore created OK
2024-02-02 15:21:49,897 WARN o.a.j.u.SSLManager: Keystore file not found, loading empty keystore
2024-02-02 15:22:00,746 INFO o.a.j.r.Summariser: summary +     25 in 00:00:11 =    2.3/s Avg:   433 Min:     1 Max:  2285 Err:     5 (20.00%) Active: 1 Started: 1 Finished: 0
2024-02-02 15:22:04,752 INFO o.a.j.t.JMeterThread: Thread started: Thread Group 1-2
2024-02-02 15:22:30,101 INFO o.a.j.r.Summariser: summary +    132 in 00:00:29 =    4.5/s Avg:   411 Min:     0 Max:  2185 Err:    28 (21.21%) Active: 2 Started: 2 Finished: 0
2024-02-02 15:22:30,102 INFO o.a.j.r.Summariser: summary =    157 in 00:00:40 =    3.9/s Avg:   415 Min:     0 Max:  2285 Err:    33 (21.02%)
2024-02-02 15:23:00,313 INFO o.a.j.r.Summariser: summary +    144 in 00:00:30 =    4.8/s Avg:   415 Min:     0 Max:  2182 Err:    33 (22.92%) Active: 2 Started: 2 Finished: 0
2024-02-02 15:23:00,313 INFO o.a.j.r.Summariser: summary =    301 in 00:01:11 =    4.3/s Avg:   415 Min:     0 Max:  2285 Err:    66 (21.93%)
2024-02-02 15:23:30,277 INFO o.a.j.r.Summariser: summary +    142 in 00:00:30 =    4.7/s Avg:   421 Min:     0 Max:  2183 Err:    31 (21.83%) Active: 2 Started: 2 Finished: 0
2024-02-02 15:23:30,278 INFO o.a.j.r.Summariser: summary =    443 in 00:01:41 =    4.4/s Avg:   417 Min:     0 Max:  2285 Err:    97 (21.90%)
2024-02-02 15:23:49,800 INFO o.a.j.t.JMeterThread: Stopping because end time detected by thread: Thread Group 1-2
2024-02-02 15:23:49,801 INFO o.a.j.t.JMeterThread: Thread finished: Thread Group 1-2
2024-02-02 15:23:51,104 INFO o.a.j.t.JMeterThread: Stopping because end time detected by thread: Thread Group 1-1
2024-02-02 15:23:51,104 INFO o.a.j.t.JMeterThread: Thread finished: Thread Group 1-1
2024-02-02 15:23:51,106 INFO o.a.j.e.StandardJMeterEngine: Notifying test listeners of end of test
2024-02-02 15:23:51,107 INFO o.a.j.v.b.BackendListener: Worker ended
2024-02-02 15:23:51,109 INFO o.a.j.v.b.i.InfluxdbBackendListenerClient: Sending last metrics to InfluxDB
2024-02-02 15:23:51,112 INFO o.a.j.v.b.i.HttpMetricsSender: Destroying 
2024-02-02 15:23:51,120 INFO o.a.j.r.Summariser: summary +     96 in 00:00:21 =    4.6/s Avg:   425 Min:     0 Max:  2216 Err:    22 (22.92%) Active: 0 Started: 2 Finished: 2
2024-02-02 15:23:51,120 INFO o.a.j.r.Summariser: summary =    539 in 00:02:01 =    4.4/s Avg:   418 Min:     0 Max:  2285 Err:   119 (22.08%)
