2023-12-20 14:08:02,536 INFO o.a.j.u.JMeterUtils: Setting Locale to en_EN
2023-12-20 14:08:02,560 INFO o.a.j.JMeter: Loading user properties from: /opt/yaman/jmeter/apache-jmeter-5.5/bin/user.properties
2023-12-20 14:08:02,560 INFO o.a.j.JMeter: Loading system properties from: /opt/yaman/jmeter/apache-jmeter-5.5/bin/system.properties
2023-12-20 14:08:02,566 INFO o.a.j.JMeter: Copyright (c) 1998-2022 The Apache Software Foundation
2023-12-20 14:08:02,566 INFO o.a.j.JMeter: Version 5.5
2023-12-20 14:08:02,566 INFO o.a.j.JMeter: java.version=11.0.18
2023-12-20 14:08:02,566 INFO o.a.j.JMeter: java.vm.name=OpenJDK 64-Bit Server VM
2023-12-20 14:08:02,567 INFO o.a.j.JMeter: os.name=Linux
2023-12-20 14:08:02,567 INFO o.a.j.JMeter: os.arch=amd64
2023-12-20 14:08:02,567 INFO o.a.j.JMeter: os.version=5.15.133.1-microsoft-standard-WSL2
2023-12-20 14:08:02,567 INFO o.a.j.JMeter: file.encoding=ANSI_X3.4-1968
2023-12-20 14:08:02,567 INFO o.a.j.JMeter: java.awt.headless=true
2023-12-20 14:08:02,567 INFO o.a.j.JMeter: Max memory     =536870912
2023-12-20 14:08:02,567 INFO o.a.j.JMeter: Available Processors =8
2023-12-20 14:08:02,576 INFO o.a.j.JMeter: Default Locale=English (EN)
2023-12-20 14:08:02,576 INFO o.a.j.JMeter: JMeter  Locale=English (EN)
2023-12-20 14:08:02,576 INFO o.a.j.JMeter: JMeterHome=/opt/yaman/jmeter/apache-jmeter-5.5
2023-12-20 14:08:02,576 INFO o.a.j.JMeter: user.dir  =/opt/yaman/teste
2023-12-20 14:08:02,576 INFO o.a.j.JMeter: PWD       =/opt/yaman/teste
2023-12-20 14:08:02,577 INFO o.a.j.JMeter: IP: 172.17.0.2 Name: 8e6c09796d75 FullName: 8e6c09796d75
2023-12-20 14:08:02,594 INFO o.a.j.s.FileServer: Default base='/opt/yaman/teste'
2023-12-20 14:08:02,595 INFO o.a.j.s.FileServer: Set new base='/opt/yaman/scripts'
2023-12-20 14:08:02,785 INFO o.a.j.s.SaveService: Testplan (JMX) version: 2.2. Testlog (JTL) version: 2.2
2023-12-20 14:08:02,806 INFO o.a.j.s.SaveService: Using SaveService properties version 5.0
2023-12-20 14:08:02,809 INFO o.a.j.s.SaveService: Using SaveService properties file encoding UTF-8
2023-12-20 14:08:02,813 INFO o.a.j.s.SaveService: Loading file: /opt/yaman/scripts/jmeter.jmx
2023-12-20 14:08:02,859 INFO o.a.j.p.h.s.HTTPSamplerBase: Parser for text/html is org.apache.jmeter.protocol.http.parser.LagartoBasedHtmlParser
2023-12-20 14:08:02,859 INFO o.a.j.p.h.s.HTTPSamplerBase: Parser for application/xhtml+xml is org.apache.jmeter.protocol.http.parser.LagartoBasedHtmlParser
2023-12-20 14:08:02,859 INFO o.a.j.p.h.s.HTTPSamplerBase: Parser for application/xml is org.apache.jmeter.protocol.http.parser.LagartoBasedHtmlParser
2023-12-20 14:08:02,859 INFO o.a.j.p.h.s.HTTPSamplerBase: Parser for text/xml is org.apache.jmeter.protocol.http.parser.LagartoBasedHtmlParser
2023-12-20 14:08:02,859 INFO o.a.j.p.h.s.HTTPSamplerBase: Parser for text/vnd.wap.wml is org.apache.jmeter.protocol.http.parser.RegexpHTMLParser
2023-12-20 14:08:02,859 INFO o.a.j.p.h.s.HTTPSamplerBase: Parser for text/css is org.apache.jmeter.protocol.http.parser.CssParser
2023-12-20 14:08:02,866 INFO o.a.j.JMeter: Creating summariser <summary>
2023-12-20 14:08:02,885 INFO o.a.j.e.StandardJMeterEngine: Running the test!
2023-12-20 14:08:02,888 INFO o.a.j.s.SampleEvent: List of sample_variables: []
2023-12-20 14:08:02,888 INFO o.a.j.s.SampleEvent: List of sample_variables: []
2023-12-20 14:08:02,914 INFO o.a.j.e.u.CompoundVariable: Note: Function class names must contain the string: '.functions.'
2023-12-20 14:08:02,914 INFO o.a.j.e.u.CompoundVariable: Note: Function class names must not contain the string: '.gui.'
2023-12-20 14:08:03,217 INFO o.a.j.JMeter: Running test (1703092083217)
2023-12-20 14:08:03,220 INFO o.a.j.e.StandardJMeterEngine: Starting ThreadGroup: 1 : Thread Group
2023-12-20 14:08:03,220 INFO o.a.j.e.StandardJMeterEngine: Starting 2 threads for group Thread Group.
2023-12-20 14:08:03,220 INFO o.a.j.e.StandardJMeterEngine: Thread will continue on error
2023-12-20 14:08:03,220 INFO o.a.j.t.ThreadGroup: Starting thread group... number=1 threads=2 ramp-up=0 delayedStart=false
2023-12-20 14:08:03,228 INFO o.a.j.t.ThreadGroup: Started thread group number 1
2023-12-20 14:08:03,229 INFO o.a.j.e.StandardJMeterEngine: All thread groups have been started
2023-12-20 14:08:03,240 INFO o.a.j.t.JMeterThread: Thread started: Thread Group 1-2
2023-12-20 14:08:03,240 INFO o.a.j.t.JMeterThread: Thread started: Thread Group 1-1
2023-12-20 14:08:08,273 INFO o.a.j.p.h.s.HTTPHCAbstractImpl: Local host = 8e6c09796d75
2023-12-20 14:08:08,281 INFO o.a.j.p.h.s.HTTPHC4Impl: HTTP request retry count = 0
2023-12-20 14:08:08,282 INFO o.a.j.s.SampleResult: Note: Sample TimeStamps are START times
2023-12-20 14:08:08,282 INFO o.a.j.s.SampleResult: sampleresult.default.encoding is set to ISO-8859-1
2023-12-20 14:08:08,282 INFO o.a.j.s.SampleResult: sampleresult.useNanoTime=true
2023-12-20 14:08:08,282 INFO o.a.j.s.SampleResult: sampleresult.nanoThreadSleep=5000
2023-12-20 14:08:08,450 INFO o.a.j.p.h.s.h.LazyLayeredConnectionSocketFactory: Setting up HTTPS TrustAll Socket Factory
2023-12-20 14:08:08,459 INFO o.a.j.u.JsseSSLManager: Using default SSL protocol: TLS
2023-12-20 14:08:08,460 INFO o.a.j.u.JsseSSLManager: SSL session context: per-thread
2023-12-20 14:08:08,523 INFO o.a.j.u.SSLManager: JmeterKeyStore Location:  type JKS
2023-12-20 14:08:08,528 INFO o.a.j.u.SSLManager: KeyStore created OK
2023-12-20 14:08:08,528 WARN o.a.j.u.SSLManager: Keystore file not found, loading empty keystore
2023-12-20 14:08:30,047 INFO o.a.j.r.Summariser: summary +     10 in 00:00:27 =    0.4/s Avg:   300 Min:   155 Max:   779 Err:     0 (0.00%) Active: 2 Started: 2 Finished: 0
2023-12-20 14:09:00,649 INFO o.a.j.r.Summariser: summary +     11 in 00:00:31 =    0.4/s Avg:   168 Min:   148 Max:   199 Err:     0 (0.00%) Active: 2 Started: 2 Finished: 0
2023-12-20 14:09:00,649 INFO o.a.j.r.Summariser: summary =     21 in 00:00:57 =    0.4/s Avg:   231 Min:   148 Max:   779 Err:     0 (0.00%)
2023-12-20 14:09:00,650 INFO o.a.j.t.JMeterThread: Thread finished: Thread Group 1-1
2023-12-20 14:09:01,161 INFO o.a.j.t.JMeterThread: Thread finished: Thread Group 1-2
2023-12-20 14:09:01,162 INFO o.a.j.e.StandardJMeterEngine: Notifying test listeners of end of test
2023-12-20 14:09:01,163 INFO o.a.j.r.Summariser: summary +      1 in 00:00:01 =    1.9/s Avg:   172 Min:   172 Max:   172 Err:     0 (0.00%) Active: 0 Started: 2 Finished: 2
2023-12-20 14:09:01,163 INFO o.a.j.r.Summariser: summary =     22 in 00:00:58 =    0.4/s Avg:   228 Min:   148 Max:   779 Err:     0 (0.00%)
