2024-02-01 15:20:57,256 INFO o.a.j.u.JMeterUtils: Setting Locale to en_EN
2024-02-01 15:20:57,336 INFO o.a.j.JMeter: Loading user properties from: /opt/yaman/jmeter/apache-jmeter-5.5/bin/user.properties
2024-02-01 15:20:57,339 INFO o.a.j.JMeter: Loading system properties from: /opt/yaman/jmeter/apache-jmeter-5.5/bin/system.properties
2024-02-01 15:20:57,374 INFO o.a.j.JMeter: Copyright (c) 1998-2022 The Apache Software Foundation
2024-02-01 15:20:57,375 INFO o.a.j.JMeter: Version 5.5
2024-02-01 15:20:57,375 INFO o.a.j.JMeter: java.version=11.0.18
2024-02-01 15:20:57,375 INFO o.a.j.JMeter: java.vm.name=OpenJDK 64-Bit Server VM
2024-02-01 15:20:57,375 INFO o.a.j.JMeter: os.name=Linux
2024-02-01 15:20:57,375 INFO o.a.j.JMeter: os.arch=amd64
2024-02-01 15:20:57,375 INFO o.a.j.JMeter: os.version=5.15.133.1-microsoft-standard-WSL2
2024-02-01 15:20:57,375 INFO o.a.j.JMeter: file.encoding=ANSI_X3.4-1968
2024-02-01 15:20:57,376 INFO o.a.j.JMeter: java.awt.headless=true
2024-02-01 15:20:57,376 INFO o.a.j.JMeter: Max memory     =536870912
2024-02-01 15:20:57,376 INFO o.a.j.JMeter: Available Processors =8
2024-02-01 15:20:57,415 INFO o.a.j.JMeter: Default Locale=English (EN)
2024-02-01 15:20:57,416 INFO o.a.j.JMeter: JMeter  Locale=English (EN)
2024-02-01 15:20:57,416 INFO o.a.j.JMeter: JMeterHome=/opt/yaman/jmeter/apache-jmeter-5.5
2024-02-01 15:20:57,416 INFO o.a.j.JMeter: user.dir  =/opt/yaman/teste
2024-02-01 15:20:57,416 INFO o.a.j.JMeter: PWD       =/opt/yaman/teste
2024-02-01 15:20:57,417 INFO o.a.j.JMeter: IP: 172.18.0.4 Name: dbe2dd33ed4d FullName: dbe2dd33ed4d
2024-02-01 15:20:57,442 INFO o.a.j.s.FileServer: Default base='/opt/yaman/teste'
2024-02-01 15:20:57,443 INFO o.a.j.s.FileServer: Set new base='/opt/yaman/scripts'
2024-02-01 15:20:57,817 INFO o.a.j.s.SaveService: Testplan (JMX) version: 2.2. Testlog (JTL) version: 2.2
2024-02-01 15:20:57,897 INFO o.a.j.s.SaveService: Using SaveService properties version 5.0
2024-02-01 15:20:57,904 INFO o.a.j.s.SaveService: Using SaveService properties file encoding UTF-8
2024-02-01 15:20:57,910 INFO o.a.j.s.SaveService: Loading file: /opt/yaman/scripts/google2.jmx
2024-02-01 15:20:58,002 INFO o.a.j.s.SampleResult: Note: Sample TimeStamps are START times
2024-02-01 15:20:58,002 INFO o.a.j.s.SampleResult: sampleresult.default.encoding is set to ISO-8859-1
2024-02-01 15:20:58,002 INFO o.a.j.s.SampleResult: sampleresult.useNanoTime=true
2024-02-01 15:20:58,003 INFO o.a.j.s.SampleResult: sampleresult.nanoThreadSleep=5000
2024-02-01 15:20:58,053 INFO o.a.j.p.h.s.HTTPSamplerBase: Parser for text/html is org.apache.jmeter.protocol.http.parser.LagartoBasedHtmlParser
2024-02-01 15:20:58,053 INFO o.a.j.p.h.s.HTTPSamplerBase: Parser for application/xhtml+xml is org.apache.jmeter.protocol.http.parser.LagartoBasedHtmlParser
2024-02-01 15:20:58,053 INFO o.a.j.p.h.s.HTTPSamplerBase: Parser for application/xml is org.apache.jmeter.protocol.http.parser.LagartoBasedHtmlParser
2024-02-01 15:20:58,053 INFO o.a.j.p.h.s.HTTPSamplerBase: Parser for text/xml is org.apache.jmeter.protocol.http.parser.LagartoBasedHtmlParser
2024-02-01 15:20:58,053 INFO o.a.j.p.h.s.HTTPSamplerBase: Parser for text/vnd.wap.wml is org.apache.jmeter.protocol.http.parser.RegexpHTMLParser
2024-02-01 15:20:58,053 INFO o.a.j.p.h.s.HTTPSamplerBase: Parser for text/css is org.apache.jmeter.protocol.http.parser.CssParser
2024-02-01 15:20:58,087 INFO o.a.j.JMeter: Creating summariser <summary>
2024-02-01 15:20:58,121 INFO o.a.j.e.StandardJMeterEngine: Running the test!
2024-02-01 15:20:58,124 INFO o.a.j.s.SampleEvent: List of sample_variables: []
2024-02-01 15:20:58,125 INFO o.a.j.s.SampleEvent: List of sample_variables: []
2024-02-01 15:20:58,182 INFO o.a.j.e.u.CompoundVariable: Note: Function class names must contain the string: '.functions.'
2024-02-01 15:20:58,182 INFO o.a.j.e.u.CompoundVariable: Note: Function class names must not contain the string: '.gui.'
2024-02-01 15:20:58,863 INFO o.a.j.v.b.BackendListener: Backend Listener: Starting worker with class: class org.apache.jmeter.visualizers.backend.influxdb.InfluxdbBackendListenerClient and queue capacity: 5000
2024-02-01 15:20:58,866 INFO o.a.j.v.b.BackendListener: Backend Listener: Started  worker with class: class org.apache.jmeter.visualizers.backend.influxdb.InfluxdbBackendListenerClient
2024-02-01 15:20:59,457 INFO o.a.j.JMeter: Running test (1706811659457)
2024-02-01 15:20:59,462 INFO o.a.j.e.StandardJMeterEngine: Starting ThreadGroup: 1 : Thread Group
2024-02-01 15:20:59,462 INFO o.a.j.e.StandardJMeterEngine: Starting 3 threads for group Thread Group.
2024-02-01 15:20:59,462 INFO o.a.j.e.StandardJMeterEngine: Thread will continue on error
2024-02-01 15:20:59,463 INFO o.a.j.t.ThreadGroup: Starting thread group... number=1 threads=3 ramp-up=10 delayedStart=false
2024-02-01 15:20:59,488 INFO o.a.j.t.ThreadGroup: Started thread group number 1
2024-02-01 15:20:59,488 INFO o.a.j.e.StandardJMeterEngine: All thread groups have been started
2024-02-01 15:20:59,504 INFO o.a.j.t.JMeterThread: Thread started: Thread Group 1-1
2024-02-01 15:21:02,819 INFO o.a.j.t.JMeterThread: Thread started: Thread Group 1-2
2024-02-01 15:21:04,539 INFO o.a.j.p.h.s.HTTPHCAbstractImpl: Local host = dbe2dd33ed4d
2024-02-01 15:21:04,547 INFO o.a.j.p.h.s.HTTPHC4Impl: HTTP request retry count = 0
2024-02-01 15:21:04,689 INFO o.a.j.p.h.s.h.LazyLayeredConnectionSocketFactory: Setting up HTTPS TrustAll Socket Factory
2024-02-01 15:21:04,698 INFO o.a.j.u.JsseSSLManager: Using default SSL protocol: TLS
2024-02-01 15:21:04,698 INFO o.a.j.u.JsseSSLManager: SSL session context: per-thread
2024-02-01 15:21:04,724 INFO o.a.j.u.SSLManager: JmeterKeyStore Location:  type JKS
2024-02-01 15:21:04,725 INFO o.a.j.u.SSLManager: KeyStore created OK
2024-02-01 15:21:04,726 WARN o.a.j.u.SSLManager: Keystore file not found, loading empty keystore
2024-02-01 15:21:05,463 INFO o.a.j.r.Summariser: summary +      1 in 00:00:06 =    0.2/s Avg:   845 Min:   845 Max:   845 Err:     0 (0.00%) Active: 2 Started: 2 Finished: 0
2024-02-01 15:21:06,151 INFO o.a.j.t.JMeterThread: Thread started: Thread Group 1-3
2024-02-01 15:21:32,472 INFO o.a.j.r.Summariser: summary +     14 in 00:00:27 =    0.5/s Avg:   358 Min:   158 Max:   792 Err:     2 (14.29%) Active: 3 Started: 3 Finished: 0
2024-02-01 15:21:32,472 INFO o.a.j.r.Summariser: summary =     15 in 00:00:33 =    0.5/s Avg:   390 Min:   158 Max:   845 Err:     2 (13.33%)
2024-02-01 15:22:01,047 INFO o.a.j.r.Summariser: summary +     17 in 00:00:29 =    0.6/s Avg:   226 Min:    61 Max:   783 Err:     4 (23.53%) Active: 3 Started: 3 Finished: 0
2024-02-01 15:22:01,048 INFO o.a.j.r.Summariser: summary =     32 in 00:01:02 =    0.5/s Avg:   303 Min:    61 Max:   845 Err:     6 (18.75%)
2024-02-01 15:22:30,083 INFO o.a.j.r.Summariser: summary +     16 in 00:00:29 =    0.6/s Avg:   285 Min:    59 Max:   751 Err:     2 (12.50%) Active: 3 Started: 3 Finished: 0
2024-02-01 15:22:30,084 INFO o.a.j.r.Summariser: summary =     48 in 00:01:31 =    0.5/s Avg:   297 Min:    59 Max:   845 Err:     8 (16.67%)
2024-02-01 15:23:01,218 INFO o.a.j.r.Summariser: summary +     18 in 00:00:31 =    0.6/s Avg:   196 Min:    59 Max:   392 Err:     2 (11.11%) Active: 3 Started: 3 Finished: 0
2024-02-01 15:23:01,219 INFO o.a.j.r.Summariser: summary =     66 in 00:02:02 =    0.5/s Avg:   269 Min:    59 Max:   845 Err:    10 (15.15%)
2024-02-01 15:23:30,427 INFO o.a.j.r.Summariser: summary +     17 in 00:00:29 =    0.6/s Avg:   282 Min:    53 Max:   749 Err:     4 (23.53%) Active: 3 Started: 3 Finished: 0
2024-02-01 15:23:30,428 INFO o.a.j.r.Summariser: summary =     83 in 00:02:31 =    0.5/s Avg:   272 Min:    53 Max:   845 Err:    14 (16.87%)
2024-02-01 15:24:01,552 INFO o.a.j.r.Summariser: summary +     18 in 00:00:31 =    0.6/s Avg:   221 Min:    74 Max:   402 Err:     3 (16.67%) Active: 3 Started: 3 Finished: 0
2024-02-01 15:24:01,552 INFO o.a.j.r.Summariser: summary =    101 in 00:03:02 =    0.6/s Avg:   263 Min:    53 Max:   845 Err:    17 (16.83%)
2024-02-01 15:24:30,621 INFO o.a.j.r.Summariser: summary +     16 in 00:00:29 =    0.6/s Avg:   285 Min:    61 Max:   765 Err:     3 (18.75%) Active: 3 Started: 3 Finished: 0
2024-02-01 15:24:30,622 INFO o.a.j.r.Summariser: summary =    117 in 00:03:31 =    0.6/s Avg:   266 Min:    53 Max:   845 Err:    20 (17.09%)
2024-02-01 15:25:01,842 INFO o.a.j.r.Summariser: summary +     18 in 00:00:31 =    0.6/s Avg:   179 Min:    54 Max:   403 Err:     3 (16.67%) Active: 3 Started: 3 Finished: 0
2024-02-01 15:25:01,844 INFO o.a.j.r.Summariser: summary =    135 in 00:04:02 =    0.6/s Avg:   254 Min:    53 Max:   845 Err:    23 (17.04%)
2024-02-01 15:25:31,274 INFO o.a.j.r.Summariser: summary +     17 in 00:00:29 =    0.6/s Avg:   286 Min:    61 Max:   722 Err:     3 (17.65%) Active: 3 Started: 3 Finished: 0
2024-02-01 15:25:31,274 INFO o.a.j.r.Summariser: summary =    152 in 00:04:32 =    0.6/s Avg:   258 Min:    53 Max:   845 Err:    26 (17.11%)
2024-02-01 15:26:00,168 INFO o.a.j.r.Summariser: summary +     17 in 00:00:29 =    0.6/s Avg:   223 Min:    60 Max:   718 Err:     2 (11.76%) Active: 3 Started: 3 Finished: 0
2024-02-01 15:26:00,168 INFO o.a.j.r.Summariser: summary =    169 in 00:05:01 =    0.6/s Avg:   254 Min:    53 Max:   845 Err:    28 (16.57%)
2024-02-01 15:26:31,134 INFO o.a.j.r.Summariser: summary +     17 in 00:00:31 =    0.5/s Avg:   221 Min:    71 Max:   394 Err:     3 (17.65%) Active: 3 Started: 3 Finished: 0
2024-02-01 15:26:31,135 INFO o.a.j.r.Summariser: summary =    186 in 00:05:32 =    0.6/s Avg:   251 Min:    53 Max:   845 Err:    31 (16.67%)
2024-02-01 15:27:02,968 INFO o.a.j.r.Summariser: summary +     18 in 00:00:32 =    0.6/s Avg:   270 Min:    54 Max:   768 Err:     2 (11.11%) Active: 3 Started: 3 Finished: 0
2024-02-01 15:27:02,970 INFO o.a.j.r.Summariser: summary =    204 in 00:06:04 =    0.6/s Avg:   253 Min:    53 Max:   845 Err:    33 (16.18%)
2024-02-01 15:27:31,372 INFO o.a.j.r.Summariser: summary +     17 in 00:00:28 =    0.6/s Avg:   237 Min:    59 Max:   718 Err:     5 (29.41%) Active: 3 Started: 3 Finished: 0
2024-02-01 15:27:31,373 INFO o.a.j.r.Summariser: summary =    221 in 00:06:32 =    0.6/s Avg:   252 Min:    53 Max:   845 Err:    38 (17.19%)
2024-02-01 15:28:00,259 INFO o.a.j.r.Summariser: summary +     16 in 00:00:29 =    0.6/s Avg:   377 Min:    62 Max:  1905 Err:     3 (18.75%) Active: 3 Started: 3 Finished: 0
2024-02-01 15:28:00,260 INFO o.a.j.r.Summariser: summary =    237 in 00:07:01 =    0.6/s Avg:   260 Min:    53 Max:  1905 Err:    41 (17.30%)
2024-02-01 15:28:30,492 INFO o.a.j.r.Summariser: summary +     17 in 00:00:30 =    0.6/s Avg:   391 Min:    61 Max:  1310 Err:     1 (5.88%) Active: 3 Started: 3 Finished: 0
2024-02-01 15:28:30,492 INFO o.a.j.r.Summariser: summary =    254 in 00:07:31 =    0.6/s Avg:   269 Min:    53 Max:  1905 Err:    42 (16.54%)
2024-02-01 15:29:01,589 INFO o.a.j.r.Summariser: summary +     17 in 00:00:31 =    0.5/s Avg:   264 Min:    59 Max:  1303 Err:     3 (17.65%) Active: 3 Started: 3 Finished: 0
2024-02-01 15:29:01,589 INFO o.a.j.r.Summariser: summary =    271 in 00:08:02 =    0.6/s Avg:   269 Min:    53 Max:  1905 Err:    45 (16.61%)
2024-02-01 15:29:30,214 INFO o.a.j.r.Summariser: summary +     17 in 00:00:29 =    0.6/s Avg:   263 Min:    61 Max:   719 Err:     4 (23.53%) Active: 3 Started: 3 Finished: 0
2024-02-01 15:29:30,214 INFO o.a.j.r.Summariser: summary =    288 in 00:08:31 =    0.6/s Avg:   268 Min:    53 Max:  1905 Err:    49 (17.01%)
2024-02-01 15:30:00,067 INFO o.a.j.r.Summariser: summary +     17 in 00:00:30 =    0.6/s Avg:   358 Min:    45 Max:  1975 Err:     2 (11.76%) Active: 3 Started: 3 Finished: 0
2024-02-01 15:30:00,068 INFO o.a.j.r.Summariser: summary =    305 in 00:09:01 =    0.6/s Avg:   273 Min:    45 Max:  1975 Err:    51 (16.72%)
2024-02-01 15:30:30,904 INFO o.a.j.r.Summariser: summary +     17 in 00:00:31 =    0.6/s Avg:   243 Min:    68 Max:   545 Err:     2 (11.76%) Active: 3 Started: 3 Finished: 0
2024-02-01 15:30:30,904 INFO o.a.j.r.Summariser: summary =    322 in 00:09:31 =    0.6/s Avg:   272 Min:    45 Max:  1975 Err:    53 (16.46%)
2024-02-01 15:31:00,947 INFO o.a.j.r.Summariser: summary +     17 in 00:00:30 =    0.6/s Avg:   258 Min:    63 Max:   721 Err:     3 (17.65%) Active: 3 Started: 3 Finished: 0
2024-02-01 15:31:00,948 INFO o.a.j.r.Summariser: summary =    339 in 00:10:01 =    0.6/s Avg:   271 Min:    45 Max:  1975 Err:    56 (16.52%)
2024-02-01 15:31:32,504 INFO o.a.j.r.Summariser: summary +     18 in 00:00:32 =    0.6/s Avg:   278 Min:    49 Max:   748 Err:     3 (16.67%) Active: 3 Started: 3 Finished: 0
2024-02-01 15:31:32,505 INFO o.a.j.r.Summariser: summary =    357 in 00:10:33 =    0.6/s Avg:   271 Min:    45 Max:  1975 Err:    59 (16.53%)
2024-02-01 15:31:32,505 INFO o.a.j.t.JMeterThread: Thread is done: Thread Group 1-1
2024-02-01 15:31:32,505 INFO o.a.j.t.JMeterThread: Thread finished: Thread Group 1-1
2024-02-01 15:31:34,896 INFO o.a.j.t.JMeterThread: Thread is done: Thread Group 1-2
2024-02-01 15:31:34,896 INFO o.a.j.t.JMeterThread: Thread finished: Thread Group 1-2
2024-02-01 15:31:39,416 INFO o.a.j.t.JMeterThread: Thread is done: Thread Group 1-3
2024-02-01 15:31:39,417 INFO o.a.j.t.JMeterThread: Thread finished: Thread Group 1-3
2024-02-01 15:31:39,419 INFO o.a.j.e.StandardJMeterEngine: Notifying test listeners of end of test
2024-02-01 15:31:39,421 INFO o.a.j.v.b.BackendListener: Worker ended
2024-02-01 15:31:39,425 INFO o.a.j.v.b.i.InfluxdbBackendListenerClient: Sending last metrics to InfluxDB
2024-02-01 15:31:39,429 INFO o.a.j.v.b.i.HttpMetricsSender: Destroying 
2024-02-01 15:31:39,440 INFO o.a.j.r.Summariser: summary +      3 in 00:00:07 =    0.4/s Avg:   233 Min:   111 Max:   395 Err:     1 (33.33%) Active: 0 Started: 3 Finished: 3
2024-02-01 15:31:39,440 INFO o.a.j.r.Summariser: summary =    360 in 00:10:40 =    0.6/s Avg:   271 Min:    45 Max:  1975 Err:    60 (16.67%)
