2024-01-10 14:54:18,047 INFO o.a.j.u.JMeterUtils: Setting Locale to en_EN
2024-01-10 14:54:18,070 INFO o.a.j.JMeter: Loading user properties from: /opt/yaman/jmeter/apache-jmeter-5.5/bin/user.properties
2024-01-10 14:54:18,071 INFO o.a.j.JMeter: Loading system properties from: /opt/yaman/jmeter/apache-jmeter-5.5/bin/system.properties
2024-01-10 14:54:18,077 INFO o.a.j.JMeter: Copyright (c) 1998-2022 The Apache Software Foundation
2024-01-10 14:54:18,077 INFO o.a.j.JMeter: Version 5.5
2024-01-10 14:54:18,077 INFO o.a.j.JMeter: java.version=11.0.18
2024-01-10 14:54:18,077 INFO o.a.j.JMeter: java.vm.name=OpenJDK 64-Bit Server VM
2024-01-10 14:54:18,077 INFO o.a.j.JMeter: os.name=Linux
2024-01-10 14:54:18,077 INFO o.a.j.JMeter: os.arch=amd64
2024-01-10 14:54:18,077 INFO o.a.j.JMeter: os.version=5.15.133.1-microsoft-standard-WSL2
2024-01-10 14:54:18,078 INFO o.a.j.JMeter: file.encoding=ANSI_X3.4-1968
2024-01-10 14:54:18,078 INFO o.a.j.JMeter: java.awt.headless=true
2024-01-10 14:54:18,078 INFO o.a.j.JMeter: Max memory     =536870912
2024-01-10 14:54:18,078 INFO o.a.j.JMeter: Available Processors =8
2024-01-10 14:54:18,091 INFO o.a.j.JMeter: Default Locale=English (EN)
2024-01-10 14:54:18,091 INFO o.a.j.JMeter: JMeter  Locale=English (EN)
2024-01-10 14:54:18,091 INFO o.a.j.JMeter: JMeterHome=/opt/yaman/jmeter/apache-jmeter-5.5
2024-01-10 14:54:18,092 INFO o.a.j.JMeter: user.dir  =/opt/yaman/teste
2024-01-10 14:54:18,092 INFO o.a.j.JMeter: PWD       =/opt/yaman/teste
2024-01-10 14:54:18,092 INFO o.a.j.JMeter: IP: 172.20.0.4 Name: 44c341ad58e7 FullName: 44c341ad58e7
2024-01-10 14:54:18,112 INFO o.a.j.s.FileServer: Default base='/opt/yaman/teste'
2024-01-10 14:54:18,113 INFO o.a.j.s.FileServer: Set new base='/opt/yaman/scripts'
2024-01-10 14:54:18,319 INFO o.a.j.s.SaveService: Testplan (JMX) version: 2.2. Testlog (JTL) version: 2.2
2024-01-10 14:54:18,339 INFO o.a.j.s.SaveService: Using SaveService properties version 5.0
2024-01-10 14:54:18,343 INFO o.a.j.s.SaveService: Using SaveService properties file encoding UTF-8
2024-01-10 14:54:18,346 INFO o.a.j.s.SaveService: Loading file: /opt/yaman/scripts/google.jmx
2024-01-10 14:54:18,391 INFO o.a.j.s.SampleResult: Note: Sample TimeStamps are START times
2024-01-10 14:54:18,391 INFO o.a.j.s.SampleResult: sampleresult.default.encoding is set to ISO-8859-1
2024-01-10 14:54:18,391 INFO o.a.j.s.SampleResult: sampleresult.useNanoTime=true
2024-01-10 14:54:18,391 INFO o.a.j.s.SampleResult: sampleresult.nanoThreadSleep=5000
2024-01-10 14:54:18,416 INFO o.a.j.p.h.s.HTTPSamplerBase: Parser for text/html is org.apache.jmeter.protocol.http.parser.LagartoBasedHtmlParser
2024-01-10 14:54:18,416 INFO o.a.j.p.h.s.HTTPSamplerBase: Parser for application/xhtml+xml is org.apache.jmeter.protocol.http.parser.LagartoBasedHtmlParser
2024-01-10 14:54:18,416 INFO o.a.j.p.h.s.HTTPSamplerBase: Parser for application/xml is org.apache.jmeter.protocol.http.parser.LagartoBasedHtmlParser
2024-01-10 14:54:18,417 INFO o.a.j.p.h.s.HTTPSamplerBase: Parser for text/xml is org.apache.jmeter.protocol.http.parser.LagartoBasedHtmlParser
2024-01-10 14:54:18,417 INFO o.a.j.p.h.s.HTTPSamplerBase: Parser for text/vnd.wap.wml is org.apache.jmeter.protocol.http.parser.RegexpHTMLParser
2024-01-10 14:54:18,417 INFO o.a.j.p.h.s.HTTPSamplerBase: Parser for text/css is org.apache.jmeter.protocol.http.parser.CssParser
2024-01-10 14:54:18,432 INFO o.a.j.JMeter: Creating summariser <summary>
2024-01-10 14:54:18,448 INFO o.a.j.e.StandardJMeterEngine: Running the test!
2024-01-10 14:54:18,449 INFO o.a.j.s.SampleEvent: List of sample_variables: []
2024-01-10 14:54:18,449 INFO o.a.j.s.SampleEvent: List of sample_variables: []
2024-01-10 14:54:18,476 INFO o.a.j.e.u.CompoundVariable: Note: Function class names must contain the string: '.functions.'
2024-01-10 14:54:18,476 INFO o.a.j.e.u.CompoundVariable: Note: Function class names must not contain the string: '.gui.'
2024-01-10 14:54:18,878 INFO o.a.j.v.b.BackendListener: Backend Listener: Starting worker with class: class org.apache.jmeter.visualizers.backend.influxdb.InfluxdbBackendListenerClient and queue capacity: 5000
2024-01-10 14:54:18,879 INFO o.a.j.v.b.BackendListener: Backend Listener: Started  worker with class: class org.apache.jmeter.visualizers.backend.influxdb.InfluxdbBackendListenerClient
2024-01-10 14:54:19,143 INFO o.a.j.JMeter: Running test (1704909259143)
2024-01-10 14:54:19,146 INFO o.a.j.e.StandardJMeterEngine: Starting ThreadGroup: 1 : Thread Group
2024-01-10 14:54:19,146 INFO o.a.j.e.StandardJMeterEngine: Starting 3 threads for group Thread Group.
2024-01-10 14:54:19,147 INFO o.a.j.e.StandardJMeterEngine: Thread will continue on error
2024-01-10 14:54:19,147 INFO o.a.j.t.ThreadGroup: Starting thread group... number=1 threads=3 ramp-up=10 delayedStart=false
2024-01-10 14:54:19,160 INFO o.a.j.t.ThreadGroup: Started thread group number 1
2024-01-10 14:54:19,160 INFO o.a.j.e.StandardJMeterEngine: All thread groups have been started
2024-01-10 14:54:19,170 INFO o.a.j.t.JMeterThread: Thread started: Thread Group 1-1
2024-01-10 14:54:22,494 INFO o.a.j.t.JMeterThread: Thread started: Thread Group 1-2
2024-01-10 14:54:24,190 INFO o.a.j.p.h.s.HTTPHCAbstractImpl: Local host = 44c341ad58e7
2024-01-10 14:54:24,194 INFO o.a.j.p.h.s.HTTPHC4Impl: HTTP request retry count = 0
2024-01-10 14:54:24,248 INFO o.a.j.p.h.s.h.LazyLayeredConnectionSocketFactory: Setting up HTTPS TrustAll Socket Factory
2024-01-10 14:54:24,253 INFO o.a.j.u.JsseSSLManager: Using default SSL protocol: TLS
2024-01-10 14:54:24,253 INFO o.a.j.u.JsseSSLManager: SSL session context: per-thread
2024-01-10 14:54:24,261 INFO o.a.j.u.SSLManager: JmeterKeyStore Location:  type JKS
2024-01-10 14:54:24,263 INFO o.a.j.u.SSLManager: KeyStore created OK
2024-01-10 14:54:24,264 WARN o.a.j.u.SSLManager: Keystore file not found, loading empty keystore
2024-01-10 14:54:25,827 INFO o.a.j.t.JMeterThread: Thread started: Thread Group 1-3
2024-01-10 14:54:30,129 INFO o.a.j.r.Summariser: summary +      3 in 00:00:11 =    0.3/s Avg:   390 Min:   262 Max:   461 Err:     0 (0.00%) Active: 3 Started: 3 Finished: 0
2024-01-10 14:55:01,384 INFO o.a.j.r.Summariser: summary +     18 in 00:00:31 =    0.6/s Avg:   219 Min:    46 Max:   483 Err:     3 (16.67%) Active: 3 Started: 3 Finished: 0
2024-01-10 14:55:01,385 INFO o.a.j.r.Summariser: summary =     21 in 00:00:42 =    0.5/s Avg:   244 Min:    46 Max:   483 Err:     3 (14.29%)
2024-01-10 14:55:30,045 INFO o.a.j.r.Summariser: summary +     17 in 00:00:29 =    0.6/s Avg:   149 Min:    42 Max:   363 Err:     4 (23.53%) Active: 3 Started: 3 Finished: 0
2024-01-10 14:55:30,046 INFO o.a.j.r.Summariser: summary =     38 in 00:01:11 =    0.5/s Avg:   201 Min:    42 Max:   483 Err:     7 (18.42%)
2024-01-10 14:56:01,913 INFO o.a.j.r.Summariser: summary +     18 in 00:00:32 =    0.6/s Avg:   242 Min:    45 Max:   782 Err:     2 (11.11%) Active: 3 Started: 3 Finished: 0
2024-01-10 14:56:01,913 INFO o.a.j.r.Summariser: summary =     56 in 00:01:43 =    0.5/s Avg:   214 Min:    42 Max:   782 Err:     9 (16.07%)
2024-01-10 14:56:30,290 INFO o.a.j.r.Summariser: summary +     16 in 00:00:28 =    0.6/s Avg:   264 Min:    44 Max:  1392 Err:     3 (18.75%) Active: 3 Started: 3 Finished: 0
2024-01-10 14:56:30,290 INFO o.a.j.r.Summariser: summary =     72 in 00:02:11 =    0.5/s Avg:   225 Min:    42 Max:  1392 Err:    12 (16.67%)
2024-01-10 14:57:00,214 INFO o.a.j.r.Summariser: summary +     17 in 00:00:30 =    0.6/s Avg:   446 Min:    43 Max:  2371 Err:     3 (17.65%) Active: 3 Started: 3 Finished: 0
2024-01-10 14:57:00,214 INFO o.a.j.r.Summariser: summary =     89 in 00:02:41 =    0.6/s Avg:   267 Min:    42 Max:  2371 Err:    15 (16.85%)
2024-01-10 14:57:31,783 INFO o.a.j.r.Summariser: summary +     18 in 00:00:32 =    0.6/s Avg:   253 Min:    64 Max:   622 Err:     3 (16.67%) Active: 3 Started: 3 Finished: 0
2024-01-10 14:57:31,783 INFO o.a.j.r.Summariser: summary =    107 in 00:03:13 =    0.6/s Avg:   265 Min:    42 Max:  2371 Err:    18 (16.82%)
2024-01-10 14:58:00,590 INFO o.a.j.r.Summariser: summary +     16 in 00:00:29 =    0.6/s Avg:   208 Min:    53 Max:   571 Err:     3 (18.75%) Active: 3 Started: 3 Finished: 0
2024-01-10 14:58:00,591 INFO o.a.j.r.Summariser: summary =    123 in 00:03:41 =    0.6/s Avg:   258 Min:    42 Max:  2371 Err:    21 (17.07%)
2024-01-10 14:58:31,734 INFO o.a.j.r.Summariser: summary +     18 in 00:00:31 =    0.6/s Avg:   259 Min:    44 Max:  1286 Err:     2 (11.11%) Active: 3 Started: 3 Finished: 0
2024-01-10 14:58:31,734 INFO o.a.j.r.Summariser: summary =    141 in 00:04:13 =    0.6/s Avg:   258 Min:    42 Max:  2371 Err:    23 (16.31%)
2024-01-10 14:59:00,695 INFO o.a.j.r.Summariser: summary +     17 in 00:00:29 =    0.6/s Avg:   215 Min:    44 Max:   509 Err:     4 (23.53%) Active: 3 Started: 3 Finished: 0
2024-01-10 14:59:00,696 INFO o.a.j.r.Summariser: summary =    158 in 00:04:42 =    0.6/s Avg:   253 Min:    42 Max:  2371 Err:    27 (17.09%)
2024-01-10 14:59:30,512 INFO o.a.j.r.Summariser: summary +     16 in 00:00:30 =    0.5/s Avg:   414 Min:    39 Max:  1800 Err:     2 (12.50%) Active: 3 Started: 3 Finished: 0
2024-01-10 14:59:30,513 INFO o.a.j.r.Summariser: summary =    174 in 00:05:11 =    0.6/s Avg:   268 Min:    39 Max:  2371 Err:    29 (16.67%)
2024-01-10 15:00:00,217 INFO o.a.j.r.Summariser: summary +     17 in 00:00:30 =    0.6/s Avg:   345 Min:    61 Max:  2171 Err:     4 (23.53%) Active: 3 Started: 3 Finished: 0
2024-01-10 15:00:00,218 INFO o.a.j.r.Summariser: summary =    191 in 00:05:41 =    0.6/s Avg:   275 Min:    39 Max:  2371 Err:    33 (17.28%)
2024-01-10 15:00:31,441 INFO o.a.j.r.Summariser: summary +     17 in 00:00:31 =    0.5/s Avg:   224 Min:    39 Max:   657 Err:     2 (11.76%) Active: 3 Started: 3 Finished: 0
2024-01-10 15:00:31,442 INFO o.a.j.r.Summariser: summary =    208 in 00:06:12 =    0.6/s Avg:   271 Min:    39 Max:  2371 Err:    35 (16.83%)
2024-01-10 15:01:00,029 INFO o.a.j.r.Summariser: summary +     15 in 00:00:29 =    0.5/s Avg:   995 Min:    59 Max:  9659 Err:     4 (26.67%) Active: 3 Started: 3 Finished: 0
2024-01-10 15:01:00,029 INFO o.a.j.r.Summariser: summary =    223 in 00:06:41 =    0.6/s Avg:   319 Min:    39 Max:  9659 Err:    39 (17.49%)
2024-01-10 15:01:33,911 INFO o.a.j.r.Summariser: summary +     16 in 00:00:34 =    0.5/s Avg:   958 Min:    52 Max:  5733 Err:     5 (31.25%) Active: 3 Started: 3 Finished: 0
2024-01-10 15:01:33,911 INFO o.a.j.r.Summariser: summary =    239 in 00:07:15 =    0.5/s Avg:   362 Min:    39 Max:  9659 Err:    44 (18.41%)
2024-01-10 15:02:01,170 INFO o.a.j.r.Summariser: summary +     13 in 00:00:27 =    0.5/s Avg:   918 Min:    43 Max:  8171 Err:     4 (30.77%) Active: 3 Started: 3 Finished: 0
2024-01-10 15:02:01,171 INFO o.a.j.r.Summariser: summary =    252 in 00:07:42 =    0.5/s Avg:   391 Min:    39 Max:  9659 Err:    48 (19.05%)
2024-01-10 15:02:32,148 INFO o.a.j.r.Summariser: summary +     12 in 00:00:31 =    0.4/s Avg:  3691 Min:    68 Max: 15065 Err:     5 (41.67%) Active: 3 Started: 3 Finished: 0
2024-01-10 15:02:32,149 INFO o.a.j.r.Summariser: summary =    264 in 00:08:13 =    0.5/s Avg:   541 Min:    39 Max: 15065 Err:    53 (20.08%)
2024-01-10 15:03:04,726 INFO o.a.j.r.Summariser: summary +     15 in 00:00:33 =    0.5/s Avg:   304 Min:    37 Max:  1762 Err:     2 (13.33%) Active: 3 Started: 3 Finished: 0
2024-01-10 15:03:04,727 INFO o.a.j.r.Summariser: summary =    279 in 00:08:46 =    0.5/s Avg:   528 Min:    37 Max: 15065 Err:    55 (19.71%)
2024-01-10 15:03:30,662 INFO o.a.j.r.Summariser: summary +     12 in 00:00:26 =    0.5/s Avg:  3136 Min:    45 Max: 13204 Err:     5 (41.67%) Active: 3 Started: 3 Finished: 0
2024-01-10 15:03:30,662 INFO o.a.j.r.Summariser: summary =    291 in 00:09:12 =    0.5/s Avg:   636 Min:    37 Max: 15065 Err:    60 (20.62%)
2024-01-10 15:04:01,344 INFO o.a.j.r.Summariser: summary +     17 in 00:00:31 =    0.6/s Avg:   398 Min:    61 Max:  1575 Err:     3 (17.65%) Active: 3 Started: 3 Finished: 0
2024-01-10 15:04:01,344 INFO o.a.j.r.Summariser: summary =    308 in 00:09:42 =    0.5/s Avg:   622 Min:    37 Max: 15065 Err:    63 (20.45%)
2024-01-10 15:04:33,365 INFO o.a.j.r.Summariser: summary +     14 in 00:00:32 =    0.4/s Avg:  1593 Min:    39 Max:  9650 Err:     4 (28.57%) Active: 3 Started: 3 Finished: 0
2024-01-10 15:04:33,366 INFO o.a.j.r.Summariser: summary =    322 in 00:10:14 =    0.5/s Avg:   665 Min:    37 Max: 15065 Err:    67 (20.81%)
2024-01-10 15:05:00,281 INFO o.a.j.r.Summariser: summary +     14 in 00:00:27 =    0.5/s Avg:  1165 Min:    47 Max: 10147 Err:     4 (28.57%) Active: 3 Started: 3 Finished: 0
2024-01-10 15:05:00,281 INFO o.a.j.r.Summariser: summary =    336 in 00:10:41 =    0.5/s Avg:   685 Min:    37 Max: 15065 Err:    71 (21.13%)
2024-01-10 15:05:30,216 INFO o.a.j.r.Summariser: summary +     12 in 00:00:30 =    0.4/s Avg:  1424 Min:    52 Max: 14143 Err:     1 (8.33%) Active: 3 Started: 3 Finished: 0
2024-01-10 15:05:30,217 INFO o.a.j.r.Summariser: summary =    348 in 00:11:11 =    0.5/s Avg:   711 Min:    37 Max: 15065 Err:    72 (20.69%)
2024-01-10 15:05:40,926 INFO o.a.j.t.JMeterThread: Thread is done: Thread Group 1-2
2024-01-10 15:05:40,927 INFO o.a.j.t.JMeterThread: Thread finished: Thread Group 1-2
2024-01-10 15:05:50,859 INFO o.a.j.t.JMeterThread: Thread is done: Thread Group 1-1
2024-01-10 15:05:50,859 INFO o.a.j.t.JMeterThread: Thread finished: Thread Group 1-1
2024-01-10 15:05:51,533 INFO o.a.j.t.JMeterThread: Thread is done: Thread Group 1-3
2024-01-10 15:05:51,533 INFO o.a.j.t.JMeterThread: Thread finished: Thread Group 1-3
2024-01-10 15:05:51,534 INFO o.a.j.e.StandardJMeterEngine: Notifying test listeners of end of test
2024-01-10 15:05:51,535 INFO o.a.j.v.b.BackendListener: Worker ended
2024-01-10 15:05:51,538 INFO o.a.j.v.b.i.InfluxdbBackendListenerClient: Sending last metrics to InfluxDB
2024-01-10 15:05:51,539 INFO o.a.j.v.b.i.HttpMetricsSender: Destroying 
2024-01-10 15:05:51,549 INFO o.a.j.r.Summariser: summary +     12 in 00:00:21 =    0.6/s Avg:   645 Min:    42 Max:  5650 Err:     4 (33.33%) Active: 0 Started: 3 Finished: 3
2024-01-10 15:05:51,549 INFO o.a.j.r.Summariser: summary =    360 in 00:11:32 =    0.5/s Avg:   709 Min:    37 Max: 15065 Err:    76 (21.11%)
