2023-12-20 14:49:11,890 INFO o.a.j.u.JMeterUtils: Setting Locale to en_EN
2023-12-20 14:49:11,920 INFO o.a.j.JMeter: Loading user properties from: /opt/yaman/jmeter/apache-jmeter-5.5/bin/user.properties
2023-12-20 14:49:11,921 INFO o.a.j.JMeter: Loading system properties from: /opt/yaman/jmeter/apache-jmeter-5.5/bin/system.properties
2023-12-20 14:49:11,926 INFO o.a.j.JMeter: Copyright (c) 1998-2022 The Apache Software Foundation
2023-12-20 14:49:11,927 INFO o.a.j.JMeter: Version 5.5
2023-12-20 14:49:11,927 INFO o.a.j.JMeter: java.version=11.0.18
2023-12-20 14:49:11,927 INFO o.a.j.JMeter: java.vm.name=OpenJDK 64-Bit Server VM
2023-12-20 14:49:11,927 INFO o.a.j.JMeter: os.name=Linux
2023-12-20 14:49:11,927 INFO o.a.j.JMeter: os.arch=amd64
2023-12-20 14:49:11,927 INFO o.a.j.JMeter: os.version=5.15.133.1-microsoft-standard-WSL2
2023-12-20 14:49:11,927 INFO o.a.j.JMeter: file.encoding=ANSI_X3.4-1968
2023-12-20 14:49:11,927 INFO o.a.j.JMeter: java.awt.headless=true
2023-12-20 14:49:11,927 INFO o.a.j.JMeter: Max memory     =536870912
2023-12-20 14:49:11,927 INFO o.a.j.JMeter: Available Processors =8
2023-12-20 14:49:11,936 INFO o.a.j.JMeter: Default Locale=English (EN)
2023-12-20 14:49:11,936 INFO o.a.j.JMeter: JMeter  Locale=English (EN)
2023-12-20 14:49:11,936 INFO o.a.j.JMeter: JMeterHome=/opt/yaman/jmeter/apache-jmeter-5.5
2023-12-20 14:49:11,937 INFO o.a.j.JMeter: user.dir  =/opt/yaman/teste
2023-12-20 14:49:11,937 INFO o.a.j.JMeter: PWD       =/opt/yaman/teste
2023-12-20 14:49:11,937 INFO o.a.j.JMeter: IP: 172.17.0.2 Name: 8e6c09796d75 FullName: 8e6c09796d75
2023-12-20 14:49:11,955 INFO o.a.j.s.FileServer: Default base='/opt/yaman/teste'
2023-12-20 14:49:11,956 INFO o.a.j.s.FileServer: Set new base='/opt/yaman/scripts'
2023-12-20 14:49:12,141 INFO o.a.j.s.SaveService: Testplan (JMX) version: 2.2. Testlog (JTL) version: 2.2
2023-12-20 14:49:12,161 INFO o.a.j.s.SaveService: Using SaveService properties version 5.0
2023-12-20 14:49:12,165 INFO o.a.j.s.SaveService: Using SaveService properties file encoding UTF-8
2023-12-20 14:49:12,168 INFO o.a.j.s.SaveService: Loading file: /opt/yaman/scripts/jmeter.jmx
2023-12-20 14:49:12,214 INFO o.a.j.p.h.s.HTTPSamplerBase: Parser for text/html is org.apache.jmeter.protocol.http.parser.LagartoBasedHtmlParser
2023-12-20 14:49:12,214 INFO o.a.j.p.h.s.HTTPSamplerBase: Parser for application/xhtml+xml is org.apache.jmeter.protocol.http.parser.LagartoBasedHtmlParser
2023-12-20 14:49:12,214 INFO o.a.j.p.h.s.HTTPSamplerBase: Parser for application/xml is org.apache.jmeter.protocol.http.parser.LagartoBasedHtmlParser
2023-12-20 14:49:12,214 INFO o.a.j.p.h.s.HTTPSamplerBase: Parser for text/xml is org.apache.jmeter.protocol.http.parser.LagartoBasedHtmlParser
2023-12-20 14:49:12,214 INFO o.a.j.p.h.s.HTTPSamplerBase: Parser for text/vnd.wap.wml is org.apache.jmeter.protocol.http.parser.RegexpHTMLParser
2023-12-20 14:49:12,214 INFO o.a.j.p.h.s.HTTPSamplerBase: Parser for text/css is org.apache.jmeter.protocol.http.parser.CssParser
2023-12-20 14:49:12,222 INFO o.a.j.JMeter: Creating summariser <summary>
2023-12-20 14:49:12,241 INFO o.a.j.e.StandardJMeterEngine: Running the test!
2023-12-20 14:49:12,244 INFO o.a.j.s.SampleEvent: List of sample_variables: []
2023-12-20 14:49:12,244 INFO o.a.j.s.SampleEvent: List of sample_variables: []
2023-12-20 14:49:12,271 INFO o.a.j.e.u.CompoundVariable: Note: Function class names must contain the string: '.functions.'
2023-12-20 14:49:12,271 INFO o.a.j.e.u.CompoundVariable: Note: Function class names must not contain the string: '.gui.'
2023-12-20 14:49:12,610 INFO o.a.j.JMeter: Running test (1703094552610)
2023-12-20 14:49:12,613 INFO o.a.j.e.StandardJMeterEngine: Starting ThreadGroup: 1 : Thread Group
2023-12-20 14:49:12,613 INFO o.a.j.e.StandardJMeterEngine: Starting 2 threads for group Thread Group.
2023-12-20 14:49:12,613 INFO o.a.j.e.StandardJMeterEngine: Thread will continue on error
2023-12-20 14:49:12,613 INFO o.a.j.t.ThreadGroup: Starting thread group... number=1 threads=2 ramp-up=0 delayedStart=false
2023-12-20 14:49:12,631 INFO o.a.j.t.ThreadGroup: Started thread group number 1
2023-12-20 14:49:12,632 INFO o.a.j.e.StandardJMeterEngine: All thread groups have been started
2023-12-20 14:49:12,643 INFO o.a.j.t.JMeterThread: Thread started: Thread Group 1-2
2023-12-20 14:49:12,643 INFO o.a.j.t.JMeterThread: Thread started: Thread Group 1-1
2023-12-20 14:49:17,683 INFO o.a.j.p.h.s.HTTPHCAbstractImpl: Local host = 8e6c09796d75
2023-12-20 14:49:17,691 INFO o.a.j.p.h.s.HTTPHC4Impl: HTTP request retry count = 0
2023-12-20 14:49:17,692 INFO o.a.j.s.SampleResult: Note: Sample TimeStamps are START times
2023-12-20 14:49:17,692 INFO o.a.j.s.SampleResult: sampleresult.default.encoding is set to ISO-8859-1
2023-12-20 14:49:17,692 INFO o.a.j.s.SampleResult: sampleresult.useNanoTime=true
2023-12-20 14:49:17,693 INFO o.a.j.s.SampleResult: sampleresult.nanoThreadSleep=5000
2023-12-20 14:49:17,881 INFO o.a.j.p.h.s.h.LazyLayeredConnectionSocketFactory: Setting up HTTPS TrustAll Socket Factory
2023-12-20 14:49:17,889 INFO o.a.j.u.JsseSSLManager: Using default SSL protocol: TLS
2023-12-20 14:49:17,889 INFO o.a.j.u.JsseSSLManager: SSL session context: per-thread
2023-12-20 14:49:17,959 INFO o.a.j.u.SSLManager: JmeterKeyStore Location:  type JKS
2023-12-20 14:49:17,964 INFO o.a.j.u.SSLManager: KeyStore created OK
2023-12-20 14:49:17,964 WARN o.a.j.u.SSLManager: Keystore file not found, loading empty keystore
2023-12-20 14:49:33,981 INFO o.a.j.r.Summariser: summary +      7 in 00:00:21 =    0.3/s Avg:   352 Min:   147 Max:   747 Err:     0 (0.00%) Active: 2 Started: 2 Finished: 0
2023-12-20 14:50:00,172 INFO o.a.j.r.Summariser: summary +     11 in 00:00:26 =    0.4/s Avg:   169 Min:   147 Max:   213 Err:     0 (0.00%) Active: 2 Started: 2 Finished: 0
2023-12-20 14:50:00,172 INFO o.a.j.r.Summariser: summary =     18 in 00:00:48 =    0.4/s Avg:   240 Min:   147 Max:   747 Err:     0 (0.00%)
2023-12-20 14:50:10,086 INFO o.a.j.t.JMeterThread: Thread finished: Thread Group 1-1
2023-12-20 14:50:10,506 INFO o.a.j.t.JMeterThread: Thread finished: Thread Group 1-2
2023-12-20 14:50:10,507 INFO o.a.j.e.StandardJMeterEngine: Notifying test listeners of end of test
2023-12-20 14:50:10,508 INFO o.a.j.r.Summariser: summary +      4 in 00:00:10 =    0.4/s Avg:   160 Min:   151 Max:   169 Err:     0 (0.00%) Active: 0 Started: 2 Finished: 2
2023-12-20 14:50:10,509 INFO o.a.j.r.Summariser: summary =     22 in 00:00:58 =    0.4/s Avg:   225 Min:   147 Max:   747 Err:     0 (0.00%)
