2024-01-10 14:29:25,825 INFO o.a.j.u.JMeterUtils: Setting Locale to en_EN
2024-01-10 14:29:25,870 INFO o.a.j.JMeter: Loading user properties from: /opt/yaman/jmeter/apache-jmeter-5.5/bin/user.properties
2024-01-10 14:29:25,871 INFO o.a.j.JMeter: Loading system properties from: /opt/yaman/jmeter/apache-jmeter-5.5/bin/system.properties
2024-01-10 14:29:25,879 INFO o.a.j.JMeter: Copyright (c) 1998-2022 The Apache Software Foundation
2024-01-10 14:29:25,879 INFO o.a.j.JMeter: Version 5.5
2024-01-10 14:29:25,879 INFO o.a.j.JMeter: java.version=11.0.18
2024-01-10 14:29:25,879 INFO o.a.j.JMeter: java.vm.name=OpenJDK 64-Bit Server VM
2024-01-10 14:29:25,879 INFO o.a.j.JMeter: os.name=Linux
2024-01-10 14:29:25,879 INFO o.a.j.JMeter: os.arch=amd64
2024-01-10 14:29:25,879 INFO o.a.j.JMeter: os.version=5.15.133.1-microsoft-standard-WSL2
2024-01-10 14:29:25,879 INFO o.a.j.JMeter: file.encoding=ANSI_X3.4-1968
2024-01-10 14:29:25,880 INFO o.a.j.JMeter: java.awt.headless=true
2024-01-10 14:29:25,880 INFO o.a.j.JMeter: Max memory     =536870912
2024-01-10 14:29:25,880 INFO o.a.j.JMeter: Available Processors =8
2024-01-10 14:29:25,895 INFO o.a.j.JMeter: Default Locale=English (EN)
2024-01-10 14:29:25,896 INFO o.a.j.JMeter: JMeter  Locale=English (EN)
2024-01-10 14:29:25,896 INFO o.a.j.JMeter: JMeterHome=/opt/yaman/jmeter/apache-jmeter-5.5
2024-01-10 14:29:25,896 INFO o.a.j.JMeter: user.dir  =/opt/yaman/teste
2024-01-10 14:29:25,896 INFO o.a.j.JMeter: PWD       =/opt/yaman/teste
2024-01-10 14:29:25,897 INFO o.a.j.JMeter: IP: 172.20.0.4 Name: 44c341ad58e7 FullName: 44c341ad58e7
2024-01-10 14:29:25,912 INFO o.a.j.s.FileServer: Default base='/opt/yaman/teste'
2024-01-10 14:29:25,913 INFO o.a.j.s.FileServer: Set new base='/opt/yaman/scripts'
2024-01-10 14:29:26,137 INFO o.a.j.s.SaveService: Testplan (JMX) version: 2.2. Testlog (JTL) version: 2.2
2024-01-10 14:29:26,160 INFO o.a.j.s.SaveService: Using SaveService properties version 5.0
2024-01-10 14:29:26,164 INFO o.a.j.s.SaveService: Using SaveService properties file encoding UTF-8
2024-01-10 14:29:26,168 INFO o.a.j.s.SaveService: Loading file: /opt/yaman/scripts/google.jmx
2024-01-10 14:29:26,215 INFO o.a.j.s.SampleResult: Note: Sample TimeStamps are START times
2024-01-10 14:29:26,215 INFO o.a.j.s.SampleResult: sampleresult.default.encoding is set to ISO-8859-1
2024-01-10 14:29:26,215 INFO o.a.j.s.SampleResult: sampleresult.useNanoTime=true
2024-01-10 14:29:26,215 INFO o.a.j.s.SampleResult: sampleresult.nanoThreadSleep=5000
2024-01-10 14:29:26,242 INFO o.a.j.p.h.s.HTTPSamplerBase: Parser for text/html is org.apache.jmeter.protocol.http.parser.LagartoBasedHtmlParser
2024-01-10 14:29:26,243 INFO o.a.j.p.h.s.HTTPSamplerBase: Parser for application/xhtml+xml is org.apache.jmeter.protocol.http.parser.LagartoBasedHtmlParser
2024-01-10 14:29:26,243 INFO o.a.j.p.h.s.HTTPSamplerBase: Parser for application/xml is org.apache.jmeter.protocol.http.parser.LagartoBasedHtmlParser
2024-01-10 14:29:26,243 INFO o.a.j.p.h.s.HTTPSamplerBase: Parser for text/xml is org.apache.jmeter.protocol.http.parser.LagartoBasedHtmlParser
2024-01-10 14:29:26,243 INFO o.a.j.p.h.s.HTTPSamplerBase: Parser for text/vnd.wap.wml is org.apache.jmeter.protocol.http.parser.RegexpHTMLParser
2024-01-10 14:29:26,243 INFO o.a.j.p.h.s.HTTPSamplerBase: Parser for text/css is org.apache.jmeter.protocol.http.parser.CssParser
2024-01-10 14:29:26,258 INFO o.a.j.JMeter: Creating summariser <summary>
2024-01-10 14:29:26,273 INFO o.a.j.e.StandardJMeterEngine: Running the test!
2024-01-10 14:29:26,274 INFO o.a.j.s.SampleEvent: List of sample_variables: []
2024-01-10 14:29:26,274 INFO o.a.j.s.SampleEvent: List of sample_variables: []
2024-01-10 14:29:26,310 INFO o.a.j.e.u.CompoundVariable: Note: Function class names must contain the string: '.functions.'
2024-01-10 14:29:26,310 INFO o.a.j.e.u.CompoundVariable: Note: Function class names must not contain the string: '.gui.'
2024-01-10 14:29:26,728 INFO o.a.j.v.b.BackendListener: Backend Listener: Starting worker with class: class org.apache.jmeter.visualizers.backend.influxdb.InfluxdbBackendListenerClient and queue capacity: 5000
2024-01-10 14:29:26,729 INFO o.a.j.v.b.BackendListener: Backend Listener: Started  worker with class: class org.apache.jmeter.visualizers.backend.influxdb.InfluxdbBackendListenerClient
2024-01-10 14:29:27,000 INFO o.a.j.JMeter: Running test (1704907767000)
2024-01-10 14:29:27,005 INFO o.a.j.e.StandardJMeterEngine: Starting ThreadGroup: 1 : Thread Group
2024-01-10 14:29:27,006 INFO o.a.j.e.StandardJMeterEngine: Starting 3 threads for group Thread Group.
2024-01-10 14:29:27,006 INFO o.a.j.e.StandardJMeterEngine: Thread will continue on error
2024-01-10 14:29:27,006 INFO o.a.j.t.ThreadGroup: Starting thread group... number=1 threads=3 ramp-up=10 delayedStart=false
2024-01-10 14:29:27,024 INFO o.a.j.t.ThreadGroup: Started thread group number 1
2024-01-10 14:29:27,025 INFO o.a.j.e.StandardJMeterEngine: All thread groups have been started
2024-01-10 14:29:27,044 INFO o.a.j.t.JMeterThread: Thread started: Thread Group 1-1
2024-01-10 14:29:30,365 INFO o.a.j.t.JMeterThread: Thread started: Thread Group 1-2
2024-01-10 14:29:32,061 INFO o.a.j.p.h.s.HTTPHCAbstractImpl: Local host = 44c341ad58e7
2024-01-10 14:29:32,067 INFO o.a.j.p.h.s.HTTPHC4Impl: HTTP request retry count = 0
2024-01-10 14:29:32,143 INFO o.a.j.p.h.s.h.LazyLayeredConnectionSocketFactory: Setting up HTTPS TrustAll Socket Factory
2024-01-10 14:29:32,149 INFO o.a.j.u.JsseSSLManager: Using default SSL protocol: TLS
2024-01-10 14:29:32,149 INFO o.a.j.u.JsseSSLManager: SSL session context: per-thread
2024-01-10 14:29:32,158 INFO o.a.j.u.SSLManager: JmeterKeyStore Location:  type JKS
2024-01-10 14:29:32,160 INFO o.a.j.u.SSLManager: KeyStore created OK
2024-01-10 14:29:32,160 WARN o.a.j.u.SSLManager: Keystore file not found, loading empty keystore
2024-01-10 14:29:32,467 INFO o.a.j.r.Summariser: summary +      1 in 00:00:05 =    0.2/s Avg:   370 Min:   370 Max:   370 Err:     0 (0.00%) Active: 2 Started: 2 Finished: 0
2024-01-10 14:29:33,696 INFO o.a.j.t.JMeterThread: Thread started: Thread Group 1-3
2024-01-10 14:30:00,199 INFO o.a.j.r.Summariser: summary +     15 in 00:00:28 =    0.5/s Avg:   265 Min:   101 Max:   540 Err:     3 (20.00%) Active: 3 Started: 3 Finished: 0
2024-01-10 14:30:00,199 INFO o.a.j.r.Summariser: summary =     16 in 00:00:33 =    0.5/s Avg:   272 Min:   101 Max:   540 Err:     3 (18.75%)
2024-01-10 14:30:31,126 INFO o.a.j.r.Summariser: summary +     18 in 00:00:31 =    0.6/s Avg:   175 Min:    44 Max:   406 Err:     2 (11.11%) Active: 3 Started: 3 Finished: 0
2024-01-10 14:30:31,127 INFO o.a.j.r.Summariser: summary =     34 in 00:01:04 =    0.5/s Avg:   220 Min:    44 Max:   540 Err:     5 (14.71%)
2024-01-10 14:31:00,056 INFO o.a.j.r.Summariser: summary +     16 in 00:00:29 =    0.6/s Avg:   268 Min:    56 Max:  1201 Err:     3 (18.75%) Active: 3 Started: 3 Finished: 0
2024-01-10 14:31:00,057 INFO o.a.j.r.Summariser: summary =     50 in 00:01:33 =    0.5/s Avg:   236 Min:    44 Max:  1201 Err:     8 (16.00%)
2024-01-10 14:31:30,925 INFO o.a.j.r.Summariser: summary +     18 in 00:00:31 =    0.6/s Avg:   168 Min:    41 Max:   344 Err:     2 (11.11%) Active: 3 Started: 3 Finished: 0
2024-01-10 14:31:30,926 INFO o.a.j.r.Summariser: summary =     68 in 00:02:04 =    0.5/s Avg:   218 Min:    41 Max:  1201 Err:    10 (14.71%)
2024-01-10 14:32:01,861 INFO o.a.j.r.Summariser: summary +     18 in 00:00:31 =    0.6/s Avg:   161 Min:    41 Max:   356 Err:     3 (16.67%) Active: 3 Started: 3 Finished: 0
2024-01-10 14:32:01,862 INFO o.a.j.r.Summariser: summary =     86 in 00:02:35 =    0.6/s Avg:   206 Min:    41 Max:  1201 Err:    13 (15.12%)
2024-01-10 14:32:30,698 INFO o.a.j.r.Summariser: summary +     17 in 00:00:29 =    0.6/s Avg:   280 Min:    62 Max:   673 Err:     5 (29.41%) Active: 3 Started: 3 Finished: 0
2024-01-10 14:32:30,699 INFO o.a.j.r.Summariser: summary =    103 in 00:03:04 =    0.6/s Avg:   218 Min:    41 Max:  1201 Err:    18 (17.48%)
2024-01-10 14:33:00,686 INFO o.a.j.r.Summariser: summary +     16 in 00:00:30 =    0.5/s Avg:   264 Min:    39 Max:   799 Err:     3 (18.75%) Active: 3 Started: 3 Finished: 0
2024-01-10 14:33:00,687 INFO o.a.j.r.Summariser: summary =    119 in 00:03:34 =    0.6/s Avg:   224 Min:    39 Max:  1201 Err:    21 (17.65%)
2024-01-10 14:33:32,231 INFO o.a.j.r.Summariser: summary +     18 in 00:00:32 =    0.6/s Avg:   256 Min:    64 Max:  1243 Err:     2 (11.11%) Active: 3 Started: 3 Finished: 0
2024-01-10 14:33:32,232 INFO o.a.j.r.Summariser: summary =    137 in 00:04:05 =    0.6/s Avg:   228 Min:    39 Max:  1243 Err:    23 (16.79%)
2024-01-10 14:34:04,310 INFO o.a.j.r.Summariser: summary +     18 in 00:00:32 =    0.6/s Avg:   359 Min:    44 Max:  1403 Err:     3 (16.67%) Active: 3 Started: 3 Finished: 0
2024-01-10 14:34:04,311 INFO o.a.j.r.Summariser: summary =    155 in 00:04:37 =    0.6/s Avg:   244 Min:    39 Max:  1403 Err:    26 (16.77%)
2024-01-10 14:34:30,155 INFO o.a.j.r.Summariser: summary +     15 in 00:00:26 =    0.6/s Avg:   198 Min:    43 Max:   593 Err:     1 (6.67%) Active: 3 Started: 3 Finished: 0
2024-01-10 14:34:30,156 INFO o.a.j.r.Summariser: summary =    170 in 00:05:03 =    0.6/s Avg:   240 Min:    39 Max:  1403 Err:    27 (15.88%)
2024-01-10 14:35:01,873 INFO o.a.j.r.Summariser: summary +     18 in 00:00:32 =    0.6/s Avg:   230 Min:    39 Max:   688 Err:     4 (22.22%) Active: 3 Started: 3 Finished: 0
2024-01-10 14:35:01,873 INFO o.a.j.r.Summariser: summary =    188 in 00:05:35 =    0.6/s Avg:   239 Min:    39 Max:  1403 Err:    31 (16.49%)
2024-01-10 14:35:33,068 INFO o.a.j.r.Summariser: summary +     18 in 00:00:31 =    0.6/s Avg:   190 Min:    39 Max:   386 Err:     3 (16.67%) Active: 3 Started: 3 Finished: 0
2024-01-10 14:35:33,068 INFO o.a.j.r.Summariser: summary =    206 in 00:06:06 =    0.6/s Avg:   234 Min:    39 Max:  1403 Err:    34 (16.50%)
2024-01-10 14:36:00,389 INFO o.a.j.r.Summariser: summary +     17 in 00:00:27 =    0.6/s Avg:   264 Min:    52 Max:  1347 Err:     3 (17.65%) Active: 3 Started: 3 Finished: 0
2024-01-10 14:36:00,390 INFO o.a.j.r.Summariser: summary =    223 in 00:06:33 =    0.6/s Avg:   237 Min:    39 Max:  1403 Err:    37 (16.59%)
2024-01-10 14:36:30,663 INFO o.a.j.r.Summariser: summary +     16 in 00:00:30 =    0.5/s Avg:   274 Min:    61 Max:   816 Err:     3 (18.75%) Active: 3 Started: 3 Finished: 0
2024-01-10 14:36:30,664 INFO o.a.j.r.Summariser: summary =    239 in 00:07:04 =    0.6/s Avg:   239 Min:    39 Max:  1403 Err:    40 (16.74%)
2024-01-10 14:37:01,969 INFO o.a.j.r.Summariser: summary +     18 in 00:00:31 =    0.6/s Avg:   198 Min:    44 Max:   456 Err:     4 (22.22%) Active: 3 Started: 3 Finished: 0
2024-01-10 14:37:01,970 INFO o.a.j.r.Summariser: summary =    257 in 00:07:35 =    0.6/s Avg:   236 Min:    39 Max:  1403 Err:    44 (17.12%)
2024-01-10 14:37:32,858 INFO o.a.j.r.Summariser: summary +     18 in 00:00:31 =    0.6/s Avg:   163 Min:    51 Max:   345 Err:     2 (11.11%) Active: 3 Started: 3 Finished: 0
2024-01-10 14:37:32,858 INFO o.a.j.r.Summariser: summary =    275 in 00:08:06 =    0.6/s Avg:   231 Min:    39 Max:  1403 Err:    46 (16.73%)
2024-01-10 14:38:00,306 INFO o.a.j.r.Summariser: summary +     17 in 00:00:27 =    0.6/s Avg:   186 Min:    40 Max:   586 Err:     2 (11.76%) Active: 3 Started: 3 Finished: 0
2024-01-10 14:38:00,307 INFO o.a.j.r.Summariser: summary =    292 in 00:08:33 =    0.6/s Avg:   229 Min:    39 Max:  1403 Err:    48 (16.44%)
2024-01-10 14:38:30,451 INFO o.a.j.r.Summariser: summary +     17 in 00:00:30 =    0.6/s Avg:   168 Min:    41 Max:   413 Err:     3 (17.65%) Active: 3 Started: 3 Finished: 0
2024-01-10 14:38:30,452 INFO o.a.j.r.Summariser: summary =    309 in 00:09:03 =    0.6/s Avg:   226 Min:    39 Max:  1403 Err:    51 (16.50%)
2024-01-10 14:39:00,577 INFO o.a.j.r.Summariser: summary +     17 in 00:00:30 =    0.6/s Avg:   236 Min:    65 Max:  1219 Err:     3 (17.65%) Active: 3 Started: 3 Finished: 0
2024-01-10 14:39:00,578 INFO o.a.j.r.Summariser: summary =    326 in 00:09:34 =    0.6/s Avg:   226 Min:    39 Max:  1403 Err:    54 (16.56%)
2024-01-10 14:39:32,030 INFO o.a.j.r.Summariser: summary +     15 in 00:00:31 =    0.5/s Avg:   247 Min:    47 Max:   697 Err:     4 (26.67%) Active: 3 Started: 3 Finished: 0
2024-01-10 14:39:32,031 INFO o.a.j.r.Summariser: summary =    341 in 00:10:05 =    0.6/s Avg:   227 Min:    39 Max:  1403 Err:    58 (17.01%)
2024-01-10 14:39:57,968 INFO o.a.j.t.JMeterThread: Thread is done: Thread Group 1-2
2024-01-10 14:39:57,969 INFO o.a.j.t.JMeterThread: Thread finished: Thread Group 1-2
2024-01-10 14:39:59,073 INFO o.a.j.t.JMeterThread: Thread is done: Thread Group 1-3
2024-01-10 14:39:59,073 INFO o.a.j.t.JMeterThread: Thread finished: Thread Group 1-3
2024-01-10 14:40:01,354 INFO o.a.j.r.Summariser: summary +     16 in 00:00:29 =    0.5/s Avg:  1521 Min:    44 Max: 21619 Err:     3 (18.75%) Active: 1 Started: 3 Finished: 2
2024-01-10 14:40:01,354 INFO o.a.j.r.Summariser: summary =    357 in 00:10:34 =    0.6/s Avg:   285 Min:    39 Max: 21619 Err:    61 (17.09%)
2024-01-10 14:40:17,372 INFO o.a.j.t.JMeterThread: Thread is done: Thread Group 1-1
2024-01-10 14:40:17,372 INFO o.a.j.t.JMeterThread: Thread finished: Thread Group 1-1
2024-01-10 14:40:17,374 INFO o.a.j.e.StandardJMeterEngine: Notifying test listeners of end of test
2024-01-10 14:40:17,375 INFO o.a.j.v.b.BackendListener: Worker ended
2024-01-10 14:40:17,377 INFO o.a.j.v.b.i.InfluxdbBackendListenerClient: Sending last metrics to InfluxDB
2024-01-10 14:40:17,378 INFO o.a.j.v.b.i.HttpMetricsSender: Destroying 
2024-01-10 14:40:17,385 INFO o.a.j.r.Summariser: summary +      3 in 00:00:16 =    0.2/s Avg:   338 Min:   161 Max:   599 Err:     0 (0.00%) Active: 0 Started: 3 Finished: 3
2024-01-10 14:40:17,386 INFO o.a.j.r.Summariser: summary =    360 in 00:10:50 =    0.6/s Avg:   285 Min:    39 Max: 21619 Err:    61 (16.94%)
