2023-12-20 14:05:52,262 INFO o.a.j.u.JMeterUtils: Setting Locale to en_EN
2023-12-20 14:05:52,287 INFO o.a.j.JMeter: Loading user properties from: /opt/yaman/jmeter/apache-jmeter-5.5/bin/user.properties
2023-12-20 14:05:52,288 INFO o.a.j.JMeter: Loading system properties from: /opt/yaman/jmeter/apache-jmeter-5.5/bin/system.properties
2023-12-20 14:05:52,295 INFO o.a.j.JMeter: Copyright (c) 1998-2022 The Apache Software Foundation
2023-12-20 14:05:52,295 INFO o.a.j.JMeter: Version 5.5
2023-12-20 14:05:52,295 INFO o.a.j.JMeter: java.version=11.0.18
2023-12-20 14:05:52,295 INFO o.a.j.JMeter: java.vm.name=OpenJDK 64-Bit Server VM
2023-12-20 14:05:52,296 INFO o.a.j.JMeter: os.name=Linux
2023-12-20 14:05:52,296 INFO o.a.j.JMeter: os.arch=amd64
2023-12-20 14:05:52,296 INFO o.a.j.JMeter: os.version=5.15.133.1-microsoft-standard-WSL2
2023-12-20 14:05:52,296 INFO o.a.j.JMeter: file.encoding=ANSI_X3.4-1968
2023-12-20 14:05:52,296 INFO o.a.j.JMeter: java.awt.headless=true
2023-12-20 14:05:52,296 INFO o.a.j.JMeter: Max memory     =536870912
2023-12-20 14:05:52,296 INFO o.a.j.JMeter: Available Processors =8
2023-12-20 14:05:52,305 INFO o.a.j.JMeter: Default Locale=English (EN)
2023-12-20 14:05:52,305 INFO o.a.j.JMeter: JMeter  Locale=English (EN)
2023-12-20 14:05:52,305 INFO o.a.j.JMeter: JMeterHome=/opt/yaman/jmeter/apache-jmeter-5.5
2023-12-20 14:05:52,305 INFO o.a.j.JMeter: user.dir  =/opt/yaman/teste
2023-12-20 14:05:52,306 INFO o.a.j.JMeter: PWD       =/opt/yaman/teste
2023-12-20 14:05:52,306 INFO o.a.j.JMeter: IP: 172.17.0.2 Name: 8e6c09796d75 FullName: 8e6c09796d75
2023-12-20 14:05:52,322 INFO o.a.j.s.FileServer: Default base='/opt/yaman/teste'
2023-12-20 14:05:52,323 INFO o.a.j.s.FileServer: Set new base='/opt/yaman/scripts'
2023-12-20 14:05:52,532 INFO o.a.j.s.SaveService: Testplan (JMX) version: 2.2. Testlog (JTL) version: 2.2
2023-12-20 14:05:52,552 INFO o.a.j.s.SaveService: Using SaveService properties version 5.0
2023-12-20 14:05:52,556 INFO o.a.j.s.SaveService: Using SaveService properties file encoding UTF-8
2023-12-20 14:05:52,559 INFO o.a.j.s.SaveService: Loading file: /opt/yaman/scripts/jmeter.jmx
2023-12-20 14:05:52,606 INFO o.a.j.p.h.s.HTTPSamplerBase: Parser for text/html is org.apache.jmeter.protocol.http.parser.LagartoBasedHtmlParser
2023-12-20 14:05:52,606 INFO o.a.j.p.h.s.HTTPSamplerBase: Parser for application/xhtml+xml is org.apache.jmeter.protocol.http.parser.LagartoBasedHtmlParser
2023-12-20 14:05:52,606 INFO o.a.j.p.h.s.HTTPSamplerBase: Parser for application/xml is org.apache.jmeter.protocol.http.parser.LagartoBasedHtmlParser
2023-12-20 14:05:52,606 INFO o.a.j.p.h.s.HTTPSamplerBase: Parser for text/xml is org.apache.jmeter.protocol.http.parser.LagartoBasedHtmlParser
2023-12-20 14:05:52,606 INFO o.a.j.p.h.s.HTTPSamplerBase: Parser for text/vnd.wap.wml is org.apache.jmeter.protocol.http.parser.RegexpHTMLParser
2023-12-20 14:05:52,606 INFO o.a.j.p.h.s.HTTPSamplerBase: Parser for text/css is org.apache.jmeter.protocol.http.parser.CssParser
2023-12-20 14:05:52,613 INFO o.a.j.JMeter: Creating summariser <summary>
2023-12-20 14:05:52,632 INFO o.a.j.e.StandardJMeterEngine: Running the test!
2023-12-20 14:05:52,634 INFO o.a.j.s.SampleEvent: List of sample_variables: []
2023-12-20 14:05:52,634 INFO o.a.j.s.SampleEvent: List of sample_variables: []
2023-12-20 14:05:52,658 INFO o.a.j.e.u.CompoundVariable: Note: Function class names must contain the string: '.functions.'
2023-12-20 14:05:52,658 INFO o.a.j.e.u.CompoundVariable: Note: Function class names must not contain the string: '.gui.'
2023-12-20 14:05:52,969 INFO o.a.j.JMeter: Running test (1703091952969)
2023-12-20 14:05:52,972 INFO o.a.j.e.StandardJMeterEngine: Starting ThreadGroup: 1 : Thread Group
2023-12-20 14:05:52,972 INFO o.a.j.e.StandardJMeterEngine: Starting 2 threads for group Thread Group.
2023-12-20 14:05:52,972 INFO o.a.j.e.StandardJMeterEngine: Thread will continue on error
2023-12-20 14:05:52,973 INFO o.a.j.t.ThreadGroup: Starting thread group... number=1 threads=2 ramp-up=0 delayedStart=false
2023-12-20 14:05:52,980 INFO o.a.j.t.ThreadGroup: Started thread group number 1
2023-12-20 14:05:52,982 INFO o.a.j.e.StandardJMeterEngine: All thread groups have been started
2023-12-20 14:05:52,992 INFO o.a.j.t.JMeterThread: Thread started: Thread Group 1-2
2023-12-20 14:05:52,992 INFO o.a.j.t.JMeterThread: Thread started: Thread Group 1-1
2023-12-20 14:05:58,039 INFO o.a.j.p.h.s.HTTPHCAbstractImpl: Local host = 8e6c09796d75
2023-12-20 14:05:58,051 INFO o.a.j.p.h.s.HTTPHC4Impl: HTTP request retry count = 0
2023-12-20 14:05:58,054 INFO o.a.j.s.SampleResult: Note: Sample TimeStamps are START times
2023-12-20 14:05:58,054 INFO o.a.j.s.SampleResult: sampleresult.default.encoding is set to ISO-8859-1
2023-12-20 14:05:58,054 INFO o.a.j.s.SampleResult: sampleresult.useNanoTime=true
2023-12-20 14:05:58,054 INFO o.a.j.s.SampleResult: sampleresult.nanoThreadSleep=5000
2023-12-20 14:05:58,244 INFO o.a.j.p.h.s.h.LazyLayeredConnectionSocketFactory: Setting up HTTPS TrustAll Socket Factory
2023-12-20 14:05:58,251 INFO o.a.j.u.JsseSSLManager: Using default SSL protocol: TLS
2023-12-20 14:05:58,251 INFO o.a.j.u.JsseSSLManager: SSL session context: per-thread
2023-12-20 14:05:58,311 INFO o.a.j.u.SSLManager: JmeterKeyStore Location:  type JKS
2023-12-20 14:05:58,315 INFO o.a.j.u.SSLManager: KeyStore created OK
2023-12-20 14:05:58,315 WARN o.a.j.u.SSLManager: Keystore file not found, loading empty keystore
2023-12-20 14:06:04,118 INFO o.a.j.r.Summariser: summary +      3 in 00:00:11 =    0.3/s Avg:   545 Min:   260 Max:   692 Err:     0 (0.00%) Active: 2 Started: 2 Finished: 0
2023-12-20 14:06:30,461 INFO o.a.j.r.Summariser: summary +     10 in 00:00:26 =    0.4/s Avg:   274 Min:   225 Max:   298 Err:     0 (0.00%) Active: 2 Started: 2 Finished: 0
2023-12-20 14:06:30,462 INFO o.a.j.r.Summariser: summary =     13 in 00:00:37 =    0.3/s Avg:   337 Min:   225 Max:   692 Err:     0 (0.00%)
2023-12-20 14:06:51,244 INFO o.a.j.t.JMeterThread: Thread finished: Thread Group 1-2
2023-12-20 14:06:51,398 INFO o.a.j.t.JMeterThread: Thread finished: Thread Group 1-1
2023-12-20 14:06:51,399 INFO o.a.j.e.StandardJMeterEngine: Notifying test listeners of end of test
2023-12-20 14:06:51,401 INFO o.a.j.r.Summariser: summary +      9 in 00:00:21 =    0.4/s Avg:   210 Min:   178 Max:   248 Err:     0 (0.00%) Active: 0 Started: 2 Finished: 2
2023-12-20 14:06:51,401 INFO o.a.j.r.Summariser: summary =     22 in 00:00:58 =    0.4/s Avg:   285 Min:   178 Max:   692 Err:     0 (0.00%)
