2024-01-12 10:44:43,421 INFO o.a.j.u.JMeterUtils: Setting Locale to en_EN
2024-01-12 10:44:43,448 INFO o.a.j.JMeter: Loading user properties from: /opt/yaman/jmeter/apache-jmeter-5.5/bin/user.properties
2024-01-12 10:44:43,448 INFO o.a.j.JMeter: Loading system properties from: /opt/yaman/jmeter/apache-jmeter-5.5/bin/system.properties
2024-01-12 10:44:43,455 INFO o.a.j.JMeter: Copyright (c) 1998-2022 The Apache Software Foundation
2024-01-12 10:44:43,455 INFO o.a.j.JMeter: Version 5.5
2024-01-12 10:44:43,455 INFO o.a.j.JMeter: java.version=11.0.18
2024-01-12 10:44:43,455 INFO o.a.j.JMeter: java.vm.name=OpenJDK 64-Bit Server VM
2024-01-12 10:44:43,455 INFO o.a.j.JMeter: os.name=Linux
2024-01-12 10:44:43,455 INFO o.a.j.JMeter: os.arch=amd64
2024-01-12 10:44:43,455 INFO o.a.j.JMeter: os.version=5.15.133.1-microsoft-standard-WSL2
2024-01-12 10:44:43,455 INFO o.a.j.JMeter: file.encoding=ANSI_X3.4-1968
2024-01-12 10:44:43,455 INFO o.a.j.JMeter: java.awt.headless=true
2024-01-12 10:44:43,455 INFO o.a.j.JMeter: Max memory     =536870912
2024-01-12 10:44:43,456 INFO o.a.j.JMeter: Available Processors =8
2024-01-12 10:44:43,465 INFO o.a.j.JMeter: Default Locale=English (EN)
2024-01-12 10:44:43,466 INFO o.a.j.JMeter: JMeter  Locale=English (EN)
2024-01-12 10:44:43,466 INFO o.a.j.JMeter: JMeterHome=/opt/yaman/jmeter/apache-jmeter-5.5
2024-01-12 10:44:43,466 INFO o.a.j.JMeter: user.dir  =/opt/yaman/teste
2024-01-12 10:44:43,466 INFO o.a.j.JMeter: PWD       =/opt/yaman/teste
2024-01-12 10:44:43,466 INFO o.a.j.JMeter: IP: 172.20.0.4 Name: dc9135b3ecc6 FullName: dc9135b3ecc6
2024-01-12 10:44:43,485 INFO o.a.j.s.FileServer: Default base='/opt/yaman/teste'
2024-01-12 10:44:43,486 INFO o.a.j.s.FileServer: Set new base='/opt/yaman/scripts'
2024-01-12 10:44:43,675 INFO o.a.j.s.SaveService: Testplan (JMX) version: 2.2. Testlog (JTL) version: 2.2
2024-01-12 10:44:43,696 INFO o.a.j.s.SaveService: Using SaveService properties version 5.0
2024-01-12 10:44:43,700 INFO o.a.j.s.SaveService: Using SaveService properties file encoding UTF-8
2024-01-12 10:44:43,703 INFO o.a.j.s.SaveService: Loading file: /opt/yaman/scripts/google2.jmx
2024-01-12 10:44:43,748 INFO o.a.j.s.SampleResult: Note: Sample TimeStamps are START times
2024-01-12 10:44:43,748 INFO o.a.j.s.SampleResult: sampleresult.default.encoding is set to ISO-8859-1
2024-01-12 10:44:43,748 INFO o.a.j.s.SampleResult: sampleresult.useNanoTime=true
2024-01-12 10:44:43,748 INFO o.a.j.s.SampleResult: sampleresult.nanoThreadSleep=5000
2024-01-12 10:44:43,771 INFO o.a.j.p.h.s.HTTPSamplerBase: Parser for text/html is org.apache.jmeter.protocol.http.parser.LagartoBasedHtmlParser
2024-01-12 10:44:43,771 INFO o.a.j.p.h.s.HTTPSamplerBase: Parser for application/xhtml+xml is org.apache.jmeter.protocol.http.parser.LagartoBasedHtmlParser
2024-01-12 10:44:43,771 INFO o.a.j.p.h.s.HTTPSamplerBase: Parser for application/xml is org.apache.jmeter.protocol.http.parser.LagartoBasedHtmlParser
2024-01-12 10:44:43,771 INFO o.a.j.p.h.s.HTTPSamplerBase: Parser for text/xml is org.apache.jmeter.protocol.http.parser.LagartoBasedHtmlParser
2024-01-12 10:44:43,771 INFO o.a.j.p.h.s.HTTPSamplerBase: Parser for text/vnd.wap.wml is org.apache.jmeter.protocol.http.parser.RegexpHTMLParser
2024-01-12 10:44:43,771 INFO o.a.j.p.h.s.HTTPSamplerBase: Parser for text/css is org.apache.jmeter.protocol.http.parser.CssParser
2024-01-12 10:44:43,788 INFO o.a.j.JMeter: Creating summariser <summary>
2024-01-12 10:44:43,808 INFO o.a.j.e.StandardJMeterEngine: Running the test!
2024-01-12 10:44:43,811 INFO o.a.j.s.SampleEvent: List of sample_variables: []
2024-01-12 10:44:43,811 INFO o.a.j.s.SampleEvent: List of sample_variables: []
2024-01-12 10:44:43,848 INFO o.a.j.e.u.CompoundVariable: Note: Function class names must contain the string: '.functions.'
2024-01-12 10:44:43,848 INFO o.a.j.e.u.CompoundVariable: Note: Function class names must not contain the string: '.gui.'
2024-01-12 10:44:44,219 INFO o.a.j.v.b.BackendListener: Backend Listener: Starting worker with class: class org.apache.jmeter.visualizers.backend.influxdb.InfluxdbBackendListenerClient and queue capacity: 5000
2024-01-12 10:44:44,221 INFO o.a.j.v.b.BackendListener: Backend Listener: Started  worker with class: class org.apache.jmeter.visualizers.backend.influxdb.InfluxdbBackendListenerClient
2024-01-12 10:44:44,460 INFO o.a.j.JMeter: Running test (1705067084460)
2024-01-12 10:44:44,466 INFO o.a.j.e.StandardJMeterEngine: Starting ThreadGroup: 1 : Thread Group
2024-01-12 10:44:44,466 INFO o.a.j.e.StandardJMeterEngine: Starting 3 threads for group Thread Group.
2024-01-12 10:44:44,466 INFO o.a.j.e.StandardJMeterEngine: Thread will continue on error
2024-01-12 10:44:44,466 INFO o.a.j.t.ThreadGroup: Starting thread group... number=1 threads=3 ramp-up=10 delayedStart=false
2024-01-12 10:44:44,478 INFO o.a.j.t.ThreadGroup: Started thread group number 1
2024-01-12 10:44:44,479 INFO o.a.j.e.StandardJMeterEngine: All thread groups have been started
2024-01-12 10:44:44,488 INFO o.a.j.t.JMeterThread: Thread started: Thread Group 1-1
2024-01-12 10:44:47,812 INFO o.a.j.t.JMeterThread: Thread started: Thread Group 1-2
2024-01-12 10:44:49,508 INFO o.a.j.p.h.s.HTTPHCAbstractImpl: Local host = dc9135b3ecc6
2024-01-12 10:44:49,512 INFO o.a.j.p.h.s.HTTPHC4Impl: HTTP request retry count = 0
2024-01-12 10:44:49,572 INFO o.a.j.p.h.s.h.LazyLayeredConnectionSocketFactory: Setting up HTTPS TrustAll Socket Factory
2024-01-12 10:44:49,577 INFO o.a.j.u.JsseSSLManager: Using default SSL protocol: TLS
2024-01-12 10:44:49,577 INFO o.a.j.u.JsseSSLManager: SSL session context: per-thread
2024-01-12 10:44:49,585 INFO o.a.j.u.SSLManager: JmeterKeyStore Location:  type JKS
2024-01-12 10:44:49,587 INFO o.a.j.u.SSLManager: KeyStore created OK
2024-01-12 10:44:49,587 WARN o.a.j.u.SSLManager: Keystore file not found, loading empty keystore
2024-01-12 10:44:51,144 INFO o.a.j.t.JMeterThread: Thread started: Thread Group 1-3
2024-01-12 10:45:01,631 INFO o.a.j.r.Summariser: summary +      6 in 00:00:17 =    0.3/s Avg:   751 Min:   147 Max:  3391 Err:     0 (0.00%) Active: 3 Started: 3 Finished: 0
2024-01-12 10:45:30,937 INFO o.a.j.r.Summariser: summary +     16 in 00:00:29 =    0.5/s Avg:   397 Min:    63 Max:  1164 Err:     3 (18.75%) Active: 3 Started: 3 Finished: 0
2024-01-12 10:45:30,938 INFO o.a.j.r.Summariser: summary =     22 in 00:00:46 =    0.5/s Avg:   494 Min:    63 Max:  3391 Err:     3 (13.64%)
2024-01-12 10:46:02,953 INFO o.a.j.r.Summariser: summary +     18 in 00:00:32 =    0.6/s Avg:   299 Min:    43 Max:   849 Err:     4 (22.22%) Active: 3 Started: 3 Finished: 0
2024-01-12 10:46:02,953 INFO o.a.j.r.Summariser: summary =     40 in 00:01:18 =    0.5/s Avg:   406 Min:    43 Max:  3391 Err:     7 (17.50%)
2024-01-12 10:46:30,270 INFO o.a.j.r.Summariser: summary +     16 in 00:00:27 =    0.6/s Avg:   434 Min:    87 Max:  1727 Err:     3 (18.75%) Active: 3 Started: 3 Finished: 0
2024-01-12 10:46:30,271 INFO o.a.j.r.Summariser: summary =     56 in 00:01:46 =    0.5/s Avg:   414 Min:    43 Max:  3391 Err:    10 (17.86%)
2024-01-12 10:47:01,474 INFO o.a.j.r.Summariser: summary +     17 in 00:00:31 =    0.5/s Avg:   232 Min:    42 Max:   580 Err:     2 (11.76%) Active: 3 Started: 3 Finished: 0
2024-01-12 10:47:01,474 INFO o.a.j.r.Summariser: summary =     73 in 00:02:17 =    0.5/s Avg:   372 Min:    42 Max:  3391 Err:    12 (16.44%)
2024-01-12 10:47:33,060 INFO o.a.j.r.Summariser: summary +     18 in 00:00:32 =    0.6/s Avg:   238 Min:    42 Max:  1345 Err:     3 (16.67%) Active: 3 Started: 3 Finished: 0
2024-01-12 10:47:33,060 INFO o.a.j.r.Summariser: summary =     91 in 00:02:49 =    0.5/s Avg:   345 Min:    42 Max:  3391 Err:    15 (16.48%)
2024-01-12 10:48:00,918 INFO o.a.j.r.Summariser: summary +     17 in 00:00:28 =    0.6/s Avg:   249 Min:    49 Max:   711 Err:     3 (17.65%) Active: 3 Started: 3 Finished: 0
2024-01-12 10:48:00,918 INFO o.a.j.r.Summariser: summary =    108 in 00:03:16 =    0.5/s Avg:   330 Min:    42 Max:  3391 Err:    18 (16.67%)
2024-01-12 10:48:30,623 INFO o.a.j.r.Summariser: summary +     16 in 00:00:30 =    0.5/s Avg:   318 Min:    46 Max:  1545 Err:     3 (18.75%) Active: 3 Started: 3 Finished: 0
2024-01-12 10:48:30,623 INFO o.a.j.r.Summariser: summary =    124 in 00:03:46 =    0.5/s Avg:   329 Min:    42 Max:  3391 Err:    21 (16.94%)
2024-01-12 10:49:01,843 INFO o.a.j.r.Summariser: summary +     18 in 00:00:31 =    0.6/s Avg:   181 Min:    39 Max:   425 Err:     3 (16.67%) Active: 3 Started: 3 Finished: 0
2024-01-12 10:49:01,843 INFO o.a.j.r.Summariser: summary =    142 in 00:04:17 =    0.6/s Avg:   310 Min:    39 Max:  3391 Err:    24 (16.90%)
2024-01-12 10:49:30,629 INFO o.a.j.r.Summariser: summary +     17 in 00:00:29 =    0.6/s Avg:   266 Min:    40 Max:   652 Err:     3 (17.65%) Active: 3 Started: 3 Finished: 0
2024-01-12 10:49:30,630 INFO o.a.j.r.Summariser: summary =    159 in 00:04:46 =    0.6/s Avg:   305 Min:    39 Max:  3391 Err:    27 (16.98%)
2024-01-12 10:50:03,412 INFO o.a.j.r.Summariser: summary +     18 in 00:00:33 =    0.5/s Avg:   260 Min:    44 Max:  1645 Err:     3 (16.67%) Active: 3 Started: 3 Finished: 0
2024-01-12 10:50:03,412 INFO o.a.j.r.Summariser: summary =    177 in 00:05:19 =    0.6/s Avg:   301 Min:    39 Max:  3391 Err:    30 (16.95%)
2024-01-12 10:50:30,200 INFO o.a.j.r.Summariser: summary +     16 in 00:00:27 =    0.6/s Avg:   172 Min:    42 Max:   374 Err:     3 (18.75%) Active: 3 Started: 3 Finished: 0
2024-01-12 10:50:30,200 INFO o.a.j.r.Summariser: summary =    193 in 00:05:46 =    0.6/s Avg:   290 Min:    39 Max:  3391 Err:    33 (17.10%)
2024-01-12 10:51:00,129 INFO o.a.j.r.Summariser: summary +     17 in 00:00:30 =    0.6/s Avg:   193 Min:    38 Max:   461 Err:     2 (11.76%) Active: 3 Started: 3 Finished: 0
2024-01-12 10:51:00,130 INFO o.a.j.r.Summariser: summary =    210 in 00:06:16 =    0.6/s Avg:   282 Min:    38 Max:  3391 Err:    35 (16.67%)
2024-01-12 10:51:32,183 INFO o.a.j.r.Summariser: summary +     18 in 00:00:32 =    0.6/s Avg:   410 Min:    44 Max:  1611 Err:     3 (16.67%) Active: 3 Started: 3 Finished: 0
2024-01-12 10:51:32,184 INFO o.a.j.r.Summariser: summary =    228 in 00:06:48 =    0.6/s Avg:   292 Min:    38 Max:  3391 Err:    38 (16.67%)
2024-01-12 10:52:00,097 INFO o.a.j.r.Summariser: summary +     16 in 00:00:28 =    0.6/s Avg:   249 Min:    51 Max:  1345 Err:     3 (18.75%) Active: 3 Started: 3 Finished: 0
2024-01-12 10:52:00,097 INFO o.a.j.r.Summariser: summary =    244 in 00:07:16 =    0.6/s Avg:   289 Min:    38 Max:  3391 Err:    41 (16.80%)
2024-01-12 10:52:30,537 INFO o.a.j.r.Summariser: summary +     17 in 00:00:30 =    0.6/s Avg:   284 Min:    43 Max:  1357 Err:     3 (17.65%) Active: 3 Started: 3 Finished: 0
2024-01-12 10:52:30,537 INFO o.a.j.r.Summariser: summary =    261 in 00:07:46 =    0.6/s Avg:   289 Min:    38 Max:  3391 Err:    44 (16.86%)
2024-01-12 10:53:03,079 INFO o.a.j.r.Summariser: summary +     18 in 00:00:33 =    0.6/s Avg:   172 Min:    42 Max:   639 Err:     1 (5.56%) Active: 3 Started: 3 Finished: 0
2024-01-12 10:53:03,080 INFO o.a.j.r.Summariser: summary =    279 in 00:08:19 =    0.6/s Avg:   281 Min:    38 Max:  3391 Err:    45 (16.13%)
2024-01-12 10:53:30,271 INFO o.a.j.r.Summariser: summary +     17 in 00:00:27 =    0.6/s Avg:   346 Min:    54 Max:  1907 Err:     4 (23.53%) Active: 3 Started: 3 Finished: 0
2024-01-12 10:53:30,271 INFO o.a.j.r.Summariser: summary =    296 in 00:08:46 =    0.6/s Avg:   285 Min:    38 Max:  3391 Err:    49 (16.55%)
2024-01-12 10:54:00,790 INFO o.a.j.r.Summariser: summary +     16 in 00:00:31 =    0.5/s Avg:   244 Min:    44 Max:   589 Err:     4 (25.00%) Active: 3 Started: 3 Finished: 0
2024-01-12 10:54:00,791 INFO o.a.j.r.Summariser: summary =    312 in 00:09:16 =    0.6/s Avg:   283 Min:    38 Max:  3391 Err:    53 (16.99%)
2024-01-12 10:54:31,796 INFO o.a.j.r.Summariser: summary +     18 in 00:00:31 =    0.6/s Avg:   199 Min:    44 Max:   634 Err:     1 (5.56%) Active: 3 Started: 3 Finished: 0
2024-01-12 10:54:31,797 INFO o.a.j.r.Summariser: summary =    330 in 00:09:47 =    0.6/s Avg:   278 Min:    38 Max:  3391 Err:    54 (16.36%)
2024-01-12 10:55:03,742 INFO o.a.j.r.Summariser: summary +     18 in 00:00:32 =    0.6/s Avg:   346 Min:    45 Max:   932 Err:     4 (22.22%) Active: 3 Started: 3 Finished: 0
2024-01-12 10:55:03,743 INFO o.a.j.r.Summariser: summary =    348 in 00:10:19 =    0.6/s Avg:   282 Min:    38 Max:  3391 Err:    58 (16.67%)
2024-01-12 10:55:19,584 INFO o.a.j.t.JMeterThread: Thread is done: Thread Group 1-1
2024-01-12 10:55:19,584 INFO o.a.j.t.JMeterThread: Thread finished: Thread Group 1-1
2024-01-12 10:55:20,120 INFO o.a.j.t.JMeterThread: Thread is done: Thread Group 1-2
2024-01-12 10:55:20,120 INFO o.a.j.t.JMeterThread: Thread finished: Thread Group 1-2
2024-01-12 10:55:26,015 INFO o.a.j.t.JMeterThread: Thread is done: Thread Group 1-3
2024-01-12 10:55:26,015 INFO o.a.j.t.JMeterThread: Thread finished: Thread Group 1-3
2024-01-12 10:55:26,018 INFO o.a.j.e.StandardJMeterEngine: Notifying test listeners of end of test
2024-01-12 10:55:26,020 INFO o.a.j.v.b.BackendListener: Worker ended
2024-01-12 10:55:26,024 INFO o.a.j.v.b.i.InfluxdbBackendListenerClient: Sending last metrics to InfluxDB
2024-01-12 10:55:26,027 INFO o.a.j.v.b.i.HttpMetricsSender: Destroying 
2024-01-12 10:55:26,042 INFO o.a.j.r.Summariser: summary +     12 in 00:00:22 =    0.5/s Avg:   288 Min:    65 Max:  1293 Err:     2 (16.67%) Active: 0 Started: 3 Finished: 3
2024-01-12 10:55:26,043 INFO o.a.j.r.Summariser: summary =    360 in 00:10:42 =    0.6/s Avg:   282 Min:    38 Max:  3391 Err:    60 (16.67%)
