2024-02-01 17:46:52,746 INFO o.a.j.u.JMeterUtils: Setting Locale to en_EN
2024-02-01 17:46:52,781 INFO o.a.j.JMeter: Loading user properties from: /opt/yaman/jmeter/apache-jmeter-5.5/bin/user.properties
2024-02-01 17:46:52,782 INFO o.a.j.JMeter: Loading system properties from: /opt/yaman/jmeter/apache-jmeter-5.5/bin/system.properties
2024-02-01 17:46:52,791 INFO o.a.j.JMeter: Copyright (c) 1998-2022 The Apache Software Foundation
2024-02-01 17:46:52,791 INFO o.a.j.JMeter: Version 5.5
2024-02-01 17:46:52,791 INFO o.a.j.JMeter: java.version=11.0.18
2024-02-01 17:46:52,791 INFO o.a.j.JMeter: java.vm.name=OpenJDK 64-Bit Server VM
2024-02-01 17:46:52,791 INFO o.a.j.JMeter: os.name=Linux
2024-02-01 17:46:52,791 INFO o.a.j.JMeter: os.arch=amd64
2024-02-01 17:46:52,792 INFO o.a.j.JMeter: os.version=5.15.133.1-microsoft-standard-WSL2
2024-02-01 17:46:52,792 INFO o.a.j.JMeter: file.encoding=ANSI_X3.4-1968
2024-02-01 17:46:52,792 INFO o.a.j.JMeter: java.awt.headless=true
2024-02-01 17:46:52,792 INFO o.a.j.JMeter: Max memory     =536870912
2024-02-01 17:46:52,792 INFO o.a.j.JMeter: Available Processors =8
2024-02-01 17:46:52,802 INFO o.a.j.JMeter: Default Locale=English (EN)
2024-02-01 17:46:52,803 INFO o.a.j.JMeter: JMeter  Locale=English (EN)
2024-02-01 17:46:52,803 INFO o.a.j.JMeter: JMeterHome=/opt/yaman/jmeter/apache-jmeter-5.5
2024-02-01 17:46:52,803 INFO o.a.j.JMeter: user.dir  =/opt/yaman/teste
2024-02-01 17:46:52,803 INFO o.a.j.JMeter: PWD       =/opt/yaman/teste
2024-02-01 17:46:52,804 INFO o.a.j.JMeter: IP: 172.18.0.4 Name: dbe2dd33ed4d FullName: dbe2dd33ed4d
2024-02-01 17:46:52,828 INFO o.a.j.s.FileServer: Default base='/opt/yaman/teste'
2024-02-01 17:46:52,829 INFO o.a.j.s.FileServer: Set new base='/opt/yaman/scripts'
2024-02-01 17:46:53,086 INFO o.a.j.s.SaveService: Testplan (JMX) version: 2.2. Testlog (JTL) version: 2.2
2024-02-01 17:46:53,114 INFO o.a.j.s.SaveService: Using SaveService properties version 5.0
2024-02-01 17:46:53,120 INFO o.a.j.s.SaveService: Using SaveService properties file encoding UTF-8
2024-02-01 17:46:53,125 INFO o.a.j.s.SaveService: Loading file: /opt/yaman/scripts/google.jmx
2024-02-01 17:46:53,168 INFO o.a.j.p.h.c.CookieManager: Settings: Delete null: true Check: true Allow variable: true Save: false Prefix: COOKIE_
2024-02-01 17:46:53,171 INFO o.a.j.p.h.c.CacheManager: Will only cache the following methods: [GET]
2024-02-01 17:46:53,176 INFO o.a.j.s.SampleResult: Note: Sample TimeStamps are START times
2024-02-01 17:46:53,176 INFO o.a.j.s.SampleResult: sampleresult.default.encoding is set to ISO-8859-1
2024-02-01 17:46:53,176 INFO o.a.j.s.SampleResult: sampleresult.useNanoTime=true
2024-02-01 17:46:53,176 INFO o.a.j.s.SampleResult: sampleresult.nanoThreadSleep=5000
2024-02-01 17:46:53,200 INFO o.a.j.p.h.s.HTTPSamplerBase: Parser for text/html is org.apache.jmeter.protocol.http.parser.LagartoBasedHtmlParser
2024-02-01 17:46:53,200 INFO o.a.j.p.h.s.HTTPSamplerBase: Parser for application/xhtml+xml is org.apache.jmeter.protocol.http.parser.LagartoBasedHtmlParser
2024-02-01 17:46:53,200 INFO o.a.j.p.h.s.HTTPSamplerBase: Parser for application/xml is org.apache.jmeter.protocol.http.parser.LagartoBasedHtmlParser
2024-02-01 17:46:53,200 INFO o.a.j.p.h.s.HTTPSamplerBase: Parser for text/xml is org.apache.jmeter.protocol.http.parser.LagartoBasedHtmlParser
2024-02-01 17:46:53,200 INFO o.a.j.p.h.s.HTTPSamplerBase: Parser for text/vnd.wap.wml is org.apache.jmeter.protocol.http.parser.RegexpHTMLParser
2024-02-01 17:46:53,200 INFO o.a.j.p.h.s.HTTPSamplerBase: Parser for text/css is org.apache.jmeter.protocol.http.parser.CssParser
2024-02-01 17:46:53,226 INFO o.a.j.JMeter: Creating summariser <summary>
2024-02-01 17:46:53,251 INFO o.a.j.e.StandardJMeterEngine: Running the test!
2024-02-01 17:46:53,253 INFO o.a.j.s.SampleEvent: List of sample_variables: []
2024-02-01 17:46:53,253 INFO o.a.j.s.SampleEvent: List of sample_variables: []
2024-02-01 17:46:53,292 INFO o.a.j.e.u.CompoundVariable: Note: Function class names must contain the string: '.functions.'
2024-02-01 17:46:53,293 INFO o.a.j.e.u.CompoundVariable: Note: Function class names must not contain the string: '.gui.'
2024-02-01 17:46:53,833 INFO o.a.j.v.b.BackendListener: Backend Listener: Starting worker with class: class org.apache.jmeter.visualizers.backend.influxdb.InfluxdbBackendListenerClient and queue capacity: 5000
2024-02-01 17:46:53,835 INFO o.a.j.v.b.BackendListener: Backend Listener: Started  worker with class: class org.apache.jmeter.visualizers.backend.influxdb.InfluxdbBackendListenerClient
2024-02-01 17:46:54,128 INFO o.a.j.JMeter: Running test (1706820414128)
2024-02-01 17:46:54,134 INFO o.a.j.e.StandardJMeterEngine: Starting ThreadGroup: 1 : Thread Group
2024-02-01 17:46:54,134 INFO o.a.j.e.StandardJMeterEngine: Starting 2 threads for group Thread Group.
2024-02-01 17:46:54,134 INFO o.a.j.e.StandardJMeterEngine: Thread will continue on error
2024-02-01 17:46:54,135 INFO o.a.j.t.ThreadGroup: Starting thread group... number=1 threads=2 ramp-up=30 delayedStart=false
2024-02-01 17:46:54,146 INFO o.a.j.t.ThreadGroup: Started thread group number 1
2024-02-01 17:46:54,146 INFO o.a.j.e.StandardJMeterEngine: All thread groups have been started
2024-02-01 17:46:54,156 INFO o.a.j.t.JMeterThread: Thread started: Thread Group 1-1
2024-02-01 17:46:54,191 INFO o.a.j.p.h.s.HTTPHCAbstractImpl: Local host = dbe2dd33ed4d
2024-02-01 17:46:54,205 INFO o.a.j.p.h.s.HTTPHC4Impl: HTTP request retry count = 0
2024-02-01 17:46:54,305 INFO o.a.j.p.h.s.h.LazyLayeredConnectionSocketFactory: Setting up HTTPS TrustAll Socket Factory
2024-02-01 17:46:54,313 INFO o.a.j.u.JsseSSLManager: Using default SSL protocol: TLS
2024-02-01 17:46:54,313 INFO o.a.j.u.JsseSSLManager: SSL session context: per-thread
2024-02-01 17:46:54,322 INFO o.a.j.u.SSLManager: JmeterKeyStore Location:  type JKS
2024-02-01 17:46:54,323 INFO o.a.j.u.SSLManager: KeyStore created OK
2024-02-01 17:46:54,324 WARN o.a.j.u.SSLManager: Keystore file not found, loading empty keystore
2024-02-01 17:47:00,154 INFO o.a.j.r.Summariser: summary +     13 in 00:00:06 =    2.2/s Avg:   448 Min:    60 Max:  2156 Err:     2 (15.38%) Active: 1 Started: 1 Finished: 0
2024-02-01 17:47:09,146 INFO o.a.j.t.JMeterThread: Thread started: Thread Group 1-2
2024-02-01 17:47:30,622 INFO o.a.j.r.Summariser: summary +    119 in 00:00:30 =    3.9/s Avg:   425 Min:     0 Max:  2174 Err:    27 (22.69%) Active: 2 Started: 2 Finished: 0
2024-02-01 17:47:30,623 INFO o.a.j.r.Summariser: summary =    132 in 00:00:36 =    3.6/s Avg:   428 Min:     0 Max:  2174 Err:    29 (21.97%)
2024-02-01 17:48:00,092 INFO o.a.j.r.Summariser: summary +    143 in 00:00:29 =    4.9/s Avg:   414 Min:     0 Max:  2357 Err:    31 (21.68%) Active: 2 Started: 2 Finished: 0
2024-02-01 17:48:00,093 INFO o.a.j.r.Summariser: summary =    275 in 00:01:06 =    4.2/s Avg:   421 Min:     0 Max:  2357 Err:    60 (21.82%)
2024-02-01 17:48:30,348 INFO o.a.j.r.Summariser: summary +    136 in 00:00:30 =    4.5/s Avg:   438 Min:     0 Max:  2190 Err:    30 (22.06%) Active: 2 Started: 2 Finished: 0
2024-02-01 17:48:30,349 INFO o.a.j.r.Summariser: summary =    411 in 00:01:36 =    4.3/s Avg:   426 Min:     0 Max:  2357 Err:    90 (21.90%)
2024-02-01 17:48:54,202 INFO o.a.j.t.JMeterThread: Stopping because end time detected by thread: Thread Group 1-1
2024-02-01 17:48:54,202 INFO o.a.j.t.JMeterThread: Thread finished: Thread Group 1-1
2024-02-01 17:48:54,252 INFO o.a.j.t.JMeterThread: Stopping because end time detected by thread: Thread Group 1-2
2024-02-01 17:48:54,252 INFO o.a.j.t.JMeterThread: Thread finished: Thread Group 1-2
2024-02-01 17:48:54,257 INFO o.a.j.e.StandardJMeterEngine: Notifying test listeners of end of test
2024-02-01 17:48:54,259 INFO o.a.j.v.b.BackendListener: Worker ended
2024-02-01 17:48:54,263 INFO o.a.j.v.b.i.InfluxdbBackendListenerClient: Sending last metrics to InfluxDB
2024-02-01 17:48:54,268 INFO o.a.j.v.b.i.HttpMetricsSender: Destroying 
2024-02-01 17:48:54,278 INFO o.a.j.r.Summariser: summary +     88 in 00:00:24 =    3.7/s Avg:   556 Min:     0 Max:  8146 Err:    19 (21.59%) Active: 0 Started: 2 Finished: 2
2024-02-01 17:48:54,278 INFO o.a.j.r.Summariser: summary =    499 in 00:02:00 =    4.2/s Avg:   449 Min:     0 Max:  8146 Err:   109 (21.84%)
