2024-01-15 13:40:46,032 INFO o.a.j.u.JMeterUtils: Setting Locale to en_EN
2024-01-15 13:40:46,110 INFO o.a.j.JMeter: Loading user properties from: /opt/yaman/jmeter/apache-jmeter-5.5/bin/user.properties
2024-01-15 13:40:46,112 INFO o.a.j.JMeter: Loading system properties from: /opt/yaman/jmeter/apache-jmeter-5.5/bin/system.properties
2024-01-15 13:40:46,134 INFO o.a.j.JMeter: Copyright (c) 1998-2022 The Apache Software Foundation
2024-01-15 13:40:46,134 INFO o.a.j.JMeter: Version 5.5
2024-01-15 13:40:46,134 INFO o.a.j.JMeter: java.version=11.0.18
2024-01-15 13:40:46,134 INFO o.a.j.JMeter: java.vm.name=OpenJDK 64-Bit Server VM
2024-01-15 13:40:46,134 INFO o.a.j.JMeter: os.name=Linux
2024-01-15 13:40:46,135 INFO o.a.j.JMeter: os.arch=amd64
2024-01-15 13:40:46,135 INFO o.a.j.JMeter: os.version=5.15.133.1-microsoft-standard-WSL2
2024-01-15 13:40:46,135 INFO o.a.j.JMeter: file.encoding=ANSI_X3.4-1968
2024-01-15 13:40:46,135 INFO o.a.j.JMeter: java.awt.headless=true
2024-01-15 13:40:46,136 INFO o.a.j.JMeter: Max memory     =536870912
2024-01-15 13:40:46,136 INFO o.a.j.JMeter: Available Processors =8
2024-01-15 13:40:46,176 INFO o.a.j.JMeter: Default Locale=English (EN)
2024-01-15 13:40:46,177 INFO o.a.j.JMeter: JMeter  Locale=English (EN)
2024-01-15 13:40:46,177 INFO o.a.j.JMeter: JMeterHome=/opt/yaman/jmeter/apache-jmeter-5.5
2024-01-15 13:40:46,177 INFO o.a.j.JMeter: user.dir  =/opt/yaman/teste
2024-01-15 13:40:46,178 INFO o.a.j.JMeter: PWD       =/opt/yaman/teste
2024-01-15 13:40:46,178 INFO o.a.j.JMeter: IP: 172.20.0.4 Name: 191a942cf81f FullName: 191a942cf81f
2024-01-15 13:40:46,196 INFO o.a.j.s.FileServer: Default base='/opt/yaman/teste'
2024-01-15 13:40:46,198 INFO o.a.j.s.FileServer: Set new base='/opt/yaman/scripts'
2024-01-15 13:40:46,571 INFO o.a.j.s.SaveService: Testplan (JMX) version: 2.2. Testlog (JTL) version: 2.2
2024-01-15 13:40:46,627 INFO o.a.j.s.SaveService: Using SaveService properties version 5.0
2024-01-15 13:40:46,641 INFO o.a.j.s.SaveService: Using SaveService properties file encoding UTF-8
2024-01-15 13:40:46,647 INFO o.a.j.s.SaveService: Loading file: /opt/yaman/scripts/thaynara.jmx
2024-01-15 13:40:46,724 INFO o.a.j.s.SampleResult: Note: Sample TimeStamps are START times
2024-01-15 13:40:46,725 INFO o.a.j.s.SampleResult: sampleresult.default.encoding is set to ISO-8859-1
2024-01-15 13:40:46,725 INFO o.a.j.s.SampleResult: sampleresult.useNanoTime=true
2024-01-15 13:40:46,725 INFO o.a.j.s.SampleResult: sampleresult.nanoThreadSleep=5000
2024-01-15 13:40:46,769 INFO o.a.j.p.h.s.HTTPSamplerBase: Parser for text/html is org.apache.jmeter.protocol.http.parser.LagartoBasedHtmlParser
2024-01-15 13:40:46,769 INFO o.a.j.p.h.s.HTTPSamplerBase: Parser for application/xhtml+xml is org.apache.jmeter.protocol.http.parser.LagartoBasedHtmlParser
2024-01-15 13:40:46,769 INFO o.a.j.p.h.s.HTTPSamplerBase: Parser for application/xml is org.apache.jmeter.protocol.http.parser.LagartoBasedHtmlParser
2024-01-15 13:40:46,769 INFO o.a.j.p.h.s.HTTPSamplerBase: Parser for text/xml is org.apache.jmeter.protocol.http.parser.LagartoBasedHtmlParser
2024-01-15 13:40:46,769 INFO o.a.j.p.h.s.HTTPSamplerBase: Parser for text/vnd.wap.wml is org.apache.jmeter.protocol.http.parser.RegexpHTMLParser
2024-01-15 13:40:46,769 INFO o.a.j.p.h.s.HTTPSamplerBase: Parser for text/css is org.apache.jmeter.protocol.http.parser.CssParser
2024-01-15 13:40:46,795 INFO o.a.j.JMeter: Creating summariser <summary>
2024-01-15 13:40:46,827 INFO o.a.j.e.StandardJMeterEngine: Running the test!
2024-01-15 13:40:46,830 INFO o.a.j.s.SampleEvent: List of sample_variables: []
2024-01-15 13:40:46,831 INFO o.a.j.s.SampleEvent: List of sample_variables: []
2024-01-15 13:40:46,892 INFO o.a.j.e.u.CompoundVariable: Note: Function class names must contain the string: '.functions.'
2024-01-15 13:40:46,893 INFO o.a.j.e.u.CompoundVariable: Note: Function class names must not contain the string: '.gui.'
2024-01-15 13:40:47,699 INFO o.a.j.v.b.BackendListener: Backend Listener: Starting worker with class: class org.apache.jmeter.visualizers.backend.influxdb.InfluxdbBackendListenerClient and queue capacity: 5000
2024-01-15 13:40:47,702 INFO o.a.j.v.b.BackendListener: Backend Listener: Started  worker with class: class org.apache.jmeter.visualizers.backend.influxdb.InfluxdbBackendListenerClient
2024-01-15 13:40:48,325 INFO o.a.j.JMeter: Running test (1705336848325)
2024-01-15 13:40:48,333 INFO o.a.j.e.StandardJMeterEngine: Starting ThreadGroup: 1 : Thread Group
2024-01-15 13:40:48,334 INFO o.a.j.e.StandardJMeterEngine: Starting 3 threads for group Thread Group.
2024-01-15 13:40:48,334 INFO o.a.j.e.StandardJMeterEngine: Thread will continue on error
2024-01-15 13:40:48,335 INFO o.a.j.t.ThreadGroup: Starting thread group... number=1 threads=3 ramp-up=10 delayedStart=false
2024-01-15 13:40:48,356 INFO o.a.j.t.ThreadGroup: Started thread group number 1
2024-01-15 13:40:48,356 INFO o.a.j.e.StandardJMeterEngine: All thread groups have been started
2024-01-15 13:40:48,372 INFO o.a.j.t.JMeterThread: Thread started: Thread Group 1-1
2024-01-15 13:40:51,689 INFO o.a.j.t.JMeterThread: Thread started: Thread Group 1-2
2024-01-15 13:40:53,400 INFO o.a.j.p.h.s.HTTPHCAbstractImpl: Local host = 191a942cf81f
2024-01-15 13:40:53,406 INFO o.a.j.p.h.s.HTTPHC4Impl: HTTP request retry count = 0
2024-01-15 13:40:53,614 INFO o.a.j.p.h.s.h.LazyLayeredConnectionSocketFactory: Setting up HTTPS TrustAll Socket Factory
2024-01-15 13:40:53,623 INFO o.a.j.u.JsseSSLManager: Using default SSL protocol: TLS
2024-01-15 13:40:53,623 INFO o.a.j.u.JsseSSLManager: SSL session context: per-thread
2024-01-15 13:40:53,643 INFO o.a.j.u.SSLManager: JmeterKeyStore Location:  type JKS
2024-01-15 13:40:53,645 INFO o.a.j.u.SSLManager: KeyStore created OK
2024-01-15 13:40:53,645 WARN o.a.j.u.SSLManager: Keystore file not found, loading empty keystore
2024-01-15 13:40:55,021 INFO o.a.j.t.JMeterThread: Thread started: Thread Group 1-3
2024-01-15 13:41:00,354 INFO o.a.j.r.Summariser: summary +      4 in 00:00:12 =    0.3/s Avg:   433 Min:   278 Max:   641 Err:     2 (50.00%) Active: 3 Started: 3 Finished: 0
2024-01-15 13:41:31,604 INFO o.a.j.r.Summariser: summary +     17 in 00:00:31 =    0.5/s Avg:   266 Min:    40 Max:  1295 Err:     1 (5.88%) Active: 3 Started: 3 Finished: 0
2024-01-15 13:41:31,606 INFO o.a.j.r.Summariser: summary =     21 in 00:00:43 =    0.5/s Avg:   298 Min:    40 Max:  1295 Err:     3 (14.29%)
2024-01-15 13:42:02,684 INFO o.a.j.r.Summariser: summary +     18 in 00:00:31 =    0.6/s Avg:   175 Min:    41 Max:   342 Err:     3 (16.67%) Active: 3 Started: 3 Finished: 0
2024-01-15 13:42:02,686 INFO o.a.j.r.Summariser: summary =     39 in 00:01:14 =    0.5/s Avg:   241 Min:    40 Max:  1295 Err:     6 (15.38%)
2024-01-15 13:42:30,644 INFO o.a.j.r.Summariser: summary +     17 in 00:00:28 =    0.6/s Avg:   275 Min:    40 Max:   930 Err:     4 (23.53%) Active: 3 Started: 3 Finished: 0
2024-01-15 13:42:30,646 INFO o.a.j.r.Summariser: summary =     56 in 00:01:42 =    0.5/s Avg:   251 Min:    40 Max:  1295 Err:    10 (17.86%)
2024-01-15 13:43:00,264 INFO o.a.j.r.Summariser: summary +     16 in 00:00:30 =    0.5/s Avg:   189 Min:    79 Max:   351 Err:     2 (12.50%) Active: 3 Started: 3 Finished: 0
2024-01-15 13:43:00,265 INFO o.a.j.r.Summariser: summary =     72 in 00:02:12 =    0.5/s Avg:   237 Min:    40 Max:  1295 Err:    12 (16.67%)
2024-01-15 13:43:31,143 INFO o.a.j.r.Summariser: summary +     18 in 00:00:31 =    0.6/s Avg:   167 Min:    41 Max:   401 Err:     3 (16.67%) Active: 3 Started: 3 Finished: 0
2024-01-15 13:43:31,144 INFO o.a.j.r.Summariser: summary =     90 in 00:02:43 =    0.6/s Avg:   223 Min:    40 Max:  1295 Err:    15 (16.67%)
2024-01-15 13:44:02,337 INFO o.a.j.r.Summariser: summary +     18 in 00:00:31 =    0.6/s Avg:   186 Min:    39 Max:   335 Err:     3 (16.67%) Active: 3 Started: 3 Finished: 0
2024-01-15 13:44:02,338 INFO o.a.j.r.Summariser: summary =    108 in 00:03:14 =    0.6/s Avg:   217 Min:    39 Max:  1295 Err:    18 (16.67%)
2024-01-15 13:44:33,431 INFO o.a.j.r.Summariser: summary +     18 in 00:00:31 =    0.6/s Avg:   168 Min:    37 Max:   343 Err:     3 (16.67%) Active: 3 Started: 3 Finished: 0
2024-01-15 13:44:33,432 INFO o.a.j.r.Summariser: summary =    126 in 00:03:45 =    0.6/s Avg:   210 Min:    37 Max:  1295 Err:    21 (16.67%)
2024-01-15 13:45:00,213 INFO o.a.j.r.Summariser: summary +     16 in 00:00:27 =    0.6/s Avg:   194 Min:    35 Max:   390 Err:     3 (18.75%) Active: 3 Started: 3 Finished: 0
2024-01-15 13:45:00,214 INFO o.a.j.r.Summariser: summary =    142 in 00:04:12 =    0.6/s Avg:   208 Min:    35 Max:  1295 Err:    24 (16.90%)
2024-01-15 13:45:30,650 INFO o.a.j.r.Summariser: summary +     17 in 00:00:30 =    0.6/s Avg:   180 Min:    43 Max:   344 Err:     3 (17.65%) Active: 3 Started: 3 Finished: 0
2024-01-15 13:45:30,650 INFO o.a.j.r.Summariser: summary =    159 in 00:04:42 =    0.6/s Avg:   205 Min:    35 Max:  1295 Err:    27 (16.98%)
2024-01-15 13:46:01,562 INFO o.a.j.r.Summariser: summary +     18 in 00:00:31 =    0.6/s Avg:   165 Min:    44 Max:   334 Err:     2 (11.11%) Active: 3 Started: 3 Finished: 0
2024-01-15 13:46:01,563 INFO o.a.j.r.Summariser: summary =    177 in 00:05:13 =    0.6/s Avg:   201 Min:    35 Max:  1295 Err:    29 (16.38%)
2024-01-15 13:46:32,505 INFO o.a.j.r.Summariser: summary +     18 in 00:00:31 =    0.6/s Avg:   164 Min:    37 Max:   415 Err:     4 (22.22%) Active: 3 Started: 3 Finished: 0
2024-01-15 13:46:32,505 INFO o.a.j.r.Summariser: summary =    195 in 00:05:44 =    0.6/s Avg:   198 Min:    35 Max:  1295 Err:    33 (16.92%)
2024-01-15 13:47:03,750 INFO o.a.j.r.Summariser: summary +     18 in 00:00:31 =    0.6/s Avg:   175 Min:    47 Max:   343 Err:     3 (16.67%) Active: 3 Started: 3 Finished: 0
2024-01-15 13:47:03,754 INFO o.a.j.r.Summariser: summary =    213 in 00:06:15 =    0.6/s Avg:   196 Min:    35 Max:  1295 Err:    36 (16.90%)
2024-01-15 13:47:30,299 INFO o.a.j.r.Summariser: summary +     16 in 00:00:27 =    0.6/s Avg:   197 Min:    40 Max:   466 Err:     2 (12.50%) Active: 3 Started: 3 Finished: 0
2024-01-15 13:47:30,300 INFO o.a.j.r.Summariser: summary =    229 in 00:06:42 =    0.6/s Avg:   196 Min:    35 Max:  1295 Err:    38 (16.59%)
2024-01-15 13:48:00,679 INFO o.a.j.r.Summariser: summary +     17 in 00:00:30 =    0.6/s Avg:   175 Min:    40 Max:   451 Err:     3 (17.65%) Active: 3 Started: 3 Finished: 0
2024-01-15 13:48:00,681 INFO o.a.j.r.Summariser: summary =    246 in 00:07:12 =    0.6/s Avg:   194 Min:    35 Max:  1295 Err:    41 (16.67%)
2024-01-15 13:48:31,770 INFO o.a.j.r.Summariser: summary +     18 in 00:00:31 =    0.6/s Avg:   173 Min:    38 Max:   404 Err:     3 (16.67%) Active: 3 Started: 3 Finished: 0
2024-01-15 13:48:31,771 INFO o.a.j.r.Summariser: summary =    264 in 00:07:43 =    0.6/s Avg:   193 Min:    35 Max:  1295 Err:    44 (16.67%)
2024-01-15 13:49:02,736 INFO o.a.j.r.Summariser: summary +     18 in 00:00:31 =    0.6/s Avg:   179 Min:    43 Max:   421 Err:     2 (11.11%) Active: 3 Started: 3 Finished: 0
2024-01-15 13:49:02,737 INFO o.a.j.r.Summariser: summary =    282 in 00:08:14 =    0.6/s Avg:   192 Min:    35 Max:  1295 Err:    46 (16.31%)
2024-01-15 13:49:30,407 INFO o.a.j.r.Summariser: summary +     17 in 00:00:28 =    0.6/s Avg:   184 Min:    40 Max:   356 Err:     3 (17.65%) Active: 3 Started: 3 Finished: 0
2024-01-15 13:49:30,409 INFO o.a.j.r.Summariser: summary =    299 in 00:08:42 =    0.6/s Avg:   192 Min:    35 Max:  1295 Err:    49 (16.39%)
2024-01-15 13:50:00,025 INFO o.a.j.r.Summariser: summary +     16 in 00:00:30 =    0.5/s Avg:   184 Min:    41 Max:   400 Err:     3 (18.75%) Active: 3 Started: 3 Finished: 0
2024-01-15 13:50:00,027 INFO o.a.j.r.Summariser: summary =    315 in 00:09:12 =    0.6/s Avg:   191 Min:    35 Max:  1295 Err:    52 (16.51%)
2024-01-15 13:50:31,107 INFO o.a.j.r.Summariser: summary +     18 in 00:00:31 =    0.6/s Avg:   277 Min:    53 Max:  1078 Err:     4 (22.22%) Active: 3 Started: 3 Finished: 0
2024-01-15 13:50:31,109 INFO o.a.j.r.Summariser: summary =    333 in 00:09:43 =    0.6/s Avg:   196 Min:    35 Max:  1295 Err:    56 (16.82%)
2024-01-15 13:51:02,306 INFO o.a.j.r.Summariser: summary +     18 in 00:00:31 =    0.6/s Avg:   195 Min:    46 Max:   415 Err:     3 (16.67%) Active: 3 Started: 3 Finished: 0
2024-01-15 13:51:02,307 INFO o.a.j.r.Summariser: summary =    351 in 00:10:14 =    0.6/s Avg:   196 Min:    35 Max:  1295 Err:    59 (16.81%)
2024-01-15 13:51:13,933 INFO o.a.j.t.JMeterThread: Thread is done: Thread Group 1-1
2024-01-15 13:51:13,934 INFO o.a.j.t.JMeterThread: Thread finished: Thread Group 1-1
2024-01-15 13:51:14,635 INFO o.a.j.t.JMeterThread: Thread is done: Thread Group 1-2
2024-01-15 13:51:14,635 INFO o.a.j.t.JMeterThread: Thread finished: Thread Group 1-2
2024-01-15 13:51:17,726 INFO o.a.j.t.JMeterThread: Thread is done: Thread Group 1-3
2024-01-15 13:51:17,726 INFO o.a.j.t.JMeterThread: Thread finished: Thread Group 1-3
2024-01-15 13:51:17,728 INFO o.a.j.e.StandardJMeterEngine: Notifying test listeners of end of test
2024-01-15 13:51:17,730 INFO o.a.j.v.b.BackendListener: Worker ended
2024-01-15 13:51:17,737 INFO o.a.j.v.b.i.InfluxdbBackendListenerClient: Sending last metrics to InfluxDB
2024-01-15 13:51:17,739 INFO o.a.j.v.b.i.HttpMetricsSender: Destroying 
2024-01-15 13:51:17,753 INFO o.a.j.r.Summariser: summary +      9 in 00:00:15 =    0.6/s Avg:   178 Min:    37 Max:   345 Err:     1 (11.11%) Active: 0 Started: 3 Finished: 3
2024-01-15 13:51:17,754 INFO o.a.j.r.Summariser: summary =    360 in 00:10:29 =    0.6/s Avg:   195 Min:    35 Max:  1295 Err:    60 (16.67%)
