2024-01-16 09:16:31,084 INFO o.a.j.u.JMeterUtils: Setting Locale to en_EN
2024-01-16 09:16:31,145 INFO o.a.j.JMeter: Loading user properties from: /opt/yaman/jmeter/apache-jmeter-5.5/bin/user.properties
2024-01-16 09:16:31,146 INFO o.a.j.JMeter: Loading system properties from: /opt/yaman/jmeter/apache-jmeter-5.5/bin/system.properties
2024-01-16 09:16:31,165 INFO o.a.j.JMeter: Copyright (c) 1998-2022 The Apache Software Foundation
2024-01-16 09:16:31,165 INFO o.a.j.JMeter: Version 5.5
2024-01-16 09:16:31,165 INFO o.a.j.JMeter: java.version=11.0.18
2024-01-16 09:16:31,165 INFO o.a.j.JMeter: java.vm.name=OpenJDK 64-Bit Server VM
2024-01-16 09:16:31,165 INFO o.a.j.JMeter: os.name=Linux
2024-01-16 09:16:31,165 INFO o.a.j.JMeter: os.arch=amd64
2024-01-16 09:16:31,166 INFO o.a.j.JMeter: os.version=5.15.133.1-microsoft-standard-WSL2
2024-01-16 09:16:31,166 INFO o.a.j.JMeter: file.encoding=ANSI_X3.4-1968
2024-01-16 09:16:31,166 INFO o.a.j.JMeter: java.awt.headless=true
2024-01-16 09:16:31,166 INFO o.a.j.JMeter: Max memory     =536870912
2024-01-16 09:16:31,166 INFO o.a.j.JMeter: Available Processors =8
2024-01-16 09:16:31,188 INFO o.a.j.JMeter: Default Locale=English (EN)
2024-01-16 09:16:31,189 INFO o.a.j.JMeter: JMeter  Locale=English (EN)
2024-01-16 09:16:31,189 INFO o.a.j.JMeter: JMeterHome=/opt/yaman/jmeter/apache-jmeter-5.5
2024-01-16 09:16:31,189 INFO o.a.j.JMeter: user.dir  =/opt/yaman/teste
2024-01-16 09:16:31,189 INFO o.a.j.JMeter: PWD       =/opt/yaman/teste
2024-01-16 09:16:31,189 INFO o.a.j.JMeter: IP: 172.20.0.4 Name: 9bb5f4f334f8 FullName: 9bb5f4f334f8
2024-01-16 09:16:31,205 INFO o.a.j.s.FileServer: Default base='/opt/yaman/teste'
2024-01-16 09:16:31,206 INFO o.a.j.s.FileServer: Set new base='/opt/yaman/scripts'
2024-01-16 09:16:31,459 INFO o.a.j.s.SaveService: Testplan (JMX) version: 2.2. Testlog (JTL) version: 2.2
2024-01-16 09:16:31,499 INFO o.a.j.s.SaveService: Using SaveService properties version 5.0
2024-01-16 09:16:31,503 INFO o.a.j.s.SaveService: Using SaveService properties file encoding UTF-8
2024-01-16 09:16:31,506 INFO o.a.j.s.SaveService: Loading file: /opt/yaman/scripts/google2.jmx
2024-01-16 09:16:31,564 INFO o.a.j.s.SampleResult: Note: Sample TimeStamps are START times
2024-01-16 09:16:31,564 INFO o.a.j.s.SampleResult: sampleresult.default.encoding is set to ISO-8859-1
2024-01-16 09:16:31,564 INFO o.a.j.s.SampleResult: sampleresult.useNanoTime=true
2024-01-16 09:16:31,564 INFO o.a.j.s.SampleResult: sampleresult.nanoThreadSleep=5000
2024-01-16 09:16:31,593 INFO o.a.j.p.h.s.HTTPSamplerBase: Parser for text/html is org.apache.jmeter.protocol.http.parser.LagartoBasedHtmlParser
2024-01-16 09:16:31,593 INFO o.a.j.p.h.s.HTTPSamplerBase: Parser for application/xhtml+xml is org.apache.jmeter.protocol.http.parser.LagartoBasedHtmlParser
2024-01-16 09:16:31,593 INFO o.a.j.p.h.s.HTTPSamplerBase: Parser for application/xml is org.apache.jmeter.protocol.http.parser.LagartoBasedHtmlParser
2024-01-16 09:16:31,593 INFO o.a.j.p.h.s.HTTPSamplerBase: Parser for text/xml is org.apache.jmeter.protocol.http.parser.LagartoBasedHtmlParser
2024-01-16 09:16:31,593 INFO o.a.j.p.h.s.HTTPSamplerBase: Parser for text/vnd.wap.wml is org.apache.jmeter.protocol.http.parser.RegexpHTMLParser
2024-01-16 09:16:31,593 INFO o.a.j.p.h.s.HTTPSamplerBase: Parser for text/css is org.apache.jmeter.protocol.http.parser.CssParser
2024-01-16 09:16:31,615 INFO o.a.j.JMeter: Creating summariser <summary>
2024-01-16 09:16:31,637 INFO o.a.j.e.StandardJMeterEngine: Running the test!
2024-01-16 09:16:31,639 INFO o.a.j.s.SampleEvent: List of sample_variables: []
2024-01-16 09:16:31,639 INFO o.a.j.s.SampleEvent: List of sample_variables: []
2024-01-16 09:16:31,681 INFO o.a.j.e.u.CompoundVariable: Note: Function class names must contain the string: '.functions.'
2024-01-16 09:16:31,681 INFO o.a.j.e.u.CompoundVariable: Note: Function class names must not contain the string: '.gui.'
2024-01-16 09:16:32,130 INFO o.a.j.v.b.BackendListener: Backend Listener: Starting worker with class: class org.apache.jmeter.visualizers.backend.influxdb.InfluxdbBackendListenerClient and queue capacity: 5000
2024-01-16 09:16:32,132 INFO o.a.j.v.b.BackendListener: Backend Listener: Started  worker with class: class org.apache.jmeter.visualizers.backend.influxdb.InfluxdbBackendListenerClient
2024-01-16 09:16:32,566 INFO o.a.j.JMeter: Running test (1705407392566)
2024-01-16 09:16:32,570 INFO o.a.j.e.StandardJMeterEngine: Starting ThreadGroup: 1 : Thread Group
2024-01-16 09:16:32,570 INFO o.a.j.e.StandardJMeterEngine: Starting 3 threads for group Thread Group.
2024-01-16 09:16:32,570 INFO o.a.j.e.StandardJMeterEngine: Thread will continue on error
2024-01-16 09:16:32,570 INFO o.a.j.t.ThreadGroup: Starting thread group... number=1 threads=3 ramp-up=10 delayedStart=false
2024-01-16 09:16:32,583 INFO o.a.j.t.ThreadGroup: Started thread group number 1
2024-01-16 09:16:32,584 INFO o.a.j.e.StandardJMeterEngine: All thread groups have been started
2024-01-16 09:16:32,596 INFO o.a.j.t.JMeterThread: Thread started: Thread Group 1-1
2024-01-16 09:16:35,917 INFO o.a.j.t.JMeterThread: Thread started: Thread Group 1-2
2024-01-16 09:16:37,623 INFO o.a.j.p.h.s.HTTPHCAbstractImpl: Local host = 9bb5f4f334f8
2024-01-16 09:16:37,627 INFO o.a.j.p.h.s.HTTPHC4Impl: HTTP request retry count = 0
2024-01-16 09:16:37,691 INFO o.a.j.p.h.s.h.LazyLayeredConnectionSocketFactory: Setting up HTTPS TrustAll Socket Factory
2024-01-16 09:16:37,699 INFO o.a.j.u.JsseSSLManager: Using default SSL protocol: TLS
2024-01-16 09:16:37,699 INFO o.a.j.u.JsseSSLManager: SSL session context: per-thread
2024-01-16 09:16:37,711 INFO o.a.j.u.SSLManager: JmeterKeyStore Location:  type JKS
2024-01-16 09:16:37,712 INFO o.a.j.u.SSLManager: KeyStore created OK
2024-01-16 09:16:37,712 WARN o.a.j.u.SSLManager: Keystore file not found, loading empty keystore
2024-01-16 09:16:39,249 INFO o.a.j.t.JMeterThread: Thread started: Thread Group 1-3
2024-01-16 09:17:00,056 INFO o.a.j.r.Summariser: summary +     12 in 00:00:27 =    0.4/s Avg:   334 Min:   101 Max:  1505 Err:     2 (16.67%) Active: 3 Started: 3 Finished: 0
2024-01-16 09:17:31,073 INFO o.a.j.r.Summariser: summary +     18 in 00:00:31 =    0.6/s Avg:   187 Min:    46 Max:   341 Err:     4 (22.22%) Active: 3 Started: 3 Finished: 0
2024-01-16 09:17:31,073 INFO o.a.j.r.Summariser: summary =     30 in 00:00:59 =    0.5/s Avg:   246 Min:    46 Max:  1505 Err:     6 (20.00%)
2024-01-16 09:18:01,917 INFO o.a.j.r.Summariser: summary +     18 in 00:00:31 =    0.6/s Avg:   107 Min:    49 Max:   274 Err:     0 (0.00%) Active: 3 Started: 3 Finished: 0
2024-01-16 09:18:01,917 INFO o.a.j.r.Summariser: summary =     48 in 00:01:29 =    0.5/s Avg:   194 Min:    46 Max:  1505 Err:     6 (12.50%)
2024-01-16 09:18:33,171 INFO o.a.j.r.Summariser: summary +     18 in 00:00:31 =    0.6/s Avg:   214 Min:    44 Max:   383 Err:     5 (27.78%) Active: 3 Started: 3 Finished: 0
2024-01-16 09:18:33,172 INFO o.a.j.r.Summariser: summary =     66 in 00:02:01 =    0.5/s Avg:   199 Min:    44 Max:  1505 Err:    11 (16.67%)
2024-01-16 09:19:00,795 INFO o.a.j.r.Summariser: summary +     17 in 00:00:28 =    0.6/s Avg:   163 Min:    45 Max:   331 Err:     4 (23.53%) Active: 3 Started: 3 Finished: 0
2024-01-16 09:19:00,795 INFO o.a.j.r.Summariser: summary =     83 in 00:02:28 =    0.6/s Avg:   192 Min:    44 Max:  1505 Err:    15 (18.07%)
2024-01-16 09:19:30,448 INFO o.a.j.r.Summariser: summary +     17 in 00:00:30 =    0.6/s Avg:   153 Min:    46 Max:   397 Err:     2 (11.76%) Active: 3 Started: 3 Finished: 0
2024-01-16 09:19:30,448 INFO o.a.j.r.Summariser: summary =    100 in 00:02:58 =    0.6/s Avg:   185 Min:    44 Max:  1505 Err:    17 (17.00%)
2024-01-16 09:20:00,791 INFO o.a.j.r.Summariser: summary +     17 in 00:00:30 =    0.6/s Avg:   201 Min:    51 Max:   543 Err:     3 (17.65%) Active: 3 Started: 3 Finished: 0
2024-01-16 09:20:00,791 INFO o.a.j.r.Summariser: summary =    117 in 00:03:28 =    0.6/s Avg:   187 Min:    44 Max:  1505 Err:    20 (17.09%)
2024-01-16 09:20:32,090 INFO o.a.j.r.Summariser: summary +     18 in 00:00:31 =    0.6/s Avg:   163 Min:    42 Max:   330 Err:     3 (16.67%) Active: 3 Started: 3 Finished: 0
2024-01-16 09:20:32,091 INFO o.a.j.r.Summariser: summary =    135 in 00:04:00 =    0.6/s Avg:   184 Min:    42 Max:  1505 Err:    23 (17.04%)
2024-01-16 09:21:02,833 INFO o.a.j.r.Summariser: summary +     18 in 00:00:31 =    0.6/s Avg:   164 Min:    35 Max:   401 Err:     3 (16.67%) Active: 3 Started: 3 Finished: 0
2024-01-16 09:21:02,833 INFO o.a.j.r.Summariser: summary =    153 in 00:04:30 =    0.6/s Avg:   182 Min:    35 Max:  1505 Err:    26 (16.99%)
2024-01-16 09:21:31,054 INFO o.a.j.r.Summariser: summary +     17 in 00:00:28 =    0.6/s Avg:   165 Min:    43 Max:   347 Err:     2 (11.76%) Active: 3 Started: 3 Finished: 0
2024-01-16 09:21:31,055 INFO o.a.j.r.Summariser: summary =    170 in 00:04:58 =    0.6/s Avg:   180 Min:    35 Max:  1505 Err:    28 (16.47%)
2024-01-16 09:22:01,899 INFO o.a.j.r.Summariser: summary +     18 in 00:00:31 =    0.6/s Avg:   147 Min:    47 Max:   324 Err:     2 (11.11%) Active: 3 Started: 3 Finished: 0
2024-01-16 09:22:01,899 INFO o.a.j.r.Summariser: summary =    188 in 00:05:29 =    0.6/s Avg:   177 Min:    35 Max:  1505 Err:    30 (15.96%)
2024-01-16 09:22:30,514 INFO o.a.j.r.Summariser: summary +     16 in 00:00:29 =    0.6/s Avg:   185 Min:    46 Max:   451 Err:     4 (25.00%) Active: 3 Started: 3 Finished: 0
2024-01-16 09:22:30,514 INFO o.a.j.r.Summariser: summary =    204 in 00:05:58 =    0.6/s Avg:   177 Min:    35 Max:  1505 Err:    34 (16.67%)
2024-01-16 09:23:01,914 INFO o.a.j.r.Summariser: summary +     18 in 00:00:31 =    0.6/s Avg:   180 Min:    51 Max:   333 Err:     4 (22.22%) Active: 3 Started: 3 Finished: 0
2024-01-16 09:23:01,915 INFO o.a.j.r.Summariser: summary =    222 in 00:06:29 =    0.6/s Avg:   178 Min:    35 Max:  1505 Err:    38 (17.12%)
2024-01-16 09:23:32,624 INFO o.a.j.r.Summariser: summary +     18 in 00:00:31 =    0.6/s Avg:   157 Min:    43 Max:   409 Err:     2 (11.11%) Active: 3 Started: 3 Finished: 0
2024-01-16 09:23:32,625 INFO o.a.j.r.Summariser: summary =    240 in 00:07:00 =    0.6/s Avg:   176 Min:    35 Max:  1505 Err:    40 (16.67%)
2024-01-16 09:24:00,695 INFO o.a.j.r.Summariser: summary +     17 in 00:00:28 =    0.6/s Avg:   166 Min:    42 Max:   332 Err:     3 (17.65%) Active: 3 Started: 3 Finished: 0
2024-01-16 09:24:00,695 INFO o.a.j.r.Summariser: summary =    257 in 00:07:28 =    0.6/s Avg:   175 Min:    35 Max:  1505 Err:    43 (16.73%)
2024-01-16 09:24:30,013 INFO o.a.j.r.Summariser: summary +     17 in 00:00:29 =    0.6/s Avg:   172 Min:    44 Max:   379 Err:     3 (17.65%) Active: 3 Started: 3 Finished: 0
2024-01-16 09:24:30,013 INFO o.a.j.r.Summariser: summary =    274 in 00:07:57 =    0.6/s Avg:   175 Min:    35 Max:  1505 Err:    46 (16.79%)
2024-01-16 09:25:00,564 INFO o.a.j.r.Summariser: summary +     17 in 00:00:31 =    0.6/s Avg:   178 Min:    48 Max:   470 Err:     2 (11.76%) Active: 3 Started: 3 Finished: 0
2024-01-16 09:25:00,564 INFO o.a.j.r.Summariser: summary =    291 in 00:08:28 =    0.6/s Avg:   175 Min:    35 Max:  1505 Err:    48 (16.49%)
2024-01-16 09:25:31,690 INFO o.a.j.r.Summariser: summary +     18 in 00:00:31 =    0.6/s Avg:   170 Min:    46 Max:   321 Err:     4 (22.22%) Active: 3 Started: 3 Finished: 0
2024-01-16 09:25:31,690 INFO o.a.j.r.Summariser: summary =    309 in 00:08:59 =    0.6/s Avg:   175 Min:    35 Max:  1505 Err:    52 (16.83%)
2024-01-16 09:26:02,656 INFO o.a.j.r.Summariser: summary +     18 in 00:00:31 =    0.6/s Avg:   167 Min:    45 Max:   387 Err:     2 (11.11%) Active: 3 Started: 3 Finished: 0
2024-01-16 09:26:02,656 INFO o.a.j.r.Summariser: summary =    327 in 00:09:30 =    0.6/s Avg:   175 Min:    35 Max:  1505 Err:    54 (16.51%)
2024-01-16 09:26:30,590 INFO o.a.j.r.Summariser: summary +     17 in 00:00:28 =    0.6/s Avg:   170 Min:    42 Max:   317 Err:     3 (17.65%) Active: 3 Started: 3 Finished: 0
2024-01-16 09:26:30,591 INFO o.a.j.r.Summariser: summary =    344 in 00:09:58 =    0.6/s Avg:   174 Min:    35 Max:  1505 Err:    57 (16.57%)
2024-01-16 09:26:54,291 INFO o.a.j.t.JMeterThread: Thread is done: Thread Group 1-1
2024-01-16 09:26:54,292 INFO o.a.j.t.JMeterThread: Thread finished: Thread Group 1-1
2024-01-16 09:26:56,330 INFO o.a.j.t.JMeterThread: Thread is done: Thread Group 1-2
2024-01-16 09:26:56,330 INFO o.a.j.t.JMeterThread: Thread finished: Thread Group 1-2
2024-01-16 09:27:00,213 INFO o.a.j.r.Summariser: summary +     16 in 00:00:30 =    0.5/s Avg:   147 Min:    39 Max:   326 Err:     3 (18.75%) Active: 1 Started: 3 Finished: 2
2024-01-16 09:27:00,214 INFO o.a.j.r.Summariser: summary =    360 in 00:10:28 =    0.6/s Avg:   173 Min:    35 Max:  1505 Err:    60 (16.67%)
2024-01-16 09:27:00,214 INFO o.a.j.t.JMeterThread: Thread is done: Thread Group 1-3
2024-01-16 09:27:00,214 INFO o.a.j.t.JMeterThread: Thread finished: Thread Group 1-3
2024-01-16 09:27:00,215 INFO o.a.j.e.StandardJMeterEngine: Notifying test listeners of end of test
2024-01-16 09:27:00,216 INFO o.a.j.v.b.BackendListener: Worker ended
2024-01-16 09:27:00,220 INFO o.a.j.v.b.i.InfluxdbBackendListenerClient: Sending last metrics to InfluxDB
2024-01-16 09:27:00,222 INFO o.a.j.v.b.i.HttpMetricsSender: Destroying 
2024-01-16 09:27:00,233 INFO o.a.j.r.Summariser: summary =    360 in 00:10:28 =    0.6/s Avg:   173 Min:    35 Max:  1505 Err:    60 (16.67%)
