2024-01-11 11:01:11,072 INFO o.a.j.u.JMeterUtils: Setting Locale to en_EN
2024-01-11 11:01:11,100 INFO o.a.j.JMeter: Loading user properties from: /opt/yaman/jmeter/apache-jmeter-5.5/bin/user.properties
2024-01-11 11:01:11,100 INFO o.a.j.JMeter: Loading system properties from: /opt/yaman/jmeter/apache-jmeter-5.5/bin/system.properties
2024-01-11 11:01:11,108 INFO o.a.j.JMeter: Copyright (c) 1998-2022 The Apache Software Foundation
2024-01-11 11:01:11,109 INFO o.a.j.JMeter: Version 5.5
2024-01-11 11:01:11,109 INFO o.a.j.JMeter: java.version=11.0.18
2024-01-11 11:01:11,109 INFO o.a.j.JMeter: java.vm.name=OpenJDK 64-Bit Server VM
2024-01-11 11:01:11,109 INFO o.a.j.JMeter: os.name=Linux
2024-01-11 11:01:11,109 INFO o.a.j.JMeter: os.arch=amd64
2024-01-11 11:01:11,109 INFO o.a.j.JMeter: os.version=5.15.133.1-microsoft-standard-WSL2
2024-01-11 11:01:11,109 INFO o.a.j.JMeter: file.encoding=ANSI_X3.4-1968
2024-01-11 11:01:11,109 INFO o.a.j.JMeter: java.awt.headless=true
2024-01-11 11:01:11,109 INFO o.a.j.JMeter: Max memory     =536870912
2024-01-11 11:01:11,110 INFO o.a.j.JMeter: Available Processors =8
2024-01-11 11:01:11,119 INFO o.a.j.JMeter: Default Locale=English (EN)
2024-01-11 11:01:11,119 INFO o.a.j.JMeter: JMeter  Locale=English (EN)
2024-01-11 11:01:11,119 INFO o.a.j.JMeter: JMeterHome=/opt/yaman/jmeter/apache-jmeter-5.5
2024-01-11 11:01:11,119 INFO o.a.j.JMeter: user.dir  =/opt/yaman/teste
2024-01-11 11:01:11,120 INFO o.a.j.JMeter: PWD       =/opt/yaman/teste
2024-01-11 11:01:11,120 INFO o.a.j.JMeter: IP: 172.20.0.2 Name: 677a12905d3b FullName: 677a12905d3b
2024-01-11 11:01:11,136 INFO o.a.j.s.FileServer: Default base='/opt/yaman/teste'
2024-01-11 11:01:11,137 INFO o.a.j.s.FileServer: Set new base='/opt/yaman/scripts'
2024-01-11 11:01:11,325 INFO o.a.j.s.SaveService: Testplan (JMX) version: 2.2. Testlog (JTL) version: 2.2
2024-01-11 11:01:11,346 INFO o.a.j.s.SaveService: Using SaveService properties version 5.0
2024-01-11 11:01:11,350 INFO o.a.j.s.SaveService: Using SaveService properties file encoding UTF-8
2024-01-11 11:01:11,354 INFO o.a.j.s.SaveService: Loading file: /opt/yaman/scripts/googleJmeter.jmx
2024-01-11 11:01:11,397 INFO o.a.j.s.SampleResult: Note: Sample TimeStamps are START times
2024-01-11 11:01:11,398 INFO o.a.j.s.SampleResult: sampleresult.default.encoding is set to ISO-8859-1
2024-01-11 11:01:11,398 INFO o.a.j.s.SampleResult: sampleresult.useNanoTime=true
2024-01-11 11:01:11,398 INFO o.a.j.s.SampleResult: sampleresult.nanoThreadSleep=5000
2024-01-11 11:01:11,421 INFO o.a.j.p.h.s.HTTPSamplerBase: Parser for text/html is org.apache.jmeter.protocol.http.parser.LagartoBasedHtmlParser
2024-01-11 11:01:11,421 INFO o.a.j.p.h.s.HTTPSamplerBase: Parser for application/xhtml+xml is org.apache.jmeter.protocol.http.parser.LagartoBasedHtmlParser
2024-01-11 11:01:11,421 INFO o.a.j.p.h.s.HTTPSamplerBase: Parser for application/xml is org.apache.jmeter.protocol.http.parser.LagartoBasedHtmlParser
2024-01-11 11:01:11,421 INFO o.a.j.p.h.s.HTTPSamplerBase: Parser for text/xml is org.apache.jmeter.protocol.http.parser.LagartoBasedHtmlParser
2024-01-11 11:01:11,422 INFO o.a.j.p.h.s.HTTPSamplerBase: Parser for text/vnd.wap.wml is org.apache.jmeter.protocol.http.parser.RegexpHTMLParser
2024-01-11 11:01:11,422 INFO o.a.j.p.h.s.HTTPSamplerBase: Parser for text/css is org.apache.jmeter.protocol.http.parser.CssParser
2024-01-11 11:01:11,437 INFO o.a.j.JMeter: Creating summariser <summary>
2024-01-11 11:01:11,454 INFO o.a.j.e.StandardJMeterEngine: Running the test!
2024-01-11 11:01:11,456 INFO o.a.j.s.SampleEvent: List of sample_variables: []
2024-01-11 11:01:11,456 INFO o.a.j.s.SampleEvent: List of sample_variables: []
2024-01-11 11:01:11,483 INFO o.a.j.e.u.CompoundVariable: Note: Function class names must contain the string: '.functions.'
2024-01-11 11:01:11,483 INFO o.a.j.e.u.CompoundVariable: Note: Function class names must not contain the string: '.gui.'
2024-01-11 11:01:11,842 INFO o.a.j.v.b.BackendListener: Backend Listener: Starting worker with class: class org.apache.jmeter.visualizers.backend.influxdb.InfluxdbBackendListenerClient and queue capacity: 5000
2024-01-11 11:01:11,843 INFO o.a.j.v.b.BackendListener: Backend Listener: Started  worker with class: class org.apache.jmeter.visualizers.backend.influxdb.InfluxdbBackendListenerClient
2024-01-11 11:01:12,091 INFO o.a.j.JMeter: Running test (1704981672091)
2024-01-11 11:01:12,095 INFO o.a.j.e.StandardJMeterEngine: Starting ThreadGroup: 1 : Thread Group
2024-01-11 11:01:12,095 INFO o.a.j.e.StandardJMeterEngine: Starting 3 threads for group Thread Group.
2024-01-11 11:01:12,095 INFO o.a.j.e.StandardJMeterEngine: Thread will continue on error
2024-01-11 11:01:12,095 INFO o.a.j.t.ThreadGroup: Starting thread group... number=1 threads=3 ramp-up=10 delayedStart=false
2024-01-11 11:01:12,107 INFO o.a.j.t.ThreadGroup: Started thread group number 1
2024-01-11 11:01:12,107 INFO o.a.j.e.StandardJMeterEngine: All thread groups have been started
2024-01-11 11:01:12,119 INFO o.a.j.t.JMeterThread: Thread started: Thread Group 1-1
2024-01-11 11:01:15,443 INFO o.a.j.t.JMeterThread: Thread started: Thread Group 1-2
2024-01-11 11:01:17,140 INFO o.a.j.p.h.s.HTTPHCAbstractImpl: Local host = 677a12905d3b
2024-01-11 11:01:17,143 INFO o.a.j.p.h.s.HTTPHC4Impl: HTTP request retry count = 0
2024-01-11 11:01:17,221 INFO o.a.j.p.h.s.h.LazyLayeredConnectionSocketFactory: Setting up HTTPS TrustAll Socket Factory
2024-01-11 11:01:17,226 INFO o.a.j.u.JsseSSLManager: Using default SSL protocol: TLS
2024-01-11 11:01:17,226 INFO o.a.j.u.JsseSSLManager: SSL session context: per-thread
2024-01-11 11:01:17,235 INFO o.a.j.u.SSLManager: JmeterKeyStore Location:  type JKS
2024-01-11 11:01:17,236 INFO o.a.j.u.SSLManager: KeyStore created OK
2024-01-11 11:01:17,237 WARN o.a.j.u.SSLManager: Keystore file not found, loading empty keystore
2024-01-11 11:01:18,775 INFO o.a.j.t.JMeterThread: Thread started: Thread Group 1-3
2024-01-11 11:01:31,313 INFO o.a.j.r.Summariser: summary +      8 in 00:00:19 =    0.4/s Avg:   239 Min:   107 Max:   487 Err:     1 (12.50%) Active: 3 Started: 3 Finished: 0
2024-01-11 11:02:00,278 INFO o.a.j.r.Summariser: summary +     16 in 00:00:29 =    0.6/s Avg:   317 Min:    43 Max:  1270 Err:     4 (25.00%) Active: 3 Started: 3 Finished: 0
2024-01-11 11:02:00,279 INFO o.a.j.r.Summariser: summary =     24 in 00:00:48 =    0.5/s Avg:   291 Min:    43 Max:  1270 Err:     5 (20.83%)
2024-01-11 11:02:31,383 INFO o.a.j.r.Summariser: summary +     18 in 00:00:31 =    0.6/s Avg:   136 Min:    44 Max:   364 Err:     3 (16.67%) Active: 3 Started: 3 Finished: 0
2024-01-11 11:02:31,384 INFO o.a.j.r.Summariser: summary =     42 in 00:01:19 =    0.5/s Avg:   225 Min:    43 Max:  1270 Err:     8 (19.05%)
2024-01-11 11:03:00,203 INFO o.a.j.r.Summariser: summary +     17 in 00:00:29 =    0.6/s Avg:   209 Min:    45 Max:   425 Err:     1 (5.88%) Active: 3 Started: 3 Finished: 0
2024-01-11 11:03:00,203 INFO o.a.j.r.Summariser: summary =     59 in 00:01:48 =    0.5/s Avg:   220 Min:    43 Max:  1270 Err:     9 (15.25%)
2024-01-11 11:03:31,497 INFO o.a.j.r.Summariser: summary +     18 in 00:00:31 =    0.6/s Avg:   191 Min:    43 Max:   362 Err:     3 (16.67%) Active: 3 Started: 3 Finished: 0
2024-01-11 11:03:31,498 INFO o.a.j.r.Summariser: summary =     77 in 00:02:19 =    0.6/s Avg:   213 Min:    43 Max:  1270 Err:    12 (15.58%)
2024-01-11 11:04:00,056 INFO o.a.j.r.Summariser: summary +     16 in 00:00:29 =    0.6/s Avg:   326 Min:    40 Max:  1219 Err:     5 (31.25%) Active: 3 Started: 3 Finished: 0
2024-01-11 11:04:00,056 INFO o.a.j.r.Summariser: summary =     93 in 00:02:48 =    0.6/s Avg:   233 Min:    40 Max:  1270 Err:    17 (18.28%)
2024-01-11 11:04:30,891 INFO o.a.j.r.Summariser: summary +     18 in 00:00:31 =    0.6/s Avg:   163 Min:    41 Max:   330 Err:     1 (5.56%) Active: 3 Started: 3 Finished: 0
2024-01-11 11:04:30,891 INFO o.a.j.r.Summariser: summary =    111 in 00:03:19 =    0.6/s Avg:   221 Min:    40 Max:  1270 Err:    18 (16.22%)
2024-01-11 11:05:01,985 INFO o.a.j.r.Summariser: summary +     18 in 00:00:31 =    0.6/s Avg:   168 Min:    42 Max:   339 Err:     3 (16.67%) Active: 3 Started: 3 Finished: 0
2024-01-11 11:05:01,986 INFO o.a.j.r.Summariser: summary =    129 in 00:03:50 =    0.6/s Avg:   214 Min:    40 Max:  1270 Err:    21 (16.28%)
2024-01-11 11:05:30,298 INFO o.a.j.r.Summariser: summary +     17 in 00:00:28 =    0.6/s Avg:   176 Min:    40 Max:   406 Err:     5 (29.41%) Active: 3 Started: 3 Finished: 0
2024-01-11 11:05:30,298 INFO o.a.j.r.Summariser: summary =    146 in 00:04:18 =    0.6/s Avg:   209 Min:    40 Max:  1270 Err:    26 (17.81%)
2024-01-11 11:06:00,825 INFO o.a.j.r.Summariser: summary +     16 in 00:00:31 =    0.5/s Avg:   389 Min:    54 Max:  1417 Err:     1 (6.25%) Active: 3 Started: 3 Finished: 0
2024-01-11 11:06:00,825 INFO o.a.j.r.Summariser: summary =    162 in 00:04:49 =    0.6/s Avg:   227 Min:    40 Max:  1417 Err:    27 (16.67%)
2024-01-11 11:06:31,753 INFO o.a.j.r.Summariser: summary +     18 in 00:00:31 =    0.6/s Avg:   155 Min:    39 Max:   345 Err:     3 (16.67%) Active: 3 Started: 3 Finished: 0
2024-01-11 11:06:31,754 INFO o.a.j.r.Summariser: summary =    180 in 00:05:20 =    0.6/s Avg:   220 Min:    39 Max:  1417 Err:    30 (16.67%)
2024-01-11 11:07:01,690 INFO o.a.j.r.Summariser: summary +     17 in 00:00:30 =    0.6/s Avg:   374 Min:    39 Max:  3451 Err:     3 (17.65%) Active: 3 Started: 3 Finished: 0
2024-01-11 11:07:01,691 INFO o.a.j.r.Summariser: summary =    197 in 00:05:50 =    0.6/s Avg:   233 Min:    39 Max:  3451 Err:    33 (16.75%)
2024-01-11 11:07:33,148 INFO o.a.j.r.Summariser: summary +     18 in 00:00:31 =    0.6/s Avg:   233 Min:    42 Max:   552 Err:     3 (16.67%) Active: 3 Started: 3 Finished: 0
2024-01-11 11:07:33,148 INFO o.a.j.r.Summariser: summary =    215 in 00:06:21 =    0.6/s Avg:   233 Min:    39 Max:  3451 Err:    36 (16.74%)
2024-01-11 11:08:01,046 INFO o.a.j.r.Summariser: summary +     16 in 00:00:28 =    0.6/s Avg:   236 Min:    42 Max:   700 Err:     3 (18.75%) Active: 3 Started: 3 Finished: 0
2024-01-11 11:08:01,047 INFO o.a.j.r.Summariser: summary =    231 in 00:06:49 =    0.6/s Avg:   233 Min:    39 Max:  3451 Err:    39 (16.88%)
2024-01-11 11:08:30,162 INFO o.a.j.r.Summariser: summary +     17 in 00:00:29 =    0.6/s Avg:   233 Min:    63 Max:   617 Err:     3 (17.65%) Active: 3 Started: 3 Finished: 0
2024-01-11 11:08:30,163 INFO o.a.j.r.Summariser: summary =    248 in 00:07:18 =    0.6/s Avg:   233 Min:    39 Max:  3451 Err:    42 (16.94%)
2024-01-11 11:09:01,555 INFO o.a.j.r.Summariser: summary +     18 in 00:00:31 =    0.6/s Avg:   166 Min:    37 Max:   395 Err:     3 (16.67%) Active: 3 Started: 3 Finished: 0
2024-01-11 11:09:01,556 INFO o.a.j.r.Summariser: summary =    266 in 00:07:49 =    0.6/s Avg:   229 Min:    37 Max:  3451 Err:    45 (16.92%)
2024-01-11 11:09:30,648 INFO o.a.j.r.Summariser: summary +     17 in 00:00:29 =    0.6/s Avg:   253 Min:    45 Max:  1179 Err:     0 (0.00%) Active: 3 Started: 3 Finished: 0
2024-01-11 11:09:30,648 INFO o.a.j.r.Summariser: summary =    283 in 00:08:19 =    0.6/s Avg:   230 Min:    37 Max:  3451 Err:    45 (15.90%)
2024-01-11 11:10:00,788 INFO o.a.j.r.Summariser: summary +     17 in 00:00:30 =    0.6/s Avg:   207 Min:    41 Max:   541 Err:     6 (35.29%) Active: 3 Started: 3 Finished: 0
2024-01-11 11:10:00,789 INFO o.a.j.r.Summariser: summary =    300 in 00:08:49 =    0.6/s Avg:   229 Min:    37 Max:  3451 Err:    51 (17.00%)
2024-01-11 11:10:30,645 INFO o.a.j.r.Summariser: summary +     17 in 00:00:30 =    0.6/s Avg:   268 Min:    43 Max:  1323 Err:     2 (11.76%) Active: 3 Started: 3 Finished: 0
2024-01-11 11:10:30,645 INFO o.a.j.r.Summariser: summary =    317 in 00:09:19 =    0.6/s Avg:   231 Min:    37 Max:  3451 Err:    53 (16.72%)
2024-01-11 11:11:01,890 INFO o.a.j.r.Summariser: summary +     18 in 00:00:31 =    0.6/s Avg:   184 Min:    44 Max:   542 Err:     4 (22.22%) Active: 3 Started: 3 Finished: 0
2024-01-11 11:11:01,890 INFO o.a.j.r.Summariser: summary =    335 in 00:09:50 =    0.6/s Avg:   229 Min:    37 Max:  3451 Err:    57 (17.01%)
2024-01-11 11:11:33,197 INFO o.a.j.r.Summariser: summary +     18 in 00:00:31 =    0.6/s Avg:   180 Min:    43 Max:   393 Err:     2 (11.11%) Active: 3 Started: 3 Finished: 0
2024-01-11 11:11:33,198 INFO o.a.j.r.Summariser: summary =    353 in 00:10:21 =    0.6/s Avg:   226 Min:    37 Max:  3451 Err:    59 (16.71%)
2024-01-11 11:11:40,121 INFO o.a.j.t.JMeterThread: Thread is done: Thread Group 1-1
2024-01-11 11:11:40,121 INFO o.a.j.t.JMeterThread: Thread finished: Thread Group 1-1
2024-01-11 11:11:43,510 INFO o.a.j.t.JMeterThread: Thread is done: Thread Group 1-2
2024-01-11 11:11:43,510 INFO o.a.j.t.JMeterThread: Thread finished: Thread Group 1-2
2024-01-11 11:11:44,357 INFO o.a.j.t.JMeterThread: Thread is done: Thread Group 1-3
2024-01-11 11:11:44,357 INFO o.a.j.t.JMeterThread: Thread finished: Thread Group 1-3
2024-01-11 11:11:44,359 INFO o.a.j.e.StandardJMeterEngine: Notifying test listeners of end of test
2024-01-11 11:11:44,360 INFO o.a.j.v.b.BackendListener: Worker ended
2024-01-11 11:11:44,362 INFO o.a.j.v.b.i.InfluxdbBackendListenerClient: Sending last metrics to InfluxDB
2024-01-11 11:11:44,363 INFO o.a.j.v.b.i.HttpMetricsSender: Destroying 
2024-01-11 11:11:44,375 INFO o.a.j.r.Summariser: summary +      7 in 00:00:11 =    0.6/s Avg:   172 Min:    43 Max:   347 Err:     1 (14.29%) Active: 0 Started: 3 Finished: 3
2024-01-11 11:11:44,376 INFO o.a.j.r.Summariser: summary =    360 in 00:10:32 =    0.6/s Avg:   225 Min:    37 Max:  3451 Err:    60 (16.67%)
