2024-01-11 14:57:20,301 INFO o.a.j.u.JMeterUtils: Setting Locale to en_EN
2024-01-11 14:57:20,343 INFO o.a.j.JMeter: Loading user properties from: /opt/yaman/jmeter/apache-jmeter-5.5/bin/user.properties
2024-01-11 14:57:20,343 INFO o.a.j.JMeter: Loading system properties from: /opt/yaman/jmeter/apache-jmeter-5.5/bin/system.properties
2024-01-11 14:57:20,351 INFO o.a.j.JMeter: Copyright (c) 1998-2022 The Apache Software Foundation
2024-01-11 14:57:20,351 INFO o.a.j.JMeter: Version 5.5
2024-01-11 14:57:20,351 INFO o.a.j.JMeter: java.version=11.0.18
2024-01-11 14:57:20,351 INFO o.a.j.JMeter: java.vm.name=OpenJDK 64-Bit Server VM
2024-01-11 14:57:20,351 INFO o.a.j.JMeter: os.name=Linux
2024-01-11 14:57:20,351 INFO o.a.j.JMeter: os.arch=amd64
2024-01-11 14:57:20,351 INFO o.a.j.JMeter: os.version=5.15.133.1-microsoft-standard-WSL2
2024-01-11 14:57:20,351 INFO o.a.j.JMeter: file.encoding=ANSI_X3.4-1968
2024-01-11 14:57:20,351 INFO o.a.j.JMeter: java.awt.headless=true
2024-01-11 14:57:20,352 INFO o.a.j.JMeter: Max memory     =536870912
2024-01-11 14:57:20,352 INFO o.a.j.JMeter: Available Processors =8
2024-01-11 14:57:20,361 INFO o.a.j.JMeter: Default Locale=English (EN)
2024-01-11 14:57:20,361 INFO o.a.j.JMeter: JMeter  Locale=English (EN)
2024-01-11 14:57:20,362 INFO o.a.j.JMeter: JMeterHome=/opt/yaman/jmeter/apache-jmeter-5.5
2024-01-11 14:57:20,362 INFO o.a.j.JMeter: user.dir  =/opt/yaman/teste
2024-01-11 14:57:20,362 INFO o.a.j.JMeter: PWD       =/opt/yaman/teste
2024-01-11 14:57:20,362 INFO o.a.j.JMeter: IP: 172.20.0.4 Name: a6c4696c05bc FullName: a6c4696c05bc
2024-01-11 14:57:20,377 INFO o.a.j.s.FileServer: Default base='/opt/yaman/teste'
2024-01-11 14:57:20,378 INFO o.a.j.s.FileServer: Set new base='/opt/yaman/scripts'
2024-01-11 14:57:20,587 INFO o.a.j.s.SaveService: Testplan (JMX) version: 2.2. Testlog (JTL) version: 2.2
2024-01-11 14:57:20,609 INFO o.a.j.s.SaveService: Using SaveService properties version 5.0
2024-01-11 14:57:20,613 INFO o.a.j.s.SaveService: Using SaveService properties file encoding UTF-8
2024-01-11 14:57:20,616 INFO o.a.j.s.SaveService: Loading file: /opt/yaman/scripts/googleJmeter.jmx
2024-01-11 14:57:20,664 INFO o.a.j.s.SampleResult: Note: Sample TimeStamps are START times
2024-01-11 14:57:20,664 INFO o.a.j.s.SampleResult: sampleresult.default.encoding is set to ISO-8859-1
2024-01-11 14:57:20,664 INFO o.a.j.s.SampleResult: sampleresult.useNanoTime=true
2024-01-11 14:57:20,664 INFO o.a.j.s.SampleResult: sampleresult.nanoThreadSleep=5000
2024-01-11 14:57:20,688 INFO o.a.j.p.h.s.HTTPSamplerBase: Parser for text/html is org.apache.jmeter.protocol.http.parser.LagartoBasedHtmlParser
2024-01-11 14:57:20,688 INFO o.a.j.p.h.s.HTTPSamplerBase: Parser for application/xhtml+xml is org.apache.jmeter.protocol.http.parser.LagartoBasedHtmlParser
2024-01-11 14:57:20,688 INFO o.a.j.p.h.s.HTTPSamplerBase: Parser for application/xml is org.apache.jmeter.protocol.http.parser.LagartoBasedHtmlParser
2024-01-11 14:57:20,688 INFO o.a.j.p.h.s.HTTPSamplerBase: Parser for text/xml is org.apache.jmeter.protocol.http.parser.LagartoBasedHtmlParser
2024-01-11 14:57:20,689 INFO o.a.j.p.h.s.HTTPSamplerBase: Parser for text/vnd.wap.wml is org.apache.jmeter.protocol.http.parser.RegexpHTMLParser
2024-01-11 14:57:20,689 INFO o.a.j.p.h.s.HTTPSamplerBase: Parser for text/css is org.apache.jmeter.protocol.http.parser.CssParser
2024-01-11 14:57:20,705 INFO o.a.j.JMeter: Creating summariser <summary>
2024-01-11 14:57:20,721 INFO o.a.j.e.StandardJMeterEngine: Running the test!
2024-01-11 14:57:20,722 INFO o.a.j.s.SampleEvent: List of sample_variables: []
2024-01-11 14:57:20,722 INFO o.a.j.s.SampleEvent: List of sample_variables: []
2024-01-11 14:57:20,746 INFO o.a.j.e.u.CompoundVariable: Note: Function class names must contain the string: '.functions.'
2024-01-11 14:57:20,746 INFO o.a.j.e.u.CompoundVariable: Note: Function class names must not contain the string: '.gui.'
2024-01-11 14:57:21,112 INFO o.a.j.v.b.BackendListener: Backend Listener: Starting worker with class: class org.apache.jmeter.visualizers.backend.influxdb.InfluxdbBackendListenerClient and queue capacity: 5000
2024-01-11 14:57:21,113 INFO o.a.j.v.b.BackendListener: Backend Listener: Started  worker with class: class org.apache.jmeter.visualizers.backend.influxdb.InfluxdbBackendListenerClient
2024-01-11 14:57:21,358 INFO o.a.j.JMeter: Running test (1704995841358)
2024-01-11 14:57:21,364 INFO o.a.j.e.StandardJMeterEngine: Starting ThreadGroup: 1 : Thread Group
2024-01-11 14:57:21,364 INFO o.a.j.e.StandardJMeterEngine: Starting 3 threads for group Thread Group.
2024-01-11 14:57:21,364 INFO o.a.j.e.StandardJMeterEngine: Thread will continue on error
2024-01-11 14:57:21,364 INFO o.a.j.t.ThreadGroup: Starting thread group... number=1 threads=3 ramp-up=10 delayedStart=false
2024-01-11 14:57:21,375 INFO o.a.j.t.ThreadGroup: Started thread group number 1
2024-01-11 14:57:21,376 INFO o.a.j.e.StandardJMeterEngine: All thread groups have been started
2024-01-11 14:57:21,385 INFO o.a.j.t.JMeterThread: Thread started: Thread Group 1-1
2024-01-11 14:57:24,709 INFO o.a.j.t.JMeterThread: Thread started: Thread Group 1-2
2024-01-11 14:57:26,409 INFO o.a.j.p.h.s.HTTPHCAbstractImpl: Local host = a6c4696c05bc
2024-01-11 14:57:26,418 INFO o.a.j.p.h.s.HTTPHC4Impl: HTTP request retry count = 0
2024-01-11 14:57:26,521 INFO o.a.j.p.h.s.h.LazyLayeredConnectionSocketFactory: Setting up HTTPS TrustAll Socket Factory
2024-01-11 14:57:26,527 INFO o.a.j.u.JsseSSLManager: Using default SSL protocol: TLS
2024-01-11 14:57:26,527 INFO o.a.j.u.JsseSSLManager: SSL session context: per-thread
2024-01-11 14:57:26,536 INFO o.a.j.u.SSLManager: JmeterKeyStore Location:  type JKS
2024-01-11 14:57:26,537 INFO o.a.j.u.SSLManager: KeyStore created OK
2024-01-11 14:57:26,537 WARN o.a.j.u.SSLManager: Keystore file not found, loading empty keystore
2024-01-11 14:57:28,041 INFO o.a.j.t.JMeterThread: Thread started: Thread Group 1-3
2024-01-11 14:57:32,355 INFO o.a.j.r.Summariser: summary +      3 in 00:00:11 =    0.3/s Avg:   381 Min:   260 Max:   470 Err:     1 (33.33%) Active: 3 Started: 3 Finished: 0
2024-01-11 14:58:00,015 INFO o.a.j.r.Summariser: summary +     16 in 00:00:28 =    0.6/s Avg:   312 Min:    61 Max:  1311 Err:     2 (12.50%) Active: 3 Started: 3 Finished: 0
2024-01-11 14:58:00,016 INFO o.a.j.r.Summariser: summary =     19 in 00:00:39 =    0.5/s Avg:   323 Min:    61 Max:  1311 Err:     3 (15.79%)
2024-01-11 14:58:30,031 INFO o.a.j.r.Summariser: summary +     17 in 00:00:30 =    0.6/s Avg:   143 Min:    39 Max:   435 Err:     3 (17.65%) Active: 3 Started: 3 Finished: 0
2024-01-11 14:58:30,032 INFO o.a.j.r.Summariser: summary =     36 in 00:01:09 =    0.5/s Avg:   238 Min:    39 Max:  1311 Err:     6 (16.67%)
2024-01-11 14:59:01,345 INFO o.a.j.r.Summariser: summary +     18 in 00:00:31 =    0.6/s Avg:   184 Min:    42 Max:   581 Err:     2 (11.11%) Active: 3 Started: 3 Finished: 0
2024-01-11 14:59:01,346 INFO o.a.j.r.Summariser: summary =     54 in 00:01:40 =    0.5/s Avg:   220 Min:    39 Max:  1311 Err:     8 (14.81%)
2024-01-11 14:59:32,525 INFO o.a.j.r.Summariser: summary +     18 in 00:00:31 =    0.6/s Avg:   195 Min:    50 Max:   388 Err:     4 (22.22%) Active: 3 Started: 3 Finished: 0
2024-01-11 14:59:32,526 INFO o.a.j.r.Summariser: summary =     72 in 00:02:11 =    0.5/s Avg:   214 Min:    39 Max:  1311 Err:    12 (16.67%)
2024-01-11 15:00:00,315 INFO o.a.j.r.Summariser: summary +     17 in 00:00:28 =    0.6/s Avg:   158 Min:    39 Max:   408 Err:     3 (17.65%) Active: 3 Started: 3 Finished: 0
2024-01-11 15:00:00,315 INFO o.a.j.r.Summariser: summary =     89 in 00:02:39 =    0.6/s Avg:   203 Min:    39 Max:  1311 Err:    15 (16.85%)
2024-01-11 15:00:30,080 INFO o.a.j.r.Summariser: summary +     17 in 00:00:30 =    0.6/s Avg:   181 Min:    41 Max:   407 Err:     3 (17.65%) Active: 3 Started: 3 Finished: 0
2024-01-11 15:00:30,081 INFO o.a.j.r.Summariser: summary =    106 in 00:03:09 =    0.6/s Avg:   199 Min:    39 Max:  1311 Err:    18 (16.98%)
2024-01-11 15:01:00,264 INFO o.a.j.r.Summariser: summary +     17 in 00:00:30 =    0.6/s Avg:   178 Min:    58 Max:   326 Err:     2 (11.76%) Active: 3 Started: 3 Finished: 0
2024-01-11 15:01:00,265 INFO o.a.j.r.Summariser: summary =    123 in 00:03:39 =    0.6/s Avg:   197 Min:    39 Max:  1311 Err:    20 (16.26%)
2024-01-11 15:01:31,526 INFO o.a.j.r.Summariser: summary +     18 in 00:00:31 =    0.6/s Avg:   221 Min:    40 Max:   623 Err:     4 (22.22%) Active: 3 Started: 3 Finished: 0
2024-01-11 15:01:31,526 INFO o.a.j.r.Summariser: summary =    141 in 00:04:10 =    0.6/s Avg:   200 Min:    39 Max:  1311 Err:    24 (17.02%)
2024-01-11 15:02:02,230 INFO o.a.j.r.Summariser: summary +     18 in 00:00:31 =    0.6/s Avg:   188 Min:    45 Max:   482 Err:     3 (16.67%) Active: 3 Started: 3 Finished: 0
2024-01-11 15:02:02,231 INFO o.a.j.r.Summariser: summary =    159 in 00:04:41 =    0.6/s Avg:   198 Min:    39 Max:  1311 Err:    27 (16.98%)
2024-01-11 15:02:30,235 INFO o.a.j.r.Summariser: summary +     16 in 00:00:28 =    0.6/s Avg:   149 Min:    40 Max:   330 Err:     2 (12.50%) Active: 3 Started: 3 Finished: 0
2024-01-11 15:02:30,236 INFO o.a.j.r.Summariser: summary =    175 in 00:05:09 =    0.6/s Avg:   194 Min:    39 Max:  1311 Err:    29 (16.57%)
2024-01-11 15:03:01,025 INFO o.a.j.r.Summariser: summary +     18 in 00:00:31 =    0.6/s Avg:   193 Min:    40 Max:   585 Err:     4 (22.22%) Active: 3 Started: 3 Finished: 0
2024-01-11 15:03:01,026 INFO o.a.j.r.Summariser: summary =    193 in 00:05:40 =    0.6/s Avg:   194 Min:    39 Max:  1311 Err:    33 (17.10%)
2024-01-11 15:03:31,939 INFO o.a.j.r.Summariser: summary +     18 in 00:00:31 =    0.6/s Avg:   137 Min:    40 Max:   282 Err:     0 (0.00%) Active: 3 Started: 3 Finished: 0
2024-01-11 15:03:31,939 INFO o.a.j.r.Summariser: summary =    211 in 00:06:11 =    0.6/s Avg:   189 Min:    39 Max:  1311 Err:    33 (15.64%)
2024-01-11 15:04:01,765 INFO o.a.j.r.Summariser: summary +     17 in 00:00:30 =    0.6/s Avg:   227 Min:    59 Max:   727 Err:     5 (29.41%) Active: 3 Started: 3 Finished: 0
2024-01-11 15:04:01,766 INFO o.a.j.r.Summariser: summary =    228 in 00:06:40 =    0.6/s Avg:   192 Min:    39 Max:  1311 Err:    38 (16.67%)
2024-01-11 15:04:33,689 INFO o.a.j.r.Summariser: summary +     18 in 00:00:32 =    0.6/s Avg:   225 Min:    41 Max:   584 Err:     3 (16.67%) Active: 3 Started: 3 Finished: 0
2024-01-11 15:04:33,689 INFO o.a.j.r.Summariser: summary =    246 in 00:07:12 =    0.6/s Avg:   194 Min:    39 Max:  1311 Err:    41 (16.67%)
2024-01-11 15:05:02,403 INFO o.a.j.r.Summariser: summary +     16 in 00:00:29 =    0.6/s Avg:   421 Min:    44 Max:  2376 Err:     4 (25.00%) Active: 3 Started: 3 Finished: 0
2024-01-11 15:05:02,403 INFO o.a.j.r.Summariser: summary =    262 in 00:07:41 =    0.6/s Avg:   208 Min:    39 Max:  2376 Err:    45 (17.18%)
2024-01-11 15:05:30,265 INFO o.a.j.r.Summariser: summary +     17 in 00:00:28 =    0.6/s Avg:   147 Min:    39 Max:   410 Err:     1 (5.88%) Active: 3 Started: 3 Finished: 0
2024-01-11 15:05:30,266 INFO o.a.j.r.Summariser: summary =    279 in 00:08:09 =    0.6/s Avg:   204 Min:    39 Max:  2376 Err:    46 (16.49%)
2024-01-11 15:06:00,068 INFO o.a.j.r.Summariser: summary +     17 in 00:00:30 =    0.6/s Avg:   230 Min:    42 Max:  1005 Err:     2 (11.76%) Active: 3 Started: 3 Finished: 0
2024-01-11 15:06:00,069 INFO o.a.j.r.Summariser: summary =    296 in 00:08:39 =    0.6/s Avg:   206 Min:    39 Max:  2376 Err:    48 (16.22%)
2024-01-11 15:06:30,406 INFO o.a.j.r.Summariser: summary +     17 in 00:00:30 =    0.6/s Avg:   236 Min:    54 Max:  1169 Err:     3 (17.65%) Active: 3 Started: 3 Finished: 0
2024-01-11 15:06:30,406 INFO o.a.j.r.Summariser: summary =    313 in 00:09:09 =    0.6/s Avg:   207 Min:    39 Max:  2376 Err:    51 (16.29%)
2024-01-11 15:07:01,445 INFO o.a.j.r.Summariser: summary +     18 in 00:00:31 =    0.6/s Avg:   205 Min:    37 Max:   454 Err:     4 (22.22%) Active: 3 Started: 3 Finished: 0
2024-01-11 15:07:01,446 INFO o.a.j.r.Summariser: summary =    331 in 00:09:40 =    0.6/s Avg:   207 Min:    37 Max:  2376 Err:    55 (16.62%)
2024-01-11 15:07:30,594 INFO o.a.j.r.Summariser: summary +     17 in 00:00:29 =    0.6/s Avg:   169 Min:    47 Max:   336 Err:     3 (17.65%) Active: 3 Started: 3 Finished: 0
2024-01-11 15:07:30,594 INFO o.a.j.r.Summariser: summary =    348 in 00:10:09 =    0.6/s Avg:   205 Min:    37 Max:  2376 Err:    58 (16.67%)
2024-01-11 15:07:45,948 INFO o.a.j.t.JMeterThread: Thread is done: Thread Group 1-1
2024-01-11 15:07:45,948 INFO o.a.j.t.JMeterThread: Thread finished: Thread Group 1-1
2024-01-11 15:07:49,207 INFO o.a.j.t.JMeterThread: Thread is done: Thread Group 1-2
2024-01-11 15:07:49,207 INFO o.a.j.t.JMeterThread: Thread finished: Thread Group 1-2
2024-01-11 15:07:53,344 INFO o.a.j.t.JMeterThread: Thread is done: Thread Group 1-3
2024-01-11 15:07:53,344 INFO o.a.j.t.JMeterThread: Thread finished: Thread Group 1-3
2024-01-11 15:07:53,346 INFO o.a.j.e.StandardJMeterEngine: Notifying test listeners of end of test
2024-01-11 15:07:53,347 INFO o.a.j.v.b.BackendListener: Worker ended
2024-01-11 15:07:53,349 INFO o.a.j.v.b.i.InfluxdbBackendListenerClient: Sending last metrics to InfluxDB
2024-01-11 15:07:53,350 INFO o.a.j.v.b.i.HttpMetricsSender: Destroying 
2024-01-11 15:07:53,363 INFO o.a.j.r.Summariser: summary +     12 in 00:00:23 =    0.5/s Avg:   185 Min:    48 Max:   334 Err:     2 (16.67%) Active: 0 Started: 3 Finished: 3
2024-01-11 15:07:53,363 INFO o.a.j.r.Summariser: summary =    360 in 00:10:32 =    0.6/s Avg:   205 Min:    37 Max:  2376 Err:    60 (16.67%)
