2024-02-02 16:11:04,520 INFO o.a.j.u.JMeterUtils: Setting Locale to en_EN
2024-02-02 16:11:04,566 INFO o.a.j.JMeter: Loading user properties from: /opt/yaman/jmeter/apache-jmeter-5.5/bin/user.properties
2024-02-02 16:11:04,567 INFO o.a.j.JMeter: Loading system properties from: /opt/yaman/jmeter/apache-jmeter-5.5/bin/system.properties
2024-02-02 16:11:04,576 INFO o.a.j.JMeter: Copyright (c) 1998-2022 The Apache Software Foundation
2024-02-02 16:11:04,577 INFO o.a.j.JMeter: Version 5.5
2024-02-02 16:11:04,577 INFO o.a.j.JMeter: java.version=11.0.18
2024-02-02 16:11:04,577 INFO o.a.j.JMeter: java.vm.name=OpenJDK 64-Bit Server VM
2024-02-02 16:11:04,577 INFO o.a.j.JMeter: os.name=Linux
2024-02-02 16:11:04,577 INFO o.a.j.JMeter: os.arch=amd64
2024-02-02 16:11:04,577 INFO o.a.j.JMeter: os.version=5.15.133.1-microsoft-standard-WSL2
2024-02-02 16:11:04,577 INFO o.a.j.JMeter: file.encoding=ANSI_X3.4-1968
2024-02-02 16:11:04,577 INFO o.a.j.JMeter: java.awt.headless=true
2024-02-02 16:11:04,577 INFO o.a.j.JMeter: Max memory     =536870912
2024-02-02 16:11:04,578 INFO o.a.j.JMeter: Available Processors =8
2024-02-02 16:11:04,594 INFO o.a.j.JMeter: Default Locale=English (EN)
2024-02-02 16:11:04,595 INFO o.a.j.JMeter: JMeter  Locale=English (EN)
2024-02-02 16:11:04,595 INFO o.a.j.JMeter: JMeterHome=/opt/yaman/jmeter/apache-jmeter-5.5
2024-02-02 16:11:04,595 INFO o.a.j.JMeter: user.dir  =/opt/yaman/teste
2024-02-02 16:11:04,596 INFO o.a.j.JMeter: PWD       =/opt/yaman/teste
2024-02-02 16:11:04,597 INFO o.a.j.JMeter: IP: 172.18.0.4 Name: cc82d8797f45 FullName: cc82d8797f45
2024-02-02 16:11:04,608 INFO o.a.j.s.FileServer: Default base='/opt/yaman/teste'
2024-02-02 16:11:04,610 INFO o.a.j.s.FileServer: Set new base='/opt/yaman/scripts'
2024-02-02 16:11:04,845 INFO o.a.j.s.SaveService: Testplan (JMX) version: 2.2. Testlog (JTL) version: 2.2
2024-02-02 16:11:04,873 INFO o.a.j.s.SaveService: Using SaveService properties version 5.0
2024-02-02 16:11:04,878 INFO o.a.j.s.SaveService: Using SaveService properties file encoding UTF-8
2024-02-02 16:11:04,884 INFO o.a.j.s.SaveService: Loading file: /opt/yaman/scripts/google.jmx
2024-02-02 16:11:04,927 INFO o.a.j.p.h.c.CookieManager: Settings: Delete null: true Check: true Allow variable: true Save: false Prefix: COOKIE_
2024-02-02 16:11:04,933 INFO o.a.j.p.h.c.CacheManager: Will only cache the following methods: [GET]
2024-02-02 16:11:04,937 INFO o.a.j.s.SampleResult: Note: Sample TimeStamps are START times
2024-02-02 16:11:04,937 INFO o.a.j.s.SampleResult: sampleresult.default.encoding is set to ISO-8859-1
2024-02-02 16:11:04,937 INFO o.a.j.s.SampleResult: sampleresult.useNanoTime=true
2024-02-02 16:11:04,937 INFO o.a.j.s.SampleResult: sampleresult.nanoThreadSleep=5000
2024-02-02 16:11:04,965 INFO o.a.j.p.h.s.HTTPSamplerBase: Parser for text/html is org.apache.jmeter.protocol.http.parser.LagartoBasedHtmlParser
2024-02-02 16:11:04,966 INFO o.a.j.p.h.s.HTTPSamplerBase: Parser for application/xhtml+xml is org.apache.jmeter.protocol.http.parser.LagartoBasedHtmlParser
2024-02-02 16:11:04,966 INFO o.a.j.p.h.s.HTTPSamplerBase: Parser for application/xml is org.apache.jmeter.protocol.http.parser.LagartoBasedHtmlParser
2024-02-02 16:11:04,966 INFO o.a.j.p.h.s.HTTPSamplerBase: Parser for text/xml is org.apache.jmeter.protocol.http.parser.LagartoBasedHtmlParser
2024-02-02 16:11:04,966 INFO o.a.j.p.h.s.HTTPSamplerBase: Parser for text/vnd.wap.wml is org.apache.jmeter.protocol.http.parser.RegexpHTMLParser
2024-02-02 16:11:04,966 INFO o.a.j.p.h.s.HTTPSamplerBase: Parser for text/css is org.apache.jmeter.protocol.http.parser.CssParser
2024-02-02 16:11:04,994 INFO o.a.j.JMeter: Creating summariser <summary>
2024-02-02 16:11:05,017 INFO o.a.j.e.StandardJMeterEngine: Running the test!
2024-02-02 16:11:05,019 INFO o.a.j.s.SampleEvent: List of sample_variables: []
2024-02-02 16:11:05,019 INFO o.a.j.s.SampleEvent: List of sample_variables: []
2024-02-02 16:11:05,049 INFO o.a.j.e.u.CompoundVariable: Note: Function class names must contain the string: '.functions.'
2024-02-02 16:11:05,049 INFO o.a.j.e.u.CompoundVariable: Note: Function class names must not contain the string: '.gui.'
2024-02-02 16:11:05,532 INFO o.a.j.v.b.BackendListener: Backend Listener: Starting worker with class: class org.apache.jmeter.visualizers.backend.influxdb.InfluxdbBackendListenerClient and queue capacity: 5000
2024-02-02 16:11:05,535 INFO o.a.j.v.b.BackendListener: Backend Listener: Started  worker with class: class org.apache.jmeter.visualizers.backend.influxdb.InfluxdbBackendListenerClient
2024-02-02 16:11:05,799 INFO o.a.j.JMeter: Running test (1706901065799)
2024-02-02 16:11:05,802 INFO o.a.j.e.StandardJMeterEngine: Starting ThreadGroup: 1 : Thread Group
2024-02-02 16:11:05,802 INFO o.a.j.e.StandardJMeterEngine: Starting 2 threads for group Thread Group.
2024-02-02 16:11:05,802 INFO o.a.j.e.StandardJMeterEngine: Thread will continue on error
2024-02-02 16:11:05,803 INFO o.a.j.t.ThreadGroup: Starting thread group... number=1 threads=2 ramp-up=30 delayedStart=false
2024-02-02 16:11:05,812 INFO o.a.j.t.ThreadGroup: Started thread group number 1
2024-02-02 16:11:05,812 INFO o.a.j.e.StandardJMeterEngine: All thread groups have been started
2024-02-02 16:11:05,825 INFO o.a.j.t.JMeterThread: Thread started: Thread Group 1-1
2024-02-02 16:11:05,848 INFO o.a.j.p.h.s.HTTPHCAbstractImpl: Local host = cc82d8797f45
2024-02-02 16:11:05,855 INFO o.a.j.p.h.s.HTTPHC4Impl: HTTP request retry count = 0
2024-02-02 16:11:05,932 INFO o.a.j.p.h.s.h.LazyLayeredConnectionSocketFactory: Setting up HTTPS TrustAll Socket Factory
2024-02-02 16:11:05,939 INFO o.a.j.u.JsseSSLManager: Using default SSL protocol: TLS
2024-02-02 16:11:05,939 INFO o.a.j.u.JsseSSLManager: SSL session context: per-thread
2024-02-02 16:11:05,949 INFO o.a.j.u.SSLManager: JmeterKeyStore Location:  type JKS
2024-02-02 16:11:05,951 INFO o.a.j.u.SSLManager: KeyStore created OK
2024-02-02 16:11:05,951 WARN o.a.j.u.SSLManager: Keystore file not found, loading empty keystore
2024-02-02 16:11:20,817 INFO o.a.j.t.JMeterThread: Thread started: Thread Group 1-2
2024-02-02 16:11:31,990 INFO o.a.j.r.Summariser: summary +     26 in 00:00:26 =    1.0/s Avg:   520 Min:    71 Max:  2200 Err:     2 (7.69%) Active: 2 Started: 2 Finished: 0
2024-02-02 16:12:03,160 INFO o.a.j.r.Summariser: summary +     54 in 00:00:31 =    1.7/s Avg:   459 Min:    51 Max:  2177 Err:     6 (11.11%) Active: 2 Started: 2 Finished: 0
2024-02-02 16:12:03,160 INFO o.a.j.r.Summariser: summary =     80 in 00:00:57 =    1.4/s Avg:   479 Min:    51 Max:  2200 Err:     8 (10.00%)
2024-02-02 16:12:35,276 INFO o.a.j.r.Summariser: summary +     45 in 00:00:32 =    1.4/s Avg:   554 Min:    55 Max:  2167 Err:     5 (11.11%) Active: 2 Started: 2 Finished: 0
2024-02-02 16:12:35,276 INFO o.a.j.r.Summariser: summary =    125 in 00:01:29 =    1.4/s Avg:   506 Min:    51 Max:  2200 Err:    13 (10.40%)
2024-02-02 16:13:00,170 INFO o.a.j.r.Summariser: summary +     40 in 00:00:25 =    1.6/s Avg:   438 Min:    48 Max:  2187 Err:     4 (10.00%) Active: 2 Started: 2 Finished: 0
2024-02-02 16:13:00,171 INFO o.a.j.r.Summariser: summary =    165 in 00:01:54 =    1.4/s Avg:   489 Min:    48 Max:  2200 Err:    17 (10.30%)
2024-02-02 16:13:30,726 INFO o.a.j.r.Summariser: summary +     46 in 00:00:31 =    1.5/s Avg:   514 Min:    50 Max:  2183 Err:     5 (10.87%) Active: 2 Started: 2 Finished: 0
2024-02-02 16:13:30,727 INFO o.a.j.r.Summariser: summary =    211 in 00:02:25 =    1.5/s Avg:   495 Min:    48 Max:  2200 Err:    22 (10.43%)
2024-02-02 16:14:02,714 INFO o.a.j.r.Summariser: summary +     40 in 00:00:32 =    1.3/s Avg:   492 Min:    54 Max:  2185 Err:     5 (12.50%) Active: 2 Started: 2 Finished: 0
2024-02-02 16:14:02,715 INFO o.a.j.r.Summariser: summary =    251 in 00:02:57 =    1.4/s Avg:   494 Min:    48 Max:  2200 Err:    27 (10.76%)
2024-02-02 16:15:00,468 INFO o.a.j.r.Summariser: summary +     97 in 00:00:58 =    1.7/s Avg:   459 Min:    47 Max:  2224 Err:    10 (10.31%) Active: 2 Started: 2 Finished: 0
2024-02-02 16:15:00,469 INFO o.a.j.r.Summariser: summary =    348 in 00:03:55 =    1.5/s Avg:   484 Min:    47 Max:  2224 Err:    37 (10.63%)
2024-02-02 16:15:30,126 INFO o.a.j.r.Summariser: summary +     44 in 00:00:30 =    1.5/s Avg:   428 Min:    48 Max:  2177 Err:     5 (11.36%) Active: 2 Started: 2 Finished: 0
2024-02-02 16:15:30,126 INFO o.a.j.r.Summariser: summary =    392 in 00:04:24 =    1.5/s Avg:   478 Min:    47 Max:  2224 Err:    42 (10.71%)
2024-02-02 16:16:03,569 INFO o.a.j.r.Summariser: summary +     48 in 00:00:33 =    1.4/s Avg:   528 Min:    45 Max:  2191 Err:     6 (12.50%) Active: 2 Started: 2 Finished: 0
2024-02-02 16:16:03,569 INFO o.a.j.r.Summariser: summary =    440 in 00:04:58 =    1.5/s Avg:   484 Min:    45 Max:  2224 Err:    48 (10.91%)
2024-02-02 16:16:32,157 INFO o.a.j.r.Summariser: summary +     45 in 00:00:29 =    1.6/s Avg:   440 Min:    47 Max:  2191 Err:     5 (11.11%) Active: 2 Started: 2 Finished: 0
2024-02-02 16:16:32,158 INFO o.a.j.r.Summariser: summary =    485 in 00:05:26 =    1.5/s Avg:   479 Min:    45 Max:  2224 Err:    53 (10.93%)
2024-02-02 16:17:01,637 INFO o.a.j.r.Summariser: summary +     45 in 00:00:29 =    1.5/s Avg:   488 Min:    46 Max:  2179 Err:     5 (11.11%) Active: 2 Started: 2 Finished: 0
2024-02-02 16:17:01,638 INFO o.a.j.r.Summariser: summary =    530 in 00:05:56 =    1.5/s Avg:   480 Min:    45 Max:  2224 Err:    58 (10.94%)
2024-02-02 16:17:34,641 INFO o.a.j.r.Summariser: summary +     54 in 00:00:33 =    1.6/s Avg:   461 Min:    45 Max:  2178 Err:     6 (11.11%) Active: 2 Started: 2 Finished: 0
2024-02-02 16:17:34,642 INFO o.a.j.r.Summariser: summary =    584 in 00:06:29 =    1.5/s Avg:   478 Min:    45 Max:  2224 Err:    64 (10.96%)
2024-02-02 16:18:03,208 INFO o.a.j.r.Summariser: summary +     45 in 00:00:29 =    1.6/s Avg:   475 Min:    46 Max:  2191 Err:     5 (11.11%) Active: 2 Started: 2 Finished: 0
2024-02-02 16:18:03,208 INFO o.a.j.r.Summariser: summary =    629 in 00:06:57 =    1.5/s Avg:   478 Min:    45 Max:  2224 Err:    69 (10.97%)
2024-02-02 16:18:34,672 INFO o.a.j.r.Summariser: summary +     45 in 00:00:31 =    1.4/s Avg:   471 Min:    46 Max:  2189 Err:     5 (11.11%) Active: 2 Started: 2 Finished: 0
2024-02-02 16:18:34,674 INFO o.a.j.r.Summariser: summary =    674 in 00:07:29 =    1.5/s Avg:   478 Min:    45 Max:  2224 Err:    74 (10.98%)
2024-02-02 16:19:02,330 INFO o.a.j.r.Summariser: summary +     45 in 00:00:28 =    1.6/s Avg:   470 Min:    46 Max:  2170 Err:     5 (11.11%) Active: 2 Started: 2 Finished: 0
2024-02-02 16:19:02,331 INFO o.a.j.r.Summariser: summary =    719 in 00:07:57 =    1.5/s Avg:   477 Min:    45 Max:  2224 Err:    79 (10.99%)
2024-02-02 16:19:33,815 INFO o.a.j.r.Summariser: summary +     45 in 00:00:31 =    1.4/s Avg:   503 Min:    44 Max:  2192 Err:     5 (11.11%) Active: 2 Started: 2 Finished: 0
2024-02-02 16:19:33,816 INFO o.a.j.r.Summariser: summary =    764 in 00:08:28 =    1.5/s Avg:   479 Min:    44 Max:  2224 Err:    84 (10.99%)
2024-02-02 16:20:02,150 INFO o.a.j.r.Summariser: summary +     45 in 00:00:28 =    1.6/s Avg:   434 Min:    45 Max:  2186 Err:     5 (11.11%) Active: 2 Started: 2 Finished: 0
2024-02-02 16:20:02,151 INFO o.a.j.r.Summariser: summary =    809 in 00:08:56 =    1.5/s Avg:   476 Min:    44 Max:  2224 Err:    89 (11.00%)
2024-02-02 16:20:32,392 INFO o.a.j.r.Summariser: summary +     45 in 00:00:30 =    1.5/s Avg:   502 Min:    47 Max:  2185 Err:     5 (11.11%) Active: 2 Started: 2 Finished: 0
2024-02-02 16:20:32,392 INFO o.a.j.r.Summariser: summary =    854 in 00:09:27 =    1.5/s Avg:   478 Min:    44 Max:  2224 Err:    94 (11.01%)
2024-02-02 16:20:58,917 INFO o.a.j.t.JMeterThread: Thread finished: Thread Group 1-1
2024-02-02 16:21:04,046 INFO o.a.j.r.Summariser: summary +     45 in 00:00:32 =    1.4/s Avg:   448 Min:    47 Max:  2191 Err:     5 (11.11%) Active: 1 Started: 2 Finished: 1
2024-02-02 16:21:04,047 INFO o.a.j.r.Summariser: summary =    899 in 00:09:58 =    1.5/s Avg:   476 Min:    44 Max:  2224 Err:    99 (11.01%)
2024-02-02 16:21:05,857 INFO o.a.j.t.JMeterThread: Stopping because end time detected by thread: Thread Group 1-2
2024-02-02 16:21:05,858 INFO o.a.j.t.JMeterThread: Thread finished: Thread Group 1-2
2024-02-02 16:21:05,861 INFO o.a.j.e.StandardJMeterEngine: Notifying test listeners of end of test
2024-02-02 16:21:05,862 INFO o.a.j.v.b.BackendListener: Worker ended
2024-02-02 16:21:05,864 INFO o.a.j.v.b.i.InfluxdbBackendListenerClient: Sending last metrics to InfluxDB
2024-02-02 16:21:05,866 INFO o.a.j.v.b.i.HttpMetricsSender: Destroying 
2024-02-02 16:21:05,875 INFO o.a.j.r.Summariser: summary +      8 in 00:00:02 =    4.4/s Avg:   225 Min:    48 Max:   761 Err:     0 (0.00%) Active: 0 Started: 2 Finished: 2
2024-02-02 16:21:05,875 INFO o.a.j.r.Summariser: summary =    907 in 00:10:00 =    1.5/s Avg:   474 Min:    44 Max:  2224 Err:    99 (10.92%)
