2024-01-11 15:57:26,788 INFO o.a.j.u.JMeterUtils: Setting Locale to en_EN
2024-01-11 15:57:26,815 INFO o.a.j.JMeter: Loading user properties from: /opt/yaman/jmeter/apache-jmeter-5.5/bin/user.properties
2024-01-11 15:57:26,816 INFO o.a.j.JMeter: Loading system properties from: /opt/yaman/jmeter/apache-jmeter-5.5/bin/system.properties
2024-01-11 15:57:26,822 INFO o.a.j.JMeter: Copyright (c) 1998-2022 The Apache Software Foundation
2024-01-11 15:57:26,823 INFO o.a.j.JMeter: Version 5.5
2024-01-11 15:57:26,823 INFO o.a.j.JMeter: java.version=11.0.18
2024-01-11 15:57:26,823 INFO o.a.j.JMeter: java.vm.name=OpenJDK 64-Bit Server VM
2024-01-11 15:57:26,823 INFO o.a.j.JMeter: os.name=Linux
2024-01-11 15:57:26,823 INFO o.a.j.JMeter: os.arch=amd64
2024-01-11 15:57:26,823 INFO o.a.j.JMeter: os.version=5.15.133.1-microsoft-standard-WSL2
2024-01-11 15:57:26,823 INFO o.a.j.JMeter: file.encoding=ANSI_X3.4-1968
2024-01-11 15:57:26,823 INFO o.a.j.JMeter: java.awt.headless=true
2024-01-11 15:57:26,823 INFO o.a.j.JMeter: Max memory     =536870912
2024-01-11 15:57:26,823 INFO o.a.j.JMeter: Available Processors =8
2024-01-11 15:57:26,833 INFO o.a.j.JMeter: Default Locale=English (EN)
2024-01-11 15:57:26,834 INFO o.a.j.JMeter: JMeter  Locale=English (EN)
2024-01-11 15:57:26,834 INFO o.a.j.JMeter: JMeterHome=/opt/yaman/jmeter/apache-jmeter-5.5
2024-01-11 15:57:26,834 INFO o.a.j.JMeter: user.dir  =/opt/yaman/teste
2024-01-11 15:57:26,834 INFO o.a.j.JMeter: PWD       =/opt/yaman/teste
2024-01-11 15:57:26,834 INFO o.a.j.JMeter: IP: 172.20.0.4 Name: 98c5486a02ba FullName: 98c5486a02ba
2024-01-11 15:57:26,857 INFO o.a.j.s.FileServer: Default base='/opt/yaman/teste'
2024-01-11 15:57:26,858 INFO o.a.j.s.FileServer: Set new base='/opt/yaman/scripts'
2024-01-11 15:57:27,077 INFO o.a.j.s.SaveService: Testplan (JMX) version: 2.2. Testlog (JTL) version: 2.2
2024-01-11 15:57:27,099 INFO o.a.j.s.SaveService: Using SaveService properties version 5.0
2024-01-11 15:57:27,103 INFO o.a.j.s.SaveService: Using SaveService properties file encoding UTF-8
2024-01-11 15:57:27,106 INFO o.a.j.s.SaveService: Loading file: /opt/yaman/scripts/googleJmeter.jmx
2024-01-11 15:57:27,162 INFO o.a.j.s.SampleResult: Note: Sample TimeStamps are START times
2024-01-11 15:57:27,162 INFO o.a.j.s.SampleResult: sampleresult.default.encoding is set to ISO-8859-1
2024-01-11 15:57:27,162 INFO o.a.j.s.SampleResult: sampleresult.useNanoTime=true
2024-01-11 15:57:27,162 INFO o.a.j.s.SampleResult: sampleresult.nanoThreadSleep=5000
2024-01-11 15:57:27,189 INFO o.a.j.p.h.s.HTTPSamplerBase: Parser for text/html is org.apache.jmeter.protocol.http.parser.LagartoBasedHtmlParser
2024-01-11 15:57:27,189 INFO o.a.j.p.h.s.HTTPSamplerBase: Parser for application/xhtml+xml is org.apache.jmeter.protocol.http.parser.LagartoBasedHtmlParser
2024-01-11 15:57:27,190 INFO o.a.j.p.h.s.HTTPSamplerBase: Parser for application/xml is org.apache.jmeter.protocol.http.parser.LagartoBasedHtmlParser
2024-01-11 15:57:27,190 INFO o.a.j.p.h.s.HTTPSamplerBase: Parser for text/xml is org.apache.jmeter.protocol.http.parser.LagartoBasedHtmlParser
2024-01-11 15:57:27,190 INFO o.a.j.p.h.s.HTTPSamplerBase: Parser for text/vnd.wap.wml is org.apache.jmeter.protocol.http.parser.RegexpHTMLParser
2024-01-11 15:57:27,190 INFO o.a.j.p.h.s.HTTPSamplerBase: Parser for text/css is org.apache.jmeter.protocol.http.parser.CssParser
2024-01-11 15:57:27,206 INFO o.a.j.JMeter: Creating summariser <summary>
2024-01-11 15:57:27,224 INFO o.a.j.e.StandardJMeterEngine: Running the test!
2024-01-11 15:57:27,226 INFO o.a.j.s.SampleEvent: List of sample_variables: []
2024-01-11 15:57:27,226 INFO o.a.j.s.SampleEvent: List of sample_variables: []
2024-01-11 15:57:27,254 INFO o.a.j.e.u.CompoundVariable: Note: Function class names must contain the string: '.functions.'
2024-01-11 15:57:27,254 INFO o.a.j.e.u.CompoundVariable: Note: Function class names must not contain the string: '.gui.'
2024-01-11 15:57:27,643 INFO o.a.j.v.b.BackendListener: Backend Listener: Starting worker with class: class org.apache.jmeter.visualizers.backend.influxdb.InfluxdbBackendListenerClient and queue capacity: 5000
2024-01-11 15:57:27,645 INFO o.a.j.v.b.BackendListener: Backend Listener: Started  worker with class: class org.apache.jmeter.visualizers.backend.influxdb.InfluxdbBackendListenerClient
2024-01-11 15:57:27,919 INFO o.a.j.JMeter: Running test (1704999447919)
2024-01-11 15:57:27,925 INFO o.a.j.e.StandardJMeterEngine: Starting ThreadGroup: 1 : Thread Group
2024-01-11 15:57:27,925 INFO o.a.j.e.StandardJMeterEngine: Starting 3 threads for group Thread Group.
2024-01-11 15:57:27,925 INFO o.a.j.e.StandardJMeterEngine: Thread will continue on error
2024-01-11 15:57:27,925 INFO o.a.j.t.ThreadGroup: Starting thread group... number=1 threads=3 ramp-up=10 delayedStart=false
2024-01-11 15:57:27,939 INFO o.a.j.t.ThreadGroup: Started thread group number 1
2024-01-11 15:57:27,939 INFO o.a.j.e.StandardJMeterEngine: All thread groups have been started
2024-01-11 15:57:27,947 INFO o.a.j.t.JMeterThread: Thread started: Thread Group 1-1
2024-01-11 15:57:31,271 INFO o.a.j.t.JMeterThread: Thread started: Thread Group 1-2
2024-01-11 15:57:32,970 INFO o.a.j.p.h.s.HTTPHCAbstractImpl: Local host = 98c5486a02ba
2024-01-11 15:57:32,989 INFO o.a.j.p.h.s.HTTPHC4Impl: HTTP request retry count = 0
2024-01-11 15:57:33,064 INFO o.a.j.p.h.s.h.LazyLayeredConnectionSocketFactory: Setting up HTTPS TrustAll Socket Factory
2024-01-11 15:57:33,072 INFO o.a.j.u.JsseSSLManager: Using default SSL protocol: TLS
2024-01-11 15:57:33,072 INFO o.a.j.u.JsseSSLManager: SSL session context: per-thread
2024-01-11 15:57:33,083 INFO o.a.j.u.SSLManager: JmeterKeyStore Location:  type JKS
2024-01-11 15:57:33,085 INFO o.a.j.u.SSLManager: KeyStore created OK
2024-01-11 15:57:33,085 WARN o.a.j.u.SSLManager: Keystore file not found, loading empty keystore
2024-01-11 15:57:33,355 INFO o.a.j.r.Summariser: summary +      1 in 00:00:05 =    0.2/s Avg:   322 Min:   322 Max:   322 Err:     0 (0.00%) Active: 2 Started: 2 Finished: 0
2024-01-11 15:57:34,602 INFO o.a.j.t.JMeterThread: Thread started: Thread Group 1-3
2024-01-11 15:58:00,143 INFO o.a.j.r.Summariser: summary +     14 in 00:00:27 =    0.5/s Avg:   359 Min:   110 Max:  1292 Err:     2 (14.29%) Active: 3 Started: 3 Finished: 0
2024-01-11 15:58:00,143 INFO o.a.j.r.Summariser: summary =     15 in 00:00:32 =    0.5/s Avg:   357 Min:   110 Max:  1292 Err:     2 (13.33%)
2024-01-11 15:58:30,960 INFO o.a.j.r.Summariser: summary +     18 in 00:00:31 =    0.6/s Avg:   181 Min:    42 Max:   624 Err:     3 (16.67%) Active: 3 Started: 3 Finished: 0
2024-01-11 15:58:30,961 INFO o.a.j.r.Summariser: summary =     33 in 00:01:03 =    0.5/s Avg:   261 Min:    42 Max:  1292 Err:     5 (15.15%)
2024-01-11 15:59:00,911 INFO o.a.j.r.Summariser: summary +     17 in 00:00:30 =    0.6/s Avg:   168 Min:    47 Max:   340 Err:     3 (17.65%) Active: 3 Started: 3 Finished: 0
2024-01-11 15:59:00,911 INFO o.a.j.r.Summariser: summary =     50 in 00:01:33 =    0.5/s Avg:   229 Min:    42 Max:  1292 Err:     8 (16.00%)
2024-01-11 15:59:32,090 INFO o.a.j.r.Summariser: summary +     18 in 00:00:31 =    0.6/s Avg:   220 Min:    42 Max:   487 Err:     4 (22.22%) Active: 3 Started: 3 Finished: 0
2024-01-11 15:59:32,091 INFO o.a.j.r.Summariser: summary =     68 in 00:02:04 =    0.5/s Avg:   227 Min:    42 Max:  1292 Err:    12 (17.65%)
2024-01-11 16:00:02,990 INFO o.a.j.r.Summariser: summary +     18 in 00:00:31 =    0.6/s Avg:   153 Min:    43 Max:   341 Err:     3 (16.67%) Active: 3 Started: 3 Finished: 0
2024-01-11 16:00:02,991 INFO o.a.j.r.Summariser: summary =     86 in 00:02:35 =    0.6/s Avg:   211 Min:    42 Max:  1292 Err:    15 (17.44%)
2024-01-11 16:00:31,233 INFO o.a.j.r.Summariser: summary +     16 in 00:00:28 =    0.6/s Avg:   260 Min:    45 Max:  1266 Err:     3 (18.75%) Active: 3 Started: 3 Finished: 0
2024-01-11 16:00:31,234 INFO o.a.j.r.Summariser: summary =    102 in 00:03:03 =    0.6/s Avg:   219 Min:    42 Max:  1292 Err:    18 (17.65%)
2024-01-11 16:01:02,013 INFO o.a.j.r.Summariser: summary +     18 in 00:00:31 =    0.6/s Avg:   150 Min:    41 Max:   350 Err:     2 (11.11%) Active: 3 Started: 3 Finished: 0
2024-01-11 16:01:02,013 INFO o.a.j.r.Summariser: summary =    120 in 00:03:34 =    0.6/s Avg:   209 Min:    41 Max:  1292 Err:    20 (16.67%)
2024-01-11 16:01:31,683 INFO o.a.j.r.Summariser: summary +     17 in 00:00:30 =    0.6/s Avg:   203 Min:    45 Max:  1053 Err:     2 (11.76%) Active: 3 Started: 3 Finished: 0
2024-01-11 16:01:31,684 INFO o.a.j.r.Summariser: summary =    137 in 00:04:04 =    0.6/s Avg:   208 Min:    41 Max:  1292 Err:    22 (16.06%)
2024-01-11 16:02:03,012 INFO o.a.j.r.Summariser: summary +     18 in 00:00:31 =    0.6/s Avg:   188 Min:    42 Max:   432 Err:     3 (16.67%) Active: 3 Started: 3 Finished: 0
2024-01-11 16:02:03,013 INFO o.a.j.r.Summariser: summary =    155 in 00:04:35 =    0.6/s Avg:   205 Min:    41 Max:  1292 Err:    25 (16.13%)
2024-01-11 16:02:30,149 INFO o.a.j.r.Summariser: summary +     16 in 00:00:27 =    0.6/s Avg:   176 Min:    43 Max:   351 Err:     3 (18.75%) Active: 3 Started: 3 Finished: 0
2024-01-11 16:02:30,149 INFO o.a.j.r.Summariser: summary =    171 in 00:05:02 =    0.6/s Avg:   203 Min:    41 Max:  1292 Err:    28 (16.37%)
2024-01-11 16:03:01,513 INFO o.a.j.r.Summariser: summary +     18 in 00:00:31 =    0.6/s Avg:   238 Min:    53 Max:   983 Err:     5 (27.78%) Active: 3 Started: 3 Finished: 0
2024-01-11 16:03:01,514 INFO o.a.j.r.Summariser: summary =    189 in 00:05:34 =    0.6/s Avg:   206 Min:    41 Max:  1292 Err:    33 (17.46%)
2024-01-11 16:03:31,988 INFO o.a.j.r.Summariser: summary +     17 in 00:00:30 =    0.6/s Avg:   224 Min:    42 Max:   684 Err:     1 (5.88%) Active: 3 Started: 3 Finished: 0
2024-01-11 16:03:31,989 INFO o.a.j.r.Summariser: summary =    206 in 00:06:04 =    0.6/s Avg:   207 Min:    41 Max:  1292 Err:    34 (16.50%)
2024-01-11 16:04:03,030 INFO o.a.j.r.Summariser: summary +     18 in 00:00:31 =    0.6/s Avg:   178 Min:    41 Max:   346 Err:     3 (16.67%) Active: 3 Started: 3 Finished: 0
2024-01-11 16:04:03,030 INFO o.a.j.r.Summariser: summary =    224 in 00:06:35 =    0.6/s Avg:   205 Min:    41 Max:  1292 Err:    37 (16.52%)
2024-01-11 16:04:34,219 INFO o.a.j.r.Summariser: summary +     18 in 00:00:31 =    0.6/s Avg:   198 Min:    45 Max:   608 Err:     3 (16.67%) Active: 3 Started: 3 Finished: 0
2024-01-11 16:04:34,220 INFO o.a.j.r.Summariser: summary =    242 in 00:07:06 =    0.6/s Avg:   205 Min:    41 Max:  1292 Err:    40 (16.53%)
2024-01-11 16:05:00,161 INFO o.a.j.r.Summariser: summary +     15 in 00:00:26 =    0.6/s Avg:   169 Min:    42 Max:   407 Err:     2 (13.33%) Active: 3 Started: 3 Finished: 0
2024-01-11 16:05:00,162 INFO o.a.j.r.Summariser: summary =    257 in 00:07:32 =    0.6/s Avg:   203 Min:    41 Max:  1292 Err:    42 (16.34%)
2024-01-11 16:05:32,056 INFO o.a.j.r.Summariser: summary +     18 in 00:00:32 =    0.6/s Avg:   279 Min:    42 Max:  1102 Err:     5 (27.78%) Active: 3 Started: 3 Finished: 0
2024-01-11 16:05:32,056 INFO o.a.j.r.Summariser: summary =    275 in 00:08:04 =    0.6/s Avg:   208 Min:    41 Max:  1292 Err:    47 (17.09%)
2024-01-11 16:06:03,247 INFO o.a.j.r.Summariser: summary +     18 in 00:00:31 =    0.6/s Avg:   164 Min:    46 Max:   458 Err:     2 (11.11%) Active: 3 Started: 3 Finished: 0
2024-01-11 16:06:03,248 INFO o.a.j.r.Summariser: summary =    293 in 00:08:35 =    0.6/s Avg:   205 Min:    41 Max:  1292 Err:    49 (16.72%)
2024-01-11 16:06:34,234 INFO o.a.j.r.Summariser: summary +     18 in 00:00:31 =    0.6/s Avg:   176 Min:    43 Max:   565 Err:     2 (11.11%) Active: 3 Started: 3 Finished: 0
2024-01-11 16:06:34,235 INFO o.a.j.r.Summariser: summary =    311 in 00:09:06 =    0.6/s Avg:   203 Min:    41 Max:  1292 Err:    51 (16.40%)
2024-01-11 16:07:00,202 INFO o.a.j.r.Summariser: summary +     16 in 00:00:26 =    0.6/s Avg:   173 Min:    40 Max:   337 Err:     3 (18.75%) Active: 3 Started: 3 Finished: 0
2024-01-11 16:07:00,202 INFO o.a.j.r.Summariser: summary =    327 in 00:09:32 =    0.6/s Avg:   202 Min:    40 Max:  1292 Err:    54 (16.51%)
2024-01-11 16:07:31,172 INFO o.a.j.r.Summariser: summary +     17 in 00:00:31 =    0.5/s Avg:   258 Min:    60 Max:   562 Err:     4 (23.53%) Active: 3 Started: 3 Finished: 0
2024-01-11 16:07:31,172 INFO o.a.j.r.Summariser: summary =    344 in 00:10:03 =    0.6/s Avg:   204 Min:    40 Max:  1292 Err:    58 (16.86%)
2024-01-11 16:07:52,780 INFO o.a.j.t.JMeterThread: Thread is done: Thread Group 1-1
2024-01-11 16:07:52,780 INFO o.a.j.t.JMeterThread: Thread finished: Thread Group 1-1
2024-01-11 16:07:58,154 INFO o.a.j.t.JMeterThread: Thread is done: Thread Group 1-3
2024-01-11 16:07:58,154 INFO o.a.j.t.JMeterThread: Thread is done: Thread Group 1-2
2024-01-11 16:07:58,154 INFO o.a.j.t.JMeterThread: Thread finished: Thread Group 1-3
2024-01-11 16:07:58,154 INFO o.a.j.t.JMeterThread: Thread finished: Thread Group 1-2
2024-01-11 16:07:58,156 INFO o.a.j.e.StandardJMeterEngine: Notifying test listeners of end of test
2024-01-11 16:07:58,157 INFO o.a.j.v.b.BackendListener: Worker ended
2024-01-11 16:07:58,160 INFO o.a.j.v.b.i.InfluxdbBackendListenerClient: Sending last metrics to InfluxDB
2024-01-11 16:07:58,162 INFO o.a.j.v.b.i.HttpMetricsSender: Destroying 
2024-01-11 16:07:58,180 INFO o.a.j.r.Summariser: summary +     16 in 00:00:27 =    0.6/s Avg:   261 Min:    40 Max:   865 Err:     2 (12.50%) Active: 0 Started: 3 Finished: 3
2024-01-11 16:07:58,180 INFO o.a.j.r.Summariser: summary =    360 in 00:10:30 =    0.6/s Avg:   207 Min:    40 Max:  1292 Err:    60 (16.67%)
