2024-02-20 11:11:14,775 INFO o.a.j.u.JMeterUtils: Setting Locale to en_EN
2024-02-20 11:11:14,836 INFO o.a.j.JMeter: Loading user properties from: /opt/yaman/jmeter/apache-jmeter-5.5/bin/user.properties
2024-02-20 11:11:14,837 INFO o.a.j.JMeter: Loading system properties from: /opt/yaman/jmeter/apache-jmeter-5.5/bin/system.properties
2024-02-20 11:11:14,850 INFO o.a.j.JMeter: Copyright (c) 1998-2022 The Apache Software Foundation
2024-02-20 11:11:14,850 INFO o.a.j.JMeter: Version 5.5
2024-02-20 11:11:14,850 INFO o.a.j.JMeter: java.version=11.0.18
2024-02-20 11:11:14,850 INFO o.a.j.JMeter: java.vm.name=OpenJDK 64-Bit Server VM
2024-02-20 11:11:14,850 INFO o.a.j.JMeter: os.name=Linux
2024-02-20 11:11:14,850 INFO o.a.j.JMeter: os.arch=amd64
2024-02-20 11:11:14,850 INFO o.a.j.JMeter: os.version=5.15.133.1-microsoft-standard-WSL2
2024-02-20 11:11:14,850 INFO o.a.j.JMeter: file.encoding=ANSI_X3.4-1968
2024-02-20 11:11:14,850 INFO o.a.j.JMeter: java.awt.headless=true
2024-02-20 11:11:14,851 INFO o.a.j.JMeter: Max memory     =536870912
2024-02-20 11:11:14,851 INFO o.a.j.JMeter: Available Processors =8
2024-02-20 11:11:14,867 INFO o.a.j.JMeter: Default Locale=English (EN)
2024-02-20 11:11:14,867 INFO o.a.j.JMeter: JMeter  Locale=English (EN)
2024-02-20 11:11:14,867 INFO o.a.j.JMeter: JMeterHome=/opt/yaman/jmeter/apache-jmeter-5.5
2024-02-20 11:11:14,867 INFO o.a.j.JMeter: user.dir  =/opt/yaman/teste
2024-02-20 11:11:14,867 INFO o.a.j.JMeter: PWD       =/opt/yaman/teste
2024-02-20 11:11:14,867 INFO o.a.j.JMeter: IP: 172.18.0.4 Name: a64a7b0ac035 FullName: a64a7b0ac035
2024-02-20 11:11:14,880 INFO o.a.j.s.FileServer: Default base='/opt/yaman/teste'
2024-02-20 11:11:14,881 INFO o.a.j.s.FileServer: Set new base='/opt/yaman/scripts'
2024-02-20 11:11:15,132 INFO o.a.j.s.SaveService: Testplan (JMX) version: 2.2. Testlog (JTL) version: 2.2
2024-02-20 11:11:15,172 INFO o.a.j.s.SaveService: Using SaveService properties version 5.0
2024-02-20 11:11:15,178 INFO o.a.j.s.SaveService: Using SaveService properties file encoding UTF-8
2024-02-20 11:11:15,181 INFO o.a.j.s.SaveService: Loading file: /opt/yaman/scripts/google.jmx
2024-02-20 11:11:15,224 INFO o.a.j.p.h.c.CookieManager: Settings: Delete null: true Check: true Allow variable: true Save: false Prefix: COOKIE_
2024-02-20 11:11:15,234 INFO o.a.j.p.h.c.CacheManager: Will only cache the following methods: [GET]
2024-02-20 11:11:15,239 INFO o.a.j.s.SampleResult: Note: Sample TimeStamps are START times
2024-02-20 11:11:15,239 INFO o.a.j.s.SampleResult: sampleresult.default.encoding is set to ISO-8859-1
2024-02-20 11:11:15,239 INFO o.a.j.s.SampleResult: sampleresult.useNanoTime=true
2024-02-20 11:11:15,239 INFO o.a.j.s.SampleResult: sampleresult.nanoThreadSleep=5000
2024-02-20 11:11:15,267 INFO o.a.j.p.h.s.HTTPSamplerBase: Parser for text/html is org.apache.jmeter.protocol.http.parser.LagartoBasedHtmlParser
2024-02-20 11:11:15,267 INFO o.a.j.p.h.s.HTTPSamplerBase: Parser for application/xhtml+xml is org.apache.jmeter.protocol.http.parser.LagartoBasedHtmlParser
2024-02-20 11:11:15,268 INFO o.a.j.p.h.s.HTTPSamplerBase: Parser for application/xml is org.apache.jmeter.protocol.http.parser.LagartoBasedHtmlParser
2024-02-20 11:11:15,268 INFO o.a.j.p.h.s.HTTPSamplerBase: Parser for text/xml is org.apache.jmeter.protocol.http.parser.LagartoBasedHtmlParser
2024-02-20 11:11:15,268 INFO o.a.j.p.h.s.HTTPSamplerBase: Parser for text/vnd.wap.wml is org.apache.jmeter.protocol.http.parser.RegexpHTMLParser
2024-02-20 11:11:15,268 INFO o.a.j.p.h.s.HTTPSamplerBase: Parser for text/css is org.apache.jmeter.protocol.http.parser.CssParser
2024-02-20 11:11:15,294 INFO o.a.j.JMeter: Creating summariser <summary>
2024-02-20 11:11:15,325 INFO o.a.j.e.StandardJMeterEngine: Running the test!
2024-02-20 11:11:15,328 INFO o.a.j.s.SampleEvent: List of sample_variables: []
2024-02-20 11:11:15,328 INFO o.a.j.s.SampleEvent: List of sample_variables: []
2024-02-20 11:11:15,360 INFO o.a.j.e.u.CompoundVariable: Note: Function class names must contain the string: '.functions.'
2024-02-20 11:11:15,360 INFO o.a.j.e.u.CompoundVariable: Note: Function class names must not contain the string: '.gui.'
2024-02-20 11:11:15,779 INFO o.a.j.JMeter: Running test (1708438275779)
2024-02-20 11:11:15,784 INFO o.a.j.e.StandardJMeterEngine: Starting ThreadGroup: 1 : Thread Group
2024-02-20 11:11:15,784 INFO o.a.j.e.StandardJMeterEngine: Starting 2 threads for group Thread Group.
2024-02-20 11:11:15,784 INFO o.a.j.e.StandardJMeterEngine: Thread will continue on error
2024-02-20 11:11:15,784 INFO o.a.j.t.ThreadGroup: Starting thread group... number=1 threads=2 ramp-up=30 delayedStart=false
2024-02-20 11:11:15,800 INFO o.a.j.t.ThreadGroup: Started thread group number 1
2024-02-20 11:11:15,801 INFO o.a.j.e.StandardJMeterEngine: All thread groups have been started
2024-02-20 11:11:15,812 INFO o.a.j.t.JMeterThread: Thread started: Thread Group 1-1
2024-02-20 11:11:15,867 INFO o.a.j.p.h.s.HTTPHCAbstractImpl: Local host = a64a7b0ac035
2024-02-20 11:11:15,875 INFO o.a.j.p.h.s.HTTPHC4Impl: HTTP request retry count = 0
2024-02-20 11:11:15,994 INFO o.a.j.p.h.s.h.LazyLayeredConnectionSocketFactory: Setting up HTTPS TrustAll Socket Factory
2024-02-20 11:11:16,006 INFO o.a.j.u.JsseSSLManager: Using default SSL protocol: TLS
2024-02-20 11:11:16,006 INFO o.a.j.u.JsseSSLManager: SSL session context: per-thread
2024-02-20 11:11:16,116 INFO o.a.j.u.SSLManager: JmeterKeyStore Location:  type JKS
2024-02-20 11:11:16,122 INFO o.a.j.u.SSLManager: KeyStore created OK
2024-02-20 11:11:16,122 WARN o.a.j.u.SSLManager: Keystore file not found, loading empty keystore
2024-02-20 11:11:30,805 INFO o.a.j.t.JMeterThread: Thread started: Thread Group 1-2
2024-02-20 11:11:30,953 INFO o.a.j.r.Summariser: summary +      9 in 00:00:15 =    0.6/s Avg:   891 Min:   227 Max:  2732 Err:     1 (11.11%) Active: 2 Started: 2 Finished: 0
2024-02-20 11:12:32,313 INFO o.a.j.r.Summariser: summary +     89 in 00:01:01 =    1.5/s Avg:   466 Min:    55 Max:  2155 Err:     9 (10.11%) Active: 2 Started: 2 Finished: 0
2024-02-20 11:12:32,314 INFO o.a.j.r.Summariser: summary =     98 in 00:01:17 =    1.3/s Avg:   505 Min:    55 Max:  2732 Err:    10 (10.20%)
2024-02-20 11:13:00,420 INFO o.a.j.r.Summariser: summary +     52 in 00:00:28 =    1.9/s Avg:   438 Min:    51 Max:  2135 Err:     5 (9.62%) Active: 2 Started: 2 Finished: 0
2024-02-20 11:13:00,421 INFO o.a.j.r.Summariser: summary =    150 in 00:01:45 =    1.4/s Avg:   482 Min:    51 Max:  2732 Err:    15 (10.00%)
2024-02-20 11:13:16,618 INFO o.a.j.t.JMeterThread: Stopping because end time detected by thread: Thread Group 1-2
2024-02-20 11:13:16,619 INFO o.a.j.t.JMeterThread: Thread finished: Thread Group 1-2
2024-02-20 11:13:17,705 INFO o.a.j.t.JMeterThread: Stopping because end time detected by thread: Thread Group 1-1
2024-02-20 11:13:17,706 INFO o.a.j.t.JMeterThread: Thread finished: Thread Group 1-1
2024-02-20 11:13:17,709 INFO o.a.j.e.StandardJMeterEngine: Notifying test listeners of end of test
2024-02-20 11:13:17,711 INFO o.a.j.r.Summariser: summary +     21 in 00:00:17 =    1.2/s Avg:   591 Min:    55 Max:  2136 Err:     4 (19.05%) Active: 0 Started: 2 Finished: 2
2024-02-20 11:13:17,712 INFO o.a.j.r.Summariser: summary =    171 in 00:02:02 =    1.4/s Avg:   495 Min:    51 Max:  2732 Err:    19 (11.11%)
