2024-01-15 19:02:23,777 INFO o.a.j.u.JMeterUtils: Setting Locale to en_EN
2024-01-15 19:02:23,813 INFO o.a.j.JMeter: Loading user properties from: /opt/yaman/jmeter/apache-jmeter-5.5/bin/user.properties
2024-01-15 19:02:23,814 INFO o.a.j.JMeter: Loading system properties from: /opt/yaman/jmeter/apache-jmeter-5.5/bin/system.properties
2024-01-15 19:02:23,823 INFO o.a.j.JMeter: Copyright (c) 1998-2022 The Apache Software Foundation
2024-01-15 19:02:23,823 INFO o.a.j.JMeter: Version 5.5
2024-01-15 19:02:23,823 INFO o.a.j.JMeter: java.version=11.0.18
2024-01-15 19:02:23,823 INFO o.a.j.JMeter: java.vm.name=OpenJDK 64-Bit Server VM
2024-01-15 19:02:23,823 INFO o.a.j.JMeter: os.name=Linux
2024-01-15 19:02:23,823 INFO o.a.j.JMeter: os.arch=amd64
2024-01-15 19:02:23,823 INFO o.a.j.JMeter: os.version=5.15.133.1-microsoft-standard-WSL2
2024-01-15 19:02:23,823 INFO o.a.j.JMeter: file.encoding=ANSI_X3.4-1968
2024-01-15 19:02:23,824 INFO o.a.j.JMeter: java.awt.headless=true
2024-01-15 19:02:23,824 INFO o.a.j.JMeter: Max memory     =536870912
2024-01-15 19:02:23,824 INFO o.a.j.JMeter: Available Processors =8
2024-01-15 19:02:23,838 INFO o.a.j.JMeter: Default Locale=English (EN)
2024-01-15 19:02:23,839 INFO o.a.j.JMeter: JMeter  Locale=English (EN)
2024-01-15 19:02:23,839 INFO o.a.j.JMeter: JMeterHome=/opt/yaman/jmeter/apache-jmeter-5.5
2024-01-15 19:02:23,839 INFO o.a.j.JMeter: user.dir  =/opt/yaman/teste
2024-01-15 19:02:23,839 INFO o.a.j.JMeter: PWD       =/opt/yaman/teste
2024-01-15 19:02:23,840 INFO o.a.j.JMeter: IP: 172.20.0.4 Name: 191a942cf81f FullName: 191a942cf81f
2024-01-15 19:02:23,860 INFO o.a.j.s.FileServer: Default base='/opt/yaman/teste'
2024-01-15 19:02:23,861 INFO o.a.j.s.FileServer: Set new base='/opt/yaman/scripts'
2024-01-15 19:02:24,085 INFO o.a.j.s.SaveService: Testplan (JMX) version: 2.2. Testlog (JTL) version: 2.2
2024-01-15 19:02:24,112 INFO o.a.j.s.SaveService: Using SaveService properties version 5.0
2024-01-15 19:02:24,118 INFO o.a.j.s.SaveService: Using SaveService properties file encoding UTF-8
2024-01-15 19:02:24,122 INFO o.a.j.s.SaveService: Loading file: /opt/yaman/scripts/google2.jmx
2024-01-15 19:02:24,173 INFO o.a.j.s.SampleResult: Note: Sample TimeStamps are START times
2024-01-15 19:02:24,173 INFO o.a.j.s.SampleResult: sampleresult.default.encoding is set to ISO-8859-1
2024-01-15 19:02:24,173 INFO o.a.j.s.SampleResult: sampleresult.useNanoTime=true
2024-01-15 19:02:24,173 INFO o.a.j.s.SampleResult: sampleresult.nanoThreadSleep=5000
2024-01-15 19:02:24,201 INFO o.a.j.p.h.s.HTTPSamplerBase: Parser for text/html is org.apache.jmeter.protocol.http.parser.LagartoBasedHtmlParser
2024-01-15 19:02:24,201 INFO o.a.j.p.h.s.HTTPSamplerBase: Parser for application/xhtml+xml is org.apache.jmeter.protocol.http.parser.LagartoBasedHtmlParser
2024-01-15 19:02:24,201 INFO o.a.j.p.h.s.HTTPSamplerBase: Parser for application/xml is org.apache.jmeter.protocol.http.parser.LagartoBasedHtmlParser
2024-01-15 19:02:24,201 INFO o.a.j.p.h.s.HTTPSamplerBase: Parser for text/xml is org.apache.jmeter.protocol.http.parser.LagartoBasedHtmlParser
2024-01-15 19:02:24,202 INFO o.a.j.p.h.s.HTTPSamplerBase: Parser for text/vnd.wap.wml is org.apache.jmeter.protocol.http.parser.RegexpHTMLParser
2024-01-15 19:02:24,202 INFO o.a.j.p.h.s.HTTPSamplerBase: Parser for text/css is org.apache.jmeter.protocol.http.parser.CssParser
2024-01-15 19:02:24,223 INFO o.a.j.JMeter: Creating summariser <summary>
2024-01-15 19:02:24,242 INFO o.a.j.e.StandardJMeterEngine: Running the test!
2024-01-15 19:02:24,244 INFO o.a.j.s.SampleEvent: List of sample_variables: []
2024-01-15 19:02:24,245 INFO o.a.j.s.SampleEvent: List of sample_variables: []
2024-01-15 19:02:24,276 INFO o.a.j.e.u.CompoundVariable: Note: Function class names must contain the string: '.functions.'
2024-01-15 19:02:24,276 INFO o.a.j.e.u.CompoundVariable: Note: Function class names must not contain the string: '.gui.'
2024-01-15 19:02:24,724 INFO o.a.j.v.b.BackendListener: Backend Listener: Starting worker with class: class org.apache.jmeter.visualizers.backend.influxdb.InfluxdbBackendListenerClient and queue capacity: 5000
2024-01-15 19:02:24,725 INFO o.a.j.v.b.BackendListener: Backend Listener: Started  worker with class: class org.apache.jmeter.visualizers.backend.influxdb.InfluxdbBackendListenerClient
2024-01-15 19:02:25,008 INFO o.a.j.JMeter: Running test (1705356145008)
2024-01-15 19:02:25,013 INFO o.a.j.e.StandardJMeterEngine: Starting ThreadGroup: 1 : Thread Group
2024-01-15 19:02:25,013 INFO o.a.j.e.StandardJMeterEngine: Starting 3 threads for group Thread Group.
2024-01-15 19:02:25,013 INFO o.a.j.e.StandardJMeterEngine: Thread will continue on error
2024-01-15 19:02:25,014 INFO o.a.j.t.ThreadGroup: Starting thread group... number=1 threads=3 ramp-up=10 delayedStart=false
2024-01-15 19:02:25,031 INFO o.a.j.t.ThreadGroup: Started thread group number 1
2024-01-15 19:02:25,032 INFO o.a.j.e.StandardJMeterEngine: All thread groups have been started
2024-01-15 19:02:25,042 INFO o.a.j.t.JMeterThread: Thread started: Thread Group 1-1
2024-01-15 19:02:28,362 INFO o.a.j.t.JMeterThread: Thread started: Thread Group 1-2
2024-01-15 19:02:30,059 INFO o.a.j.p.h.s.HTTPHCAbstractImpl: Local host = 191a942cf81f
2024-01-15 19:02:30,064 INFO o.a.j.p.h.s.HTTPHC4Impl: HTTP request retry count = 0
2024-01-15 19:02:30,163 INFO o.a.j.p.h.s.h.LazyLayeredConnectionSocketFactory: Setting up HTTPS TrustAll Socket Factory
2024-01-15 19:02:30,167 INFO o.a.j.u.JsseSSLManager: Using default SSL protocol: TLS
2024-01-15 19:02:30,167 INFO o.a.j.u.JsseSSLManager: SSL session context: per-thread
2024-01-15 19:02:30,176 INFO o.a.j.u.SSLManager: JmeterKeyStore Location:  type JKS
2024-01-15 19:02:30,177 INFO o.a.j.u.SSLManager: KeyStore created OK
2024-01-15 19:02:30,178 WARN o.a.j.u.SSLManager: Keystore file not found, loading empty keystore
2024-01-15 19:02:30,448 INFO o.a.j.r.Summariser: summary +      1 in 00:00:05 =    0.2/s Avg:   357 Min:   357 Max:   357 Err:     0 (0.00%) Active: 2 Started: 2 Finished: 0
2024-01-15 19:02:31,694 INFO o.a.j.t.JMeterThread: Thread started: Thread Group 1-3
2024-01-15 19:03:02,066 INFO o.a.j.r.Summariser: summary +     17 in 00:00:32 =    0.5/s Avg:   239 Min:   106 Max:   471 Err:     4 (23.53%) Active: 3 Started: 3 Finished: 0
2024-01-15 19:03:02,067 INFO o.a.j.r.Summariser: summary =     18 in 00:00:37 =    0.5/s Avg:   246 Min:   106 Max:   471 Err:     4 (22.22%)
2024-01-15 19:03:31,373 INFO o.a.j.r.Summariser: summary +     16 in 00:00:29 =    0.5/s Avg:   360 Min:    41 Max:  3121 Err:     2 (12.50%) Active: 3 Started: 3 Finished: 0
2024-01-15 19:03:31,374 INFO o.a.j.r.Summariser: summary =     34 in 00:01:06 =    0.5/s Avg:   300 Min:    41 Max:  3121 Err:     6 (17.65%)
2024-01-15 19:04:02,522 INFO o.a.j.r.Summariser: summary +     18 in 00:00:31 =    0.6/s Avg:   218 Min:    46 Max:   434 Err:     3 (16.67%) Active: 3 Started: 3 Finished: 0
2024-01-15 19:04:02,523 INFO o.a.j.r.Summariser: summary =     52 in 00:01:38 =    0.5/s Avg:   271 Min:    41 Max:  3121 Err:     9 (17.31%)
2024-01-15 19:04:33,679 INFO o.a.j.r.Summariser: summary +     18 in 00:00:31 =    0.6/s Avg:   164 Min:    45 Max:   355 Err:     2 (11.11%) Active: 3 Started: 3 Finished: 0
2024-01-15 19:04:33,679 INFO o.a.j.r.Summariser: summary =     70 in 00:02:09 =    0.5/s Avg:   244 Min:    41 Max:  3121 Err:    11 (15.71%)
2024-01-15 19:05:00,718 INFO o.a.j.r.Summariser: summary +     17 in 00:00:27 =    0.6/s Avg:   143 Min:    41 Max:   352 Err:     3 (17.65%) Active: 3 Started: 3 Finished: 0
2024-01-15 19:05:00,718 INFO o.a.j.r.Summariser: summary =     87 in 00:02:36 =    0.6/s Avg:   224 Min:    41 Max:  3121 Err:    14 (16.09%)
2024-01-15 19:05:30,386 INFO o.a.j.r.Summariser: summary +     16 in 00:00:30 =    0.5/s Avg:   169 Min:    42 Max:   410 Err:     2 (12.50%) Active: 3 Started: 3 Finished: 0
2024-01-15 19:05:30,387 INFO o.a.j.r.Summariser: summary =    103 in 00:03:05 =    0.6/s Avg:   216 Min:    41 Max:  3121 Err:    16 (15.53%)
2024-01-15 19:06:01,508 INFO o.a.j.r.Summariser: summary +     18 in 00:00:31 =    0.6/s Avg:   200 Min:    54 Max:   363 Err:     5 (27.78%) Active: 3 Started: 3 Finished: 0
2024-01-15 19:06:01,508 INFO o.a.j.r.Summariser: summary =    121 in 00:03:36 =    0.6/s Avg:   213 Min:    41 Max:  3121 Err:    21 (17.36%)
2024-01-15 19:06:32,409 INFO o.a.j.r.Summariser: summary +     18 in 00:00:31 =    0.6/s Avg:   140 Min:    43 Max:   431 Err:     2 (11.11%) Active: 3 Started: 3 Finished: 0
2024-01-15 19:06:32,409 INFO o.a.j.r.Summariser: summary =    139 in 00:04:07 =    0.6/s Avg:   204 Min:    41 Max:  3121 Err:    23 (16.55%)
2024-01-15 19:07:04,030 INFO o.a.j.r.Summariser: summary +     18 in 00:00:32 =    0.6/s Avg:   223 Min:    41 Max:   557 Err:     3 (16.67%) Active: 3 Started: 3 Finished: 0
2024-01-15 19:07:04,031 INFO o.a.j.r.Summariser: summary =    157 in 00:04:39 =    0.6/s Avg:   206 Min:    41 Max:  3121 Err:    26 (16.56%)
2024-01-15 19:07:30,751 INFO o.a.j.r.Summariser: summary +     17 in 00:00:27 =    0.6/s Avg:   150 Min:    59 Max:   334 Err:     2 (11.76%) Active: 3 Started: 3 Finished: 0
2024-01-15 19:07:30,751 INFO o.a.j.r.Summariser: summary =    174 in 00:05:06 =    0.6/s Avg:   200 Min:    41 Max:  3121 Err:    28 (16.09%)
2024-01-15 19:08:01,057 INFO o.a.j.r.Summariser: summary +     16 in 00:00:30 =    0.5/s Avg:   211 Min:    40 Max:   444 Err:     4 (25.00%) Active: 3 Started: 3 Finished: 0
2024-01-15 19:08:01,058 INFO o.a.j.r.Summariser: summary =    190 in 00:05:36 =    0.6/s Avg:   201 Min:    40 Max:  3121 Err:    32 (16.84%)
2024-01-15 19:08:31,959 INFO o.a.j.r.Summariser: summary +     18 in 00:00:31 =    0.6/s Avg:   177 Min:    38 Max:   350 Err:     3 (16.67%) Active: 3 Started: 3 Finished: 0
2024-01-15 19:08:31,961 INFO o.a.j.r.Summariser: summary =    208 in 00:06:07 =    0.6/s Avg:   199 Min:    38 Max:  3121 Err:    35 (16.83%)
2024-01-15 19:09:02,975 INFO o.a.j.r.Summariser: summary +     18 in 00:00:31 =    0.6/s Avg:   168 Min:    63 Max:   449 Err:     3 (16.67%) Active: 3 Started: 3 Finished: 0
2024-01-15 19:09:02,976 INFO o.a.j.r.Summariser: summary =    226 in 00:06:38 =    0.6/s Avg:   197 Min:    38 Max:  3121 Err:    38 (16.81%)
2024-01-15 19:09:33,757 INFO o.a.j.r.Summariser: summary +     18 in 00:00:31 =    0.6/s Avg:   166 Min:    39 Max:   322 Err:     3 (16.67%) Active: 3 Started: 3 Finished: 0
2024-01-15 19:09:33,758 INFO o.a.j.r.Summariser: summary =    244 in 00:07:09 =    0.6/s Avg:   194 Min:    38 Max:  3121 Err:    41 (16.80%)
2024-01-15 19:10:00,142 INFO o.a.j.r.Summariser: summary +     16 in 00:00:26 =    0.6/s Avg:   139 Min:    40 Max:   324 Err:     1 (6.25%) Active: 3 Started: 3 Finished: 0
2024-01-15 19:10:00,142 INFO o.a.j.r.Summariser: summary =    260 in 00:07:35 =    0.6/s Avg:   191 Min:    38 Max:  3121 Err:    42 (16.15%)
2024-01-15 19:10:30,746 INFO o.a.j.r.Summariser: summary +     17 in 00:00:31 =    0.6/s Avg:   204 Min:    41 Max:   383 Err:     5 (29.41%) Active: 3 Started: 3 Finished: 0
2024-01-15 19:10:30,747 INFO o.a.j.r.Summariser: summary =    277 in 00:08:06 =    0.6/s Avg:   192 Min:    38 Max:  3121 Err:    47 (16.97%)
2024-01-15 19:11:02,044 INFO o.a.j.r.Summariser: summary +     18 in 00:00:31 =    0.6/s Avg:   185 Min:    74 Max:   326 Err:     2 (11.11%) Active: 3 Started: 3 Finished: 0
2024-01-15 19:11:02,045 INFO o.a.j.r.Summariser: summary =    295 in 00:08:37 =    0.6/s Avg:   191 Min:    38 Max:  3121 Err:    49 (16.61%)
2024-01-15 19:11:30,378 INFO o.a.j.r.Summariser: summary +     17 in 00:00:28 =    0.6/s Avg:   244 Min:    41 Max:  1837 Err:     3 (17.65%) Active: 3 Started: 3 Finished: 0
2024-01-15 19:11:30,378 INFO o.a.j.r.Summariser: summary =    312 in 00:09:05 =    0.6/s Avg:   194 Min:    38 Max:  3121 Err:    52 (16.67%)
2024-01-15 19:12:01,523 INFO o.a.j.r.Summariser: summary +     18 in 00:00:31 =    0.6/s Avg:   203 Min:    45 Max:   328 Err:     5 (27.78%) Active: 3 Started: 3 Finished: 0
2024-01-15 19:12:01,524 INFO o.a.j.r.Summariser: summary =    330 in 00:09:37 =    0.6/s Avg:   195 Min:    38 Max:  3121 Err:    57 (17.27%)
2024-01-15 19:12:30,918 INFO o.a.j.r.Summariser: summary +     16 in 00:00:29 =    0.5/s Avg:   317 Min:    58 Max:  1946 Err:     1 (6.25%) Active: 3 Started: 3 Finished: 0
2024-01-15 19:12:30,918 INFO o.a.j.r.Summariser: summary =    346 in 00:10:06 =    0.6/s Avg:   200 Min:    38 Max:  3121 Err:    58 (16.76%)
2024-01-15 19:12:48,475 INFO o.a.j.t.JMeterThread: Thread is done: Thread Group 1-1
2024-01-15 19:12:48,475 INFO o.a.j.t.JMeterThread: Thread finished: Thread Group 1-1
2024-01-15 19:12:52,069 INFO o.a.j.t.JMeterThread: Thread is done: Thread Group 1-2
2024-01-15 19:12:52,069 INFO o.a.j.t.JMeterThread: Thread finished: Thread Group 1-2
2024-01-15 19:12:57,338 INFO o.a.j.t.JMeterThread: Thread is done: Thread Group 1-3
2024-01-15 19:12:57,338 INFO o.a.j.t.JMeterThread: Thread finished: Thread Group 1-3
2024-01-15 19:12:57,340 INFO o.a.j.e.StandardJMeterEngine: Notifying test listeners of end of test
2024-01-15 19:12:57,341 INFO o.a.j.v.b.BackendListener: Worker ended
2024-01-15 19:12:57,344 INFO o.a.j.v.b.i.InfluxdbBackendListenerClient: Sending last metrics to InfluxDB
2024-01-15 19:12:57,345 INFO o.a.j.v.b.i.HttpMetricsSender: Destroying 
2024-01-15 19:12:57,357 INFO o.a.j.r.Summariser: summary +     14 in 00:00:26 =    0.5/s Avg:   201 Min:    40 Max:   969 Err:     2 (14.29%) Active: 0 Started: 3 Finished: 3
2024-01-15 19:12:57,357 INFO o.a.j.r.Summariser: summary =    360 in 00:10:32 =    0.6/s Avg:   200 Min:    38 Max:  3121 Err:    60 (16.67%)
