2024-01-12 14:43:00,883 INFO o.a.j.u.JMeterUtils: Setting Locale to en_EN
2024-01-12 14:43:00,909 INFO o.a.j.JMeter: Loading user properties from: /opt/yaman/jmeter/apache-jmeter-5.5/bin/user.properties
2024-01-12 14:43:00,909 INFO o.a.j.JMeter: Loading system properties from: /opt/yaman/jmeter/apache-jmeter-5.5/bin/system.properties
2024-01-12 14:43:00,917 INFO o.a.j.JMeter: Copyright (c) 1998-2022 The Apache Software Foundation
2024-01-12 14:43:00,917 INFO o.a.j.JMeter: Version 5.5
2024-01-12 14:43:00,917 INFO o.a.j.JMeter: java.version=11.0.18
2024-01-12 14:43:00,917 INFO o.a.j.JMeter: java.vm.name=OpenJDK 64-Bit Server VM
2024-01-12 14:43:00,917 INFO o.a.j.JMeter: os.name=Linux
2024-01-12 14:43:00,917 INFO o.a.j.JMeter: os.arch=amd64
2024-01-12 14:43:00,917 INFO o.a.j.JMeter: os.version=5.15.133.1-microsoft-standard-WSL2
2024-01-12 14:43:00,917 INFO o.a.j.JMeter: file.encoding=ANSI_X3.4-1968
2024-01-12 14:43:00,917 INFO o.a.j.JMeter: java.awt.headless=true
2024-01-12 14:43:00,917 INFO o.a.j.JMeter: Max memory     =536870912
2024-01-12 14:43:00,917 INFO o.a.j.JMeter: Available Processors =8
2024-01-12 14:43:00,928 INFO o.a.j.JMeter: Default Locale=English (EN)
2024-01-12 14:43:00,928 INFO o.a.j.JMeter: JMeter  Locale=English (EN)
2024-01-12 14:43:00,928 INFO o.a.j.JMeter: JMeterHome=/opt/yaman/jmeter/apache-jmeter-5.5
2024-01-12 14:43:00,928 INFO o.a.j.JMeter: user.dir  =/opt/yaman/teste
2024-01-12 14:43:00,929 INFO o.a.j.JMeter: PWD       =/opt/yaman/teste
2024-01-12 14:43:00,929 INFO o.a.j.JMeter: IP: 172.20.0.4 Name: dc9135b3ecc6 FullName: dc9135b3ecc6
2024-01-12 14:43:00,951 INFO o.a.j.s.FileServer: Default base='/opt/yaman/teste'
2024-01-12 14:43:00,951 INFO o.a.j.s.FileServer: Set new base='/opt/yaman/scripts'
2024-01-12 14:43:01,160 INFO o.a.j.s.SaveService: Testplan (JMX) version: 2.2. Testlog (JTL) version: 2.2
2024-01-12 14:43:01,188 INFO o.a.j.s.SaveService: Using SaveService properties version 5.0
2024-01-12 14:43:01,192 INFO o.a.j.s.SaveService: Using SaveService properties file encoding UTF-8
2024-01-12 14:43:01,195 INFO o.a.j.s.SaveService: Loading file: /opt/yaman/scripts/google2.jmx
2024-01-12 14:43:01,244 INFO o.a.j.s.SampleResult: Note: Sample TimeStamps are START times
2024-01-12 14:43:01,245 INFO o.a.j.s.SampleResult: sampleresult.default.encoding is set to ISO-8859-1
2024-01-12 14:43:01,245 INFO o.a.j.s.SampleResult: sampleresult.useNanoTime=true
2024-01-12 14:43:01,245 INFO o.a.j.s.SampleResult: sampleresult.nanoThreadSleep=5000
2024-01-12 14:43:01,269 INFO o.a.j.p.h.s.HTTPSamplerBase: Parser for text/html is org.apache.jmeter.protocol.http.parser.LagartoBasedHtmlParser
2024-01-12 14:43:01,269 INFO o.a.j.p.h.s.HTTPSamplerBase: Parser for application/xhtml+xml is org.apache.jmeter.protocol.http.parser.LagartoBasedHtmlParser
2024-01-12 14:43:01,269 INFO o.a.j.p.h.s.HTTPSamplerBase: Parser for application/xml is org.apache.jmeter.protocol.http.parser.LagartoBasedHtmlParser
2024-01-12 14:43:01,269 INFO o.a.j.p.h.s.HTTPSamplerBase: Parser for text/xml is org.apache.jmeter.protocol.http.parser.LagartoBasedHtmlParser
2024-01-12 14:43:01,269 INFO o.a.j.p.h.s.HTTPSamplerBase: Parser for text/vnd.wap.wml is org.apache.jmeter.protocol.http.parser.RegexpHTMLParser
2024-01-12 14:43:01,269 INFO o.a.j.p.h.s.HTTPSamplerBase: Parser for text/css is org.apache.jmeter.protocol.http.parser.CssParser
2024-01-12 14:43:01,286 INFO o.a.j.JMeter: Creating summariser <summary>
2024-01-12 14:43:01,301 INFO o.a.j.e.StandardJMeterEngine: Running the test!
2024-01-12 14:43:01,303 INFO o.a.j.s.SampleEvent: List of sample_variables: []
2024-01-12 14:43:01,303 INFO o.a.j.s.SampleEvent: List of sample_variables: []
2024-01-12 14:43:01,337 INFO o.a.j.e.u.CompoundVariable: Note: Function class names must contain the string: '.functions.'
2024-01-12 14:43:01,337 INFO o.a.j.e.u.CompoundVariable: Note: Function class names must not contain the string: '.gui.'
2024-01-12 14:43:01,742 INFO o.a.j.v.b.BackendListener: Backend Listener: Starting worker with class: class org.apache.jmeter.visualizers.backend.influxdb.InfluxdbBackendListenerClient and queue capacity: 5000
2024-01-12 14:43:01,743 INFO o.a.j.v.b.BackendListener: Backend Listener: Started  worker with class: class org.apache.jmeter.visualizers.backend.influxdb.InfluxdbBackendListenerClient
2024-01-12 14:43:02,032 INFO o.a.j.JMeter: Running test (1705081382032)
2024-01-12 14:43:02,036 INFO o.a.j.e.StandardJMeterEngine: Starting ThreadGroup: 1 : Thread Group
2024-01-12 14:43:02,037 INFO o.a.j.e.StandardJMeterEngine: Starting 3 threads for group Thread Group.
2024-01-12 14:43:02,037 INFO o.a.j.e.StandardJMeterEngine: Thread will continue on error
2024-01-12 14:43:02,037 INFO o.a.j.t.ThreadGroup: Starting thread group... number=1 threads=3 ramp-up=10 delayedStart=false
2024-01-12 14:43:02,048 INFO o.a.j.t.ThreadGroup: Started thread group number 1
2024-01-12 14:43:02,049 INFO o.a.j.e.StandardJMeterEngine: All thread groups have been started
2024-01-12 14:43:02,060 INFO o.a.j.t.JMeterThread: Thread started: Thread Group 1-1
2024-01-12 14:43:05,384 INFO o.a.j.t.JMeterThread: Thread started: Thread Group 1-2
2024-01-12 14:43:07,084 INFO o.a.j.p.h.s.HTTPHCAbstractImpl: Local host = dc9135b3ecc6
2024-01-12 14:43:07,088 INFO o.a.j.p.h.s.HTTPHC4Impl: HTTP request retry count = 0
2024-01-12 14:43:07,242 INFO o.a.j.p.h.s.h.LazyLayeredConnectionSocketFactory: Setting up HTTPS TrustAll Socket Factory
2024-01-12 14:43:07,247 INFO o.a.j.u.JsseSSLManager: Using default SSL protocol: TLS
2024-01-12 14:43:07,247 INFO o.a.j.u.JsseSSLManager: SSL session context: per-thread
2024-01-12 14:43:07,257 INFO o.a.j.u.SSLManager: JmeterKeyStore Location:  type JKS
2024-01-12 14:43:07,259 INFO o.a.j.u.SSLManager: KeyStore created OK
2024-01-12 14:43:07,259 WARN o.a.j.u.SSLManager: Keystore file not found, loading empty keystore
2024-01-12 14:43:08,717 INFO o.a.j.t.JMeterThread: Thread started: Thread Group 1-3
2024-01-12 14:43:30,214 INFO o.a.j.r.Summariser: summary +     13 in 00:00:28 =    0.5/s Avg:   471 Min:   106 Max:  1565 Err:     2 (15.38%) Active: 3 Started: 3 Finished: 0
2024-01-12 14:44:00,672 INFO o.a.j.r.Summariser: summary +     17 in 00:00:30 =    0.6/s Avg:   162 Min:    41 Max:   438 Err:     3 (17.65%) Active: 3 Started: 3 Finished: 0
2024-01-12 14:44:00,673 INFO o.a.j.r.Summariser: summary =     30 in 00:00:59 =    0.5/s Avg:   296 Min:    41 Max:  1565 Err:     5 (16.67%)
2024-01-12 14:44:32,793 INFO o.a.j.r.Summariser: summary +     18 in 00:00:32 =    0.6/s Avg:   257 Min:    54 Max:  1324 Err:     3 (16.67%) Active: 3 Started: 3 Finished: 0
2024-01-12 14:44:32,794 INFO o.a.j.r.Summariser: summary =     48 in 00:01:31 =    0.5/s Avg:   281 Min:    41 Max:  1565 Err:     8 (16.67%)
2024-01-12 14:45:00,281 INFO o.a.j.r.Summariser: summary +     16 in 00:00:27 =    0.6/s Avg:   329 Min:    53 Max:  1238 Err:     3 (18.75%) Active: 3 Started: 3 Finished: 0
2024-01-12 14:45:00,281 INFO o.a.j.r.Summariser: summary =     64 in 00:01:58 =    0.5/s Avg:   293 Min:    41 Max:  1565 Err:    11 (17.19%)
2024-01-12 14:45:30,511 INFO o.a.j.r.Summariser: summary +     17 in 00:00:30 =    0.6/s Avg:   249 Min:    44 Max:   648 Err:     2 (11.76%) Active: 3 Started: 3 Finished: 0
2024-01-12 14:45:30,511 INFO o.a.j.r.Summariser: summary =     81 in 00:02:28 =    0.5/s Avg:   284 Min:    41 Max:  1565 Err:    13 (16.05%)
2024-01-12 14:46:02,228 INFO o.a.j.r.Summariser: summary +     18 in 00:00:32 =    0.6/s Avg:   283 Min:    48 Max:   725 Err:     4 (22.22%) Active: 3 Started: 3 Finished: 0
2024-01-12 14:46:02,228 INFO o.a.j.r.Summariser: summary =     99 in 00:03:00 =    0.5/s Avg:   284 Min:    41 Max:  1565 Err:    17 (17.17%)
2024-01-12 14:46:30,552 INFO o.a.j.r.Summariser: summary +     15 in 00:00:28 =    0.5/s Avg:   357 Min:    42 Max:  1483 Err:     2 (13.33%) Active: 3 Started: 3 Finished: 0
2024-01-12 14:46:30,553 INFO o.a.j.r.Summariser: summary =    114 in 00:03:29 =    0.5/s Avg:   293 Min:    41 Max:  1565 Err:    19 (16.67%)
2024-01-12 14:47:02,595 INFO o.a.j.r.Summariser: summary +     18 in 00:00:32 =    0.6/s Avg:   405 Min:    45 Max:  3510 Err:     2 (11.11%) Active: 3 Started: 3 Finished: 0
2024-01-12 14:47:02,596 INFO o.a.j.r.Summariser: summary =    132 in 00:04:01 =    0.5/s Avg:   309 Min:    41 Max:  3510 Err:    21 (15.91%)
2024-01-12 14:47:30,652 INFO o.a.j.r.Summariser: summary +     16 in 00:00:28 =    0.6/s Avg:   563 Min:    41 Max:  3165 Err:     4 (25.00%) Active: 3 Started: 3 Finished: 0
2024-01-12 14:47:30,653 INFO o.a.j.r.Summariser: summary =    148 in 00:04:29 =    0.6/s Avg:   336 Min:    41 Max:  3510 Err:    25 (16.89%)
2024-01-12 14:48:00,342 INFO o.a.j.r.Summariser: summary +     17 in 00:00:30 =    0.6/s Avg:   190 Min:    42 Max:   360 Err:     2 (11.76%) Active: 3 Started: 3 Finished: 0
2024-01-12 14:48:00,342 INFO o.a.j.r.Summariser: summary =    165 in 00:04:58 =    0.6/s Avg:   321 Min:    41 Max:  3510 Err:    27 (16.36%)
2024-01-12 14:48:31,330 INFO o.a.j.r.Summariser: summary +     18 in 00:00:31 =    0.6/s Avg:   186 Min:    52 Max:   467 Err:     4 (22.22%) Active: 3 Started: 3 Finished: 0
2024-01-12 14:48:31,330 INFO o.a.j.r.Summariser: summary =    183 in 00:05:29 =    0.6/s Avg:   308 Min:    41 Max:  3510 Err:    31 (16.94%)
2024-01-12 14:49:00,888 INFO o.a.j.r.Summariser: summary +     17 in 00:00:30 =    0.6/s Avg:   239 Min:    41 Max:   598 Err:     3 (17.65%) Active: 3 Started: 3 Finished: 0
2024-01-12 14:49:00,889 INFO o.a.j.r.Summariser: summary =    200 in 00:05:59 =    0.6/s Avg:   302 Min:    41 Max:  3510 Err:    34 (17.00%)
2024-01-12 14:49:30,569 INFO o.a.j.r.Summariser: summary +     17 in 00:00:30 =    0.6/s Avg:   281 Min:    46 Max:   687 Err:     2 (11.76%) Active: 3 Started: 3 Finished: 0
2024-01-12 14:49:30,569 INFO o.a.j.r.Summariser: summary =    217 in 00:06:29 =    0.6/s Avg:   300 Min:    41 Max:  3510 Err:    36 (16.59%)
2024-01-12 14:50:01,217 INFO o.a.j.r.Summariser: summary +     17 in 00:00:31 =    0.6/s Avg:   197 Min:    37 Max:   662 Err:     2 (11.76%) Active: 3 Started: 3 Finished: 0
2024-01-12 14:50:01,218 INFO o.a.j.r.Summariser: summary =    234 in 00:06:59 =    0.6/s Avg:   293 Min:    37 Max:  3510 Err:    38 (16.24%)
2024-01-12 14:50:32,832 INFO o.a.j.r.Summariser: summary +     18 in 00:00:32 =    0.6/s Avg:   241 Min:    41 Max:   617 Err:     4 (22.22%) Active: 3 Started: 3 Finished: 0
2024-01-12 14:50:32,833 INFO o.a.j.r.Summariser: summary =    252 in 00:07:31 =    0.6/s Avg:   289 Min:    37 Max:  3510 Err:    42 (16.67%)
2024-01-12 14:51:00,763 INFO o.a.j.r.Summariser: summary +     17 in 00:00:28 =    0.6/s Avg:   251 Min:    44 Max:  1382 Err:     3 (17.65%) Active: 3 Started: 3 Finished: 0
2024-01-12 14:51:00,764 INFO o.a.j.r.Summariser: summary =    269 in 00:07:59 =    0.6/s Avg:   287 Min:    37 Max:  3510 Err:    45 (16.73%)
2024-01-12 14:51:31,120 INFO o.a.j.r.Summariser: summary +     16 in 00:00:30 =    0.5/s Avg:   333 Min:    64 Max:   995 Err:     3 (18.75%) Active: 3 Started: 3 Finished: 0
2024-01-12 14:51:31,121 INFO o.a.j.r.Summariser: summary =    285 in 00:08:29 =    0.6/s Avg:   289 Min:    37 Max:  3510 Err:    48 (16.84%)
2024-01-12 14:52:02,108 INFO o.a.j.r.Summariser: summary +     18 in 00:00:31 =    0.6/s Avg:   174 Min:    40 Max:   706 Err:     1 (5.56%) Active: 3 Started: 3 Finished: 0
2024-01-12 14:52:02,108 INFO o.a.j.r.Summariser: summary =    303 in 00:09:00 =    0.6/s Avg:   282 Min:    37 Max:  3510 Err:    49 (16.17%)
2024-01-12 14:52:33,387 INFO o.a.j.r.Summariser: summary +     18 in 00:00:31 =    0.6/s Avg:   217 Min:    40 Max:   627 Err:     4 (22.22%) Active: 3 Started: 3 Finished: 0
2024-01-12 14:52:33,388 INFO o.a.j.r.Summariser: summary =    321 in 00:09:31 =    0.6/s Avg:   279 Min:    37 Max:  3510 Err:    53 (16.51%)
2024-01-12 14:53:00,961 INFO o.a.j.r.Summariser: summary +     16 in 00:00:28 =    0.6/s Avg:   330 Min:    47 Max:  1401 Err:     3 (18.75%) Active: 3 Started: 3 Finished: 0
2024-01-12 14:53:00,962 INFO o.a.j.r.Summariser: summary =    337 in 00:09:59 =    0.6/s Avg:   281 Min:    37 Max:  3510 Err:    56 (16.62%)
2024-01-12 14:53:31,148 INFO o.a.j.r.Summariser: summary +     17 in 00:00:30 =    0.6/s Avg:   316 Min:    43 Max:  1352 Err:     4 (23.53%) Active: 3 Started: 3 Finished: 0
2024-01-12 14:53:31,149 INFO o.a.j.r.Summariser: summary =    354 in 00:10:29 =    0.6/s Avg:   283 Min:    37 Max:  3510 Err:    60 (16.95%)
2024-01-12 14:53:37,590 INFO o.a.j.t.JMeterThread: Thread is done: Thread Group 1-2
2024-01-12 14:53:37,590 INFO o.a.j.t.JMeterThread: Thread finished: Thread Group 1-2
2024-01-12 14:53:39,011 INFO o.a.j.t.JMeterThread: Thread is done: Thread Group 1-1
2024-01-12 14:53:39,011 INFO o.a.j.t.JMeterThread: Thread finished: Thread Group 1-1
2024-01-12 14:53:41,374 INFO o.a.j.t.JMeterThread: Thread is done: Thread Group 1-3
2024-01-12 14:53:41,374 INFO o.a.j.t.JMeterThread: Thread finished: Thread Group 1-3
2024-01-12 14:53:41,376 INFO o.a.j.e.StandardJMeterEngine: Notifying test listeners of end of test
2024-01-12 14:53:41,377 INFO o.a.j.v.b.BackendListener: Worker ended
2024-01-12 14:53:41,379 INFO o.a.j.v.b.i.InfluxdbBackendListenerClient: Sending last metrics to InfluxDB
2024-01-12 14:53:41,381 INFO o.a.j.v.b.i.HttpMetricsSender: Destroying 
2024-01-12 14:53:41,391 INFO o.a.j.r.Summariser: summary +      6 in 00:00:10 =    0.6/s Avg:   158 Min:    71 Max:   252 Err:     0 (0.00%) Active: 0 Started: 3 Finished: 3
2024-01-12 14:53:41,392 INFO o.a.j.r.Summariser: summary =    360 in 00:10:39 =    0.6/s Avg:   281 Min:    37 Max:  3510 Err:    60 (16.67%)
